{
  "stats": {
    "suites": 1,
    "tests": 3,
    "passes": 0,
    "pending": 0,
    "failures": 3,
    "start": "2024-09-18T09:34:12.804Z",
    "end": "2024-09-18T09:35:25.962Z",
    "duration": 73158,
    "testsRegistered": 3,
    "passPercent": 0,
    "pendingPercent": 0,
    "other": 0,
    "hasOther": false,
    "skipped": 0,
    "hasSkipped": false
  },
  "results": [
    {
      "uuid": "be4ea469-05b3-49df-9514-a33b4f56bd96",
      "title": "",
      "fullFile": "cypress\\e2e\\Advisor\\Advisor_Booking_TS001.cy.js",
      "file": "cypress\\e2e\\Advisor\\Advisor_Booking_TS001.cy.js",
      "beforeHooks": [],
      "afterHooks": [],
      "tests": [],
      "suites": [
        {
          "uuid": "1b82d227-c1e2-44b1-bced-fb1e9ed49d18",
          "title": "Advisor_Booking_TS001",
          "fullFile": "",
          "file": "",
          "beforeHooks": [],
          "afterHooks": [],
          "tests": [
            {
              "title": "Advisor_Booking_TC001_To verify the Bookings section -validating the content of bookings page and clicking the download all button",
              "fullTitle": "Advisor_Booking_TS001 Advisor_Booking_TC001_To verify the Bookings section -validating the content of bookings page and clicking the download all button",
              "timedOut": null,
              "duration": 49056,
              "state": "failed",
              "speed": null,
              "pass": false,
              "fail": true,
              "pending": false,
              "context": "[\n  {\n    \"title\": \"cypress-mochawesome-reporter-videos-failed\",\n    \"value\": \"cypress\\\\e2e\\\\Advisor\\\\Advisor_Booking_TS001.cy.js\"\n  },\n  {\n    \"title\": \"cypress-mochawesome-reporter-screenshots\",\n    \"value\": [\n      [\n        \"\\\\Advisor\\\\Advisor_Booking_TS001.cy.js\\\\Advisor_Booking_TS001 -- Advisor_Booking_TC001_To verify the Bookings section -validating the content of bookings page and clicking the download all button (failed).png\"\n      ]\n    ]\n  }\n]",
              "code": "cy.on('uncaught:exception', (err, runnable) => {\n  return false;\n});\ncy.NotanadvisorclientLogin();\n_Home.default.navbar.click();\ncy.wait(1000);\n_Booking.default.booking.click();\ncy.wait(4000);\n_Booking.default.downloadall.click(); // clicking the downloadall button in bookings page\n_Booking.default.searchbar.click(); /// verifying the filters \n_Booking.default.Dates.eq(0).click({\n  force: true\n});\n_Booking.default.Dates.eq(0).click({\n  force: true\n});\n_Booking.default.Bookingstatus.click({\n  force: true\n});\n_Booking.default.Bookingstatus.click({\n  force: true\n});\n_Booking.default.commissionstatus.click({\n  force: true\n});\n_Booking.default.commissionstatus.click({\n  force: true\n});\n_Booking.default.Commissionsort.click({\n  force: true\n});\n_Booking.default.Commissionsort.click({\n  force: true\n});\n_Booking.default.Sort.click({\n  force: true\n});\n_Booking.default.Sort.click({\n  force: true\n});",
              "err": {
                "message": "AssertionError: Timed out retrying after 8000ms: Expected to find element: `[placeholder=\"Search by names or confirmation number...\"]`, but never found it.",
                "estack": "AssertionError: Timed out retrying after 8000ms: Expected to find element: `[placeholder=\"Search by names or confirmation number...\"]`, but never found it.\n    at get searchbar (webpack://advisor/./cypress/support/Page Object/Advisor/Booking.js:12:19)\n    at  (webpack://advisor/./cypress/e2e/Advisor/Advisor_Booking_TS001.cy.js:66:8)\n    at __webpack_modules__</setRunnable/runnable.fn (https://advisor.forastaging.net/__cypress/runner/cypress_runner.js:138717:43)\n    at callFn (https://advisor.forastaging.net/__cypress/runner/cypress_runner.js:157333:21)\n    at __webpack_modules__</Runnable.prototype.run (https://advisor.forastaging.net/__cypress/runner/cypress_runner.js:157320:13)\n    at __webpack_modules__</create/onRunnableRun (https://advisor.forastaging.net/__cypress/runner/cypress_runner.js:163244:30)\n    at finallyHandler (https://advisor.forastaging.net/__cypress/runner/cypress_runner.js:4072:23)\n    at tryCatcher (https://advisor.forastaging.net/__cypress/runner/cypress_runner.js:1807:23)\n    at __webpack_modules__</module.exports/Promise.prototype._settlePromiseFromHandler (https://advisor.forastaging.net/__cypress/runner/cypress_runner.js:1519:31)\n    at __webpack_modules__</module.exports/Promise.prototype._settlePromise (https://advisor.forastaging.net/__cypress/runner/cypress_runner.js:1576:18)\n    at __webpack_modules__</module.exports/Promise.prototype._settlePromise0 (https://advisor.forastaging.net/__cypress/runner/cypress_runner.js:1621:10)\n    at __webpack_modules__</module.exports/Promise.prototype._settlePromises (https://advisor.forastaging.net/__cypress/runner/cypress_runner.js:1701:18)\n    at _drainQueueStep (https://advisor.forastaging.net/__cypress/runner/cypress_runner.js:2407:12)\n    at _drainQueue (https://advisor.forastaging.net/__cypress/runner/cypress_runner.js:2400:24)\n    at __webpack_modules__</Async.prototype._drainQueues (https://advisor.forastaging.net/__cypress/runner/cypress_runner.js:2416:16)\n    at __webpack_modules__</Async/this.drainQueues (https://advisor.forastaging.net/__cypress/runner/cypress_runner.js:2286:14)",
                "diff": null
              },
              "uuid": "2ab0fbf8-f9d1-4718-bb28-a6ec9ddfe5d9",
              "parentUUID": "1b82d227-c1e2-44b1-bced-fb1e9ed49d18",
              "isHook": false,
              "skipped": false
            },
            {
              "title": "Advisor_Booking_TC002 to TC008_To verify if user can Search by Name and confirmation number ",
              "fullTitle": "Advisor_Booking_TS001 Advisor_Booking_TC002 to TC008_To verify if user can Search by Name and confirmation number ",
              "timedOut": null,
              "duration": 8317,
              "state": "failed",
              "speed": null,
              "pass": false,
              "fail": true,
              "pending": false,
              "context": "[\n  {\n    \"title\": \"cypress-mochawesome-reporter-videos-failed\",\n    \"value\": \"cypress\\\\e2e\\\\Advisor\\\\Advisor_Booking_TS001.cy.js\"\n  },\n  {\n    \"title\": \"cypress-mochawesome-reporter-screenshots\",\n    \"value\": [\n      [\n        \"\\\\Advisor\\\\Advisor_Booking_TS001.cy.js\\\\Advisor_Booking_TS001 -- Advisor_Booking_TC002 to TC008_To verify if user can Search by Name and confirmation number (failed).png\"\n      ]\n    ]\n  }\n]",
              "code": "cy.on('uncaught:exception', (err, runnable) => {\n  return false;\n});\n// here in this test script we are verifiyng search functionality \ncy.fixture('Advisor_Booking_TS001.json').then(function (dataJson) {\n  cy.url().should('include', 'https://advisor.forastaging.net/bookings');\n  _Booking.default.searchbar.should('be.visible');\n  _Booking.default.searchbar.click();\n  cy.wait(2000);\n  _Booking.default.searchbar.type(dataJson.Searchword); // this function validate search by giving keyword\n  _Booking.default.searchbar.clear().type(dataJson.Searchplace);\n  _Booking.default.searchbar.clear().type(dataJson.Searchconfirmationnumber);\n  _Booking.default.searchbar.clear().type(dataJson.Searchdate);\n  _Booking.default.Result.should('be.visible');\n  _Booking.default.searchbar.clear().type(dataJson.Searchstatus1);\n  _Booking.default.Result.should('be.visible');\n  _Booking.default.searchbar.clear().type(dataJson.Searchstatus2);\n  _Booking.default.Result.should('be.visible');\n  _Booking.default.searchbar.clear().type(dataJson.Searchpercentage);\n  _Booking.default.Result.should('be.visible');\n  _Booking.default.searchbar.clear().type(dataJson.Space);\n  _Booking.default.searchbar.clear().type(dataJson.Forabookingid);\n  _Booking.default.searchbar.clear().type(dataJson.Suppliername);\n  cy.wait(2000);\n  _Booking.default.Cancel.click();\n});",
              "err": {
                "message": "AssertionError: Timed out retrying after 8000ms: Expected to find element: `[placeholder=\"Search by names or confirmation number...\"]`, but never found it.",
                "estack": "AssertionError: Timed out retrying after 8000ms: Expected to find element: `[placeholder=\"Search by names or confirmation number...\"]`, but never found it.\n    at  (webpack://advisor/./cypress/e2e/Advisor/Advisor_Booking_TS001.cy.js:91:26)\n    at getRet (https://advisor.forastaging.net/__cypress/runner/cypress_runner.js:119259:20)\n    at tryCatcher (https://advisor.forastaging.net/__cypress/runner/cypress_runner.js:1807:23)\n    at __webpack_modules__</module.exports/Promise.try (https://advisor.forastaging.net/__cypress/runner/cypress_runner.js:4315:29)\n    at thenFn (https://advisor.forastaging.net/__cypress/runner/cypress_runner.js:119270:60)\n    at then (https://advisor.forastaging.net/__cypress/runner/cypress_runner.js:119521:21)\n    at wrapped (https://advisor.forastaging.net/__cypress/runner/cypress_runner.js:138450:19)\n    at __webpack_modules__</runCommand (https://advisor.forastaging.net/__cypress/runner/cypress_runner.js:144371:15)\n    at tryCatcher (https://advisor.forastaging.net/__cypress/runner/cypress_runner.js:1807:23)\n    at __webpack_modules__</module.exports/Promise.prototype._settlePromiseFromHandler (https://advisor.forastaging.net/__cypress/runner/cypress_runner.js:1519:31)\n    at __webpack_modules__</module.exports/Promise.prototype._settlePromise (https://advisor.forastaging.net/__cypress/runner/cypress_runner.js:1576:18)\n    at __webpack_modules__</module.exports/Promise.prototype._settlePromiseCtx (https://advisor.forastaging.net/__cypress/runner/cypress_runner.js:1613:10)\n    at _drainQueueStep (https://advisor.forastaging.net/__cypress/runner/cypress_runner.js:2411:12)\n    at _drainQueue (https://advisor.forastaging.net/__cypress/runner/cypress_runner.js:2400:24)\n    at __webpack_modules__</Async.prototype._drainQueues (https://advisor.forastaging.net/__cypress/runner/cypress_runner.js:2416:16)\n    at __webpack_modules__</Async/this.drainQueues (https://advisor.forastaging.net/__cypress/runner/cypress_runner.js:2286:14)",
                "diff": null
              },
              "uuid": "91c60b86-e771-47a1-b9bd-e0bdae4eaa8c",
              "parentUUID": "1b82d227-c1e2-44b1-bced-fb1e9ed49d18",
              "isHook": false,
              "skipped": false
            },
            {
              "title": "Advisor_Booking_TC009 to TC012_To verify if user can perform sort function- verifying the sort by applying different sort options",
              "fullTitle": "Advisor_Booking_TS001 Advisor_Booking_TC009 to TC012_To verify if user can perform sort function- verifying the sort by applying different sort options",
              "timedOut": null,
              "duration": 10197,
              "state": "failed",
              "speed": null,
              "pass": false,
              "fail": true,
              "pending": false,
              "context": "[\n  {\n    \"title\": \"cypress-mochawesome-reporter-videos-failed\",\n    \"value\": \"cypress\\\\e2e\\\\Advisor\\\\Advisor_Booking_TS001.cy.js\"\n  },\n  {\n    \"title\": \"cypress-mochawesome-reporter-screenshots\",\n    \"value\": [\n      [\n        \"\\\\Advisor\\\\Advisor_Booking_TS001.cy.js\\\\Advisor_Booking_TS001 -- Advisor_Booking_TC009 to TC012_To verify if user can perform sort function- verifying the sort by applying different sort options (failed).png\"\n      ]\n    ]\n  }\n]",
              "code": "cy.on('uncaught:exception', (err, runnable) => {\n  return false;\n});\n/// Here in this script we are verifying different sort options\ncy.wait(2000);\n_Booking.default.Sort.click();\ncy.wait(2000);\n_Booking.default.deafult.click();\ncy.wait(2000);\n_Booking.default.Sort.click();\ncy.wait(2000);\n_Booking.default.oldest.click();\ncy.wait(2000);\n/* Bookings.Bookeddateresult.should('have.length.gt', 0).then((dateElements) => {\n  const dates = dateElements.map((index, element) => Cypress.$(element).text()).get();\n\n  // Validate and log the comparison result.\n  let isValid = true;\n\n      for (let i = 0; i < dates.length - 1; i++) {\n      const currentDate = new Date(dates[i]);\n      const nextDate = new Date(dates[i + 1]);\n\n    // Compare the current date with the next date.\n    const isOlderOrEqual = currentDate <= nextDate;\n\n    // Log the comparison result.\n    cy.log(`Date ${i + 1}: ${dates[i]} is older or equal to Date ${i + 2}: ${dates[i + 1]}: ${isOlderOrEqual ? 'Pass' : 'Fail'}`);\n\n    // If any comparison fails, set isValid to false.\n    if (!isOlderOrEqual) {\n      isValid = false;\n    }\n  }\n\n  // Assert that the isValid flag is true (pass the test).\n  expect(isValid).to.be.true;\n});*/\n_Booking.default.Sort.click();\ncy.wait(3000);\n_Booking.default.tripdatemostrecent.click();\ncy.wait(1000);\n_Booking.default.Tripdateresult.eq(0).invoke('text').then(Mostrecent => {\n  cy.log('Mostrecent:', Mostrecent);\n});\n_Booking.default.Sort.click();\ncy.wait(2000);\n_Booking.default.tripdateoldest.click();\ncy.wait(1000);\n_Booking.default.Tripdateresult.eq(0).invoke('text').then(Oldest => {\n  cy.log('Oldest:', Oldest);\n});\n_Booking.default.Sort.click();\ncy.wait(2000);\n_Booking.default.Commissionhightolow.click();\ncy.wait(2000);\ncy.get('[data-testid=\"commissions_payable\"]').then($commissionsPayableElements => {\n  const commissionsPayableValues = $commissionsPayableElements.toArray().map(element => {\n    const value = parseFloat(element.innerText.replace('$', '').replace(',', ''));\n    return isNaN(value) ? null : value;\n  });\n  commissionsPayableValues.forEach((value, index) => {\n    cy.log(`Commissions Payable Value ${index + 1}: ${value}`);\n  });\n  const validValues = commissionsPayableValues.filter(value => value !== null);\n  for (let i = 0; i < validValues.length - 1; i++) {\n    expect(validValues[i]).to.be.gte(validValues[i + 1]); //value is greater than or equal to the next value, ensuring a high-to-low order\n  }\n});\n_Booking.default.Sort.click();\ncy.wait(2000);\n_Booking.default.Commissionlowtohigh.click();\ncy.wait(8000);\ncy.get('[data-testid=\"commissions_payable\"]').then($commissionsPayableElements => {\n  const commissionsPayableValues = $commissionsPayableElements.toArray().map(element => {\n    const value = parseFloat(element.innerText.replace('$', '').replace(',', ''));\n    return isNaN(value) ? null : value;\n  });\n  commissionsPayableValues.forEach((value, index) => {\n    cy.log(`Commissions Payable Value ${index + 1}: ${value}`);\n  });\n  const validValues = commissionsPayableValues.filter(value => value !== null);\n  for (let i = 0; i < validValues.length - 1; i++) {\n    expect(validValues[i]).to.be.lte(validValues[i + 1]); // Change this line for low to high verification\n  }\n});\n_Booking.default.Yourcommissionresult.invoke('text').then(LowtoHigh => {\n  cy.log('Low to high:', LowtoHigh);\n  _Booking.default.Sort.click();\n  cy.wait(2000);\n  _Booking.default.commissionhightolowpercent.click();\n  cy.wait(1000);\n  /* Bookings.Commissionpercentresult\n      .invoke('text')\n      .then((commissionPercentages) => {\n        const sortedPercentages = [...commissionPercentages]\n          .sort((a, b) => {\n            const aPercentage = parseFloat(a.match(/[\\d.]+/));\n            const bPercentage = parseFloat(b.match(/[\\d.]+/));\n            return bPercentage - aPercentage;\n          })\n          .join('');\n    \n        expect(commissionPercentages).to.equal(sortedPercentages);\n      });\n    \n  cy.contains('$977.88').should('be.visible')*/\n  _Booking.default.Sort.click();\n  cy.wait(2000);\n  _Booking.default.commissionlowtohighpercent.click();\n  cy.wait(1000);\n  _Booking.default.Commissionpercentresult.invoke('text').then(lowtohighpercent => {\n    cy.log('Low to high:', lowtohighpercent);\n  });\n});",
              "err": {
                "message": "AssertionError: Timed out retrying after 8000ms: Expected to find element: `//div[@data-testid='Sort by']`, but never found it.",
                "estack": "AssertionError: Timed out retrying after 8000ms: Expected to find element: `//div[@data-testid='Sort by']`, but never found it.\n    at get Sort (webpack://advisor/./cypress/support/Page Object/Advisor/Booking.js:40:18)\n    at  (webpack://advisor/./cypress/e2e/Advisor/Advisor_Booking_TS001.cy.js:127:1)\n    at __webpack_modules__</setRunnable/runnable.fn (https://advisor.forastaging.net/__cypress/runner/cypress_runner.js:138717:43)\n    at callFn (https://advisor.forastaging.net/__cypress/runner/cypress_runner.js:157333:21)\n    at __webpack_modules__</Runnable.prototype.run (https://advisor.forastaging.net/__cypress/runner/cypress_runner.js:157320:13)\n    at __webpack_modules__</create/onRunnableRun (https://advisor.forastaging.net/__cypress/runner/cypress_runner.js:163244:30)\n    at finallyHandler (https://advisor.forastaging.net/__cypress/runner/cypress_runner.js:4072:23)\n    at tryCatcher (https://advisor.forastaging.net/__cypress/runner/cypress_runner.js:1807:23)\n    at __webpack_modules__</module.exports/Promise.prototype._settlePromiseFromHandler (https://advisor.forastaging.net/__cypress/runner/cypress_runner.js:1519:31)\n    at __webpack_modules__</module.exports/Promise.prototype._settlePromise (https://advisor.forastaging.net/__cypress/runner/cypress_runner.js:1576:18)\n    at __webpack_modules__</module.exports/Promise.prototype._settlePromise0 (https://advisor.forastaging.net/__cypress/runner/cypress_runner.js:1621:10)\n    at __webpack_modules__</module.exports/Promise.prototype._settlePromises (https://advisor.forastaging.net/__cypress/runner/cypress_runner.js:1701:18)\n    at __webpack_modules__</module.exports/Promise.prototype._fulfill (https://advisor.forastaging.net/__cypress/runner/cypress_runner.js:1645:18)\n    at __webpack_modules__</module.exports/Promise.prototype._settlePromise (https://advisor.forastaging.net/__cypress/runner/cypress_runner.js:1589:21)\n    at __webpack_modules__</module.exports/Promise.prototype._settlePromise0 (https://advisor.forastaging.net/__cypress/runner/cypress_runner.js:1621:10)\n    at __webpack_modules__</module.exports/Promise.prototype._settlePromises (https://advisor.forastaging.net/__cypress/runner/cypress_runner.js:1701:18)\n    at __webpack_modules__</module.exports/Promise.prototype._fulfill (https://advisor.forastaging.net/__cypress/runner/cypress_runner.js:1645:18)\n    at __webpack_modules__</module.exports/Promise.prototype._resolveCallback (https://advisor.forastaging.net/__cypress/runner/cypress_runner.js:1439:57)\n    at __webpack_modules__</module.exports/Promise.prototype._settlePromiseFromHandler (https://advisor.forastaging.net/__cypress/runner/cypress_runner.js:1531:17)\n    at __webpack_modules__</module.exports/Promise.prototype._settlePromise (https://advisor.forastaging.net/__cypress/runner/cypress_runner.js:1576:18)\n    at __webpack_modules__</module.exports/Promise.prototype._settlePromise0 (https://advisor.forastaging.net/__cypress/runner/cypress_runner.js:1621:10)\n    at __webpack_modules__</module.exports/Promise.prototype._settlePromises (https://advisor.forastaging.net/__cypress/runner/cypress_runner.js:1701:18)\n    at __webpack_modules__</module.exports/Promise.prototype._fulfill (https://advisor.forastaging.net/__cypress/runner/cypress_runner.js:1645:18)\n    at __webpack_modules__</module.exports/PromiseArray.prototype._resolve (https://advisor.forastaging.net/__cypress/runner/cypress_runner.js:2932:19)\n    at __webpack_modules__</module.exports/PromiseArray.prototype._promiseFulfilled (https://advisor.forastaging.net/__cypress/runner/cypress_runner.js:2950:14)\n    at __webpack_modules__</module.exports/PromiseArray.prototype._iterate (https://advisor.forastaging.net/__cypress/runner/cypress_runner.js:2920:31)\n    at init (https://advisor.forastaging.net/__cypress/runner/cypress_runner.js:2884:10)\n    at __webpack_modules__</module.exports/Promise.prototype._settlePromise (https://advisor.forastaging.net/__cypress/runner/cypress_runner.js:1573:21)\n    at __webpack_modules__</module.exports/Promise.prototype._settlePromise0 (https://advisor.forastaging.net/__cypress/runner/cypress_runner.js:1621:10)\n    at __webpack_modules__</module.exports/Promise.prototype._settlePromises (https://advisor.forastaging.net/__cypress/runner/cypress_runner.js:1701:18)\n    at __webpack_modules__</module.exports/Promise.prototype._fulfill (https://advisor.forastaging.net/__cypress/runner/cypress_runner.js:1645:18)\n    at __webpack_modules__</module.exports/PromiseArray.prototype._resolve (https://advisor.forastaging.net/__cypress/runner/cypress_runner.js:2932:19)\n    at __webpack_modules__</module.exports/PromiseArray.prototype._promiseFulfilled (https://advisor.forastaging.net/__cypress/runner/cypress_runner.js:2950:14)\n    at __webpack_modules__</module.exports/Promise.prototype._settlePromise (https://advisor.forastaging.net/__cypress/runner/cypress_runner.js:1581:26)\n    at __webpack_modules__</module.exports/Promise.prototype._settlePromise0 (https://advisor.forastaging.net/__cypress/runner/cypress_runner.js:1621:10)\n    at __webpack_modules__</module.exports/Promise.prototype._settlePromises (https://advisor.forastaging.net/__cypress/runner/cypress_runner.js:1701:18)\n    at __webpack_modules__</module.exports/Promise.prototype._fulfill (https://advisor.forastaging.net/__cypress/runner/cypress_runner.js:1645:18)\n    at __webpack_modules__</module.exports/PromiseArray.prototype._resolve (https://advisor.forastaging.net/__cypress/runner/cypress_runner.js:2932:19)\n    at __webpack_modules__</module.exports/MappingPromiseArray.prototype._promiseFulfilled (https://advisor.forastaging.net/__cypress/runner/cypress_runner.js:4987:18)\n    at __webpack_modules__</module.exports/Promise.prototype._settlePromise (https://advisor.forastaging.net/__cypress/runner/cypress_runner.js:1581:26)\n    at __webpack_modules__</module.exports/Promise.prototype._settlePromise0 (https://advisor.forastaging.net/__cypress/runner/cypress_runner.js:1621:10)\n    at __webpack_modules__</module.exports/Promise.prototype._settlePromises (https://advisor.forastaging.net/__cypress/runner/cypress_runner.js:1701:18)\n    at _drainQueueStep (https://advisor.forastaging.net/__cypress/runner/cypress_runner.js:2407:12)\n    at _drainQueue (https://advisor.forastaging.net/__cypress/runner/cypress_runner.js:2400:24)\n    at __webpack_modules__</Async.prototype._drainQueues (https://advisor.forastaging.net/__cypress/runner/cypress_runner.js:2416:16)\n    at __webpack_modules__</Async/this.drainQueues (https://advisor.forastaging.net/__cypress/runner/cypress_runner.js:2286:14)",
                "diff": null
              },
              "uuid": "4225b713-aa2a-47ea-b485-f4f3d30a9573",
              "parentUUID": "1b82d227-c1e2-44b1-bced-fb1e9ed49d18",
              "isHook": false,
              "skipped": false
            }
          ],
          "suites": [],
          "passes": [],
          "failures": [
            "2ab0fbf8-f9d1-4718-bb28-a6ec9ddfe5d9",
            "91c60b86-e771-47a1-b9bd-e0bdae4eaa8c",
            "4225b713-aa2a-47ea-b485-f4f3d30a9573"
          ],
          "pending": [],
          "skipped": [],
          "duration": 67570,
          "root": false,
          "rootEmpty": false,
          "_timeout": 2000
        }
      ],
      "passes": [],
      "failures": [],
      "pending": [],
      "skipped": [],
      "duration": 0,
      "root": true,
      "rootEmpty": true,
      "_timeout": 2000
    }
  ],
  "meta": {
    "mocha": {
      "version": "7.0.1"
    },
    "mochawesome": {
      "options": {
        "quiet": false,
        "reportFilename": "mochawesome",
        "saveHtml": false,
        "saveJson": true,
        "consoleReporter": "spec",
        "useInlineDiffs": false,
        "code": true
      },
      "version": "7.1.3"
    },
    "marge": {
      "options": {
        "overwrite": false,
        "html": false,
        "json": true
      },
      "version": "6.2.0"
    }
  }
}