{
  "stats": {
    "suites": 1,
    "tests": 1,
    "passes": 1,
    "pending": 0,
    "failures": 0,
    "start": "2024-09-25T06:19:35.143Z",
    "end": "2024-09-25T06:19:55.690Z",
    "duration": 20547,
    "testsRegistered": 1,
    "passPercent": 100,
    "pendingPercent": 0,
    "other": 0,
    "hasOther": false,
    "skipped": 0,
    "hasSkipped": false
  },
  "results": [
    {
      "uuid": "d2d52144-b4c0-4e03-98cf-44e54d29e8be",
      "title": "",
      "fullFile": "cypress\\e2e\\Unit_TestCases\\M1_Clients\\TS001_Clients.cy.js",
      "file": "cypress\\e2e\\Unit_TestCases\\M1_Clients\\TS001_Clients.cy.js",
      "beforeHooks": [],
      "afterHooks": [],
      "tests": [],
      "suites": [
        {
          "uuid": "4310ed36-3e9f-4c44-8915-693b5be9c9d8",
          "title": "Advisor_Client",
          "fullFile": "",
          "file": "",
          "beforeHooks": [],
          "afterHooks": [],
          "tests": [
            {
              "title": "Advisor_client_TC001 & Advisor_Client_UTC002",
              "fullTitle": "Advisor_Client Advisor_client_TC001 & Advisor_Client_UTC002",
              "timedOut": null,
              "duration": 15411,
              "state": "passed",
              "speed": "slow",
              "pass": true,
              "fail": false,
              "pending": false,
              "context": "{\n  \"title\": \"cypress-mochawesome-reporter-videos-passed\",\n  \"value\": \"cypress\\\\e2e\\\\Unit_TestCases\\\\M1_Clients\\\\TS001_Clients.cy.js\"\n}",
              "code": "cy.on('uncaught:exception', (err, runnable) => {\n  return false;\n});\n//Fetch login details using the custom command\ncy.NotanadvisorclientLogin();\n// Advisor_client_TC001\n// Validate Step1 - Verify the \"Clients\" option is available in the menu bar\n// Click on the menu bar\n_Home.default.navbar.click();\n_Client.default.Client.should('be.visible');\n// Validate Step2 - Click on the \"Clients\" tab\n// click on clients\n_Client.default.Client.click();\n// Assertion - It should navigate to client page\ncy.url().should('include', 'https://advisor.forastaging.net/clients');\n// Advisor_client_TC002\n// Validate step 1 - Check the client page\n// Assertion - Clients page should have following Details, \n//Clients header\n_Client.default.clientheader.should('be.visible');\n//Search bar\n_Client.default.searchbar.should('be.visible');\n//Add Client button\n_Client.default.Addclient.should('be.visible');\n/**************** Checking Feasibility **********************/\n// Info banners (if available)\n//List of clients with log (Displays the first letter of the client's first name and the first letter of their last name), names and booking details (e.g., \"Anonymous_865e1484 - 0 Bookings\"). The card symbol should be present if a card is added to that client.\n//The number of clients (e.g., \"28 clients\")\n//Scrolling functionality if there are many clients",
              "err": {},
              "uuid": "12a3bf0d-eabe-4893-a593-2f55fa4837b0",
              "parentUUID": "4310ed36-3e9f-4c44-8915-693b5be9c9d8",
              "isHook": false,
              "skipped": false
            }
          ],
          "suites": [],
          "passes": [
            "12a3bf0d-eabe-4893-a593-2f55fa4837b0"
          ],
          "failures": [],
          "pending": [],
          "skipped": [],
          "duration": 15411,
          "root": false,
          "rootEmpty": false,
          "_timeout": 2000
        }
      ],
      "passes": [],
      "failures": [],
      "pending": [],
      "skipped": [],
      "duration": 0,
      "root": true,
      "rootEmpty": true,
      "_timeout": 2000
    }
  ],
  "meta": {
    "mocha": {
      "version": "7.0.1"
    },
    "mochawesome": {
      "options": {
        "quiet": false,
        "reportFilename": "mochawesome",
        "saveHtml": false,
        "saveJson": true,
        "consoleReporter": "spec",
        "useInlineDiffs": false,
        "code": true
      },
      "version": "7.1.3"
    },
    "marge": {
      "options": {
        "overwrite": false,
        "html": false,
        "json": true
      },
      "version": "6.2.0"
    }
  }
}