{
  "stats": {
    "suites": 1,
    "tests": 2,
    "passes": 2,
    "pending": 0,
    "failures": 0,
    "start": "2024-09-18T09:51:03.382Z",
    "end": "2024-09-18T09:51:57.264Z",
    "duration": 53882,
    "testsRegistered": 2,
    "passPercent": 100,
    "pendingPercent": 0,
    "other": 0,
    "hasOther": false,
    "skipped": 0,
    "hasSkipped": false
  },
  "results": [
    {
      "uuid": "87a3b6e3-7dce-4904-a22c-d45169ba7e93",
      "title": "",
      "fullFile": "cypress\\e2e\\Advisor\\Advisor_Community_Guideline.cy.js",
      "file": "cypress\\e2e\\Advisor\\Advisor_Community_Guideline.cy.js",
      "beforeHooks": [],
      "afterHooks": [],
      "tests": [],
      "suites": [
        {
          "uuid": "96841a5b-66df-4b34-a54f-afb6bd3f5c9c",
          "title": "Advisor_Communityguideline_TS001 ",
          "fullFile": "",
          "file": "",
          "beforeHooks": [],
          "afterHooks": [],
          "tests": [
            {
              "title": "Advisor_Community Guideline_TC001_To verify Community guideline Home page content",
              "fullTitle": "Advisor_Communityguideline_TS001  Advisor_Community Guideline_TC001_To verify Community guideline Home page content",
              "timedOut": null,
              "duration": 39853,
              "state": "passed",
              "speed": "slow",
              "pass": true,
              "fail": false,
              "pending": false,
              "context": "{\n  \"title\": \"cypress-mochawesome-reporter-videos-passed\",\n  \"value\": \"cypress\\\\e2e\\\\Advisor\\\\Advisor_Community_Guideline.cy.js\"\n}",
              "code": "cy.on('uncaught:exception', (err, runnable) => {\n  return false;\n});\n//  cy.Login1()\ncy.NotanadvisorLogin();\ncy.viewport(1500, 785);\n_Foraprofile.default.Usersetting.click();\n_Foraprofile.default.Communityguideline.scrollIntoView().should('be.visible');\ncy.window().then(win => {\n  cy.stub(win, 'open', url => {\n    win.location.href = url;\n  }).as(\"popup\");\n});\nconst specificLinkSelector = 'a[href=\"/community-guidelines\"]';\n_Foraprofile.default.Communityguidelineviewbutton.invoke('removeAttr', 'target').click();\ncy.get(specificLinkSelector).should('have.attr', 'href').then(href => {\n  cy.request({\n    url: href,\n    failOnStatusCode: false\n  }).then(response => {\n    if (response.status !== 200) {\n      cy.log(`Broken link found: ${href}`);\n    }\n  });\n});\ncy.visit('https://advisor.forastaging.net/community-guidelines');\n_Foraprofile.default.CommunityGuidelinesheader.should('be.visible');\n//   Foraprofile.Weareprofessionals.should('be.visible')\n_Foraprofile.default.Policy.click();",
              "err": {},
              "uuid": "c825a353-f198-4ef8-b08a-791a59eb2acd",
              "parentUUID": "96841a5b-66df-4b34-a54f-afb6bd3f5c9c",
              "isHook": false,
              "skipped": false
            },
            {
              "title": "Advisor_Community Guideline_TC002_To Check Report an issue popup",
              "fullTitle": "Advisor_Communityguideline_TS001  Advisor_Community Guideline_TC002_To Check Report an issue popup",
              "timedOut": null,
              "duration": 10627,
              "state": "passed",
              "speed": "slow",
              "pass": true,
              "fail": false,
              "pending": false,
              "context": "{\n  \"title\": \"cypress-mochawesome-reporter-videos-passed\",\n  \"value\": \"cypress\\\\e2e\\\\Advisor\\\\Advisor_Community_Guideline.cy.js\"\n}",
              "code": "cy.on('uncaught:exception', (err, runnable) => {\n  return false;\n});\ncy.viewport(1500, 785);\ncy.wait(5000);\n_Partner.default.Reportanissue.scrollIntoView().click();\n//  cy.wait(5000)\n_Partner.default.Reportanissueheader.should('be.visible');\n_Partner.default.Reportanissuetext.should('be.visible');\n_Partner.default.Issuetopicheader.should('be.visible');\n_Newhome.default.issuetypedropdown.should('be.visible').eq(0).click();\ncy.wait(2000);\n_Partner.default.dropdownvalue1.should('be.visible');\n_Partner.default.dropdownvalue2.should('be.visible');\n_Partner.default.dropdownvalue3.should('be.visible');\n_Partner.default.dropdownvalue4.should('be.visible');\n_Partner.default.dropdownvalue5.should('be.visible');\n_Partner.default.dropdownvalue6.should('be.visible');\n_Partner.default.dropdownvalue1.click();\n_Partner.default.Describetheissue.should('be.visible');\n_Partner.default.Describetheissuefield.should('be.visible');\n_Partner.default.Cancel.should('be.visible');\n_Partner.default.Report.should('be.visible').click();\n//Partner.Error1.should('be.visible')\n_Partner.default.Error2.should('be.visible');\n_Partner.default.Issueseverityheader.should('be.visible');\n_Partner.default.Issueseveritydropdown.click();\n_Partner.default.Issueseveritydropdownvalue1.should('be.visible');\n_Partner.default.Issueseveritydropdownvalue2.should('be.visible');\n_Partner.default.Issueseveritydropdownvalue3.should('be.visible');\n_Partner.default.Issueseveritydropdownvalue2.should('be.visible').click();\n_Partner.default.Describetheissuefield.should('be.visible').type(\"error\");\n_Partner.default.Report.click();\n_Partner.default.rightmarks.should('be.visible');\n_Partner.default.successtext.should('be.visible');\n_Partner.default.successsubtext.should('be.visible');\n_Partner.default.close.click();",
              "err": {},
              "uuid": "69d811a5-0306-49e0-861f-d4950001aed4",
              "parentUUID": "96841a5b-66df-4b34-a54f-afb6bd3f5c9c",
              "isHook": false,
              "skipped": false
            }
          ],
          "suites": [],
          "passes": [
            "c825a353-f198-4ef8-b08a-791a59eb2acd",
            "69d811a5-0306-49e0-861f-d4950001aed4"
          ],
          "failures": [],
          "pending": [],
          "skipped": [],
          "duration": 50480,
          "root": false,
          "rootEmpty": false,
          "_timeout": 2000
        }
      ],
      "passes": [],
      "failures": [],
      "pending": [],
      "skipped": [],
      "duration": 0,
      "root": true,
      "rootEmpty": true,
      "_timeout": 2000
    }
  ],
  "meta": {
    "mocha": {
      "version": "7.0.1"
    },
    "mochawesome": {
      "options": {
        "quiet": false,
        "reportFilename": "mochawesome",
        "saveHtml": false,
        "saveJson": true,
        "consoleReporter": "spec",
        "useInlineDiffs": false,
        "code": true
      },
      "version": "7.1.3"
    },
    "marge": {
      "options": {
        "overwrite": false,
        "html": false,
        "json": true
      },
      "version": "6.2.0"
    }
  }
}