{
  "stats": {
    "suites": 1,
    "tests": 4,
    "passes": 0,
    "pending": 0,
    "failures": 4,
    "start": "2024-09-18T09:38:13.067Z",
    "end": "2024-09-18T09:39:16.028Z",
    "duration": 62961,
    "testsRegistered": 4,
    "passPercent": 0,
    "pendingPercent": 0,
    "other": 0,
    "hasOther": false,
    "skipped": 0,
    "hasSkipped": false
  },
  "results": [
    {
      "uuid": "96f21856-b42b-4353-9fc5-70362dfcd5a1",
      "title": "",
      "fullFile": "cypress\\e2e\\Advisor\\Advisor_Booking_TS006.cy.js",
      "file": "cypress\\e2e\\Advisor\\Advisor_Booking_TS006.cy.js",
      "beforeHooks": [],
      "afterHooks": [],
      "tests": [],
      "suites": [
        {
          "uuid": "257709cf-dffa-4caa-a25d-6c771a3962c4",
          "title": "Advisor_Booking_TS006",
          "fullFile": "",
          "file": "",
          "beforeHooks": [],
          "afterHooks": [],
          "tests": [
            {
              "title": "Advisor_Booking_TC020_To verify the Manage booking link",
              "fullTitle": "Advisor_Booking_TS006 Advisor_Booking_TC020_To verify the Manage booking link",
              "timedOut": null,
              "duration": 37595,
              "state": "failed",
              "speed": null,
              "pass": false,
              "fail": true,
              "pending": false,
              "context": "[\n  {\n    \"title\": \"cypress-mochawesome-reporter-videos-failed\",\n    \"value\": \"cypress\\\\e2e\\\\Advisor\\\\Advisor_Booking_TS006.cy.js\"\n  },\n  {\n    \"title\": \"cypress-mochawesome-reporter-screenshots\",\n    \"value\": [\n      [\n        \"\\\\Advisor\\\\Advisor_Booking_TS006.cy.js\\\\Advisor_Booking_TS006 -- Advisor_Booking_TC020_To verify the Manage booking link (failed).png\"\n      ]\n    ]\n  }\n]",
              "code": "cy.on('uncaught:exception', (err, runnable) => {\n  return false;\n});\ncy.NotanadvisorLogin();\nconst bookingData = {\n  \"id\": uuidv4(),\n  \"email_captured\": \"2023-12-01\",\n  \"advisor\": \"automation1721627564434@forastaging.net\",\n  \"arrival\": \"2023-12-11\",\n  \"departure\": \"2023-12-12\",\n  \"booking_category\": \"Hotel\",\n  \"primary_guest_name\": \"Fora travel\",\n  \"avg_gross_nightly_rate\": 12,\n  \"fx_rate\": 1.1234999,\n  \"rooms\": 3,\n  \"booking_status\": \"Original\",\n  \"total_commissionable_booking\": 1900.24,\n  \"est_commission\": 0.1,\n  \"resource_link\": \"https://fora.kustomerapp.com/app/customers/636ecafb3ee7ff7209b2014f/event/637afc19d3637b39d65b156d\",\n  \"booking_channel\": \"Direct\",\n  \"confirmation_num\": \"34277715\",\n  \"hotel_brand\": \"brand\",\n  \"hotel_group\": \"group\",\n  \"supplier_id\": \"1aece09a-e51d-4548-bfc3-23d6d16abce2\",\n  \"supplier\": \"Le Meridien Chicago - Oakbrook Center\",\n  \"booking_currency\": \"USD\",\n  \"hotel_contact\": \"no-reply@t1.hpe-esp.hyatt.com\",\n  \"invoice_on_departure\": \"YES\",\n  \"full_address\": \"full address\",\n  \"country\": \"country\",\n  \"state\": \"state\",\n  \"city\": \"city\",\n  \"zip_code\": \"zip_code\",\n  \"primary_guest_email\": \"primaryguest@some.email\",\n  \"client\": null\n};\ncy.createBooking(bookingData).then(response => {\n  expect(response.status).to.be.oneOf([200, 201]);\n  expect(response.body.id).to.equal(bookingData.id);\n}).should(response => {\n  if (response.status !== 200 && response.status !== 201) {\n    console.error('Failed to create booking:', response);\n    throw new Error(`Failed to create booking: Received status ${response.status}`);\n  }\n});\n_Home.default.navbar.click();\n_Booking.default.booking.click();\n_Booking.default.Managebookinglink.click();\n_Booking.default.commissionfromlink.should(\"be.visible\");\n_Booking.default.Managebooking.should(\"be.visible\");\n_Booking.default.Cancelbookingtitle.should(\"be.visible\");\n_Booking.default.Reportincorrectdatatitle.should(\"be.visible\");\n_Booking.default.Duplicatebookingtitle.should(\"be.visible\");\n_Booking.default.Otherissuetitle.scrollIntoView().should(\"be.visible\");",
              "err": {
                "message": "AssertionError: Timed out retrying after 8000ms: Expected to find content: 'Manage booking' but never did.",
                "estack": "AssertionError: Timed out retrying after 8000ms: Expected to find content: 'Manage booking' but never did.\n    at get Managebookinglink (webpack://advisor/./cypress/support/Page Object/Advisor/Booking.js:259:18)\n    at  (webpack://advisor/./cypress/e2e/Advisor/Advisor_Booking_TS006.cy.js:69:8)\n    at __webpack_modules__</setRunnable/runnable.fn (https://advisor.forastaging.net/__cypress/runner/cypress_runner.js:138717:43)\n    at callFn (https://advisor.forastaging.net/__cypress/runner/cypress_runner.js:157333:21)\n    at __webpack_modules__</Runnable.prototype.run (https://advisor.forastaging.net/__cypress/runner/cypress_runner.js:157320:13)\n    at __webpack_modules__</create/onRunnableRun (https://advisor.forastaging.net/__cypress/runner/cypress_runner.js:163244:30)\n    at finallyHandler (https://advisor.forastaging.net/__cypress/runner/cypress_runner.js:4072:23)\n    at tryCatcher (https://advisor.forastaging.net/__cypress/runner/cypress_runner.js:1807:23)\n    at __webpack_modules__</module.exports/Promise.prototype._settlePromiseFromHandler (https://advisor.forastaging.net/__cypress/runner/cypress_runner.js:1519:31)\n    at __webpack_modules__</module.exports/Promise.prototype._settlePromise (https://advisor.forastaging.net/__cypress/runner/cypress_runner.js:1576:18)\n    at __webpack_modules__</module.exports/Promise.prototype._settlePromise0 (https://advisor.forastaging.net/__cypress/runner/cypress_runner.js:1621:10)\n    at __webpack_modules__</module.exports/Promise.prototype._settlePromises (https://advisor.forastaging.net/__cypress/runner/cypress_runner.js:1701:18)\n    at _drainQueueStep (https://advisor.forastaging.net/__cypress/runner/cypress_runner.js:2407:12)\n    at _drainQueue (https://advisor.forastaging.net/__cypress/runner/cypress_runner.js:2400:24)\n    at __webpack_modules__</Async.prototype._drainQueues (https://advisor.forastaging.net/__cypress/runner/cypress_runner.js:2416:16)\n    at __webpack_modules__</Async/this.drainQueues (https://advisor.forastaging.net/__cypress/runner/cypress_runner.js:2286:14)",
                "diff": null
              },
              "uuid": "3557904c-3ee3-48cd-991c-5732eb3f47e8",
              "parentUUID": "257709cf-dffa-4caa-a25d-6c771a3962c4",
              "isHook": false,
              "skipped": false
            },
            {
              "title": "Advisor_Booking_TC021_To verify if user can modify an existing booking",
              "fullTitle": "Advisor_Booking_TS006 Advisor_Booking_TC021_To verify if user can modify an existing booking",
              "timedOut": null,
              "duration": 5151,
              "state": "failed",
              "speed": null,
              "pass": false,
              "fail": true,
              "pending": false,
              "context": "[\n  {\n    \"title\": \"cypress-mochawesome-reporter-videos-failed\",\n    \"value\": \"cypress\\\\e2e\\\\Advisor\\\\Advisor_Booking_TS006.cy.js\"\n  },\n  {\n    \"title\": \"cypress-mochawesome-reporter-screenshots\",\n    \"value\": [\n      [\n        \"\\\\Advisor\\\\Advisor_Booking_TS006.cy.js\\\\Advisor_Booking_TS006 -- Advisor_Booking_TC021_To verify if user can modify an existing booking (failed).png\"\n      ]\n    ]\n  }\n]",
              "code": "cy.on('uncaught:exception', (err, runnable) => {\n  return false;\n});\n_Booking.default.Modifybooking.should(\"be.visible\");\n_Booking.default.Modifybookingtext.should(\"be.visible\");\n_Booking.default.commissionfromlink.should(\"be.visible\");",
              "err": {
                "message": "AssertionError: Timed out retrying after 5000ms: Expected to find content: 'Modify booking' but never did.",
                "estack": "AssertionError: Timed out retrying after 5000ms: Expected to find content: 'Modify booking' but never did.\n    at  (webpack://advisor/./cypress/e2e/Advisor/Advisor_Booking_TS006.cy.js:83:31)\n    at __webpack_modules__</setRunnable/runnable.fn (https://advisor.forastaging.net/__cypress/runner/cypress_runner.js:138717:43)\n    at callFn (https://advisor.forastaging.net/__cypress/runner/cypress_runner.js:157333:21)\n    at __webpack_modules__</Runnable.prototype.run (https://advisor.forastaging.net/__cypress/runner/cypress_runner.js:157320:13)\n    at __webpack_modules__</create/onRunnableRun (https://advisor.forastaging.net/__cypress/runner/cypress_runner.js:163244:30)\n    at finallyHandler (https://advisor.forastaging.net/__cypress/runner/cypress_runner.js:4072:23)\n    at tryCatcher (https://advisor.forastaging.net/__cypress/runner/cypress_runner.js:1807:23)\n    at __webpack_modules__</module.exports/Promise.prototype._settlePromiseFromHandler (https://advisor.forastaging.net/__cypress/runner/cypress_runner.js:1519:31)\n    at __webpack_modules__</module.exports/Promise.prototype._settlePromise (https://advisor.forastaging.net/__cypress/runner/cypress_runner.js:1576:18)\n    at __webpack_modules__</module.exports/Promise.prototype._settlePromise0 (https://advisor.forastaging.net/__cypress/runner/cypress_runner.js:1621:10)\n    at __webpack_modules__</module.exports/Promise.prototype._settlePromises (https://advisor.forastaging.net/__cypress/runner/cypress_runner.js:1701:18)\n    at __webpack_modules__</module.exports/Promise.prototype._fulfill (https://advisor.forastaging.net/__cypress/runner/cypress_runner.js:1645:18)\n    at __webpack_modules__</module.exports/Promise.prototype._settlePromise (https://advisor.forastaging.net/__cypress/runner/cypress_runner.js:1589:21)\n    at __webpack_modules__</module.exports/Promise.prototype._settlePromise0 (https://advisor.forastaging.net/__cypress/runner/cypress_runner.js:1621:10)\n    at __webpack_modules__</module.exports/Promise.prototype._settlePromises (https://advisor.forastaging.net/__cypress/runner/cypress_runner.js:1701:18)\n    at __webpack_modules__</module.exports/Promise.prototype._fulfill (https://advisor.forastaging.net/__cypress/runner/cypress_runner.js:1645:18)\n    at __webpack_modules__</module.exports/Promise.prototype._resolveCallback (https://advisor.forastaging.net/__cypress/runner/cypress_runner.js:1439:57)\n    at __webpack_modules__</module.exports/Promise.prototype._settlePromiseFromHandler (https://advisor.forastaging.net/__cypress/runner/cypress_runner.js:1531:17)\n    at __webpack_modules__</module.exports/Promise.prototype._settlePromise (https://advisor.forastaging.net/__cypress/runner/cypress_runner.js:1576:18)\n    at __webpack_modules__</module.exports/Promise.prototype._settlePromise0 (https://advisor.forastaging.net/__cypress/runner/cypress_runner.js:1621:10)\n    at __webpack_modules__</module.exports/Promise.prototype._settlePromises (https://advisor.forastaging.net/__cypress/runner/cypress_runner.js:1701:18)\n    at __webpack_modules__</module.exports/Promise.prototype._fulfill (https://advisor.forastaging.net/__cypress/runner/cypress_runner.js:1645:18)\n    at __webpack_modules__</module.exports/PromiseArray.prototype._resolve (https://advisor.forastaging.net/__cypress/runner/cypress_runner.js:2932:19)\n    at __webpack_modules__</module.exports/PromiseArray.prototype._promiseFulfilled (https://advisor.forastaging.net/__cypress/runner/cypress_runner.js:2950:14)\n    at __webpack_modules__</module.exports/PromiseArray.prototype._iterate (https://advisor.forastaging.net/__cypress/runner/cypress_runner.js:2920:31)\n    at init (https://advisor.forastaging.net/__cypress/runner/cypress_runner.js:2884:10)\n    at __webpack_modules__</module.exports/Promise.prototype._settlePromise (https://advisor.forastaging.net/__cypress/runner/cypress_runner.js:1573:21)\n    at __webpack_modules__</module.exports/Promise.prototype._settlePromise0 (https://advisor.forastaging.net/__cypress/runner/cypress_runner.js:1621:10)\n    at __webpack_modules__</module.exports/Promise.prototype._settlePromises (https://advisor.forastaging.net/__cypress/runner/cypress_runner.js:1701:18)\n    at __webpack_modules__</module.exports/Promise.prototype._fulfill (https://advisor.forastaging.net/__cypress/runner/cypress_runner.js:1645:18)\n    at __webpack_modules__</module.exports/PromiseArray.prototype._resolve (https://advisor.forastaging.net/__cypress/runner/cypress_runner.js:2932:19)\n    at __webpack_modules__</module.exports/PromiseArray.prototype._promiseFulfilled (https://advisor.forastaging.net/__cypress/runner/cypress_runner.js:2950:14)\n    at __webpack_modules__</module.exports/Promise.prototype._settlePromise (https://advisor.forastaging.net/__cypress/runner/cypress_runner.js:1581:26)\n    at __webpack_modules__</module.exports/Promise.prototype._settlePromise0 (https://advisor.forastaging.net/__cypress/runner/cypress_runner.js:1621:10)\n    at __webpack_modules__</module.exports/Promise.prototype._settlePromises (https://advisor.forastaging.net/__cypress/runner/cypress_runner.js:1701:18)\n    at __webpack_modules__</module.exports/Promise.prototype._fulfill (https://advisor.forastaging.net/__cypress/runner/cypress_runner.js:1645:18)\n    at __webpack_modules__</module.exports/PromiseArray.prototype._resolve (https://advisor.forastaging.net/__cypress/runner/cypress_runner.js:2932:19)\n    at __webpack_modules__</module.exports/MappingPromiseArray.prototype._promiseFulfilled (https://advisor.forastaging.net/__cypress/runner/cypress_runner.js:4987:18)\n    at __webpack_modules__</module.exports/Promise.prototype._settlePromise (https://advisor.forastaging.net/__cypress/runner/cypress_runner.js:1581:26)\n    at __webpack_modules__</module.exports/Promise.prototype._settlePromise0 (https://advisor.forastaging.net/__cypress/runner/cypress_runner.js:1621:10)\n    at __webpack_modules__</module.exports/Promise.prototype._settlePromises (https://advisor.forastaging.net/__cypress/runner/cypress_runner.js:1701:18)\n    at _drainQueueStep (https://advisor.forastaging.net/__cypress/runner/cypress_runner.js:2407:12)\n    at _drainQueue (https://advisor.forastaging.net/__cypress/runner/cypress_runner.js:2400:24)\n    at __webpack_modules__</Async.prototype._drainQueues (https://advisor.forastaging.net/__cypress/runner/cypress_runner.js:2416:16)\n    at __webpack_modules__</Async/this.drainQueues (https://advisor.forastaging.net/__cypress/runner/cypress_runner.js:2286:14)",
                "diff": null
              },
              "uuid": "02ac3574-c3cc-4395-8e95-b0e931764fe3",
              "parentUUID": "257709cf-dffa-4caa-a25d-6c771a3962c4",
              "isHook": false,
              "skipped": false
            },
            {
              "title": "Advisor_Booking_TC022_To verify if user can cancel an existing booking",
              "fullTitle": "Advisor_Booking_TS006 Advisor_Booking_TC022_To verify if user can cancel an existing booking",
              "timedOut": null,
              "duration": 8116,
              "state": "failed",
              "speed": null,
              "pass": false,
              "fail": true,
              "pending": false,
              "context": "[\n  {\n    \"title\": \"cypress-mochawesome-reporter-videos-failed\",\n    \"value\": \"cypress\\\\e2e\\\\Advisor\\\\Advisor_Booking_TS006.cy.js\"\n  },\n  {\n    \"title\": \"cypress-mochawesome-reporter-screenshots\",\n    \"value\": [\n      [\n        \"\\\\Advisor\\\\Advisor_Booking_TS006.cy.js\\\\Advisor_Booking_TS006 -- Advisor_Booking_TC022_To verify if user can cancel an existing booking (failed).png\"\n      ]\n    ]\n  }\n]",
              "code": "cy.on('uncaught:exception', (err, runnable) => {\n  return false;\n});\ncy.fixture('Advisor_Booking_TS006.json').then(function (dataJson) {\n  _Booking.default.Cancelbookingtitle.should(\"be.visible\");\n  _Booking.default.Cancelbookingtext.should(\"be.visible\");\n  _Booking.default.Reportcancellation.click();\n  _Booking.default.ReportBooking.should(\"be.visible\");\n  _Booking.default.ReportBookingtext.should(\"be.visible\");\n  _Booking.default.advisorradiobutton.click();\n  _Booking.default.goback.click();\n  _Booking.default.Reportcancellation.click();\n  _Booking.default.test.click();\n  _Booking.default.submit.click({\n    force: true\n  });\n  _Booking.default.goit.click();\n  cy.wait(2000);\n  _Booking.default.Canceledstatus.eq(0).scrollIntoView().should(\"be.visible\");\n  _Booking.default.Managebookinglink.click();\n  _Booking.default.Reportcancellation.click();\n  _Booking.default.advisorradiobutton.click();\n  _Booking.default.comment.type(dataJson.Cancelationreason);\n  _Booking.default.submit.click({\n    force: true\n  });\n  _Booking.default.cancelicon.click();\n});",
              "err": {
                "message": "AssertionError: Timed out retrying after 8000ms: Expected to find element: `//p[normalize-space()='Cancel booking']`, but never found it.",
                "estack": "AssertionError: Timed out retrying after 8000ms: Expected to find element: `//p[normalize-space()='Cancel booking']`, but never found it.\n    at  (webpack://advisor/./cypress/e2e/Advisor/Advisor_Booking_TS006.cy.js:94:40)\n    at getRet (https://advisor.forastaging.net/__cypress/runner/cypress_runner.js:119259:20)\n    at tryCatcher (https://advisor.forastaging.net/__cypress/runner/cypress_runner.js:1807:23)\n    at __webpack_modules__</module.exports/Promise.try (https://advisor.forastaging.net/__cypress/runner/cypress_runner.js:4315:29)\n    at thenFn (https://advisor.forastaging.net/__cypress/runner/cypress_runner.js:119270:60)\n    at then (https://advisor.forastaging.net/__cypress/runner/cypress_runner.js:119521:21)\n    at wrapped (https://advisor.forastaging.net/__cypress/runner/cypress_runner.js:138450:19)\n    at __webpack_modules__</runCommand (https://advisor.forastaging.net/__cypress/runner/cypress_runner.js:144371:15)\n    at tryCatcher (https://advisor.forastaging.net/__cypress/runner/cypress_runner.js:1807:23)\n    at __webpack_modules__</module.exports/Promise.prototype._settlePromiseFromHandler (https://advisor.forastaging.net/__cypress/runner/cypress_runner.js:1519:31)\n    at __webpack_modules__</module.exports/Promise.prototype._settlePromise (https://advisor.forastaging.net/__cypress/runner/cypress_runner.js:1576:18)\n    at __webpack_modules__</module.exports/Promise.prototype._settlePromiseCtx (https://advisor.forastaging.net/__cypress/runner/cypress_runner.js:1613:10)\n    at _drainQueueStep (https://advisor.forastaging.net/__cypress/runner/cypress_runner.js:2411:12)\n    at _drainQueue (https://advisor.forastaging.net/__cypress/runner/cypress_runner.js:2400:24)\n    at __webpack_modules__</Async.prototype._drainQueues (https://advisor.forastaging.net/__cypress/runner/cypress_runner.js:2416:16)\n    at __webpack_modules__</Async/this.drainQueues (https://advisor.forastaging.net/__cypress/runner/cypress_runner.js:2286:14)",
                "diff": null
              },
              "uuid": "440e19ae-e4f3-4bc8-b78d-5e6bb255b26a",
              "parentUUID": "257709cf-dffa-4caa-a25d-6c771a3962c4",
              "isHook": false,
              "skipped": false
            },
            {
              "title": "Advisor_Booking_TC023_To verify if user can report incorrect data to an existing booking",
              "fullTitle": "Advisor_Booking_TS006 Advisor_Booking_TC023_To verify if user can report incorrect data to an existing booking",
              "timedOut": null,
              "duration": 8105,
              "state": "failed",
              "speed": null,
              "pass": false,
              "fail": true,
              "pending": false,
              "context": "[\n  {\n    \"title\": \"cypress-mochawesome-reporter-videos-failed\",\n    \"value\": \"cypress\\\\e2e\\\\Advisor\\\\Advisor_Booking_TS006.cy.js\"\n  },\n  {\n    \"title\": \"cypress-mochawesome-reporter-screenshots\",\n    \"value\": [\n      [\n        \"\\\\Advisor\\\\Advisor_Booking_TS006.cy.js\\\\Advisor_Booking_TS006 -- Advisor_Booking_TC023_To verify if user can report incorrect data to an existing booking (failed).png\"\n      ]\n    ]\n  }\n]",
              "code": "cy.on('uncaught:exception', (err, runnable) => {\n  return false;\n});\ncy.fixture('Advisor_Booking_TS006.json').then(function (dataJson) {\n  _Booking.default.Managebookinglink.click();\n  _Booking.default.Reportincorrectdata.click();\n  _Booking.default.arrival.click();\n  cy.xpath(\"//form[@action='#']//div//div//div//div//div[@aria-label='Choose Date']//div//div[@aria-label='Month September, 2024']//div//div[@aria-label='Choose Sunday, September 29th, 2024'][normalize-space()='29']\").click();\n  _Booking.default.departure.click();\n  cy.xpath(\"//form[@action='#']//div//div//div//div//div[@aria-label='Choose Date']//div//div[@aria-label='Month September, 2024']//div//div[@aria-label='Choose Monday, September 30th, 2024'][normalize-space()='30']\").click();\n  _Booking.default.Guestname.type(dataJson.Guestname);\n  _Booking.default.Correctconfirmationnumber.type(dataJson.Confirmationnumber);\n  _Booking.default.Correctsupplier.type(dataJson.Supplier);\n  _Booking.default.Correctdmc.eq(6).click();\n  _Booking.default.homebooking.click();\n  _Booking.default.totalcommissionrate.type(dataJson.Commissionrate);\n  _Booking.default.totalcommissionvalue.type(dataJson.Commissionvalue);\n  _Booking.default.Note.type(dataJson.Note);\n  _Booking.default.submitreport.click();\n  _Booking.default.goit.click();\n  _Booking.default.Managebookinglink.click();\n  _Booking.default.Reportincorrectdata.click();\n  _Booking.default.goback.click();\n});",
              "err": {
                "message": "AssertionError: Timed out retrying after 8000ms: Expected to find content: 'Manage booking' but never did.",
                "estack": "AssertionError: Timed out retrying after 8000ms: Expected to find content: 'Manage booking' but never did.\n    at get Managebookinglink (webpack://advisor/./cypress/support/Page Object/Advisor/Booking.js:259:18)\n    at  (webpack://advisor/./cypress/e2e/Advisor/Advisor_Booking_TS006.cy.js:122:12)\n    at getRet (https://advisor.forastaging.net/__cypress/runner/cypress_runner.js:119259:20)\n    at tryCatcher (https://advisor.forastaging.net/__cypress/runner/cypress_runner.js:1807:23)\n    at __webpack_modules__</module.exports/Promise.try (https://advisor.forastaging.net/__cypress/runner/cypress_runner.js:4315:29)\n    at thenFn (https://advisor.forastaging.net/__cypress/runner/cypress_runner.js:119270:60)\n    at then (https://advisor.forastaging.net/__cypress/runner/cypress_runner.js:119521:21)\n    at wrapped (https://advisor.forastaging.net/__cypress/runner/cypress_runner.js:138450:19)\n    at __webpack_modules__</runCommand (https://advisor.forastaging.net/__cypress/runner/cypress_runner.js:144371:15)\n    at tryCatcher (https://advisor.forastaging.net/__cypress/runner/cypress_runner.js:1807:23)\n    at __webpack_modules__</module.exports/Promise.prototype._settlePromiseFromHandler (https://advisor.forastaging.net/__cypress/runner/cypress_runner.js:1519:31)\n    at __webpack_modules__</module.exports/Promise.prototype._settlePromise (https://advisor.forastaging.net/__cypress/runner/cypress_runner.js:1576:18)\n    at __webpack_modules__</module.exports/Promise.prototype._settlePromiseCtx (https://advisor.forastaging.net/__cypress/runner/cypress_runner.js:1613:10)\n    at _drainQueueStep (https://advisor.forastaging.net/__cypress/runner/cypress_runner.js:2411:12)\n    at _drainQueue (https://advisor.forastaging.net/__cypress/runner/cypress_runner.js:2400:24)\n    at __webpack_modules__</Async.prototype._drainQueues (https://advisor.forastaging.net/__cypress/runner/cypress_runner.js:2416:16)\n    at __webpack_modules__</Async/this.drainQueues (https://advisor.forastaging.net/__cypress/runner/cypress_runner.js:2286:14)",
                "diff": null
              },
              "uuid": "6aa5e46d-bfad-4d84-9a5e-44a0e084d9cd",
              "parentUUID": "257709cf-dffa-4caa-a25d-6c771a3962c4",
              "isHook": false,
              "skipped": false
            }
          ],
          "suites": [],
          "passes": [],
          "failures": [
            "3557904c-3ee3-48cd-991c-5732eb3f47e8",
            "02ac3574-c3cc-4395-8e95-b0e931764fe3",
            "440e19ae-e4f3-4bc8-b78d-5e6bb255b26a",
            "6aa5e46d-bfad-4d84-9a5e-44a0e084d9cd"
          ],
          "pending": [],
          "skipped": [],
          "duration": 58967,
          "root": false,
          "rootEmpty": false,
          "_timeout": 2000
        }
      ],
      "passes": [],
      "failures": [],
      "pending": [],
      "skipped": [],
      "duration": 0,
      "root": true,
      "rootEmpty": true,
      "_timeout": 2000
    }
  ],
  "meta": {
    "mocha": {
      "version": "7.0.1"
    },
    "mochawesome": {
      "options": {
        "quiet": false,
        "reportFilename": "mochawesome",
        "saveHtml": false,
        "saveJson": true,
        "consoleReporter": "spec",
        "useInlineDiffs": false,
        "code": true
      },
      "version": "7.1.3"
    },
    "marge": {
      "options": {
        "overwrite": false,
        "html": false,
        "json": true
      },
      "version": "6.2.0"
    }
  }
}