{
  "stats": {
    "suites": 1,
    "tests": 4,
    "passes": 0,
    "pending": 0,
    "failures": 4,
    "start": "2024-09-19T03:45:48.408Z",
    "end": "2024-09-19T03:47:29.398Z",
    "duration": 100990,
    "testsRegistered": 4,
    "passPercent": 0,
    "pendingPercent": 0,
    "other": 0,
    "hasOther": false,
    "skipped": 0,
    "hasSkipped": false
  },
  "results": [
    {
      "uuid": "fd268dda-1c8b-4dd4-a281-cb8ada602f2a",
      "title": "",
      "fullFile": "cypress\\e2e\\Advisor\\Advisor_Cancel subscription_TS001.cy.js",
      "file": "cypress\\e2e\\Advisor\\Advisor_Cancel subscription_TS001.cy.js",
      "beforeHooks": [],
      "afterHooks": [],
      "tests": [],
      "suites": [
        {
          "uuid": "6201c56b-c7cd-417d-b97c-eb164eb2c6e6",
          "title": "Advisor_Cancel_Subscription_TS001 ",
          "fullFile": "",
          "file": "",
          "beforeHooks": [],
          "afterHooks": [],
          "tests": [
            {
              "title": "Advisor_Cancel_Subscription_TC001_To verify Cancel subscription link- to test if user is able to cancel subscription using cancel subscription link",
              "fullTitle": "Advisor_Cancel_Subscription_TS001  Advisor_Cancel_Subscription_TC001_To verify Cancel subscription link- to test if user is able to cancel subscription using cancel subscription link",
              "timedOut": null,
              "duration": 60300,
              "state": "failed",
              "speed": null,
              "pass": false,
              "fail": true,
              "pending": false,
              "context": "[\n  {\n    \"title\": \"cypress-mochawesome-reporter-videos-failed\",\n    \"value\": \"cypress\\\\e2e\\\\Advisor\\\\Advisor_Cancel subscription_TS001.cy.js\"\n  },\n  {\n    \"title\": \"cypress-mochawesome-reporter-screenshots\",\n    \"value\": [\n      [\n        \"\\\\Advisor_Cancel subscription_TS001.cy.js\\\\Advisor_Cancel_Subscription_TS001 -- Advisor_Cancel_Subscription_TC001_To verify Cancel subscription link- to test if user is able to cancel subscription using cancel subscription link (failed).png\"\n      ]\n    ]\n  }\n]",
              "code": "cy.on('uncaught:exception', (err, runnable) => {\n  return false;\n});\nconst uniqueNumber = Math.floor(Math.random() * 10000); // Generates a number between 0 and 9999\nconst uniqueString = `user${uniqueNumber}`;\nconst userData = {\n  personal_email: `reenaz+${uniqueString}@team845771.testinator.com`,\n  first_name: `reenaz${uniqueNumber}`,\n  last_name: `fathima${uniqueNumber}`\n};\n// Define the API endpoint for Fora\nconst apiEndpoint = 'https://api.forastaging.net/v1/invites/restricted/';\n// Authentication token for Fora API (replace with your actual token)\nconst authToken = '50eedfb8-3464-4017-8655-272de84ce154';\n// Variables to store email and link details\nlet emailId;\nlet firstLink;\n// Make the POST request to create the user\ncy.request({\n  method: 'POST',\n  url: apiEndpoint,\n  body: userData,\n  headers: {\n    'XAPIKEY': authToken,\n    'Content-Type': 'application/json'\n  }\n}).then(response => {\n  // Assert the status code\n  expect(response.status).to.eq(200);\n  // Assert the response body\n  expect(response.body).to.have.property('personal_email', userData.personal_email);\n  expect(response.body).to.have.property('first_name', userData.first_name);\n  expect(response.body).to.have.property('last_name', userData.last_name);\n  // Wait briefly before fetching the email from Mailinator\n  cy.wait(10000); // Adjust timing as needed\n  // After successful creation, fetch the email from Mailinator\n  const mailinatorApiKey = 'c3cf21ca3af74c6e9bb2b4ddad592e5b';\n  const mailinatorInboxUrl = `https://mailinator.com/api/v2/domains/private/inboxes/reenaz+${uniqueString}`;\n  cy.request({\n    method: 'GET',\n    url: mailinatorInboxUrl,\n    headers: {\n      'Authorization': mailinatorApiKey,\n      'Content-Type': 'application/json'\n    }\n  }).then(inboxResponse => {\n    expect(inboxResponse.status).to.eq(200);\n    expect(inboxResponse.body).to.have.property('msgs').that.is.an('array');\n    cy.wait(5000); // Adjust timing as needed\n    // Find the latest email by sorting by received time (assuming 'createdAt' field exists)\n    const messages = inboxResponse.body.msgs;\n    messages.sort((a, b) => new Date(b.createdAt) - new Date(a.createdAt)); // Sort by descending 'createdAt'\n    cy.wait(5000); // Adjust timing as needed\n    // Ensure there is at least one email\n    expect(messages.length).to.be.greaterThan(0);\n    // Fetch the latest email's ID and subject\n    const latestEmail = messages[0];\n    expect(latestEmail).to.exist;\n    expect(latestEmail.subject).to.include('Welcome to Fora!');\n    // Fetch links for the specific email\n    const emailId = latestEmail.id;\n    const linksUrl = `https://mailinator.com/api/v2/domains/private/inboxes/reenaz+${uniqueString}/messages/${emailId}/links`;\n    cy.request({\n      method: 'GET',\n      url: linksUrl,\n      headers: {\n        'Authorization': mailinatorApiKey,\n        'Content-Type': 'application/json'\n      }\n    }).then(linksResponse => {\n      expect(linksResponse.status).to.eq(200);\n      expect(linksResponse.body).to.have.property('links').that.is.an('array');\n      // Assert and log the links found in the email\n      const links = linksResponse.body.links;\n      expect(links.length).to.be.greaterThan(0);\n      cy.log('Links in Email:', links.join(', '));\n      // Visit the URL using Cypress with followRedirect: false\n      const foraRegistrationLink = links.find(link => link.includes('advisor.forastaging.net/register'));\n      expect(foraRegistrationLink).to.exist; // Ensure we found a link containing the registration URL\n      cy.visit(foraRegistrationLink, {\n        followRedirect: false\n      }); // Visit the last link in the array\n      cy.fixture('Advisor_Onboarding_TS004 to TS008.json').then(function (dataJson) {\n        _Onboarding.default.Plantext1.should('be.visible');\n        _Onboarding.default.Plantext2.should('be.visible');\n        _Onboarding.default.Plantext3.should('be.visible');\n        _Onboarding.default.Plantext4.should('be.visible');\n        cy.wait(5000);\n        _Onboarding.default.subscribe.click();\n        cy.wait(5000);\n        _Onboarding.default.createaccount.should('be.visible');\n        _Onboarding.default.continue.click();\n        //Personal info section\n        _Onboarding.default.country.click();\n        _Onboarding.default.countrytext.type(dataJson.Countryname);\n        _Onboarding.default.typecountryname.click();\n        _Onboarding.default.address.type(dataJson.Address);\n        _Onboarding.default.city.type(dataJson.City);\n        _Onboarding.default.state.type(dataJson.State);\n        _Onboarding.default.zipcode.type(dataJson.Zipcodenumber);\n        _Onboarding.default.countryflag.should('be.exist');\n        _Onboarding.default.phonenumber.clear().type(dataJson.Correctnumber1);\n        _Onboarding.default.newpassword.type(dataJson.Correctpassword);\n        cy.wait(2000);\n        _Onboarding.default.confirmpassword.type(dataJson.Correctpassword);\n        cy.wait(8000);\n        _Onboarding.default.submit.click({\n          force: true\n        });\n        cy.wait(5000);\n        //Terms and policy section\n        _Onboarding.default.terms.should('be.visible');\n        _Onboarding.default.independedntagreement.should('be.visible');\n        _Onboarding.default.termscheckbox.check();\n        _Onboarding.default.policy.should('be.visible');\n        _Onboarding.default.policycheckbox.check();\n        _Onboarding.default.agreementcontinue.should('be.enabled').click();\n        cy.wait(2000);\n        //Payment section\n        cy.frameLoaded('[title=\"Secure payment input frame\"]');\n        cy.get('iframe').then($iframe => {\n          const $body = $iframe.contents().find('body');\n          cy.wrap($body).find('[placeholder=\"1234 1234 1234 1234\"]').type(dataJson.Correctcardnumber);\n          cy.wrap($body).find('[placeholder=\"MM / YY\"]').type(dataJson.Correctexpirynumber);\n          cy.wrap($body).find('[placeholder=\"CVC\"]').type(dataJson.Correctcvc);\n          cy.wrap($body).find(\"#Field-countryInput\").select('US').should('have.value', 'US');\n          cy.wrap($body).find('[placeholder=\"12345\"]').type('78645');\n        });\n        _Onboarding.default.createaccountbutton.click();\n        cy.wait(20000);\n        _Onboarding.default.startyouronboarding.click();\n        cy.wait(20000);\n        cy.url().should('include', 'https://advisor.forastaging.net/');\n        _Home.default.navbar.click();\n        _Foraprofile.default.Usersetting.click(); // click on the usersetting tab\n        _Foraprofile.default.Cancelsubscription.click(); // click on the cancel subscription link\n        _Foraprofile.default.Areyousuretext.should('be.visible');\n        _Foraprofile.default.Text1.should('be.visible');\n        _Foraprofile.default.Text2.should('be.visible');\n        _Foraprofile.default.Text3.should('be.visible');\n        _Foraprofile.default.Cancelbutton.eq(1).click({\n          force: true\n        }); // click on the cancel button in cancel subscription window\n        _Foraprofile.default.Cancelsubscription.click();\n        _Foraprofile.default.Continuetocancel.click();\n        _Foraprofile.default.Cancelsubscription.should('be.visible');\n        _Foraprofile.default.Cancelsubscriptiontext.should('be.visible');\n        _Foraprofile.default.Cancelsubscriptiontext1.should('be.visible');\n        _Foraprofile.default.Cancelsubscriptiontext2.should('be.visible');\n        _Foraprofile.default.Cancellationreason.should('be.visible');\n        _Foraprofile.default.Cancellationreasondropdown.should('be.visible');\n        _Foraprofile.default.Additionalinfo.should('be.visible');\n        _Foraprofile.default.Additionalinfotextbox.should('be.visible');\n        _Foraprofile.default.Keepaccount.should('be.visible');\n        _Foraprofile.default.Confirmcancel.should('be.visible').click();\n        _Foraprofile.default.Errormsg.should('be.visible'); // verifying the error messsage without entering data\n        _Foraprofile.default.Cancellationreasondropdown.click(); //click on the cancellationreason dropdown\n        //cancellationreason dropdown value\n        _Foraprofile.default.Dropdownoption1.should('be.visible');\n        _Foraprofile.default.Dropdownoption2.should('be.visible');\n        _Foraprofile.default.Dropdownoption3.should('be.visible');\n        _Foraprofile.default.Dropdownoption4.should('be.visible');\n        _Foraprofile.default.Dropdownoption5.should('be.visible');\n        _Foraprofile.default.Dropdownoption6.should('be.visible');\n        _Foraprofile.default.Dropdownoption7.scrollIntoView().should('be.visible');\n        _Foraprofile.default.Dropdownoption8.scrollIntoView().should('be.visible');\n        _Foraprofile.default.Dropdownoption9.scrollIntoView().should('be.visible');\n        cy.wait(2000);\n        _Foraprofile.default.Cancellationreasondropdown.click({\n          force: true\n        });\n        cy.wait(2000);\n        _Foraprofile.default.Keepaccount.should('be.visible').click(); // validating keep account button\n        _Foraprofile.default.Cancelsubscription.click();\n        _Foraprofile.default.Continuetocancel.click();\n        _Foraprofile.default.Cancellationreasondropdown.click();\n        _Foraprofile.default.Dropdownoption1.should('be.visible').click();\n        _Foraprofile.default.Additionalinfotextbox.type('Error502'); // Enter data to additional info text box \n        _Foraprofile.default.Confirmcancel.should('be.visible').click();\n        cy.wait(2000);\n        _Foraprofile.default.close.click();\n        _Foraprofile.default.Canceltextmsg.should('be.visible');\n      });\n    });\n  });\n});",
              "err": {
                "message": "SecurityError: Permission denied to access property \"toString\" on cross-origin object",
                "estack": "SecurityError: Permission denied to access property \"toString\" on cross-origin object\nat frameLoaded/</</</hasNavigated< (webpack://advisor/./node_modules/cypress-iframe/dist/index.js:97:40)\nat frameLoaded/</ (webpack://advisor/./node_modules/cypress-iframe/dist/index.js:100:0)\nat step (webpack://advisor/./node_modules/cypress-iframe/dist/index.js:43:0)\nat verb (webpack://advisor/./node_modules/cypress-iframe/dist/index.js:24:45)\nat ./node_modules/cypress-iframe/dist/index.js/__awaiter (webpack://advisor/./node_modules/cypress-iframe/dist/index.js:18:0)\nat ./node_modules/cypress-iframe/dist/index.js/__awaiter< (webpack://advisor/./node_modules/cypress-iframe/dist/index.js:14:0)\nat frameLoaded (webpack://advisor/./node_modules/cypress-iframe/dist/index.js:79:100)\nat getRet (https://advisor.forastaging.net/__cypress/runner/cypress_runner.js:119259:20)\nat tryCatcher (https://advisor.forastaging.net/__cypress/runner/cypress_runner.js:1807:23)\nat __webpack_modules__</module.exports/Promise.try (https://advisor.forastaging.net/__cypress/runner/cypress_runner.js:4315:29)\nat thenFn (https://advisor.forastaging.net/__cypress/runner/cypress_runner.js:119270:60)\nat then (https://advisor.forastaging.net/__cypress/runner/cypress_runner.js:119521:21)\nat wrapped (https://advisor.forastaging.net/__cypress/runner/cypress_runner.js:138450:19)\nat __webpack_modules__</runCommand (https://advisor.forastaging.net/__cypress/runner/cypress_runner.js:144371:15)\nat tryCatcher (https://advisor.forastaging.net/__cypress/runner/cypress_runner.js:1807:23)\nat __webpack_modules__</module.exports/Promise.prototype._settlePromiseFromHandler (https://advisor.forastaging.net/__cypress/runner/cypress_runner.js:1519:31)\nat __webpack_modules__</module.exports/Promise.prototype._settlePromise (https://advisor.forastaging.net/__cypress/runner/cypress_runner.js:1576:18)\nat __webpack_modules__</module.exports/Promise.prototype._settlePromiseCtx (https://advisor.forastaging.net/__cypress/runner/cypress_runner.js:1613:10)\nat _drainQueueStep (https://advisor.forastaging.net/__cypress/runner/cypress_runner.js:2411:12)\nat _drainQueue (https://advisor.forastaging.net/__cypress/runner/cypress_runner.js:2400:24)\nat __webpack_modules__</Async.prototype._drainQueues (https://advisor.forastaging.net/__cypress/runner/cypress_runner.js:2416:16)\nat __webpack_modules__</Async/this.drainQueues (https://advisor.forastaging.net/__cypress/runner/cypress_runner.js:2286:14)",
                "diff": null
              },
              "uuid": "f380fcb7-fe5b-4a6f-99b4-b630836d89e0",
              "parentUUID": "6201c56b-c7cd-417d-b97c-eb164eb2c6e6",
              "isHook": false,
              "skipped": false
            },
            {
              "title": "Advisor_Marketing_TC001 & TC005_To verify Fora Profile and Guides section-  ",
              "fullTitle": "Advisor_Cancel_Subscription_TS001  Advisor_Marketing_TC001 & TC005_To verify Fora Profile and Guides section-  ",
              "timedOut": null,
              "duration": 5224,
              "state": "failed",
              "speed": null,
              "pass": false,
              "fail": true,
              "pending": false,
              "context": "[\n  {\n    \"title\": \"cypress-mochawesome-reporter-videos-failed\",\n    \"value\": \"cypress\\\\e2e\\\\Advisor\\\\Advisor_Cancel subscription_TS001.cy.js\"\n  },\n  {\n    \"title\": \"cypress-mochawesome-reporter-screenshots\",\n    \"value\": [\n      [\n        \"\\\\Advisor_Cancel subscription_TS001.cy.js\\\\Advisor_Cancel_Subscription_TS001 -- Advisor_Marketing_TC001 & TC005_To verify Fora Profile and Guides section- (failed).png\"\n      ]\n    ]\n  }\n]",
              "code": "cy.on('uncaught:exception', (err, runnable) => {\n  return false;\n});\ncy.viewport(1500, 785);\n_Marketing.default.Resource.click();\ncy.wait(2000);\n_Marketing.default.Marketing.click();\ncy.wait(1000);\n_Marketing.default.Status.should('be.visible');\n_Marketing.default.Notpublished.should('be.visible');\n_Marketing.default.Createprofile.click();\n_Marketing.default.Welcometoforatravel.should('be.visible');\n_Marketing.default.Welcometoforatravelsubheader.scrollIntoView().should('be.visible');\n_Marketing.default.Fourtipsonhowtomakeprofile.scrollIntoView().click();\n_Marketing.default.InprogressProgressbar.should('be.visible');\n_Marketing.default.Progressbar.should('be.visible');\n_Marketing.default.Submitforreview.should('be.visible');\n_Marketing.default.Published.should('be.visible');\n_Marketing.default.Missingrequiredcontent.should('be.visible');\n_Marketing.default.Addprofilesectionicon.should('be.visible');\n_Marketing.default.Edityourprofilecontent.should('be.visible');\n_Marketing.default.Aboutyou.should('be.visible');\n_Marketing.default.Fullname.should('be.visible');\n_Marketing.default.Edittoadd.should('be.visible').click();\n///Marketing.Errormessage.scrollIntoView().should('be.visible')\n_Marketing.default.Cancelbutton.scrollIntoView().click();\ncy.wait(2000);\n_Marketing.default.Editicon.eq(0).click();\n_Marketing.default.Firstname.should('be.visible');\n_Marketing.default.Lastname.should('be.visible');\ncy.fixture('Advisor_Marketing_TS002.json').then(function (dataJson) {\n  _Marketing.default.Firstnamefield.type(dataJson.Firstname);\n  _Marketing.default.Lastnamefield.type(dataJson.Lastname);\n  _Marketing.default.Fullnametext.should('be.visible');\n  _Marketing.default.Fullnametext.should('be.visible');\n  //Marketing.Supportemail.click()\n  _Marketing.default.Savebutton.click();\n  cy.wait(2000);\n  ////////////////\n  _Marketing.default.Edittoadd.should('be.visible').click();\n  _Marketing.default.Pronouns.scrollIntoView().should('be.visible');\n  //Marketing.Cancelbutton.scrollIntoView().click()\n  cy.wait(2000);\n  //Marketing.Edittoadd.should('be.visible').click()\n  _Marketing.default.Chooseanoption.scrollIntoView().click();\n  _Marketing.default.Sheher.should('be.visible');\n  _Marketing.default.hehim.should('be.visible');\n  _Marketing.default.Theythem.should('be.visible');\n  _Marketing.default.other.should('be.visible');\n  _Marketing.default.shethey.should('be.visible');\n  _Marketing.default.Hethey.should('be.visible');\n  _Marketing.default.Theyshe.should('be.visible');\n  _Marketing.default.Theyhe.scrollIntoView().should('be.visible');\n  _Marketing.default.Prefernottospecify.scrollIntoView().should('be.visible');\n  _Marketing.default.Sheher.scrollIntoView().should('be.visible').click();\n  _Marketing.default.Pronountext.should('be.visible');\n  _Marketing.default.Pronounexample.should('be.visible');\n  _Marketing.default.Savebutton.click();\n  cy.wait(2000);\n  ///////////////////social linkk\n  _Marketing.default.Sociallink.scrollIntoView().should('be.visible');\n  _Marketing.default.Edittoadd.scrollIntoView().should('be.visible').click();\n  cy.wait(2000);\n  _Marketing.default.Pastallurl.scrollIntoView().should('be.visible');\n  _Marketing.default.Instagram.scrollIntoView().should('be.visible');\n  _Marketing.default.Instagramurl.scrollIntoView().type(dataJson.Instagramurl);\n  _Marketing.default.FB.scrollIntoView().should('be.visible');\n  _Marketing.default.FBurl.scrollIntoView().type(dataJson.FBurl);\n  _Marketing.default.Savebutton.click();\n  _Marketing.default.HTTerror.scrollIntoView().should('be.visible');\n  _Marketing.default.FBurl.clear().type(dataJson.FBurl1);\n  _Marketing.default.Linkedin.should('be.visible');\n  _Marketing.default.Linkedinurl.type(dataJson.Linkedinurl);\n  _Marketing.default.Pintrest.should('be.visible');\n  _Marketing.default.Pintresturl.type(dataJson.Pintresturl);\n  _Marketing.default.Twitter.should('be.visible');\n  _Marketing.default.Twitterurl.type(dataJson.Twitterurl);\n  _Marketing.default.Youtube.should('be.visible');\n  _Marketing.default.Youtubeurl.type(dataJson.Youtubeurl);\n  _Marketing.default.Tiktok.should('be.visible');\n  _Marketing.default.Tiktokurl.type(dataJson.Tiktokurl);\n  _Marketing.default.Website.should('be.visible');\n  _Marketing.default.Websiteurl.type(dataJson.Websiteurl);\n  _Marketing.default.Linkimage.should('be.visible');\n  _Marketing.default.Savebutton.scrollIntoView().click();\n  cy.wait(2000);\n  ////////////////////Language spoken\n  _Marketing.default.Languagespoken.scrollIntoView().should('be.visible');\n  _Marketing.default.Edittoadd.scrollIntoView().should('be.visible').click();\n  _Marketing.default.Whatlangyouspeak.scrollIntoView().should('be.visible');\n  _Marketing.default.Whatlangyouspeaktextbox.type(dataJson.Languagespoken);\n  cy.wait(2000);\n  _Marketing.default.Commaseparated.scrollIntoView().should('be.visible');\n  _Marketing.default.image.scrollIntoView().should('be.visible');\n  _Marketing.default.Profileex.scrollIntoView().should('be.visible');\n  _Marketing.default.Savebutton.click();\n  /////////////Basedin\n  cy.wait(2000);\n  _Marketing.default.Basedin.scrollIntoView().should('be.visible');\n  _Marketing.default.Edittoadd.scrollIntoView().should('be.visible').click();\n  ///Marketing.Errormessage.should('be.visible')\n  _Marketing.default.Whereareyoubased.scrollIntoView().should('be.visible');\n  _Marketing.default.Enterlocation.scrollIntoView().should('be.visible').type(dataJson.Whereareyoufrom);\n  _Marketing.default.image.should('be.visible');\n  _Marketing.default.Savebutton.click();\n  ////////////////Minibio\n  cy.wait(2000);\n  _Marketing.default.Minibio.scrollIntoView().should('be.visible');\n  _Marketing.default.Edittoadd.scrollIntoView().should('be.visible').click();\n  //Marketing.Errormessage.should('be.visible')\n  _Marketing.default.Describeyourselftextbox.type(dataJson.Minibio);\n  _Marketing.default.Minibiosubheader.should('be.visible');\n  _Marketing.default.minibioimage.scrollIntoView().should('be.visible');\n  _Marketing.default.Savebutton.click();\n  ////Contact form\n  cy.wait(2000);\n  _Marketing.default.Contactform.scrollIntoView().should('be.visible');\n  _Marketing.default.Enabled.scrollIntoView().should('be.visible');\n  _Marketing.default.Editicon.eq(6).scrollIntoView().should('be.visible').click();\n  _Marketing.default.Contactformtext.scrollIntoView().should('be.visible');\n  _Marketing.default.Removefromprofile.scrollIntoView().should('be.visible');\n  _Marketing.default.Removefromprofilecheckbox.click();\n  _Marketing.default.Savebutton.click();\n  _Marketing.default.Disabled.should('be.visible');\n});",
              "err": {
                "message": "AssertionError: Timed out retrying after 5000ms: Expected to find element: `//a[normalize-space()='Resources']`, but never found it.",
                "estack": "AssertionError: Timed out retrying after 5000ms: Expected to find element: `//a[normalize-space()='Resources']`, but never found it.\n    at get Resource (webpack://advisor/./cypress/support/Page Object/Advisor/Marketing.js:3:17)\n    at  (webpack://advisor/./cypress/e2e/Advisor/Advisor_Cancel subscription_TS001.cy.js:230:7)\n    at __webpack_modules__</setRunnable/runnable.fn (https://advisor.forastaging.net/__cypress/runner/cypress_runner.js:138717:43)\n    at callFn (https://advisor.forastaging.net/__cypress/runner/cypress_runner.js:157333:21)\n    at __webpack_modules__</Runnable.prototype.run (https://advisor.forastaging.net/__cypress/runner/cypress_runner.js:157320:13)\n    at __webpack_modules__</create/onRunnableRun (https://advisor.forastaging.net/__cypress/runner/cypress_runner.js:163244:30)\n    at finallyHandler (https://advisor.forastaging.net/__cypress/runner/cypress_runner.js:4072:23)\n    at tryCatcher (https://advisor.forastaging.net/__cypress/runner/cypress_runner.js:1807:23)\n    at __webpack_modules__</module.exports/Promise.prototype._settlePromiseFromHandler (https://advisor.forastaging.net/__cypress/runner/cypress_runner.js:1519:31)\n    at __webpack_modules__</module.exports/Promise.prototype._settlePromise (https://advisor.forastaging.net/__cypress/runner/cypress_runner.js:1576:18)\n    at __webpack_modules__</module.exports/Promise.prototype._settlePromise0 (https://advisor.forastaging.net/__cypress/runner/cypress_runner.js:1621:10)\n    at __webpack_modules__</module.exports/Promise.prototype._settlePromises (https://advisor.forastaging.net/__cypress/runner/cypress_runner.js:1701:18)\n    at __webpack_modules__</module.exports/Promise.prototype._fulfill (https://advisor.forastaging.net/__cypress/runner/cypress_runner.js:1645:18)\n    at __webpack_modules__</module.exports/Promise.prototype._settlePromise (https://advisor.forastaging.net/__cypress/runner/cypress_runner.js:1589:21)\n    at __webpack_modules__</module.exports/Promise.prototype._settlePromise0 (https://advisor.forastaging.net/__cypress/runner/cypress_runner.js:1621:10)\n    at __webpack_modules__</module.exports/Promise.prototype._settlePromises (https://advisor.forastaging.net/__cypress/runner/cypress_runner.js:1701:18)\n    at __webpack_modules__</module.exports/Promise.prototype._fulfill (https://advisor.forastaging.net/__cypress/runner/cypress_runner.js:1645:18)\n    at __webpack_modules__</module.exports/Promise.prototype._resolveCallback (https://advisor.forastaging.net/__cypress/runner/cypress_runner.js:1439:57)\n    at __webpack_modules__</module.exports/Promise.prototype._settlePromiseFromHandler (https://advisor.forastaging.net/__cypress/runner/cypress_runner.js:1531:17)\n    at __webpack_modules__</module.exports/Promise.prototype._settlePromise (https://advisor.forastaging.net/__cypress/runner/cypress_runner.js:1576:18)\n    at __webpack_modules__</module.exports/Promise.prototype._settlePromise0 (https://advisor.forastaging.net/__cypress/runner/cypress_runner.js:1621:10)\n    at __webpack_modules__</module.exports/Promise.prototype._settlePromises (https://advisor.forastaging.net/__cypress/runner/cypress_runner.js:1701:18)\n    at __webpack_modules__</module.exports/Promise.prototype._fulfill (https://advisor.forastaging.net/__cypress/runner/cypress_runner.js:1645:18)\n    at __webpack_modules__</module.exports/PromiseArray.prototype._resolve (https://advisor.forastaging.net/__cypress/runner/cypress_runner.js:2932:19)\n    at __webpack_modules__</module.exports/PromiseArray.prototype._promiseFulfilled (https://advisor.forastaging.net/__cypress/runner/cypress_runner.js:2950:14)\n    at __webpack_modules__</module.exports/PromiseArray.prototype._iterate (https://advisor.forastaging.net/__cypress/runner/cypress_runner.js:2920:31)\n    at init (https://advisor.forastaging.net/__cypress/runner/cypress_runner.js:2884:10)\n    at __webpack_modules__</module.exports/Promise.prototype._settlePromise (https://advisor.forastaging.net/__cypress/runner/cypress_runner.js:1573:21)\n    at __webpack_modules__</module.exports/Promise.prototype._settlePromise0 (https://advisor.forastaging.net/__cypress/runner/cypress_runner.js:1621:10)\n    at __webpack_modules__</module.exports/Promise.prototype._settlePromises (https://advisor.forastaging.net/__cypress/runner/cypress_runner.js:1701:18)\n    at __webpack_modules__</module.exports/Promise.prototype._fulfill (https://advisor.forastaging.net/__cypress/runner/cypress_runner.js:1645:18)\n    at __webpack_modules__</module.exports/PromiseArray.prototype._resolve (https://advisor.forastaging.net/__cypress/runner/cypress_runner.js:2932:19)\n    at __webpack_modules__</module.exports/PromiseArray.prototype._promiseFulfilled (https://advisor.forastaging.net/__cypress/runner/cypress_runner.js:2950:14)\n    at __webpack_modules__</module.exports/Promise.prototype._settlePromise (https://advisor.forastaging.net/__cypress/runner/cypress_runner.js:1581:26)\n    at __webpack_modules__</module.exports/Promise.prototype._settlePromise0 (https://advisor.forastaging.net/__cypress/runner/cypress_runner.js:1621:10)\n    at __webpack_modules__</module.exports/Promise.prototype._settlePromises (https://advisor.forastaging.net/__cypress/runner/cypress_runner.js:1701:18)\n    at __webpack_modules__</module.exports/Promise.prototype._fulfill (https://advisor.forastaging.net/__cypress/runner/cypress_runner.js:1645:18)\n    at __webpack_modules__</module.exports/PromiseArray.prototype._resolve (https://advisor.forastaging.net/__cypress/runner/cypress_runner.js:2932:19)\n    at __webpack_modules__</module.exports/MappingPromiseArray.prototype._promiseFulfilled (https://advisor.forastaging.net/__cypress/runner/cypress_runner.js:4987:18)\n    at __webpack_modules__</module.exports/Promise.prototype._settlePromise (https://advisor.forastaging.net/__cypress/runner/cypress_runner.js:1581:26)\n    at __webpack_modules__</module.exports/Promise.prototype._settlePromise0 (https://advisor.forastaging.net/__cypress/runner/cypress_runner.js:1621:10)\n    at __webpack_modules__</module.exports/Promise.prototype._settlePromises (https://advisor.forastaging.net/__cypress/runner/cypress_runner.js:1701:18)\n    at _drainQueueStep (https://advisor.forastaging.net/__cypress/runner/cypress_runner.js:2407:12)\n    at _drainQueue (https://advisor.forastaging.net/__cypress/runner/cypress_runner.js:2400:24)\n    at __webpack_modules__</Async.prototype._drainQueues (https://advisor.forastaging.net/__cypress/runner/cypress_runner.js:2416:16)\n    at __webpack_modules__</Async/this.drainQueues (https://advisor.forastaging.net/__cypress/runner/cypress_runner.js:2286:14)",
                "diff": null
              },
              "uuid": "07e92d2a-34c1-4df3-9272-c883a44a34c0",
              "parentUUID": "6201c56b-c7cd-417d-b97c-eb164eb2c6e6",
              "isHook": false,
              "skipped": false
            },
            {
              "title": "Advisor_Marketing ",
              "fullTitle": "Advisor_Cancel_Subscription_TS001  Advisor_Marketing ",
              "timedOut": null,
              "duration": 4221,
              "state": "failed",
              "speed": null,
              "pass": false,
              "fail": true,
              "pending": false,
              "context": "[\n  {\n    \"title\": \"cypress-mochawesome-reporter-videos-failed\",\n    \"value\": \"cypress\\\\e2e\\\\Advisor\\\\Advisor_Cancel subscription_TS001.cy.js\"\n  },\n  {\n    \"title\": \"cypress-mochawesome-reporter-screenshots\",\n    \"value\": [\n      [\n        \"\\\\Advisor_Cancel subscription_TS001.cy.js\\\\Advisor_Cancel_Subscription_TS001 -- Advisor_Marketing (failed).png\"\n      ]\n    ]\n  }\n]",
              "code": "cy.on('uncaught:exception', (err, runnable) => {\n  return false;\n});\ncy.viewport(1500, 785);\ncy.fixture('Advisor_Marketing_TS002.json').then(function (dataJson) {\n  _Marketing.default.Bussinessinformationsectionicon.scrollIntoView().should('be.visible');\n  _Marketing.default.Bussinessinformationsection.scrollIntoView().should('be.visible');\n  _Marketing.default.Nightlybookingminimum.scrollIntoView().should('be.visible');\n  _Marketing.default.Edittoadd.scrollIntoView().should('be.visible').click();\n  _Marketing.default.Nightlybookingminimumtext.scrollIntoView().should('be.visible');\n  _Marketing.default.Nightlybookingminimumtextfield.type(dataJson.budget);\n  _Marketing.default.Savebutton.click();\n  cy.wait(2000);\n  _Marketing.default.Destinationexpertise.scrollIntoView().should('be.visible');\n  cy.xpath('/html[1]/body[1]/div[1]/div[1]/div[2]/div[1]/div[1]/div[1]/div[4]/div[2]/div[2]/div[3]/div[4]/button[1]').scrollIntoView().should('be.visible').click();\n  cy.wait(2000);\n  _Marketing.default.Destinationexpertisetext.should('be.visible');\n  _Marketing.default.Destinationexpertisetext1.should('be.visible');\n  _Marketing.default.Destinationexpertiseimagetext.should('be.visible');\n  _Marketing.default.Destinationexpertiseimage.should('be.visible');\n  cy.wait(2000);\n  _Marketing.default.Destinationexpertisetextfield.type(dataJson.Place).blur();\n  cy.wait(2000);\n  _Marketing.default.Savebutton.click();\n  cy.wait(2000);\n  _Marketing.default.Traveltype.scrollIntoView().should('be.visible');\n  cy.xpath(\"(//*[name()='svg'])[54]\").scrollIntoView().should('be.visible').click();\n  _Marketing.default.Roadtrip.click();\n  _Marketing.default.Safari.click();\n  _Marketing.default.Savebutton.click();\n  cy.wait(2000);\n  _Marketing.default.Travlestyle.scrollIntoView().should('be.visible');\n  cy.get(':nth-child(5) > .flex > .text-tertiaryOld').scrollIntoView().click();\n  _Marketing.default.Travlestyle.should('be.visible');\n  _Marketing.default.Travlestyletext.should('be.visible');\n  _Marketing.default.Travelexample.should('be.visible');\n  _Marketing.default.Travlestyleimage.should('be.visible');\n  _Marketing.default.Travelstyletextfield.type(dataJson.Travelstyle);\n  _Marketing.default.Savebutton.click();\n  cy.wait(2000);\n  cy.get(':nth-child(6) > .flex > .text-tertiaryOld').click();\n  _Marketing.default.Favoritehotels.should('be.visible');\n  _Marketing.default.Pleasewrite.should('be.visible');\n  _Marketing.default.Foraprofileimage.should('be.visible');\n  _Marketing.default.Enterhotel.type(dataJson.Hoteldetails);\n  _Marketing.default.Savebutton.click();\n});",
              "err": {
                "message": "AssertionError: Timed out retrying after 4000ms: Expected to find element: `//body/div/div/div/div/div/div/div/div[2]/div[2]/div[1]//*[name()='svg']`, but never found it.",
                "estack": "AssertionError: Timed out retrying after 4000ms: Expected to find element: `//body/div/div/div/div/div/div/div/div[2]/div[2]/div[1]//*[name()='svg']`, but never found it.\n    at get Bussinessinformationsectionicon (webpack://advisor/./cypress/support/Page Object/Advisor/Marketing.js:399:14)\n    at  (webpack://advisor/./cypress/e2e/Advisor/Advisor_Cancel subscription_TS001.cy.js:367:0)\n    at getRet (https://advisor.forastaging.net/__cypress/runner/cypress_runner.js:119259:20)\n    at tryCatcher (https://advisor.forastaging.net/__cypress/runner/cypress_runner.js:1807:23)\n    at __webpack_modules__</module.exports/Promise.try (https://advisor.forastaging.net/__cypress/runner/cypress_runner.js:4315:29)\n    at thenFn (https://advisor.forastaging.net/__cypress/runner/cypress_runner.js:119270:60)\n    at then (https://advisor.forastaging.net/__cypress/runner/cypress_runner.js:119521:21)\n    at wrapped (https://advisor.forastaging.net/__cypress/runner/cypress_runner.js:138450:19)\n    at __webpack_modules__</runCommand (https://advisor.forastaging.net/__cypress/runner/cypress_runner.js:144371:15)\n    at tryCatcher (https://advisor.forastaging.net/__cypress/runner/cypress_runner.js:1807:23)\n    at __webpack_modules__</module.exports/Promise.prototype._settlePromiseFromHandler (https://advisor.forastaging.net/__cypress/runner/cypress_runner.js:1519:31)\n    at __webpack_modules__</module.exports/Promise.prototype._settlePromise (https://advisor.forastaging.net/__cypress/runner/cypress_runner.js:1576:18)\n    at __webpack_modules__</module.exports/Promise.prototype._settlePromiseCtx (https://advisor.forastaging.net/__cypress/runner/cypress_runner.js:1613:10)\n    at _drainQueueStep (https://advisor.forastaging.net/__cypress/runner/cypress_runner.js:2411:12)\n    at _drainQueue (https://advisor.forastaging.net/__cypress/runner/cypress_runner.js:2400:24)\n    at __webpack_modules__</Async.prototype._drainQueues (https://advisor.forastaging.net/__cypress/runner/cypress_runner.js:2416:16)\n    at __webpack_modules__</Async/this.drainQueues (https://advisor.forastaging.net/__cypress/runner/cypress_runner.js:2286:14)",
                "diff": null
              },
              "uuid": "1e7b9395-4827-426b-888e-f824baeeb0f0",
              "parentUUID": "6201c56b-c7cd-417d-b97c-eb164eb2c6e6",
              "isHook": false,
              "skipped": false
            },
            {
              "title": "Advisor_Marketing_TC00-To verify Fora Profile and Guides section- Image section  ",
              "fullTitle": "Advisor_Cancel_Subscription_TS001  Advisor_Marketing_TC00-To verify Fora Profile and Guides section- Image section  ",
              "timedOut": null,
              "duration": 4154,
              "state": "failed",
              "speed": null,
              "pass": false,
              "fail": true,
              "pending": false,
              "context": "[\n  {\n    \"title\": \"cypress-mochawesome-reporter-videos-failed\",\n    \"value\": \"cypress\\\\e2e\\\\Advisor\\\\Advisor_Cancel subscription_TS001.cy.js\"\n  },\n  {\n    \"title\": \"cypress-mochawesome-reporter-screenshots\",\n    \"value\": [\n      [\n        \"\\\\Advisor_Cancel subscription_TS001.cy.js\\\\Advisor_Cancel_Subscription_TS001 -- Advisor_Marketing_TC00-To verify Fora Profile and Guides section- Image section (failed).png\"\n      ]\n    ]\n  }\n]",
              "code": "cy.on('uncaught:exception', (err, runnable) => {\n  return false;\n});\ncy.viewport(1500, 785);\n_Marketing.default.Imagesheader.scrollIntoView().should('be.visible');\n// Marketing.Imagesicon.scrollIntoView().should('be.visible')\ncy.get(':nth-child(2) > .flex > .text-tertiaryOld').scrollIntoView().click();\ncy.wait(3000);\n_Marketing.default.Profilepicturetext.scrollIntoView().should('be.visible');\n_Marketing.default.Profilepicturetext1.scrollIntoView().should('be.visible');\n_Marketing.default.Profilepicturetext2.scrollIntoView().should('be.visible');\n_Marketing.default.Profilepicturetext3.scrollIntoView().should('be.visible');\n_Marketing.default.Profilepicturetext4.scrollIntoView().should('be.visible');\n_Marketing.default.Profilepictureonfora.scrollIntoView().should('be.visible');\nconst Picture1 = 'Profilepict.jpg';\ncy.get('[type=\"file\"]').attachFile(Picture1);\ncy.wait(3000);\n_Marketing.default.Savebutton.click();\ncy.wait(4000);\n/*Marketing.Orginaltravelimages.scrollIntoView().should('be.visible')\nMarketing.Edittoadd.scrollIntoView().click()\nMarketing.Orginaltraveltext.scrollIntoView().should('be.visible')\nMarketing.Orginaltraveltext1.scrollIntoView().should('be.visible')\nMarketing.Orginaltraveltext2.scrollIntoView().should('be.visible')\nMarketing.Orginaltravelimag.scrollIntoView().should('be.visible')\nconst Picture2='Profilepict.jpg'\ncy.get('[type=\"file\"]').attachFile(Picture2) \n cy.wait(3000) \n Marketing.Savebutton.click()*/\n_Marketing.default.Submitforreviewbutton.scrollIntoView().click();\ncy.wait(1000);\n_Marketing.default.Submitforreviewsuccesstext.should('be.visible');",
              "err": {
                "message": "AssertionError: Timed out retrying after 4000ms: Expected to find element: `//span[normalize-space()='Images']`, but never found it.",
                "estack": "AssertionError: Timed out retrying after 4000ms: Expected to find element: `//span[normalize-space()='Images']`, but never found it.\n    at get Imagesheader (webpack://advisor/./cypress/support/Page Object/Advisor/Marketing.js:495:14)\n    at  (webpack://advisor/./cypress/e2e/Advisor/Advisor_Cancel subscription_TS001.cy.js:424:2)\n    at __webpack_modules__</setRunnable/runnable.fn (https://advisor.forastaging.net/__cypress/runner/cypress_runner.js:138717:43)\n    at callFn (https://advisor.forastaging.net/__cypress/runner/cypress_runner.js:157333:21)\n    at __webpack_modules__</Runnable.prototype.run (https://advisor.forastaging.net/__cypress/runner/cypress_runner.js:157320:13)\n    at __webpack_modules__</create/onRunnableRun (https://advisor.forastaging.net/__cypress/runner/cypress_runner.js:163244:30)\n    at finallyHandler (https://advisor.forastaging.net/__cypress/runner/cypress_runner.js:4072:23)\n    at tryCatcher (https://advisor.forastaging.net/__cypress/runner/cypress_runner.js:1807:23)\n    at __webpack_modules__</module.exports/Promise.prototype._settlePromiseFromHandler (https://advisor.forastaging.net/__cypress/runner/cypress_runner.js:1519:31)\n    at __webpack_modules__</module.exports/Promise.prototype._settlePromise (https://advisor.forastaging.net/__cypress/runner/cypress_runner.js:1576:18)\n    at __webpack_modules__</module.exports/Promise.prototype._settlePromise0 (https://advisor.forastaging.net/__cypress/runner/cypress_runner.js:1621:10)\n    at __webpack_modules__</module.exports/Promise.prototype._settlePromises (https://advisor.forastaging.net/__cypress/runner/cypress_runner.js:1701:18)\n    at __webpack_modules__</module.exports/Promise.prototype._fulfill (https://advisor.forastaging.net/__cypress/runner/cypress_runner.js:1645:18)\n    at __webpack_modules__</module.exports/Promise.prototype._settlePromise (https://advisor.forastaging.net/__cypress/runner/cypress_runner.js:1589:21)\n    at __webpack_modules__</module.exports/Promise.prototype._settlePromise0 (https://advisor.forastaging.net/__cypress/runner/cypress_runner.js:1621:10)\n    at __webpack_modules__</module.exports/Promise.prototype._settlePromises (https://advisor.forastaging.net/__cypress/runner/cypress_runner.js:1701:18)\n    at __webpack_modules__</module.exports/Promise.prototype._fulfill (https://advisor.forastaging.net/__cypress/runner/cypress_runner.js:1645:18)\n    at __webpack_modules__</module.exports/Promise.prototype._resolveCallback (https://advisor.forastaging.net/__cypress/runner/cypress_runner.js:1439:57)\n    at __webpack_modules__</module.exports/Promise.prototype._settlePromiseFromHandler (https://advisor.forastaging.net/__cypress/runner/cypress_runner.js:1531:17)\n    at __webpack_modules__</module.exports/Promise.prototype._settlePromise (https://advisor.forastaging.net/__cypress/runner/cypress_runner.js:1576:18)\n    at __webpack_modules__</module.exports/Promise.prototype._settlePromise0 (https://advisor.forastaging.net/__cypress/runner/cypress_runner.js:1621:10)\n    at __webpack_modules__</module.exports/Promise.prototype._settlePromises (https://advisor.forastaging.net/__cypress/runner/cypress_runner.js:1701:18)\n    at __webpack_modules__</module.exports/Promise.prototype._fulfill (https://advisor.forastaging.net/__cypress/runner/cypress_runner.js:1645:18)\n    at __webpack_modules__</module.exports/PromiseArray.prototype._resolve (https://advisor.forastaging.net/__cypress/runner/cypress_runner.js:2932:19)\n    at __webpack_modules__</module.exports/PromiseArray.prototype._promiseFulfilled (https://advisor.forastaging.net/__cypress/runner/cypress_runner.js:2950:14)\n    at __webpack_modules__</module.exports/PromiseArray.prototype._iterate (https://advisor.forastaging.net/__cypress/runner/cypress_runner.js:2920:31)\n    at init (https://advisor.forastaging.net/__cypress/runner/cypress_runner.js:2884:10)\n    at __webpack_modules__</module.exports/Promise.prototype._settlePromise (https://advisor.forastaging.net/__cypress/runner/cypress_runner.js:1573:21)\n    at __webpack_modules__</module.exports/Promise.prototype._settlePromise0 (https://advisor.forastaging.net/__cypress/runner/cypress_runner.js:1621:10)\n    at __webpack_modules__</module.exports/Promise.prototype._settlePromises (https://advisor.forastaging.net/__cypress/runner/cypress_runner.js:1701:18)\n    at __webpack_modules__</module.exports/Promise.prototype._fulfill (https://advisor.forastaging.net/__cypress/runner/cypress_runner.js:1645:18)\n    at __webpack_modules__</module.exports/PromiseArray.prototype._resolve (https://advisor.forastaging.net/__cypress/runner/cypress_runner.js:2932:19)\n    at __webpack_modules__</module.exports/PromiseArray.prototype._promiseFulfilled (https://advisor.forastaging.net/__cypress/runner/cypress_runner.js:2950:14)\n    at __webpack_modules__</module.exports/Promise.prototype._settlePromise (https://advisor.forastaging.net/__cypress/runner/cypress_runner.js:1581:26)\n    at __webpack_modules__</module.exports/Promise.prototype._settlePromise0 (https://advisor.forastaging.net/__cypress/runner/cypress_runner.js:1621:10)\n    at __webpack_modules__</module.exports/Promise.prototype._settlePromises (https://advisor.forastaging.net/__cypress/runner/cypress_runner.js:1701:18)\n    at __webpack_modules__</module.exports/Promise.prototype._fulfill (https://advisor.forastaging.net/__cypress/runner/cypress_runner.js:1645:18)\n    at __webpack_modules__</module.exports/PromiseArray.prototype._resolve (https://advisor.forastaging.net/__cypress/runner/cypress_runner.js:2932:19)\n    at __webpack_modules__</module.exports/MappingPromiseArray.prototype._promiseFulfilled (https://advisor.forastaging.net/__cypress/runner/cypress_runner.js:4987:18)\n    at __webpack_modules__</module.exports/Promise.prototype._settlePromise (https://advisor.forastaging.net/__cypress/runner/cypress_runner.js:1581:26)\n    at __webpack_modules__</module.exports/Promise.prototype._settlePromise0 (https://advisor.forastaging.net/__cypress/runner/cypress_runner.js:1621:10)\n    at __webpack_modules__</module.exports/Promise.prototype._settlePromises (https://advisor.forastaging.net/__cypress/runner/cypress_runner.js:1701:18)\n    at _drainQueueStep (https://advisor.forastaging.net/__cypress/runner/cypress_runner.js:2407:12)\n    at _drainQueue (https://advisor.forastaging.net/__cypress/runner/cypress_runner.js:2400:24)\n    at __webpack_modules__</Async.prototype._drainQueues (https://advisor.forastaging.net/__cypress/runner/cypress_runner.js:2416:16)\n    at __webpack_modules__</Async/this.drainQueues (https://advisor.forastaging.net/__cypress/runner/cypress_runner.js:2286:14)",
                "diff": null
              },
              "uuid": "5c7e4491-18a6-45c9-9e41-19888665769f",
              "parentUUID": "6201c56b-c7cd-417d-b97c-eb164eb2c6e6",
              "isHook": false,
              "skipped": false
            }
          ],
          "suites": [],
          "passes": [],
          "failures": [
            "f380fcb7-fe5b-4a6f-99b4-b630836d89e0",
            "07e92d2a-34c1-4df3-9272-c883a44a34c0",
            "1e7b9395-4827-426b-888e-f824baeeb0f0",
            "5c7e4491-18a6-45c9-9e41-19888665769f"
          ],
          "pending": [],
          "skipped": [],
          "duration": 73899,
          "root": false,
          "rootEmpty": false,
          "_timeout": 2000
        }
      ],
      "passes": [],
      "failures": [],
      "pending": [],
      "skipped": [],
      "duration": 0,
      "root": true,
      "rootEmpty": true,
      "_timeout": 2000
    }
  ],
  "meta": {
    "mocha": {
      "version": "7.0.1"
    },
    "mochawesome": {
      "options": {
        "quiet": false,
        "reportFilename": "mochawesome",
        "saveHtml": false,
        "saveJson": true,
        "consoleReporter": "spec",
        "useInlineDiffs": false,
        "code": true
      },
      "version": "7.1.3"
    },
    "marge": {
      "options": {
        "overwrite": false,
        "html": false,
        "json": true
      },
      "version": "6.2.0"
    }
  }
}