{
  "stats": {
    "suites": 1,
    "tests": 6,
    "passes": 0,
    "pending": 0,
    "failures": 6,
    "start": "2024-09-18T10:10:39.909Z",
    "end": "2024-09-18T10:11:26.509Z",
    "duration": 46600,
    "testsRegistered": 6,
    "passPercent": 0,
    "pendingPercent": 0,
    "other": 0,
    "hasOther": false,
    "skipped": 0,
    "hasSkipped": false
  },
  "results": [
    {
      "uuid": "9c393aba-7588-42df-8bc4-5c798a624e6f",
      "title": "",
      "fullFile": "cypress\\e2e\\Advisor\\Advisor_Profile_TS001.cy.js",
      "file": "cypress\\e2e\\Advisor\\Advisor_Profile_TS001.cy.js",
      "beforeHooks": [],
      "afterHooks": [],
      "tests": [],
      "suites": [
        {
          "uuid": "668ecf01-76d4-49e9-89e1-6ed43414601a",
          "title": "Advisor_Profile_TS001 ",
          "fullFile": "",
          "file": "",
          "beforeHooks": [],
          "afterHooks": [],
          "tests": [
            {
              "title": "Advisor_Profile_TC001_To verify  user profile Home page",
              "fullTitle": "Advisor_Profile_TS001  Advisor_Profile_TC001_To verify  user profile Home page",
              "timedOut": null,
              "duration": 16873,
              "state": "failed",
              "speed": null,
              "pass": false,
              "fail": true,
              "pending": false,
              "context": "[\n  {\n    \"title\": \"cypress-mochawesome-reporter-videos-failed\",\n    \"value\": \"cypress\\\\e2e\\\\Advisor\\\\Advisor_Profile_TS001.cy.js\"\n  },\n  {\n    \"title\": \"cypress-mochawesome-reporter-screenshots\",\n    \"value\": [\n      [\n        \"\\\\Advisor\\\\Advisor_Profile_TS001.cy.js\\\\Advisor_Profile_TS001 -- Advisor_Profile_TC001_To verify  user profile Home page (failed).png\"\n      ]\n    ]\n  }\n]",
              "code": "cy.on('uncaught:exception', (err, runnable) => {\n  return false;\n});\n//  cy.Login1()\n//cy.viewport(390,844)\ncy.NotanadvisorLogin();\n_Home.default.navbar.click();\ncy.wait(2000);\n_Foraprofile.default.Usersetting.click();\n_Foraprofile.default.Profilename.invoke('text').then(Profilename => {\n  cy.log('Profilename:', Profilename);\n});\n_Foraprofile.default.Firaemail.should('be.visible');\n_Foraprofile.default.Firaemail1.eq(0).should('be.visible');\n_Foraprofile.default.Recoveryemail;\n_Foraprofile.default.Firaemail1.eq(1).should('be.visible');\n_Foraprofile.default.Verification.should('be.visible');\n_Foraprofile.default.Personalinfo.should('be.visible');\n_Foraprofile.default.Edit.should('be.visible');\n_Foraprofile.default.Personalinfosection.invoke('text').then(Personalinfosection => {\n  cy.log('Personalinfo:', Personalinfosection);\n});\n_Foraprofile.default.Commissionplanandcontract;\n_Foraprofile.default.Commissionplanandcontractsection.invoke('text').then(Commissionplanandcontract => {\n  cy.log('Commissionplan:', Commissionplanandcontract);\n});\n/*  Foraprofile.Previousdocuments.click()\n  Foraprofile.Previousdocuments1.invoke('text')\n  .then((Previousdocuments1) => {        \n    cy.log('Previousdocuments:',Previousdocuments1);\n  })*/\n_Foraprofile.default.Gotobillingportal.scrollIntoView().should('be.visible');\n_Foraprofile.default.Logout.should('be.visible');",
              "err": {
                "message": "AssertionError: Timed out retrying after 8000ms: Expected to find element: `[class=\"text-3xl flex items-center\"]`, but never found it.",
                "estack": "AssertionError: Timed out retrying after 8000ms: Expected to find element: `[class=\"text-3xl flex items-center\"]`, but never found it.\n    at get navbar (webpack://advisor/./cypress/support/Page Object/Advisor/Home.js:3:16)\n    at  (webpack://advisor/./cypress/e2e/Advisor/Advisor_Profile_TS001.cy.js:37:8)\n    at __webpack_modules__</setRunnable/runnable.fn (https://advisor.forastaging.net/__cypress/runner/cypress_runner.js:138717:43)\n    at callFn (https://advisor.forastaging.net/__cypress/runner/cypress_runner.js:157333:21)\n    at __webpack_modules__</Runnable.prototype.run (https://advisor.forastaging.net/__cypress/runner/cypress_runner.js:157320:13)\n    at __webpack_modules__</create/onRunnableRun (https://advisor.forastaging.net/__cypress/runner/cypress_runner.js:163244:30)\n    at finallyHandler (https://advisor.forastaging.net/__cypress/runner/cypress_runner.js:4072:23)\n    at tryCatcher (https://advisor.forastaging.net/__cypress/runner/cypress_runner.js:1807:23)\n    at __webpack_modules__</module.exports/Promise.prototype._settlePromiseFromHandler (https://advisor.forastaging.net/__cypress/runner/cypress_runner.js:1519:31)\n    at __webpack_modules__</module.exports/Promise.prototype._settlePromise (https://advisor.forastaging.net/__cypress/runner/cypress_runner.js:1576:18)\n    at __webpack_modules__</module.exports/Promise.prototype._settlePromise0 (https://advisor.forastaging.net/__cypress/runner/cypress_runner.js:1621:10)\n    at __webpack_modules__</module.exports/Promise.prototype._settlePromises (https://advisor.forastaging.net/__cypress/runner/cypress_runner.js:1701:18)\n    at _drainQueueStep (https://advisor.forastaging.net/__cypress/runner/cypress_runner.js:2407:12)\n    at _drainQueue (https://advisor.forastaging.net/__cypress/runner/cypress_runner.js:2400:24)\n    at __webpack_modules__</Async.prototype._drainQueues (https://advisor.forastaging.net/__cypress/runner/cypress_runner.js:2416:16)\n    at __webpack_modules__</Async/this.drainQueues (https://advisor.forastaging.net/__cypress/runner/cypress_runner.js:2286:14)",
                "diff": null
              },
              "uuid": "e7f35171-9d9e-46aa-9e22-176d48418716",
              "parentUUID": "668ecf01-76d4-49e9-89e1-6ed43414601a",
              "isHook": false,
              "skipped": false
            },
            {
              "title": "Advisor_Profile_TC002_To verify if user can edit profile details on google.",
              "fullTitle": "Advisor_Profile_TS001  Advisor_Profile_TC002_To verify if user can edit profile details on google.",
              "timedOut": null,
              "duration": 5297,
              "state": "failed",
              "speed": null,
              "pass": false,
              "fail": true,
              "pending": false,
              "context": "[\n  {\n    \"title\": \"cypress-mochawesome-reporter-videos-failed\",\n    \"value\": \"cypress\\\\e2e\\\\Advisor\\\\Advisor_Profile_TS001.cy.js\"\n  },\n  {\n    \"title\": \"cypress-mochawesome-reporter-screenshots\",\n    \"value\": [\n      [\n        \"\\\\Advisor\\\\Advisor_Profile_TS001.cy.js\\\\Advisor_Profile_TS001 -- Advisor_Profile_TC002_To verify if user can edit profile details on google (failed).png\"\n      ]\n    ]\n  }\n]",
              "code": "cy.on('uncaught:exception', (err, runnable) => {\n  return false;\n});\n_Foraprofile.default.Editongoogle.click();",
              "err": {
                "message": "AssertionError: Timed out retrying after 5000ms: Expected to find element: `//a[normalize-space()='Edit on Google']`, but never found it.",
                "estack": "AssertionError: Timed out retrying after 5000ms: Expected to find element: `//a[normalize-space()='Edit on Google']`, but never found it.\n    at get Editongoogle (webpack://advisor/./cypress/support/Page Object/Advisor/Foraprofile.js:54:18)\n    at  (webpack://advisor/./cypress/e2e/Advisor/Advisor_Profile_TS001.cy.js:72:8)\n    at __webpack_modules__</setRunnable/runnable.fn (https://advisor.forastaging.net/__cypress/runner/cypress_runner.js:138717:43)\n    at callFn (https://advisor.forastaging.net/__cypress/runner/cypress_runner.js:157333:21)\n    at __webpack_modules__</Runnable.prototype.run (https://advisor.forastaging.net/__cypress/runner/cypress_runner.js:157320:13)\n    at __webpack_modules__</create/onRunnableRun (https://advisor.forastaging.net/__cypress/runner/cypress_runner.js:163244:30)\n    at finallyHandler (https://advisor.forastaging.net/__cypress/runner/cypress_runner.js:4072:23)\n    at tryCatcher (https://advisor.forastaging.net/__cypress/runner/cypress_runner.js:1807:23)\n    at __webpack_modules__</module.exports/Promise.prototype._settlePromiseFromHandler (https://advisor.forastaging.net/__cypress/runner/cypress_runner.js:1519:31)\n    at __webpack_modules__</module.exports/Promise.prototype._settlePromise (https://advisor.forastaging.net/__cypress/runner/cypress_runner.js:1576:18)\n    at __webpack_modules__</module.exports/Promise.prototype._settlePromise0 (https://advisor.forastaging.net/__cypress/runner/cypress_runner.js:1621:10)\n    at __webpack_modules__</module.exports/Promise.prototype._settlePromises (https://advisor.forastaging.net/__cypress/runner/cypress_runner.js:1701:18)\n    at __webpack_modules__</module.exports/Promise.prototype._fulfill (https://advisor.forastaging.net/__cypress/runner/cypress_runner.js:1645:18)\n    at __webpack_modules__</module.exports/Promise.prototype._settlePromise (https://advisor.forastaging.net/__cypress/runner/cypress_runner.js:1589:21)\n    at __webpack_modules__</module.exports/Promise.prototype._settlePromise0 (https://advisor.forastaging.net/__cypress/runner/cypress_runner.js:1621:10)\n    at __webpack_modules__</module.exports/Promise.prototype._settlePromises (https://advisor.forastaging.net/__cypress/runner/cypress_runner.js:1701:18)\n    at __webpack_modules__</module.exports/Promise.prototype._fulfill (https://advisor.forastaging.net/__cypress/runner/cypress_runner.js:1645:18)\n    at __webpack_modules__</module.exports/Promise.prototype._resolveCallback (https://advisor.forastaging.net/__cypress/runner/cypress_runner.js:1439:57)\n    at __webpack_modules__</module.exports/Promise.prototype._settlePromiseFromHandler (https://advisor.forastaging.net/__cypress/runner/cypress_runner.js:1531:17)\n    at __webpack_modules__</module.exports/Promise.prototype._settlePromise (https://advisor.forastaging.net/__cypress/runner/cypress_runner.js:1576:18)\n    at __webpack_modules__</module.exports/Promise.prototype._settlePromise0 (https://advisor.forastaging.net/__cypress/runner/cypress_runner.js:1621:10)\n    at __webpack_modules__</module.exports/Promise.prototype._settlePromises (https://advisor.forastaging.net/__cypress/runner/cypress_runner.js:1701:18)\n    at __webpack_modules__</module.exports/Promise.prototype._fulfill (https://advisor.forastaging.net/__cypress/runner/cypress_runner.js:1645:18)\n    at __webpack_modules__</module.exports/PromiseArray.prototype._resolve (https://advisor.forastaging.net/__cypress/runner/cypress_runner.js:2932:19)\n    at __webpack_modules__</module.exports/PromiseArray.prototype._promiseFulfilled (https://advisor.forastaging.net/__cypress/runner/cypress_runner.js:2950:14)\n    at __webpack_modules__</module.exports/PromiseArray.prototype._iterate (https://advisor.forastaging.net/__cypress/runner/cypress_runner.js:2920:31)\n    at init (https://advisor.forastaging.net/__cypress/runner/cypress_runner.js:2884:10)\n    at __webpack_modules__</module.exports/Promise.prototype._settlePromise (https://advisor.forastaging.net/__cypress/runner/cypress_runner.js:1573:21)\n    at __webpack_modules__</module.exports/Promise.prototype._settlePromise0 (https://advisor.forastaging.net/__cypress/runner/cypress_runner.js:1621:10)\n    at __webpack_modules__</module.exports/Promise.prototype._settlePromises (https://advisor.forastaging.net/__cypress/runner/cypress_runner.js:1701:18)\n    at __webpack_modules__</module.exports/Promise.prototype._fulfill (https://advisor.forastaging.net/__cypress/runner/cypress_runner.js:1645:18)\n    at __webpack_modules__</module.exports/PromiseArray.prototype._resolve (https://advisor.forastaging.net/__cypress/runner/cypress_runner.js:2932:19)\n    at __webpack_modules__</module.exports/PromiseArray.prototype._promiseFulfilled (https://advisor.forastaging.net/__cypress/runner/cypress_runner.js:2950:14)\n    at __webpack_modules__</module.exports/Promise.prototype._settlePromise (https://advisor.forastaging.net/__cypress/runner/cypress_runner.js:1581:26)\n    at __webpack_modules__</module.exports/Promise.prototype._settlePromise0 (https://advisor.forastaging.net/__cypress/runner/cypress_runner.js:1621:10)\n    at __webpack_modules__</module.exports/Promise.prototype._settlePromises (https://advisor.forastaging.net/__cypress/runner/cypress_runner.js:1701:18)\n    at __webpack_modules__</module.exports/Promise.prototype._fulfill (https://advisor.forastaging.net/__cypress/runner/cypress_runner.js:1645:18)\n    at __webpack_modules__</module.exports/PromiseArray.prototype._resolve (https://advisor.forastaging.net/__cypress/runner/cypress_runner.js:2932:19)\n    at __webpack_modules__</module.exports/MappingPromiseArray.prototype._promiseFulfilled (https://advisor.forastaging.net/__cypress/runner/cypress_runner.js:4987:18)\n    at __webpack_modules__</module.exports/Promise.prototype._settlePromise (https://advisor.forastaging.net/__cypress/runner/cypress_runner.js:1581:26)\n    at __webpack_modules__</module.exports/Promise.prototype._settlePromise0 (https://advisor.forastaging.net/__cypress/runner/cypress_runner.js:1621:10)\n    at __webpack_modules__</module.exports/Promise.prototype._settlePromises (https://advisor.forastaging.net/__cypress/runner/cypress_runner.js:1701:18)\n    at _drainQueueStep (https://advisor.forastaging.net/__cypress/runner/cypress_runner.js:2407:12)\n    at _drainQueue (https://advisor.forastaging.net/__cypress/runner/cypress_runner.js:2400:24)\n    at __webpack_modules__</Async.prototype._drainQueues (https://advisor.forastaging.net/__cypress/runner/cypress_runner.js:2416:16)\n    at __webpack_modules__</Async/this.drainQueues (https://advisor.forastaging.net/__cypress/runner/cypress_runner.js:2286:14)",
                "diff": null
              },
              "uuid": "ef75b7a9-e318-4b2a-93e8-888d8bef03a2",
              "parentUUID": "668ecf01-76d4-49e9-89e1-6ed43414601a",
              "isHook": false,
              "skipped": false
            },
            {
              "title": "Advisor_Profile_TC003_To verify  if user can edit personal information",
              "fullTitle": "Advisor_Profile_TS001  Advisor_Profile_TC003_To verify  if user can edit personal information",
              "timedOut": null,
              "duration": 5147,
              "state": "failed",
              "speed": null,
              "pass": false,
              "fail": true,
              "pending": false,
              "context": "[\n  {\n    \"title\": \"cypress-mochawesome-reporter-videos-failed\",\n    \"value\": \"cypress\\\\e2e\\\\Advisor\\\\Advisor_Profile_TS001.cy.js\"\n  },\n  {\n    \"title\": \"cypress-mochawesome-reporter-screenshots\",\n    \"value\": [\n      [\n        \"\\\\Advisor\\\\Advisor_Profile_TS001.cy.js\\\\Advisor_Profile_TS001 -- Advisor_Profile_TC003_To verify  if user can edit personal information (failed).png\"\n      ]\n    ]\n  }\n]",
              "code": "cy.on('uncaught:exception', (err, runnable) => {\n  return false;\n});\n_Foraprofile.default.Edit.eq(0).click();\n_Foraprofile.default.Editpersonalinfo.should('be.visible');\n_Foraprofile.default.Address.should('be.visible');\n_Foraprofile.default.Addresssubheader.should('be.visible');\ncy.fixture('Advisor_Profile_TS001.json').then(function (dataJson) {\n  /* Foraprofile.country.eq(0).click({force:true})\n  // Foraprofile.countrytext.eq(0).type('United States of America')\n  Foraprofile.typecountryname .click()\n   cy.wait(2000)\n  Foraprofile.Savebutton.should('be.disabled')*/\n  _Foraprofile.default.Addressfield.clear().type(dataJson.Address);\n  cy.wait(1000);\n  _Foraprofile.default.City.clear().type(dataJson.City);\n  cy.wait(1000);\n  _Foraprofile.default.State.clear().type(dataJson.State);\n  cy.wait(1000);\n  _Foraprofile.default.Zipcode.clear().type(dataJson.Zipcodenumber);\n  cy.wait(1000);\n  _Foraprofile.default.Phonenumber.clear().type(dataJson.Correctnumber);\n  cy.wait(2000);\n  _Foraprofile.default.Savebutton.click();\n  _Foraprofile.default.Personalinfosection.invoke('text').then(Personalinfosection => {\n    cy.log('Personalinfo:', Personalinfosection);\n  });\n  cy.contains('yyyy');\n});",
              "err": {
                "message": "AssertionError: Timed out retrying after 5000ms: Expected to find element: `//button[normalize-space()='Edit']`, but never found it.",
                "estack": "AssertionError: Timed out retrying after 5000ms: Expected to find element: `//button[normalize-space()='Edit']`, but never found it.\n    at get Edit (webpack://advisor/./cypress/support/Page Object/Advisor/Foraprofile.js:21:18)\n    at  (webpack://advisor/./cypress/e2e/Advisor/Advisor_Profile_TS001.cy.js:78:6)\n    at __webpack_modules__</setRunnable/runnable.fn (https://advisor.forastaging.net/__cypress/runner/cypress_runner.js:138717:43)\n    at callFn (https://advisor.forastaging.net/__cypress/runner/cypress_runner.js:157333:21)\n    at __webpack_modules__</Runnable.prototype.run (https://advisor.forastaging.net/__cypress/runner/cypress_runner.js:157320:13)\n    at __webpack_modules__</create/onRunnableRun (https://advisor.forastaging.net/__cypress/runner/cypress_runner.js:163244:30)\n    at finallyHandler (https://advisor.forastaging.net/__cypress/runner/cypress_runner.js:4072:23)\n    at tryCatcher (https://advisor.forastaging.net/__cypress/runner/cypress_runner.js:1807:23)\n    at __webpack_modules__</module.exports/Promise.prototype._settlePromiseFromHandler (https://advisor.forastaging.net/__cypress/runner/cypress_runner.js:1519:31)\n    at __webpack_modules__</module.exports/Promise.prototype._settlePromise (https://advisor.forastaging.net/__cypress/runner/cypress_runner.js:1576:18)\n    at __webpack_modules__</module.exports/Promise.prototype._settlePromise0 (https://advisor.forastaging.net/__cypress/runner/cypress_runner.js:1621:10)\n    at __webpack_modules__</module.exports/Promise.prototype._settlePromises (https://advisor.forastaging.net/__cypress/runner/cypress_runner.js:1701:18)\n    at __webpack_modules__</module.exports/Promise.prototype._fulfill (https://advisor.forastaging.net/__cypress/runner/cypress_runner.js:1645:18)\n    at __webpack_modules__</module.exports/Promise.prototype._settlePromise (https://advisor.forastaging.net/__cypress/runner/cypress_runner.js:1589:21)\n    at __webpack_modules__</module.exports/Promise.prototype._settlePromise0 (https://advisor.forastaging.net/__cypress/runner/cypress_runner.js:1621:10)\n    at __webpack_modules__</module.exports/Promise.prototype._settlePromises (https://advisor.forastaging.net/__cypress/runner/cypress_runner.js:1701:18)\n    at __webpack_modules__</module.exports/Promise.prototype._fulfill (https://advisor.forastaging.net/__cypress/runner/cypress_runner.js:1645:18)\n    at __webpack_modules__</module.exports/Promise.prototype._resolveCallback (https://advisor.forastaging.net/__cypress/runner/cypress_runner.js:1439:57)\n    at __webpack_modules__</module.exports/Promise.prototype._settlePromiseFromHandler (https://advisor.forastaging.net/__cypress/runner/cypress_runner.js:1531:17)\n    at __webpack_modules__</module.exports/Promise.prototype._settlePromise (https://advisor.forastaging.net/__cypress/runner/cypress_runner.js:1576:18)\n    at __webpack_modules__</module.exports/Promise.prototype._settlePromise0 (https://advisor.forastaging.net/__cypress/runner/cypress_runner.js:1621:10)\n    at __webpack_modules__</module.exports/Promise.prototype._settlePromises (https://advisor.forastaging.net/__cypress/runner/cypress_runner.js:1701:18)\n    at __webpack_modules__</module.exports/Promise.prototype._fulfill (https://advisor.forastaging.net/__cypress/runner/cypress_runner.js:1645:18)\n    at __webpack_modules__</module.exports/PromiseArray.prototype._resolve (https://advisor.forastaging.net/__cypress/runner/cypress_runner.js:2932:19)\n    at __webpack_modules__</module.exports/PromiseArray.prototype._promiseFulfilled (https://advisor.forastaging.net/__cypress/runner/cypress_runner.js:2950:14)\n    at __webpack_modules__</module.exports/PromiseArray.prototype._iterate (https://advisor.forastaging.net/__cypress/runner/cypress_runner.js:2920:31)\n    at init (https://advisor.forastaging.net/__cypress/runner/cypress_runner.js:2884:10)\n    at __webpack_modules__</module.exports/Promise.prototype._settlePromise (https://advisor.forastaging.net/__cypress/runner/cypress_runner.js:1573:21)\n    at __webpack_modules__</module.exports/Promise.prototype._settlePromise0 (https://advisor.forastaging.net/__cypress/runner/cypress_runner.js:1621:10)\n    at __webpack_modules__</module.exports/Promise.prototype._settlePromises (https://advisor.forastaging.net/__cypress/runner/cypress_runner.js:1701:18)\n    at __webpack_modules__</module.exports/Promise.prototype._fulfill (https://advisor.forastaging.net/__cypress/runner/cypress_runner.js:1645:18)\n    at __webpack_modules__</module.exports/PromiseArray.prototype._resolve (https://advisor.forastaging.net/__cypress/runner/cypress_runner.js:2932:19)\n    at __webpack_modules__</module.exports/PromiseArray.prototype._promiseFulfilled (https://advisor.forastaging.net/__cypress/runner/cypress_runner.js:2950:14)\n    at __webpack_modules__</module.exports/Promise.prototype._settlePromise (https://advisor.forastaging.net/__cypress/runner/cypress_runner.js:1581:26)\n    at __webpack_modules__</module.exports/Promise.prototype._settlePromise0 (https://advisor.forastaging.net/__cypress/runner/cypress_runner.js:1621:10)\n    at __webpack_modules__</module.exports/Promise.prototype._settlePromises (https://advisor.forastaging.net/__cypress/runner/cypress_runner.js:1701:18)\n    at __webpack_modules__</module.exports/Promise.prototype._fulfill (https://advisor.forastaging.net/__cypress/runner/cypress_runner.js:1645:18)\n    at __webpack_modules__</module.exports/PromiseArray.prototype._resolve (https://advisor.forastaging.net/__cypress/runner/cypress_runner.js:2932:19)\n    at __webpack_modules__</module.exports/MappingPromiseArray.prototype._promiseFulfilled (https://advisor.forastaging.net/__cypress/runner/cypress_runner.js:4987:18)\n    at __webpack_modules__</module.exports/Promise.prototype._settlePromise (https://advisor.forastaging.net/__cypress/runner/cypress_runner.js:1581:26)\n    at __webpack_modules__</module.exports/Promise.prototype._settlePromise0 (https://advisor.forastaging.net/__cypress/runner/cypress_runner.js:1621:10)\n    at __webpack_modules__</module.exports/Promise.prototype._settlePromises (https://advisor.forastaging.net/__cypress/runner/cypress_runner.js:1701:18)\n    at _drainQueueStep (https://advisor.forastaging.net/__cypress/runner/cypress_runner.js:2407:12)\n    at _drainQueue (https://advisor.forastaging.net/__cypress/runner/cypress_runner.js:2400:24)\n    at __webpack_modules__</Async.prototype._drainQueues (https://advisor.forastaging.net/__cypress/runner/cypress_runner.js:2416:16)\n    at __webpack_modules__</Async/this.drainQueues (https://advisor.forastaging.net/__cypress/runner/cypress_runner.js:2286:14)",
                "diff": null
              },
              "uuid": "21134197-600a-4d41-a8ff-b4bb2068e1b2",
              "parentUUID": "668ecf01-76d4-49e9-89e1-6ed43414601a",
              "isHook": false,
              "skipped": false
            },
            {
              "title": "Advisor_Profile_TC004_To verify  if user can view aggrements",
              "fullTitle": "Advisor_Profile_TS001  Advisor_Profile_TC004_To verify  if user can view aggrements",
              "timedOut": null,
              "duration": 7196,
              "state": "failed",
              "speed": null,
              "pass": false,
              "fail": true,
              "pending": false,
              "context": "[\n  {\n    \"title\": \"cypress-mochawesome-reporter-videos-failed\",\n    \"value\": \"cypress\\\\e2e\\\\Advisor\\\\Advisor_Profile_TS001.cy.js\"\n  },\n  {\n    \"title\": \"cypress-mochawesome-reporter-screenshots\",\n    \"value\": [\n      [\n        \"\\\\Advisor\\\\Advisor_Profile_TS001.cy.js\\\\Advisor_Profile_TS001 -- Advisor_Profile_TC004_To verify  if user can view aggrements (failed).png\"\n      ]\n    ]\n  }\n]",
              "code": "cy.on('uncaught:exception', (err, runnable) => {\n  return false;\n});\nconst specificLinkSelector = 'a[href=\"https://fora-advisor-contracts.s3.us-west-2.amazonaws.com/Fora+-+Advisor+Agreement+-+Main+Agreement+and+Exhibits+2022_Portal_v1.pdf\"]';\nconst specificLinkSelector1 = 'a[href=\"https://fora-advisor-contracts.s3.us-west-2.amazonaws.com/Fora+-+Advisor+Agreement+-+Schedule+1+20230301_v1_2023Tier79.pdf\"]';\ncy.wait(2000);\n_Foraprofile.default.View.eq(0).click();\n/*cy.get(specificLinkSelector).should('have.attr', 'href').then((href) => {\n  cy.request({ url: href, failOnStatusCode: false }).then((response) => {\n    if (response.status !== 200) {\n      cy.log(`Broken link found: ${href}`);\n    }\n  });\n});*/\n_Foraprofile.default.View1.eq(1).click();\n/*cy.get(specificLinkSelector).should('have.attr', 'href').then((href) => {\n  cy.request({ url: href, failOnStatusCode: false }).then((response) => {\n    if (response.status !== 200) {\n      cy.log(`Broken link found: ${href}`);\n    }\n  });\n});*/\n//Foraprofile.view1.eq(2).click()",
              "err": {
                "message": "AssertionError: Timed out retrying after 5000ms: Expected to find content: 'View' but never did.",
                "estack": "AssertionError: Timed out retrying after 5000ms: Expected to find content: 'View' but never did.\n    at get View (webpack://advisor/./cypress/support/Page Object/Advisor/Foraprofile.js:108:18)\n    at  (webpack://advisor/./cypress/e2e/Advisor/Advisor_Profile_TS001.cy.js:119:0)\n    at __webpack_modules__</setRunnable/runnable.fn (https://advisor.forastaging.net/__cypress/runner/cypress_runner.js:138717:43)\n    at callFn (https://advisor.forastaging.net/__cypress/runner/cypress_runner.js:157333:21)\n    at __webpack_modules__</Runnable.prototype.run (https://advisor.forastaging.net/__cypress/runner/cypress_runner.js:157320:13)\n    at __webpack_modules__</create/onRunnableRun (https://advisor.forastaging.net/__cypress/runner/cypress_runner.js:163244:30)\n    at finallyHandler (https://advisor.forastaging.net/__cypress/runner/cypress_runner.js:4072:23)\n    at tryCatcher (https://advisor.forastaging.net/__cypress/runner/cypress_runner.js:1807:23)\n    at __webpack_modules__</module.exports/Promise.prototype._settlePromiseFromHandler (https://advisor.forastaging.net/__cypress/runner/cypress_runner.js:1519:31)\n    at __webpack_modules__</module.exports/Promise.prototype._settlePromise (https://advisor.forastaging.net/__cypress/runner/cypress_runner.js:1576:18)\n    at __webpack_modules__</module.exports/Promise.prototype._settlePromise0 (https://advisor.forastaging.net/__cypress/runner/cypress_runner.js:1621:10)\n    at __webpack_modules__</module.exports/Promise.prototype._settlePromises (https://advisor.forastaging.net/__cypress/runner/cypress_runner.js:1701:18)\n    at __webpack_modules__</module.exports/Promise.prototype._fulfill (https://advisor.forastaging.net/__cypress/runner/cypress_runner.js:1645:18)\n    at __webpack_modules__</module.exports/Promise.prototype._settlePromise (https://advisor.forastaging.net/__cypress/runner/cypress_runner.js:1589:21)\n    at __webpack_modules__</module.exports/Promise.prototype._settlePromise0 (https://advisor.forastaging.net/__cypress/runner/cypress_runner.js:1621:10)\n    at __webpack_modules__</module.exports/Promise.prototype._settlePromises (https://advisor.forastaging.net/__cypress/runner/cypress_runner.js:1701:18)\n    at __webpack_modules__</module.exports/Promise.prototype._fulfill (https://advisor.forastaging.net/__cypress/runner/cypress_runner.js:1645:18)\n    at __webpack_modules__</module.exports/Promise.prototype._resolveCallback (https://advisor.forastaging.net/__cypress/runner/cypress_runner.js:1439:57)\n    at __webpack_modules__</module.exports/Promise.prototype._settlePromiseFromHandler (https://advisor.forastaging.net/__cypress/runner/cypress_runner.js:1531:17)\n    at __webpack_modules__</module.exports/Promise.prototype._settlePromise (https://advisor.forastaging.net/__cypress/runner/cypress_runner.js:1576:18)\n    at __webpack_modules__</module.exports/Promise.prototype._settlePromise0 (https://advisor.forastaging.net/__cypress/runner/cypress_runner.js:1621:10)\n    at __webpack_modules__</module.exports/Promise.prototype._settlePromises (https://advisor.forastaging.net/__cypress/runner/cypress_runner.js:1701:18)\n    at __webpack_modules__</module.exports/Promise.prototype._fulfill (https://advisor.forastaging.net/__cypress/runner/cypress_runner.js:1645:18)\n    at __webpack_modules__</module.exports/PromiseArray.prototype._resolve (https://advisor.forastaging.net/__cypress/runner/cypress_runner.js:2932:19)\n    at __webpack_modules__</module.exports/PromiseArray.prototype._promiseFulfilled (https://advisor.forastaging.net/__cypress/runner/cypress_runner.js:2950:14)\n    at __webpack_modules__</module.exports/PromiseArray.prototype._iterate (https://advisor.forastaging.net/__cypress/runner/cypress_runner.js:2920:31)\n    at init (https://advisor.forastaging.net/__cypress/runner/cypress_runner.js:2884:10)\n    at __webpack_modules__</module.exports/Promise.prototype._settlePromise (https://advisor.forastaging.net/__cypress/runner/cypress_runner.js:1573:21)\n    at __webpack_modules__</module.exports/Promise.prototype._settlePromise0 (https://advisor.forastaging.net/__cypress/runner/cypress_runner.js:1621:10)\n    at __webpack_modules__</module.exports/Promise.prototype._settlePromises (https://advisor.forastaging.net/__cypress/runner/cypress_runner.js:1701:18)\n    at __webpack_modules__</module.exports/Promise.prototype._fulfill (https://advisor.forastaging.net/__cypress/runner/cypress_runner.js:1645:18)\n    at __webpack_modules__</module.exports/PromiseArray.prototype._resolve (https://advisor.forastaging.net/__cypress/runner/cypress_runner.js:2932:19)\n    at __webpack_modules__</module.exports/PromiseArray.prototype._promiseFulfilled (https://advisor.forastaging.net/__cypress/runner/cypress_runner.js:2950:14)\n    at __webpack_modules__</module.exports/Promise.prototype._settlePromise (https://advisor.forastaging.net/__cypress/runner/cypress_runner.js:1581:26)\n    at __webpack_modules__</module.exports/Promise.prototype._settlePromise0 (https://advisor.forastaging.net/__cypress/runner/cypress_runner.js:1621:10)\n    at __webpack_modules__</module.exports/Promise.prototype._settlePromises (https://advisor.forastaging.net/__cypress/runner/cypress_runner.js:1701:18)\n    at __webpack_modules__</module.exports/Promise.prototype._fulfill (https://advisor.forastaging.net/__cypress/runner/cypress_runner.js:1645:18)\n    at __webpack_modules__</module.exports/PromiseArray.prototype._resolve (https://advisor.forastaging.net/__cypress/runner/cypress_runner.js:2932:19)\n    at __webpack_modules__</module.exports/MappingPromiseArray.prototype._promiseFulfilled (https://advisor.forastaging.net/__cypress/runner/cypress_runner.js:4987:18)\n    at __webpack_modules__</module.exports/Promise.prototype._settlePromise (https://advisor.forastaging.net/__cypress/runner/cypress_runner.js:1581:26)\n    at __webpack_modules__</module.exports/Promise.prototype._settlePromise0 (https://advisor.forastaging.net/__cypress/runner/cypress_runner.js:1621:10)\n    at __webpack_modules__</module.exports/Promise.prototype._settlePromises (https://advisor.forastaging.net/__cypress/runner/cypress_runner.js:1701:18)\n    at _drainQueueStep (https://advisor.forastaging.net/__cypress/runner/cypress_runner.js:2407:12)\n    at _drainQueue (https://advisor.forastaging.net/__cypress/runner/cypress_runner.js:2400:24)\n    at __webpack_modules__</Async.prototype._drainQueues (https://advisor.forastaging.net/__cypress/runner/cypress_runner.js:2416:16)\n    at __webpack_modules__</Async/this.drainQueues (https://advisor.forastaging.net/__cypress/runner/cypress_runner.js:2286:14)",
                "diff": null
              },
              "uuid": "d7fd0fb6-3e17-4671-80ee-6201fd177068",
              "parentUUID": "668ecf01-76d4-49e9-89e1-6ed43414601a",
              "isHook": false,
              "skipped": false
            },
            {
              "title": "Advisor_Profile_TC005_To verify if user can  access billing portal",
              "fullTitle": "Advisor_Profile_TS001  Advisor_Profile_TC005_To verify if user can  access billing portal",
              "timedOut": null,
              "duration": 163,
              "state": "failed",
              "speed": null,
              "pass": false,
              "fail": true,
              "pending": false,
              "context": "[\n  {\n    \"title\": \"cypress-mochawesome-reporter-videos-failed\",\n    \"value\": \"cypress\\\\e2e\\\\Advisor\\\\Advisor_Profile_TS001.cy.js\"\n  },\n  {\n    \"title\": \"cypress-mochawesome-reporter-screenshots\",\n    \"value\": [\n      [\n        \"\\\\Advisor\\\\Advisor_Profile_TS001.cy.js\\\\Advisor_Profile_TS001 -- Advisor_Profile_TC005_To verify if user can  access billing portal (failed).png\"\n      ]\n    ]\n  }\n]",
              "code": "cy.on('uncaught:exception', (err, runnable) => {\n  return false;\n});\n_Foraprofile.default.Gotobillingportal.click({\n  force: true\n});\ncy.wait(2000);",
              "err": {
                "message": "CypressError: `cy.click()` can only be called on a single element. Your subject contained 2 elements. Pass `{ multiple: true }` if you want to serially click each element.\n\nhttps://on.cypress.io/click",
                "estack": "CypressError: `cy.click()` can only be called on a single element. Your subject contained 2 elements. Pass `{ multiple: true }` if you want to serially click each element.\n\nhttps://on.cypress.io/click\nat mouseAction (https://advisor.forastaging.net/__cypress/runner/cypress_runner.js:112454:68)\nat click (https://advisor.forastaging.net/__cypress/runner/cypress_runner.js:112621:14)\nat wrapped (https://advisor.forastaging.net/__cypress/runner/cypress_runner.js:138450:19)\nFrom Your Spec Code:\n    at  (webpack://advisor/./cypress/e2e/Advisor/Advisor_Profile_TS001.cy.js:142:32)\n    at __webpack_modules__</setRunnable/runnable.fn (https://advisor.forastaging.net/__cypress/runner/cypress_runner.js:138717:43)\n    at callFn (https://advisor.forastaging.net/__cypress/runner/cypress_runner.js:157333:21)\n    at __webpack_modules__</Runnable.prototype.run (https://advisor.forastaging.net/__cypress/runner/cypress_runner.js:157320:13)\n    at __webpack_modules__</create/onRunnableRun (https://advisor.forastaging.net/__cypress/runner/cypress_runner.js:163244:30)\n    at finallyHandler (https://advisor.forastaging.net/__cypress/runner/cypress_runner.js:4072:23)\n    at tryCatcher (https://advisor.forastaging.net/__cypress/runner/cypress_runner.js:1807:23)\n    at __webpack_modules__</module.exports/Promise.prototype._settlePromiseFromHandler (https://advisor.forastaging.net/__cypress/runner/cypress_runner.js:1519:31)\n    at __webpack_modules__</module.exports/Promise.prototype._settlePromise (https://advisor.forastaging.net/__cypress/runner/cypress_runner.js:1576:18)\n    at __webpack_modules__</module.exports/Promise.prototype._settlePromise0 (https://advisor.forastaging.net/__cypress/runner/cypress_runner.js:1621:10)\n    at __webpack_modules__</module.exports/Promise.prototype._settlePromises (https://advisor.forastaging.net/__cypress/runner/cypress_runner.js:1701:18)\n    at __webpack_modules__</module.exports/Promise.prototype._fulfill (https://advisor.forastaging.net/__cypress/runner/cypress_runner.js:1645:18)\n    at __webpack_modules__</module.exports/Promise.prototype._settlePromise (https://advisor.forastaging.net/__cypress/runner/cypress_runner.js:1589:21)\n    at __webpack_modules__</module.exports/Promise.prototype._settlePromise0 (https://advisor.forastaging.net/__cypress/runner/cypress_runner.js:1621:10)\n    at __webpack_modules__</module.exports/Promise.prototype._settlePromises (https://advisor.forastaging.net/__cypress/runner/cypress_runner.js:1701:18)\n    at __webpack_modules__</module.exports/Promise.prototype._fulfill (https://advisor.forastaging.net/__cypress/runner/cypress_runner.js:1645:18)\n    at __webpack_modules__</module.exports/Promise.prototype._resolveCallback (https://advisor.forastaging.net/__cypress/runner/cypress_runner.js:1439:57)\n    at __webpack_modules__</module.exports/Promise.prototype._settlePromiseFromHandler (https://advisor.forastaging.net/__cypress/runner/cypress_runner.js:1531:17)\n    at __webpack_modules__</module.exports/Promise.prototype._settlePromise (https://advisor.forastaging.net/__cypress/runner/cypress_runner.js:1576:18)\n    at __webpack_modules__</module.exports/Promise.prototype._settlePromise0 (https://advisor.forastaging.net/__cypress/runner/cypress_runner.js:1621:10)\n    at __webpack_modules__</module.exports/Promise.prototype._settlePromises (https://advisor.forastaging.net/__cypress/runner/cypress_runner.js:1701:18)\n    at __webpack_modules__</module.exports/Promise.prototype._fulfill (https://advisor.forastaging.net/__cypress/runner/cypress_runner.js:1645:18)\n    at __webpack_modules__</module.exports/PromiseArray.prototype._resolve (https://advisor.forastaging.net/__cypress/runner/cypress_runner.js:2932:19)\n    at __webpack_modules__</module.exports/PromiseArray.prototype._promiseFulfilled (https://advisor.forastaging.net/__cypress/runner/cypress_runner.js:2950:14)\n    at __webpack_modules__</module.exports/PromiseArray.prototype._iterate (https://advisor.forastaging.net/__cypress/runner/cypress_runner.js:2920:31)\n    at init (https://advisor.forastaging.net/__cypress/runner/cypress_runner.js:2884:10)\n    at __webpack_modules__</module.exports/Promise.prototype._settlePromise (https://advisor.forastaging.net/__cypress/runner/cypress_runner.js:1573:21)\n    at __webpack_modules__</module.exports/Promise.prototype._settlePromise0 (https://advisor.forastaging.net/__cypress/runner/cypress_runner.js:1621:10)\n    at __webpack_modules__</module.exports/Promise.prototype._settlePromises (https://advisor.forastaging.net/__cypress/runner/cypress_runner.js:1701:18)\n    at __webpack_modules__</module.exports/Promise.prototype._fulfill (https://advisor.forastaging.net/__cypress/runner/cypress_runner.js:1645:18)\n    at __webpack_modules__</module.exports/PromiseArray.prototype._resolve (https://advisor.forastaging.net/__cypress/runner/cypress_runner.js:2932:19)\n    at __webpack_modules__</module.exports/PromiseArray.prototype._promiseFulfilled (https://advisor.forastaging.net/__cypress/runner/cypress_runner.js:2950:14)\n    at __webpack_modules__</module.exports/Promise.prototype._settlePromise (https://advisor.forastaging.net/__cypress/runner/cypress_runner.js:1581:26)\n    at __webpack_modules__</module.exports/Promise.prototype._settlePromise0 (https://advisor.forastaging.net/__cypress/runner/cypress_runner.js:1621:10)\n    at __webpack_modules__</module.exports/Promise.prototype._settlePromises (https://advisor.forastaging.net/__cypress/runner/cypress_runner.js:1701:18)\n    at __webpack_modules__</module.exports/Promise.prototype._fulfill (https://advisor.forastaging.net/__cypress/runner/cypress_runner.js:1645:18)\n    at __webpack_modules__</module.exports/PromiseArray.prototype._resolve (https://advisor.forastaging.net/__cypress/runner/cypress_runner.js:2932:19)\n    at __webpack_modules__</module.exports/MappingPromiseArray.prototype._promiseFulfilled (https://advisor.forastaging.net/__cypress/runner/cypress_runner.js:4987:18)\n    at __webpack_modules__</module.exports/Promise.prototype._settlePromise (https://advisor.forastaging.net/__cypress/runner/cypress_runner.js:1581:26)\n    at __webpack_modules__</module.exports/Promise.prototype._settlePromise0 (https://advisor.forastaging.net/__cypress/runner/cypress_runner.js:1621:10)\n    at __webpack_modules__</module.exports/Promise.prototype._settlePromises (https://advisor.forastaging.net/__cypress/runner/cypress_runner.js:1701:18)\n    at _drainQueueStep (https://advisor.forastaging.net/__cypress/runner/cypress_runner.js:2407:12)\n    at _drainQueue (https://advisor.forastaging.net/__cypress/runner/cypress_runner.js:2400:24)\n    at __webpack_modules__</Async.prototype._drainQueues (https://advisor.forastaging.net/__cypress/runner/cypress_runner.js:2416:16)\n    at __webpack_modules__</Async/this.drainQueues (https://advisor.forastaging.net/__cypress/runner/cypress_runner.js:2286:14)",
                "diff": null
              },
              "uuid": "dcb0811f-2f76-49e3-9a6a-6f6ea90c74c1",
              "parentUUID": "668ecf01-76d4-49e9-89e1-6ed43414601a",
              "isHook": false,
              "skipped": false
            },
            {
              "title": "Advisor_Profile_TC006_To verify if user can logout of the portal",
              "fullTitle": "Advisor_Profile_TS001  Advisor_Profile_TC006_To verify if user can logout of the portal",
              "timedOut": null,
              "duration": 5225,
              "state": "failed",
              "speed": null,
              "pass": false,
              "fail": true,
              "pending": false,
              "context": "[\n  {\n    \"title\": \"cypress-mochawesome-reporter-videos-failed\",\n    \"value\": \"cypress\\\\e2e\\\\Advisor\\\\Advisor_Profile_TS001.cy.js\"\n  },\n  {\n    \"title\": \"cypress-mochawesome-reporter-screenshots\",\n    \"value\": [\n      [\n        \"\\\\Advisor\\\\Advisor_Profile_TS001.cy.js\\\\Advisor_Profile_TS001 -- Advisor_Profile_TC006_To verify if user can logout of the portal (failed).png\"\n      ]\n    ]\n  }\n]",
              "code": "cy.on('uncaught:exception', (err, runnable) => {\n  return false;\n});\n_Foraprofile.default.Logout.click();\ncy.wait(2000);\n//cy.url().should('include', 'https://advisor.forastaging.net/login');",
              "err": {
                "message": "AssertionError: Timed out retrying after 5000ms: Expected to find content: 'Log out of Portal' but never did.",
                "estack": "AssertionError: Timed out retrying after 5000ms: Expected to find content: 'Log out of Portal' but never did.\n    at get Logout (webpack://advisor/./cypress/support/Page Object/Advisor/Foraprofile.js:51:18)\n    at  (webpack://advisor/./cypress/e2e/Advisor/Advisor_Profile_TS001.cy.js:149:2)\n    at __webpack_modules__</setRunnable/runnable.fn (https://advisor.forastaging.net/__cypress/runner/cypress_runner.js:138717:43)\n    at callFn (https://advisor.forastaging.net/__cypress/runner/cypress_runner.js:157333:21)\n    at __webpack_modules__</Runnable.prototype.run (https://advisor.forastaging.net/__cypress/runner/cypress_runner.js:157320:13)\n    at __webpack_modules__</create/onRunnableRun (https://advisor.forastaging.net/__cypress/runner/cypress_runner.js:163244:30)\n    at finallyHandler (https://advisor.forastaging.net/__cypress/runner/cypress_runner.js:4072:23)\n    at tryCatcher (https://advisor.forastaging.net/__cypress/runner/cypress_runner.js:1807:23)\n    at __webpack_modules__</module.exports/Promise.prototype._settlePromiseFromHandler (https://advisor.forastaging.net/__cypress/runner/cypress_runner.js:1519:31)\n    at __webpack_modules__</module.exports/Promise.prototype._settlePromise (https://advisor.forastaging.net/__cypress/runner/cypress_runner.js:1576:18)\n    at __webpack_modules__</module.exports/Promise.prototype._settlePromise0 (https://advisor.forastaging.net/__cypress/runner/cypress_runner.js:1621:10)\n    at __webpack_modules__</module.exports/Promise.prototype._settlePromises (https://advisor.forastaging.net/__cypress/runner/cypress_runner.js:1701:18)\n    at __webpack_modules__</module.exports/Promise.prototype._fulfill (https://advisor.forastaging.net/__cypress/runner/cypress_runner.js:1645:18)\n    at __webpack_modules__</module.exports/Promise.prototype._settlePromise (https://advisor.forastaging.net/__cypress/runner/cypress_runner.js:1589:21)\n    at __webpack_modules__</module.exports/Promise.prototype._settlePromise0 (https://advisor.forastaging.net/__cypress/runner/cypress_runner.js:1621:10)\n    at __webpack_modules__</module.exports/Promise.prototype._settlePromises (https://advisor.forastaging.net/__cypress/runner/cypress_runner.js:1701:18)\n    at __webpack_modules__</module.exports/Promise.prototype._fulfill (https://advisor.forastaging.net/__cypress/runner/cypress_runner.js:1645:18)\n    at __webpack_modules__</module.exports/Promise.prototype._resolveCallback (https://advisor.forastaging.net/__cypress/runner/cypress_runner.js:1439:57)\n    at __webpack_modules__</module.exports/Promise.prototype._settlePromiseFromHandler (https://advisor.forastaging.net/__cypress/runner/cypress_runner.js:1531:17)\n    at __webpack_modules__</module.exports/Promise.prototype._settlePromise (https://advisor.forastaging.net/__cypress/runner/cypress_runner.js:1576:18)\n    at __webpack_modules__</module.exports/Promise.prototype._settlePromise0 (https://advisor.forastaging.net/__cypress/runner/cypress_runner.js:1621:10)\n    at __webpack_modules__</module.exports/Promise.prototype._settlePromises (https://advisor.forastaging.net/__cypress/runner/cypress_runner.js:1701:18)\n    at __webpack_modules__</module.exports/Promise.prototype._fulfill (https://advisor.forastaging.net/__cypress/runner/cypress_runner.js:1645:18)\n    at __webpack_modules__</module.exports/PromiseArray.prototype._resolve (https://advisor.forastaging.net/__cypress/runner/cypress_runner.js:2932:19)\n    at __webpack_modules__</module.exports/PromiseArray.prototype._promiseFulfilled (https://advisor.forastaging.net/__cypress/runner/cypress_runner.js:2950:14)\n    at __webpack_modules__</module.exports/PromiseArray.prototype._iterate (https://advisor.forastaging.net/__cypress/runner/cypress_runner.js:2920:31)\n    at init (https://advisor.forastaging.net/__cypress/runner/cypress_runner.js:2884:10)\n    at __webpack_modules__</module.exports/Promise.prototype._settlePromise (https://advisor.forastaging.net/__cypress/runner/cypress_runner.js:1573:21)\n    at __webpack_modules__</module.exports/Promise.prototype._settlePromise0 (https://advisor.forastaging.net/__cypress/runner/cypress_runner.js:1621:10)\n    at __webpack_modules__</module.exports/Promise.prototype._settlePromises (https://advisor.forastaging.net/__cypress/runner/cypress_runner.js:1701:18)\n    at __webpack_modules__</module.exports/Promise.prototype._fulfill (https://advisor.forastaging.net/__cypress/runner/cypress_runner.js:1645:18)\n    at __webpack_modules__</module.exports/PromiseArray.prototype._resolve (https://advisor.forastaging.net/__cypress/runner/cypress_runner.js:2932:19)\n    at __webpack_modules__</module.exports/PromiseArray.prototype._promiseFulfilled (https://advisor.forastaging.net/__cypress/runner/cypress_runner.js:2950:14)\n    at __webpack_modules__</module.exports/Promise.prototype._settlePromise (https://advisor.forastaging.net/__cypress/runner/cypress_runner.js:1581:26)\n    at __webpack_modules__</module.exports/Promise.prototype._settlePromise0 (https://advisor.forastaging.net/__cypress/runner/cypress_runner.js:1621:10)\n    at __webpack_modules__</module.exports/Promise.prototype._settlePromises (https://advisor.forastaging.net/__cypress/runner/cypress_runner.js:1701:18)\n    at __webpack_modules__</module.exports/Promise.prototype._fulfill (https://advisor.forastaging.net/__cypress/runner/cypress_runner.js:1645:18)\n    at __webpack_modules__</module.exports/PromiseArray.prototype._resolve (https://advisor.forastaging.net/__cypress/runner/cypress_runner.js:2932:19)\n    at __webpack_modules__</module.exports/MappingPromiseArray.prototype._promiseFulfilled (https://advisor.forastaging.net/__cypress/runner/cypress_runner.js:4987:18)\n    at __webpack_modules__</module.exports/Promise.prototype._settlePromise (https://advisor.forastaging.net/__cypress/runner/cypress_runner.js:1581:26)\n    at __webpack_modules__</module.exports/Promise.prototype._settlePromise0 (https://advisor.forastaging.net/__cypress/runner/cypress_runner.js:1621:10)\n    at __webpack_modules__</module.exports/Promise.prototype._settlePromises (https://advisor.forastaging.net/__cypress/runner/cypress_runner.js:1701:18)\n    at _drainQueueStep (https://advisor.forastaging.net/__cypress/runner/cypress_runner.js:2407:12)\n    at _drainQueue (https://advisor.forastaging.net/__cypress/runner/cypress_runner.js:2400:24)\n    at __webpack_modules__</Async.prototype._drainQueues (https://advisor.forastaging.net/__cypress/runner/cypress_runner.js:2416:16)\n    at __webpack_modules__</Async/this.drainQueues (https://advisor.forastaging.net/__cypress/runner/cypress_runner.js:2286:14)",
                "diff": null
              },
              "uuid": "2c38d4ed-4f17-4131-b5a5-f1a11ecc0cd3",
              "parentUUID": "668ecf01-76d4-49e9-89e1-6ed43414601a",
              "isHook": false,
              "skipped": false
            }
          ],
          "suites": [],
          "passes": [],
          "failures": [
            "e7f35171-9d9e-46aa-9e22-176d48418716",
            "ef75b7a9-e318-4b2a-93e8-888d8bef03a2",
            "21134197-600a-4d41-a8ff-b4bb2068e1b2",
            "d7fd0fb6-3e17-4671-80ee-6201fd177068",
            "dcb0811f-2f76-49e3-9a6a-6f6ea90c74c1",
            "2c38d4ed-4f17-4131-b5a5-f1a11ecc0cd3"
          ],
          "pending": [],
          "skipped": [],
          "duration": 39901,
          "root": false,
          "rootEmpty": false,
          "_timeout": 2000
        }
      ],
      "passes": [],
      "failures": [],
      "pending": [],
      "skipped": [],
      "duration": 0,
      "root": true,
      "rootEmpty": true,
      "_timeout": 2000
    }
  ],
  "meta": {
    "mocha": {
      "version": "7.0.1"
    },
    "mochawesome": {
      "options": {
        "quiet": false,
        "reportFilename": "mochawesome",
        "saveHtml": false,
        "saveJson": true,
        "consoleReporter": "spec",
        "useInlineDiffs": false,
        "code": true
      },
      "version": "7.1.3"
    },
    "marge": {
      "options": {
        "overwrite": false,
        "html": false,
        "json": true
      },
      "version": "6.2.0"
    }
  }
}