{
  "stats": {
    "suites": 1,
    "tests": 4,
    "passes": 1,
    "pending": 0,
    "failures": 3,
    "start": "2024-09-18T09:47:44.550Z",
    "end": "2024-09-18T09:49:48.294Z",
    "duration": 123744,
    "testsRegistered": 4,
    "passPercent": 25,
    "pendingPercent": 0,
    "other": 0,
    "hasOther": false,
    "skipped": 0,
    "hasSkipped": false
  },
  "results": [
    {
      "uuid": "59514980-28a9-447b-a57b-8108fd3e10c5",
      "title": "",
      "fullFile": "cypress\\e2e\\Advisor\\Advisor_Client_TS001.cy.js",
      "file": "cypress\\e2e\\Advisor\\Advisor_Client_TS001.cy.js",
      "beforeHooks": [],
      "afterHooks": [],
      "tests": [],
      "suites": [
        {
          "uuid": "81db4634-0262-4799-a34a-2c020c4d55cf",
          "title": "Advisor_Client_TS001",
          "fullFile": "",
          "file": "",
          "beforeHooks": [],
          "afterHooks": [],
          "tests": [
            {
              "title": "Advisor_client_TC001_To verify the client page",
              "fullTitle": "Advisor_Client_TS001 Advisor_client_TC001_To verify the client page",
              "timedOut": null,
              "duration": 106081,
              "state": "passed",
              "speed": "slow",
              "pass": true,
              "fail": false,
              "pending": false,
              "context": "{\n  \"title\": \"cypress-mochawesome-reporter-videos-passed\",\n  \"value\": \"cypress\\\\e2e\\\\Advisor\\\\Advisor_Client_TS001.cy.js\"\n}",
              "code": "cy.on('uncaught:exception', (err, runnable) => {\n  return false;\n});\ncy.NotanadvisorclientLogin();\n_Home.default.navbar.click();\n_Client.default.Client.click();\ncy.url().should('include', 'https://advisor.forastaging.net/clients');\n_Client.default.clientheader.should('be.visible');\n_Client.default.searchbar.should('be.visible');\n_Client.default.Addclient.should('be.visible').click();\n_Client.default.Cancelbutton.click();\nconst generateShortUniqueName = (length = 10) => {\n  const characters = 'abcdefghijklmnopqrstuvwxyzABCDEFGHIJKLMNOPQRSTUVWXYZ0123456789';\n  let result = '';\n  for (let i = 0; i < length; i++) {\n    result += characters.charAt(Math.floor(Math.random() * characters.length));\n  }\n  return result;\n};\n//cy.get('[class=\"flex md:justify-between w-full md:items-center flex-col md:flex-row p-6\"]').eq(1).click()\n_Client.default.Addclient.should('be.visible').click();\ncy.url().should('include', 'https://advisor.forastaging.net/clients?modal=add-client');\n_Client.default.AddFirstnameheader.should('be.visible');\nconst Firstname = generateShortUniqueName();\n_Client.default.Addfirstnamefield.should('be.visible').click().type(Firstname);\n_Client.default.AddLastnameheader.should('be.visible');\nconst Lastname = generateShortUniqueName();\n_Client.default.AddLastnamefield.should('be.visible').type(Lastname);\n_Client.default.Addbutton.should('be.visible').click();\ncy.wait(5000);\n/////Client.Clienticon.scrollIntoView().should('be.visible')\n//Client.Newclientname.should('be.visible')\n_Client.default.Actionbutton.should('be.visible').click();\n_Client.default.Deleteclient.should('be.visible');\n_Client.default.Actionbutton.should('be.visible').eq(0).click();\n_Client.default.Booking.should('be.visible');\n_Client.default.CommissionableValue.should('be.visible');\n_Client.default.Commission.should('be.visible');\n_Client.default.About.should('be.visible');\n_Client.default.Creditcard.should('be.visible');\n_Client.default.Loyaltyprograms.should('be.visible');\n_Client.default.Associatedtravelers.should('be.visible');\n_Client.default.Notes.should('be.visible');\n_Client.default.About.should('be.visible');\n_Client.default.Contact.should('be.visible');\n_Client.default.Contacticon.should('be.visible');\n_Client.default.Name.should('be.visible');\n///Contact field\n_Client.default.Edit.eq(0).click();\n_Client.default.CancelButton.should('be.visible').click();\n_Client.default.Edit.eq(0).click();\n_Client.default.Editing.should('be.visible');\n_Client.default.Prefix.should('be.visible');\n_Client.default.Prefixfield.click();\n_Client.default.Mrs.should('be.visible');\n_Client.default.Miss.should('be.visible');\n_Client.default.Ms.should('be.visible');\n_Client.default.Dr.should('be.visible');\n_Client.default.Ms.click();\n_Client.default.Firstname.scrollIntoView().should('be.visible');\ncy.fixture('Advisor_Client_TS001.json').then(function (dataJson) {\n  _Client.default.Firstnamefield.eq(0).should('be.visible').clear().type(dataJson.Firstname);\n  _Client.default.Middlename.scrollIntoView().should('be.visible');\n  _Client.default.Middlenamefield.scrollIntoView().should('be.visible').type(dataJson.Middlename);\n  _Client.default.Lastname.scrollIntoView().should('be.visible');\n  _Client.default.Lastnamefield.eq(2).should('be.visible').clear().type(dataJson.Lastname);\n  _Client.default.Preferrednameheader.scrollIntoView().should('be.visible');\n  _Client.default.Preferrednamefield.scrollIntoView().should('be.visible').type(dataJson.Preferedpartner);\n  _Client.default.Suffixheader.scrollIntoView().should('be.visible');\n  _Client.default.Suffixfield.scrollIntoView().should('be.visible').type(dataJson.Suffix);\n  _Client.default.Pronounsheader.scrollIntoView().should('be.visible');\n  _Client.default.Pronounsfield.scrollIntoView().should('be.visible').click();\n  _Client.default.sheorher.should('be.visible');\n  _Client.default.heorhim.should('be.visible');\n  _Client.default.Theyorthem.should('be.visible');\n  _Client.default.sheorher.should('be.visible').click();\n  _Client.default.Save.click();\n  ///Email Field\n  cy.get(':nth-child(1) > :nth-child(3) > [data-testid=\"edit-button\"]').click();\n  _Client.default.PersonalEmail.should('be.visible');\n  _Client.default.WorkEmail.should('be.visible');\n  _Client.default.OtherEmail.should('be.visible');\n  cy.wait(2000);\n  _Client.default.PersonalEmailtextfield.eq(0).click().type(dataJson.Personalemail);\n  cy.wait(2000);\n  _Client.default.Save.click();\n  _Client.default.Error.should('be.visible');\n  _Client.default.PersonalEmailtextfield.eq(0).click().clear().type(dataJson.Personalemail2);\n  _Client.default.WorkEmailtextfield.click().type(dataJson.Workemail2);\n  _Client.default.OtherEmailtextfield.click().type(dataJson.Otheremail2);\n  _Client.default.Save.click();\n  //Phone number field\n  _Client.default.Edit.eq(1).click();\n  _Client.default.Countrydropdown.eq(0).select('IN').should('have.value', 'IN');\n  _Client.default.Phonenumber.eq(0).type(dataJson.Mobilephone);\n  _Client.default.Save.click();\n  cy.wait(3000);\n  _Client.default.Edit.eq(3).click();\n  _Client.default.Addressname.should('be.visible');\n  _Client.default.Addressnamefield.type(dataJson.Addressname);\n  _Client.default.Country.type('India{enter}');\n  _Client.default.Addressfield.type(dataJson.Address);\n  _Client.default.City.type(dataJson.City);\n  _Client.default.State.type(dataJson.State);\n  _Client.default.Zipcode.type(dataJson.Zipcode);\n  _Client.default.Save.click();\n  cy.wait(2000);\n  ///Address field\n  _Client.default.Edit.eq(3).click();\n  cy.wait(3000);\n  _Client.default.Addanotheraddress.click({\n    force: true\n  });\n  _Client.default.Addanotheraddress.click({\n    force: true\n  });\n  cy.wait(5000);\n  _Client.default.Address2.scrollIntoView().should('be.visible');\n  _Client.default.Addressdelete.eq(1).scrollIntoView().click();\n  _Client.default.CancelButton.click();\n  _Client.default.Personaldetails.scrollIntoView().should('be.visible');\n  _Client.default.Personaldetailsicon.should('be.visible');\n  //Importatnt date filed\n  _Client.default.Edit.eq(4).click();\n  _Client.default.Personaldetails.should('be.visible');\n  _Client.default.Personaldetailsicon.should('be.visible');\n  _Client.default.Importantdates.should('be.visible');\n  _Client.default.Allergies.should('be.visible');\n  _Client.default.Editing.should('be.visible');\n  _Client.default.Nameofdate.should('be.visible');\n  _Client.default.dropdown.eq(0).click();\n  cy.get('[role=\"listbox\"]').should('be.visible');\n  _Client.default.April.click();\n  cy.wait(2000);\n  _Client.default.dropdown.eq(1).click();\n  cy.wait(2000);\n  cy.get('[role=\"listbox\"]').should('be.visible');\n  _Client.default.Year.click();\n  cy.wait(2000);\n  _Client.default.Datedropdown.scrollIntoView().click();\n  cy.wait(2000);\n  _Client.default.dateofbirthdate.click();\n  _Client.default.Save.click();\n  cy.wait(2000);\n  //Client.Saveddate.should('be.visible')\n  cy.wait(2000);\n  _Client.default.Edit.eq(4).click();\n  _Client.default.anotherdate.click();\n  _Client.default.deletebutton.click();\n  cy.wait(1000);\n  _Client.default.anotherdate.click();\n  _Client.default.Nameofdatefield.type(dataJson.Nameofdatefield);\n  _Client.default.dropdown.eq(4).click();\n  _Client.default.May.click();\n  cy.wait(2000);\n  _Client.default.dropdown.eq(3).click();\n  cy.wait(2000);\n  _Client.default.May.click();\n  cy.wait(2000);\n  _Client.default.Yeardropdown.click();\n  cy.wait(2000);\n  _Client.default.Year1.click();\n  cy.wait(1000);\n  //Client.Save.click()\n  _Client.default.CancelButton.click();\n  ///Allergies filed\n  _Client.default.Edit.eq(5).click();\n  _Client.default.Allergies.should('be.visible');\n  _Client.default.dropdown.eq(0).click();\n  cy.get('[role=\"listbox\"]').should('be.visible');\n  _Client.default.TreeNuts.click();\n  cy.wait(1000);\n  _Client.default.dropdown.eq(0).click();\n  cy.wait(1000);\n  _Client.default.Vegan.click();\n  _Client.default.deletebutton1.click();\n  _Client.default.Addcustomoption.should('be.visible');\n  cy.get('.shadow-0').type('chocholate');\n  _Client.default.Save.click();\n  ////Flight Info field\n  _Client.default.Flightinfo.scrollIntoView().should('be.visible');\n  _Client.default.Flightinfoicon.scrollIntoView().should('be.visible');\n  _Client.default.Flightinfo.should('be.visible');\n  _Client.default.Readytag.should('be.visible');\n  _Client.default.Edit.eq(5).click();\n  _Client.default.Wraningmsg.should('be.visible');\n  _Client.default.Legalname.should('be.visible');\n  _Client.default.Legalnameedit.eq(0).click();\n  cy.wait(2000);\n  _Client.default.Legalnameeditfield.eq(0).clear().type(dataJson.Legalnameeditfield);\n  _Client.default.Legalnameeditfield.eq(1).clear().type(dataJson.Legalnameeditfield1);\n  _Client.default.Legalnameeditfield.eq(2).clear().type(dataJson.Legalnameeditfield2);\n  _Client.default.Legalnameeditfield.eq(3).clear().type(dataJson.Legalnameeditfield3);\n  _Client.default.Confirmmsg.should('be.visible');\n  _Client.default.Confirmcheckbox.click();\n  _Client.default.Legalbirthday.should('be.visible');\n  cy.get('.flex-col > .gap-x-4 > .link-button').click();\n  _Client.default.Legaldateofbirthdate.eq(0).click();\n  cy.get('[role=\"listbox\"]').should('be.visible');\n  _Client.default.May.click();\n  cy.wait(2000);\n  _Client.default.Legaldateofbirthdate.eq(1).click();\n  cy.wait(2000);\n  cy.get('[role=\"listbox\"]').should('be.visible');\n  _Client.default.dateofbirthdate1.click();\n  cy.wait(2000);\n  _Client.default.Legaldateofbirthdate.eq(2).click();\n  cy.wait(2000);\n  _Client.default.Year1.click();\n  _Client.default.Confirmcheckbox1.click();\n  _Client.default.Sex.should('be.visible');\n  _Client.default.Sexlabel.should('be.visible');\n  _Client.default.dropdown.eq(0).click();\n  cy.get('[role=\"listbox\"]').should('be.visible');\n  _Client.default.Female.click();\n  _Client.default.Phone.should('be.visible');\n  cy.get('.link-button').click();\n  _Client.default.Phonenumber.eq(0).clear().type(dataJson.Phonenumber);\n  _Client.default.Save.click();\n  _Client.default.Readytaggreen.should('be.visible');\n  _Client.default.Edit.eq(4).click();\n  _Client.default.Lockedmsg.should('be.visible');\n  _Client.default.CancelButton.click();\n  _Client.default.Edit.eq(2).click();\n  _Client.default.Lockedmsg.should('be.visible');\n  _Client.default.CancelButton.click();\n  _Client.default.KTN.scrollIntoView().should('be.visible');\n  _Client.default.Edit.eq(7).click();\n  _Client.default.KTNEditing.should('be.visible');\n  _Client.default.KTNlabel.should('be.visible');\n  _Client.default.CancelButton.click();\n  _Client.default.Edit.eq(7).click();\n  _Client.default.KTNtextbox.type(dataJson.KTN);\n  _Client.default.Save.click();\n});",
              "err": {},
              "uuid": "6aa1d8e5-4cc4-427c-b539-81018a015157",
              "parentUUID": "81db4634-0262-4799-a34a-2c020c4d55cf",
              "isHook": false,
              "skipped": false
            },
            {
              "title": "Advisor_client_TC002_To verify the Credit card section",
              "fullTitle": "Advisor_Client_TS001 Advisor_client_TC002_To verify the Credit card section",
              "timedOut": null,
              "duration": 3302,
              "state": "failed",
              "speed": null,
              "pass": false,
              "fail": true,
              "pending": false,
              "context": "[\n  {\n    \"title\": \"cypress-mochawesome-reporter-videos-failed\",\n    \"value\": \"cypress\\\\e2e\\\\Advisor\\\\Advisor_Client_TS001.cy.js\"\n  },\n  {\n    \"title\": \"cypress-mochawesome-reporter-screenshots\",\n    \"value\": [\n      [\n        \"\\\\Advisor\\\\Advisor_Client_TS001.cy.js\\\\Advisor_Client_TS001 -- Advisor_client_TC002_To verify the Credit card section (failed).png\"\n      ]\n    ]\n  }\n]",
              "code": "cy.on('uncaught:exception', (err, runnable) => {\n  return false;\n});\n_Client.default.Creditcard.scrollIntoView().should('be.visible');\n_Client.default.Creditcard.scrollIntoView().should('be.visible').click();\n_Client.default.Cardicon.should('be.visible');\n_Client.default.CreditCardtext.should('be.visible');\n_Client.default.CreditCardtext1.should('be.visible');\n_Client.default.CreditCardtext2.should('be.visible');\n_Client.default.Addcardbutton.should('be.visible').click();\n_Client.default.Addcardtext.should('be.visible');\n_Client.default.Addcardtext1.should('be.visible');\n_Client.default.Addcardtext2.should('be.visible');\n_Client.default.Addcardtext3.should('be.visible');\n_Client.default.Link.should('be.visible');\n_Client.default.Copylink.should('be.visible').click();\n_Client.default.Copied.should('be.visible');\n_Client.default.Entermanually.should('be.visible');\n_Client.default.Closecard.should('be.visible').click();\n_Client.default.Addcardbutton.scrollIntoView().should('be.visible').click();\n_Client.default.Entermanually.should('be.visible').click();\ncy.frameLoaded('[id=\"tx_iframe_card-tokenex-element\"]');\ncy.get('iframe').then($iframe => {\n  cy.wait(8000);\n  const $body = $iframe.contents().find('body');\n  cy.xpath(\"//span[normalize-space()='Card information']\").should('be.visible');\n  cy.xpath(\"//label[normalize-space()='Cardholder name']\").should('be.visible');\n  cy.wait(5000);\n  cy.wrap($body).find('[placeholder=\"0000 0000 0000 0000\"]').scrollIntoView().click({\n    force: true\n  });\n  cy.wait(2000);\n  cy.get('#expiringDate').scrollIntoView().click();\n  cy.wait(3000);\n  //cy.contains('Card number is required.').should('be.visible');\n  cy.wait(2000);\n  cy.wrap($body).find('[placeholder=\"0000 0000 0000 0000\"]').type('4242424242424242');\n  cy.get('#expiringDate').click();\n  cy.wait(1000);\n  cy.wrap($body).find('[placeholder=\"0000 0000 0000 0000\"]').click();\n  cy.wait(1000);\n  // cy.contains('Expiring date is required.').should('be.visible');\n  cy.get('#expiringDate').click().type('04/25');\n  cy.wait(2000);\n  cy.wrap($body).find('[placeholder=\"CVC\"]').click();\n  cy.wrap($body).find('[placeholder=\"0000 0000 0000 0000\"]').click();\n  //  cy.contains('CVC is required.').should('be.visible');\n  cy.wrap($body).find('[placeholder=\"CVC\"]').click().type('123');\n  cy.xpath(\"//input[@id='cardHolder']\").should('be.visible').click();\n  cy.xpath(\"//input[@id='nickname']\").click();\n  cy.contains('This field is required.').scrollIntoView().should('be.visible');\n  cy.xpath(\"//label[normalize-space()='Card label (optional)']\").should('be.visible');\n  cy.xpath(\"//label[normalize-space()='Country or region']\").should('be.visible');\n  cy.xpath(\"//label[normalize-space()='Apt number, suite, floor, etc.']\").should('be.visible');\n  cy.xpath(\"//label[normalize-space()='City']\").should('be.visible');\n  cy.xpath(\"//label[normalize-space()='State']\").should('be.visible');\n  cy.xpath(\"//label[normalize-space()='Zip code (postcode)']\").should('be.visible');\n  cy.xpath(\"//input[@id='cardHolder']\").type('New card');\n  cy.get('[class=\" css-19bb58m\"]').type('United states of America{enter}', {\n    timeout: 2000\n  });\n  cy.xpath(\"//input[@id='address']\").should('be.visible').type('New york');\n  cy.xpath(\"//input[@id='address_additional']\").type('Street 22');\n  cy.xpath(\"//input[@id='city']\").type('New york city');\n  cy.xpath(\"//input[@id='state']\").type('Houston');\n  cy.xpath(\"//input[@id='postal_code']\").type('569874');\n  cy.get('#btnSubmit').click();\n  cy.xpath(\"//div[normalize-space()='Successfully added credit card']\").should('be.visible');\n  cy.xpath(\"//div[contains(text(),'Your card is securely added to the credit card sec')]\").should('be.visible');\n  cy.xpath(\"//button[normalize-space()='Got it']\").should('be.visible').click();\n});\n//  Client.Creditcard.scrollIntoView().should('be.visible').click()\n_Client.default.Visaimg.should('be.visible');\n_Client.default.cardcount.should('be.visible');\n_Client.default.Createdcard.should('be.visible');\n_Client.default.addcardnew.should('be.visible').click();\n_Client.default.Addcardtext.should('be.visible');\n_Client.default.Addcardcancelicon.click();\n_Client.default.addcardnew.should('be.visible').click();\n_Client.default.Entermanually.should('be.visible').click();\ncy.wait(2000);\ncy.frameLoaded('[id=\"tx_iframe_card-tokenex-element\"]');\ncy.get('iframe').then($iframe => {\n  cy.wait(5000);\n  const $body = $iframe.contents().find('body');\n  cy.xpath(\"//span[normalize-space()='Card information']\").should('be.visible');\n  cy.xpath(\"//label[normalize-space()='Cardholder name']\").should('be.visible');\n  cy.wait(2000);\n  cy.wrap($body).find('[placeholder=\"0000 0000 0000 0000\"]').scrollIntoView().click();\n  cy.wait(2000);\n  cy.get('#expiringDate').scrollIntoView().click();\n  cy.wait(2000);\n  cy.wrap($body).find('[placeholder=\"0000 0000 0000 0000\"]').type('4242424242424242');\n  cy.get('#expiringDate').click();\n  cy.wait(1000);\n  cy.wrap($body).find('[placeholder=\"0000 0000 0000 0000\"]').click();\n  cy.wait(1000);\n  //cy.contains('Expiring date is required.').should('be.visible')\n  cy.get('#expiringDate').click().type('04/25');\n  cy.wait(2000);\n  cy.wrap($body).find('[placeholder=\"CVC\"]').scrollIntoView().click();\n  cy.wait(2000);\n  cy.wrap($body).find('[placeholder=\"0000 0000 0000 0000\"]').click();\n  //cy.contains('CVC is required.').should('be.visible')\n  cy.wrap($body).find('[placeholder=\"CVC\"]').click();\n  cy.wrap($body).find('[placeholder=\"CVC\"]').type('123');\n  cy.xpath(\"//input[@id='cardHolder']\").should('be.visible').click();\n  cy.xpath(\"//input[@id='nickname']\").click();\n  cy.contains('This field is required.').scrollIntoView().should('be.visible');\n  cy.xpath(\"//label[normalize-space()='Card label (optional)']\").should('be.visible');\n  cy.xpath(\"//label[normalize-space()='Country or region']\").should('be.visible');\n  cy.xpath(\"//label[normalize-space()='Apt number, suite, floor, etc.']\").should('be.visible');\n  cy.xpath(\"//label[normalize-space()='City']\").should('be.visible');\n  cy.xpath(\"//label[normalize-space()='State']\").should('be.visible');\n  cy.xpath(\"//label[normalize-space()='Zip code (postcode)']\").should('be.visible');\n  cy.xpath(\"//input[@id='cardHolder']\").type('New card');\n  cy.get('[class=\" css-19bb58m\"]').type('United states of America{enter}', {\n    timeout: 2000\n  });\n  cy.xpath(\"//input[@id='address']\").should('be.visible').type('New york');\n  cy.xpath(\"//input[@id='address_additional']\").type('Street 22');\n  cy.xpath(\"//input[@id='city']\").type('New york city');\n  cy.xpath(\"//input[@id='state']\").type('Houston');\n  cy.xpath(\"//input[@id='postal_code']\").type('569874');\n  cy.get('#btnSubmit').click();\n  cy.xpath(\"//div[normalize-space()='Successfully added credit card']\").should('be.visible');\n  cy.xpath(\"//div[contains(text(),'Your card is securely added to the credit card sec')]\").should('be.visible');\n  cy.xpath(\"//button[normalize-space()='Got it']\").should('be.visible').click();\n});\n//Client.Creditcard.scrollIntoView().should('be.visible').click()\ncy.wait(2000);\n_Client.default.Createdcard.should('be.visible').eq(0).click();\ncy.wait(5000);\n_Client.default.Creditcarddetails.should('be.visible');\n_Client.default.Creditcarddetailstext.should('be.visible');\n_Client.default.Visaimg.should('be.visible');\n_Client.default.Cardnumber.should('be.visible');\n_Client.default.Cradholdername.should('be.visible');\n_Client.default.Expdate.should('be.visible');\n_Client.default.CCV.should('be.visible');\n_Client.default.Billingaddress.should('be.visible');\n_Client.default.Cardaddedon.should('be.visible');\n_Client.default.Deletecard.should('be.visible');\n_Client.default.Editcard.should('be.visible');\n_Client.default.Cancelcard.should('be.visible');\n_Client.default.Editcard.click();\ncy.wait(5000);\ncy.frameLoaded('[id=\"tx_iframe_card-tokenex-element\"]');\ncy.get('iframe').then($iframe => {\n  cy.wait(5000);\n  const $body = $iframe.contents().find('body');\n  cy.xpath(\"//input[@id='cardHolder']\").clear().type('New edited card');\n  cy.get('#btnSubmit').click();\n  cy.xpath(\"//div[normalize-space()='Successfully updated credit card']\").should('be.visible');\n  cy.xpath(\"//button[normalize-space()='Got it']\").should('be.visible').click();\n  cy.wait(2000);\n  cy.contains('New edited card').should('be.visible');\n  _Client.default.Createdcard.should('be.visible').eq(0).click();\n  _Client.default.Deletecard.should('be.visible').click();\n  _Client.default.Deletecardtext.should('be.visible');\n  _Client.default.Banner.should('be.visible');\n  _Client.default.Deletecardtext1.should('be.visible');\n  _Client.default.Deletecardtext2.should('be.visible');\n  _Client.default.Deletecardtext3.should('be.visible');\n  _Client.default.Deletecardtext4.should('be.visible');\n  _Client.default.CardDeletebutton.should('be.visible');\n  _Client.default.Deletecancel.should('be.visible').click();\n  _Client.default.Createdcard.should('be.visible').eq(0).click();\n  _Client.default.Deletecard.should('be.visible').click();\n  _Client.default.CardDeletebutton.should('be.visible').click();\n  cy.wait(2000);\n  _Client.default.Createdcard.should('be.visible').eq(0).click();\n  _Client.default.Cancelcard.should('be.visible').click();\n});",
              "err": {
                "message": "SecurityError: Permission denied to access property \"toString\" on cross-origin object",
                "estack": "SecurityError: Permission denied to access property \"toString\" on cross-origin object\nat frameLoaded/</</</hasNavigated< (webpack://advisor/./node_modules/cypress-iframe/dist/index.js:97:40)\nat frameLoaded/</ (webpack://advisor/./node_modules/cypress-iframe/dist/index.js:100:0)\nat step (webpack://advisor/./node_modules/cypress-iframe/dist/index.js:43:0)\nat verb (webpack://advisor/./node_modules/cypress-iframe/dist/index.js:24:45)\nat fulfilled (webpack://advisor/./node_modules/cypress-iframe/dist/index.js:15:42)",
                "diff": null
              },
              "uuid": "31303194-0939-4e0a-90d9-fec2535731e2",
              "parentUUID": "81db4634-0262-4799-a34a-2c020c4d55cf",
              "isHook": false,
              "skipped": false
            },
            {
              "title": "Advisor_client_TC003_To verify the Associated Travellers",
              "fullTitle": "Advisor_Client_TS001 Advisor_client_TC003_To verify the Associated Travellers",
              "timedOut": null,
              "duration": 6307,
              "state": "failed",
              "speed": null,
              "pass": false,
              "fail": true,
              "pending": false,
              "context": "[\n  {\n    \"title\": \"cypress-mochawesome-reporter-videos-failed\",\n    \"value\": \"cypress\\\\e2e\\\\Advisor\\\\Advisor_Client_TS001.cy.js\"\n  },\n  {\n    \"title\": \"cypress-mochawesome-reporter-screenshots\",\n    \"value\": [\n      [\n        \"\\\\Advisor\\\\Advisor_Client_TS001.cy.js\\\\Advisor_Client_TS001 -- Advisor_client_TC003_To verify the Associated Travellers (failed).png\"\n      ]\n    ]\n  }\n]",
              "code": "cy.on('uncaught:exception', (err, runnable) => {\n  return false;\n});\ncy.wait(2000);\n_Client.default.Associatedtravelers.scrollIntoView().should('be.visible').click();\n_Client.default.Associatedtravelerstext.scrollIntoView().should('be.visible');\n_Client.default.Associatedtravelerstext1.scrollIntoView().should('be.visible');\ncy.wait(2000);\n_Client.default.Addtraveler.should('be.visible').click();\ncy.wait(2000);\n_Client.default.AddtravelerCancel.click();\n_Client.default.Addtraveler.should('be.visible').click();\nconst generateShortUniqueName = (length = 10) => {\n  const characters = 'abcdefghijklmnopqrstuvwxyzABCDEFGHIJKLMNOPQRSTUVWXYZ0123456789';\n  let result = '';\n  for (let i = 0; i < length; i++) {\n    result += characters.charAt(Math.floor(Math.random() * characters.length));\n  }\n  return result;\n};\n_Client.default.Addtravelerheader.should('be.visible');\n_Client.default.Addtravelerheadersubheading.should('be.visible');\n_Client.default.Addtravelerfirstname.should('be.visible');\nconst Firstname1 = generateShortUniqueName();\n_Client.default.AddLastnameheader.should('be.visible');\nconst Lastname1 = generateShortUniqueName();\n_Client.default.Addtravelerfirstnamefield.type(Firstname1);\n_Client.default.AddLastnamefield.should('be.visible');\n_Client.default.Addtravelerlastnamefield.type(Lastname1);\n_Client.default.Realtionshiptoclient.should('be.visible');\n_Client.default.Realtionshiptoclientdropdown.click();\ncy.get('[role=\"listbox\"]').should('be.visible');\n_Client.default.Friend.click();\ncy.wait(2000);\n_Client.default.AddtravelerAdd.click();\ncy.wait(5000);\n_Client.default.Booking.should('be.visible');\n_Client.default.CommissionableValue.should('be.visible');\n_Client.default.Commission.should('be.visible');\n_Client.default.About.should('be.visible');\n_Client.default.Creditcard.should('be.visible');\n_Client.default.Loyaltyprograms.should('be.visible');\n_Client.default.Associatedtravelers.should('be.visible');\n_Client.default.Notes.should('be.visible');\n_Client.default.Edit.eq(0).click();\n_Client.default.Editing.should('be.visible');\n_Client.default.Prefix.should('be.visible');\n_Client.default.Prefixfield.click();\n_Client.default.Mrs.should('be.visible');\n_Client.default.Miss.should('be.visible');\n_Client.default.Ms.should('be.visible');\n_Client.default.Dr.should('be.visible');\ncy.wait(2000);\n_Client.default.Ms.click();\ncy.fixture('Advisor_Client_TS001.json').then(function (dataJson) {\n  _Client.default.Firstname.scrollIntoView().should('be.visible');\n  _Client.default.Firstnamefield.eq(0).should('be.visible').clear().type(dataJson.Firstname);\n  _Client.default.Middlename.scrollIntoView().should('be.visible');\n  _Client.default.Lastname.scrollIntoView().should('be.visible');\n  _Client.default.Lastnamefield.eq(2).should('be.visible').clear().type(dataJson.Lastname);\n  _Client.default.Preferrednameheader.scrollIntoView().should('be.visible');\n  cy.get(':nth-child(5) > .shadow-0').scrollIntoView().should('be.visible').type(dataJson.Lastname2);\n  _Client.default.Suffixheader.scrollIntoView().should('be.visible');\n  _Client.default.Suffixfield.scrollIntoView().should('be.visible').type('abc');\n  _Client.default.Pronounsheader.scrollIntoView().should('be.visible');\n  _Client.default.Pronounsfield.scrollIntoView().should('be.visible').click();\n  _Client.default.sheorher.should('be.visible');\n  _Client.default.heorhim.should('be.visible');\n  _Client.default.Theyorthem.should('be.visible');\n  _Client.default.sheorher.should('be.visible').click();\n  _Client.default.Save.click();\n  cy.get(':nth-child(1) > :nth-child(3) > [data-testid=\"edit-button\"]').click();\n  _Client.default.PersonalEmail.should('be.visible');\n  _Client.default.WorkEmail.should('be.visible');\n  _Client.default.OtherEmail.should('be.visible');\n  cy.wait(2000);\n  cy.get('.py-6 > .flex > :nth-child(1) > .shadow-0').click().type(dataJson.Personalemail);\n  cy.wait(2000);\n  _Client.default.Save.click();\n  cy.wait(2000);\n  _Client.default.Error.should('be.visible');\n  _Client.default.PersonalEmailtextfield.eq(0).click().clear().type(dataJson.Personalemail2);\n  _Client.default.WorkEmailtextfield.click().type(dataJson.Personalemail2);\n  _Client.default.OtherEmailtextfield.click().type(dataJson.Personalemail2);\n  cy.wait(2000);\n  _Client.default.Save.click();\n  cy.wait(2000);\n  //Phone number field\n  _Client.default.Edit.eq(2).click();\n  _Client.default.Countrydropdown.eq(0).select('IN').should('have.value', 'IN');\n  _Client.default.Phonenumber.eq(0).type(dataJson.Mobilephone);\n  _Client.default.Save.click();\n  cy.wait(2000);\n  _Client.default.Edit.eq(3).click();\n  _Client.default.Addressname.should('be.visible');\n  _Client.default.Addressnamefield.type(dataJson.Addressname);\n  _Client.default.Country.type('India{enter}');\n  _Client.default.Addressfield.type(dataJson.Addressname);\n  _Client.default.City.type(dataJson.City);\n  _Client.default.State.type(dataJson.State);\n  _Client.default.Zipcode.type(dataJson.Zipcode);\n  _Client.default.Save.click();\n  cy.wait(2000);\n  ///Address field\n  _Client.default.Edit.eq(3).click();\n  cy.wait(2000);\n  _Client.default.Addanotheraddress.click();\n  _Client.default.Address2.scrollIntoView().should('be.visible');\n  _Client.default.Addressdelete.eq(1).scrollIntoView().click();\n  _Client.default.CancelButton.click();\n  _Client.default.Personaldetails.scrollIntoView().should('be.visible');\n  _Client.default.Personaldetailsicon.should('be.visible');\n  //Importatnt date filed\n  _Client.default.Edit.eq(4).click();\n  _Client.default.Personaldetails.should('be.visible');\n  _Client.default.Personaldetailsicon.should('be.visible');\n  _Client.default.Importantdates.should('be.visible');\n  _Client.default.Allergies.should('be.visible');\n  _Client.default.Editing.should('be.visible');\n  _Client.default.Nameofdate.should('be.visible');\n  _Client.default.dropdown.eq(0).click();\n  cy.get('[role=\"listbox\"]').should('be.visible');\n  _Client.default.April.click();\n  cy.wait(2000);\n  _Client.default.dropdown.eq(1).click();\n  cy.wait(2000);\n  cy.get('[role=\"listbox\"]').should('be.visible');\n  _Client.default.Year.click();\n  cy.wait(2000);\n  cy.xpath(\"(//button[@type='button'][normalize-space()='Day'])[1]\").scrollIntoView().click();\n  cy.wait(2000);\n  _Client.default.dateofbirthdate.click();\n  _Client.default.Save.click();\n  cy.wait(5000);\n  _Client.default.Edit.eq(4).click();\n  _Client.default.anotherdate.click();\n  cy.wait(3000);\n  _Client.default.deletebutton.click();\n  cy.wait(1000);\n  _Client.default.anotherdate.click();\n  cy.wait(3000);\n  cy.get(':nth-child(3) > :nth-child(2) > .shadow-0').type('New date');\n  _Client.default.dropdown.eq(4).click();\n  _Client.default.May.click();\n  cy.wait(2000);\n  _Client.default.dropdown.eq(3).click();\n  cy.wait(2000);\n  _Client.default.May.click();\n  cy.wait(2000);\n  cy.xpath(\"(//button[normalize-space()='Year'])[1]\").click();\n  cy.wait(2000);\n  _Client.default.Year1.click();\n  cy.wait(1000);\n  //Client.Save.click()\n  _Client.default.CancelButton.click();\n  ///Allergies filed\n  _Client.default.Edit.eq(5).click();\n  _Client.default.Allergies.should('be.visible');\n  _Client.default.dropdown.eq(0).click();\n  cy.get('[role=\"listbox\"]').should('be.visible');\n  _Client.default.TreeNuts.click();\n  cy.wait(1000);\n  _Client.default.dropdown.eq(0).click();\n  cy.wait(1000);\n  _Client.default.Vegan.click();\n  _Client.default.deletebutton1.click();\n  //Client.Addcustomoption.should('be.visible')\n  //cy.get('.shadow-0').type('chocholate')\n  //cy.wait(1000)\n  _Client.default.Save.click();\n  cy.wait(2000);\n  ////Flight Info field\n  _Client.default.Flightinfo.scrollIntoView().should('be.visible');\n  //Client.Flightinfoicon.scrollIntoView().should('be.visible')\n  _Client.default.Flightinfo.should('be.visible');\n  _Client.default.Readytag.should('be.visible');\n  cy.get(':nth-child(3) > :nth-child(2) > [data-testid=\"edit-button\"]').click();\n  _Client.default.Wraningmsg.should('be.visible');\n  _Client.default.Legalname.should('be.visible');\n  _Client.default.Legalnameedit.eq(0).click();\n  cy.wait(2000);\n  _Client.default.Legalnameeditfield.eq(0).clear().type(dataJson.Legalnameeditfield);\n  _Client.default.Legalnameeditfield.eq(1).clear().type(dataJson.Legalnameeditfield1);\n  _Client.default.Legalnameeditfield.eq(2).clear().type(dataJson.Legalnameeditfield2);\n  _Client.default.Legalnameeditfield.eq(3).clear().type(dataJson.Legalnameeditfield3);\n  _Client.default.Confirmmsg.should('be.visible');\n  _Client.default.Confirmcheckbox.click();\n  _Client.default.Legalbirthday.should('be.visible');\n  cy.get('.flex-col > .gap-x-4 > .link-button').click();\n  _Client.default.Legaldateofbirthdate.eq(0).click();\n  cy.get('[role=\"listbox\"]').should('be.visible');\n  _Client.default.May.click();\n  cy.wait(2000);\n  _Client.default.Legaldateofbirthdate.eq(1).click();\n  cy.wait(2000);\n  cy.get('[role=\"listbox\"]').should('be.visible');\n  _Client.default.dateofbirthdate1.click();\n  cy.wait(2000);\n  _Client.default.Legaldateofbirthdate.eq(2).click();\n  cy.wait(2000);\n  _Client.default.Year1.click();\n  _Client.default.Confirmcheckbox1.click();\n  _Client.default.Sex.should('be.visible');\n  _Client.default.Sexlabel.should('be.visible');\n  _Client.default.dropdown.eq(0).click();\n  cy.get('[role=\"listbox\"]').should('be.visible');\n  _Client.default.Female.click();\n  _Client.default.Phone.should('be.visible');\n  cy.get('.link-button').click();\n  _Client.default.Phonenumber.eq(0).clear().type(dataJson.Phonenumber);\n  _Client.default.Save.click();\n  cy.wait(2000);\n  _Client.default.Readytaggreen.should('be.visible');\n  _Client.default.Edit.eq(4).click();\n  _Client.default.Lockedmsg.should('be.visible');\n  _Client.default.CancelButton.click();\n  _Client.default.Edit.eq(2).click();\n  _Client.default.Lockedmsg.should('be.visible');\n  _Client.default.CancelButton.click();\n  _Client.default.KTN.scrollIntoView().should('be.visible');\n  _Client.default.Edit.eq(7).click();\n  _Client.default.KTNEditing.should('be.visible');\n  _Client.default.KTNlabel.should('be.visible');\n  _Client.default.CancelButton.click();\n  _Client.default.Edit.eq(7).click();\n  _Client.default.KTNtextbox.type(dataJson.KTN);\n  _Client.default.Save.click();\n  cy.wait(2000);\n  _Client.default.Loyaltyprograms.should('be.visible').eq(1).click();\n  _Client.default.Loyaltyprogramsheader.should('be.visible');\n  _Client.default.Loyaltyprogramssubheader.should('be.visible');\n  _Client.default.Addloyalityprogram.click();\n  _Client.default.Loyalityprogrlabel.should('be.visible');\n  _Client.default.Loyalityprogrameditingdropdown.should('be.visible').click();\n  _Client.default.Loyalityprogrameditingdropdown1.should('be.visible').click();\n  cy.get('[role=\"listbox\"]').should('be.visible');\n  _Client.default.AirAsia.click();\n  _Client.default.Save.click();\n  cy.wait(2000);\n  _Client.default.Errorloyalty.should('be.visible');\n  _Client.default.Enternumber.type(dataJson.Loyalityprogram);\n  _Client.default.Save.click();\n  cy.wait(2000);\n  _Client.default.Loyalityprogramupdateddata.should('be.visible');\n  _Client.default.Loyalityprogramedit.click();\n  _Client.default.Loyalityprogramaddanotherprogram.click();\n  _Client.default.Option1.should('be.visible').click();\n  cy.get('[role=\"listbox\"]').should('be.visible');\n  _Client.default.Jetairways.click();\n  _Client.default.Enternumber.eq(1).type(dataJson.Loyalityprogram1);\n  _Client.default.Save.click();\n  cy.wait(2000);\n  cy.get('div.flex.flex-col.gap-y-4').children(':visible').should('have.length', 2);\n  _Client.default.Loyalityprogramedit.click();\n  _Client.default.LoyalityDeletebutton.eq(0).click();\n  _Client.default.Save.click();\n  cy.wait(2000);\n  cy.get('div.flex.flex-col.gap-y-4').children(':visible').should('have.length', 1);\n  _Client.default.Loyalityprogramedit.click();\n  _Client.default.CancelButton.click();\n  _Client.default.Notes.should('be.visible').eq(1).click();\n  _Client.default.Noteicon.should('be.visible');\n  _Client.default.Notetext.should('be.visible');\n  _Client.default.Notetext1.should('be.visible');\n  cy.wait(2000);\n  _Client.default.AddNotebutton.click();\n  _Client.default.NoteTextbox.type(\"Hello world\");\n  _Client.default.NoteTextbox.type('{selectall}');\n  cy.get('div.ql-toolbar button').each($button => {\n    cy.wrap($button).click();\n  });\n  _Client.default.NoteTextbox.type(dataJson.Note);\n  _Client.default.NoteTextbox.type('{selectall}');\n  _Client.default.NoteLink.click();\n  _Client.default.Linktextbox.clear().type(dataJson.Link);\n  _Client.default.Linksave.click();\n  cy.get('input[type=\"file\"]').attachFile('Training.jpeg');\n  _Client.default.Save.click();\n  cy.wait(10000);\n  cy.get('[data-testid=\"edit-button\"]').click();\n  _Client.default.CancelButton.click();\n  _Client.default.Creditcard.should('be.visible').eq(1).click();\n  _Client.default.Converttoaddcreditcards.should('be.visible');\n  _Client.default.Converttoaddcreditcardstext.should('be.visible');\n  _Client.default.Converttoclient.should('be.visible');\n  _Client.default.AddtravelerCreditCards.scrollIntoView().should('be.visible');\n  //Client.AddtravelerCreditCardstext.should('be.visible')\n  _Client.default.AddtravelerCreditCardstext1.should('be.visible');\n  _Client.default.Converttoclient1.eq(1).click();\n  _Client.default.Converttoclientdialoguebox.should('be.visible');\n  _Client.default.Converttoclientdialogueboxtext.should('be.visible');\n  _Client.default.Converttoclientdialogueboxtext1.should('be.visible');\n  _Client.default.Converttoclientdialogueboxcancel.should('be.visible');\n  _Client.default.Converttoclientdialogueboxconvert.should('be.visible').click();\n  cy.wait(3000);\n});",
              "err": {
                "message": "CypressError: Timed out retrying after 4050ms: `cy.click()` failed because this element:\n\n`<button class=\"inline-flex cursor-pointer items-center justify-center rounded-xl whitespace-nowrap disabled:text-[#C8C8C8] gap-2 focus-visible:!outline focus-visible:!outline-2 focus-visible:!outline-offset-2 focus-visible:!outline-link py-1.5 px-3 -mx-3 gap-x-1.5 h-8 text-sm text-secondaryDark font-semibold hover:text-main hover:bg-[#1414140f]\">Associa...</button>`\n\nis being covered by another element:\n\n`<div class=\"border-b border-stroke pt-4 pb-3 text-mediumFS16 text-secondaryDark mb-6\">Billing...</div>`\n\nFix this problem, or use {force: true} to disable error checking.\n\nhttps://on.cypress.io/element-cannot-be-interacted-with",
                "estack": "CypressError: Timed out retrying after 4050ms: `cy.click()` failed because this element:\n\n`<button class=\"inline-flex cursor-pointer items-center justify-center rounded-xl whitespace-nowrap disabled:text-[#C8C8C8] gap-2 focus-visible:!outline focus-visible:!outline-2 focus-visible:!outline-offset-2 focus-visible:!outline-link py-1.5 px-3 -mx-3 gap-x-1.5 h-8 text-sm text-secondaryDark font-semibold hover:text-main hover:bg-[#1414140f]\">Associa...</button>`\n\nis being covered by another element:\n\n`<div class=\"border-b border-stroke pt-4 pb-3 text-mediumFS16 text-secondaryDark mb-6\">Billing...</div>`\n\nFix this problem, or use {force: true} to disable error checking.\n\nhttps://on.cypress.io/element-cannot-be-interacted-with\nat ensureIsDescendent (https://advisor.forastaging.net/__cypress/runner/cypress_runner.js:112861:68)\nat ensureDescendents (https://advisor.forastaging.net/__cypress/runner/cypress_runner.js:112912:23)\nat ensureDescendentsAndScroll (https://advisor.forastaging.net/__cypress/runner/cypress_runner.js:112918:14)\nat ensureElIsNotCovered (https://advisor.forastaging.net/__cypress/runner/cypress_runner.js:113049:5)\nat runAllChecks (https://advisor.forastaging.net/__cypress/runner/cypress_runner.js:113248:52)\nat retryActionability (https://advisor.forastaging.net/__cypress/runner/cypress_runner.js:113285:16)\nat tryCatcher (https://advisor.forastaging.net/__cypress/runner/cypress_runner.js:1807:23)\nat __webpack_modules__</module.exports/Promise.try (https://advisor.forastaging.net/__cypress/runner/cypress_runner.js:4315:29)\nat whenStable (https://advisor.forastaging.net/__cypress/runner/cypress_runner.js:144102:62)\nat __webpack_modules__</create/retry (https://advisor.forastaging.net/__cypress/runner/cypress_runner.js:144043:14)\nat tryCatcher (https://advisor.forastaging.net/__cypress/runner/cypress_runner.js:1807:23)\nat __webpack_modules__</module.exports/Promise.prototype._settlePromiseFromHandler (https://advisor.forastaging.net/__cypress/runner/cypress_runner.js:1519:31)\nat __webpack_modules__</module.exports/Promise.prototype._settlePromise (https://advisor.forastaging.net/__cypress/runner/cypress_runner.js:1576:18)\nat __webpack_modules__</module.exports/Promise.prototype._settlePromise0 (https://advisor.forastaging.net/__cypress/runner/cypress_runner.js:1621:10)\nat __webpack_modules__</module.exports/Promise.prototype._settlePromises (https://advisor.forastaging.net/__cypress/runner/cypress_runner.js:1701:18)\nat __webpack_modules__</module.exports/Promise.prototype._fulfill (https://advisor.forastaging.net/__cypress/runner/cypress_runner.js:1645:18)\nat __webpack_modules__</module.exports/Promise.delay/handle< (https://advisor.forastaging.net/__cypress/runner/cypress_runner.js:5450:46)\nFrom Your Spec Code:\n    at shouldFn (https://advisor.forastaging.net/__cypress/runner/cypress_runner.js:118728:18)\n    at should (https://advisor.forastaging.net/__cypress/runner/cypress_runner.js:118842:23)\n    at __webpack_modules__</create/injectAssertion (https://advisor.forastaging.net/__cypress/runner/cypress_runner.js:143372:39)\n    at assertions (https://advisor.forastaging.net/__cypress/runner/cypress_runner.js:143620:16)\n    at tryCatcher (https://advisor.forastaging.net/__cypress/runner/cypress_runner.js:1807:23)\n    at gotValue (https://advisor.forastaging.net/__cypress/runner/cypress_runner.js:6478:18)\n    at gotAccum (https://advisor.forastaging.net/__cypress/runner/cypress_runner.js:6465:25)\n    at tryCatcher (https://advisor.forastaging.net/__cypress/runner/cypress_runner.js:1807:23)\n    at __webpack_modules__</module.exports/Promise.prototype._settlePromiseFromHandler (https://advisor.forastaging.net/__cypress/runner/cypress_runner.js:1519:31)\n    at __webpack_modules__</module.exports/Promise.prototype._settlePromise (https://advisor.forastaging.net/__cypress/runner/cypress_runner.js:1576:18)\n    at __webpack_modules__</module.exports/Promise.prototype._settlePromiseCtx (https://advisor.forastaging.net/__cypress/runner/cypress_runner.js:1613:10)\n    at _drainQueueStep (https://advisor.forastaging.net/__cypress/runner/cypress_runner.js:2411:12)\n    at _drainQueue (https://advisor.forastaging.net/__cypress/runner/cypress_runner.js:2400:24)\n    at __webpack_modules__</Async.prototype._drainQueues (https://advisor.forastaging.net/__cypress/runner/cypress_runner.js:2416:16)\n    at __webpack_modules__</Async/this.drainQueues (https://advisor.forastaging.net/__cypress/runner/cypress_runner.js:2286:14)",
                "diff": null
              },
              "uuid": "c7e38fc1-07ef-4339-b913-1faf45ed899e",
              "parentUUID": "81db4634-0262-4799-a34a-2c020c4d55cf",
              "isHook": false,
              "skipped": false
            },
            {
              "title": "Advisor_client_To verify the Associated traveller page",
              "fullTitle": "Advisor_Client_TS001 Advisor_client_To verify the Associated traveller page",
              "timedOut": null,
              "duration": 4245,
              "state": "failed",
              "speed": null,
              "pass": false,
              "fail": true,
              "pending": false,
              "context": "[\n  {\n    \"title\": \"cypress-mochawesome-reporter-videos-failed\",\n    \"value\": \"cypress\\\\e2e\\\\Advisor\\\\Advisor_Client_TS001.cy.js\"\n  },\n  {\n    \"title\": \"cypress-mochawesome-reporter-screenshots\",\n    \"value\": [\n      [\n        \"\\\\Advisor\\\\Advisor_Client_TS001.cy.js\\\\Advisor_Client_TS001 -- Advisor_client_To verify the Associated traveller page (failed).png\"\n      ]\n    ]\n  }\n]",
              "code": "cy.on('uncaught:exception', (err, runnable) => {\n  return false;\n});\n_Client.default.Associatedtravelers.scrollIntoView().should('be.visible').click();\n_Client.default.Greentag.should('be.visible');\n_Client.default.clienttraveler.click();\ncy.wait(3000);\n_Client.default.Traveleractionbutton.eq(2).click();\ncy.wait(2000);\n_Client.default.UnlinkfromClient.should('be.visible');\n_Client.default.Editrealtionship.should('be.visible').click();\n_Client.default.CancelButton.click();\ncy.wait(1000);\n_Client.default.Traveleractionbutton.eq(2).click();\n_Client.default.Editrealtionship.should('be.visible').click();\n_Client.default.Editrealtionshipwindow.should('be.visible');\n_Client.default.Editrealtionshipsubheader.should('be.visible');\n_Client.default.Realtionshiptoclientheader.should('be.visible');\n_Client.default.Realtionshiptoclientheaderdropdown.should('be.visible').click();\n_Client.default.Siblings.click();\ncy.wait(1000);\n_Client.default.Save.click();\n_Client.default.Siblingstext.should('be.visible');\n_Client.default.Visitclientpage.click();\ncy.wait(2000);\n_Client.default.Associatedtravelers.scrollIntoView().should('be.visible').click();\n_Client.default.Greentag.should('be.visible');\n_Client.default.clienttraveler.click();\n_Client.default.Traveleractionbutton.eq(2).click();\ncy.wait(1000);\n_Client.default.UnlinkfromClient1.click();\n_Client.default.Unlinkclient.should('be.visible');\n_Client.default.Unlinkclientsubheader.should('be.visible');\n_Client.default.CancelButton.click();\n_Client.default.Traveleractionbutton.eq(2).click();\n_Client.default.UnlinkfromClient1.click();\ncy.wait(1000);\n_Client.default.Unlinkbutton.click();\n_Client.default.Associatedtravelerstext.should('be.visible');",
              "err": {
                "message": "CypressError: Timed out retrying after 4050ms: `cy.click()` failed because this element:\n\n`<button class=\"inline-flex cursor-pointer items-center justify-center rounded-xl whitespace-nowrap disabled:text-[#C8C8C8] gap-2 focus-visible:!outline focus-visible:!outline-2 focus-visible:!outline-offset-2 focus-visible:!outline-link py-1.5 px-3 -mx-3 gap-x-1.5 h-8 text-sm text-secondaryDark font-semibold hover:text-main hover:bg-[#1414140f]\">Associa...</button>`\n\nis being covered by another element:\n\n`<div class=\"border-b border-stroke pt-4 pb-3 text-mediumFS16 text-secondaryDark mb-6\">Billing...</div>`\n\nFix this problem, or use {force: true} to disable error checking.\n\nhttps://on.cypress.io/element-cannot-be-interacted-with",
                "estack": "CypressError: Timed out retrying after 4050ms: `cy.click()` failed because this element:\n\n`<button class=\"inline-flex cursor-pointer items-center justify-center rounded-xl whitespace-nowrap disabled:text-[#C8C8C8] gap-2 focus-visible:!outline focus-visible:!outline-2 focus-visible:!outline-offset-2 focus-visible:!outline-link py-1.5 px-3 -mx-3 gap-x-1.5 h-8 text-sm text-secondaryDark font-semibold hover:text-main hover:bg-[#1414140f]\">Associa...</button>`\n\nis being covered by another element:\n\n`<div class=\"border-b border-stroke pt-4 pb-3 text-mediumFS16 text-secondaryDark mb-6\">Billing...</div>`\n\nFix this problem, or use {force: true} to disable error checking.\n\nhttps://on.cypress.io/element-cannot-be-interacted-with\nat ensureIsDescendent (https://advisor.forastaging.net/__cypress/runner/cypress_runner.js:112861:68)\nat ensureDescendents (https://advisor.forastaging.net/__cypress/runner/cypress_runner.js:112912:23)\nat ensureDescendentsAndScroll (https://advisor.forastaging.net/__cypress/runner/cypress_runner.js:112918:14)\nat ensureElIsNotCovered (https://advisor.forastaging.net/__cypress/runner/cypress_runner.js:113049:5)\nat runAllChecks (https://advisor.forastaging.net/__cypress/runner/cypress_runner.js:113248:52)\nat retryActionability (https://advisor.forastaging.net/__cypress/runner/cypress_runner.js:113285:16)\nat tryCatcher (https://advisor.forastaging.net/__cypress/runner/cypress_runner.js:1807:23)\nat __webpack_modules__</module.exports/Promise.try (https://advisor.forastaging.net/__cypress/runner/cypress_runner.js:4315:29)\nat whenStable (https://advisor.forastaging.net/__cypress/runner/cypress_runner.js:144102:62)\nat __webpack_modules__</create/retry (https://advisor.forastaging.net/__cypress/runner/cypress_runner.js:144043:14)\nat tryCatcher (https://advisor.forastaging.net/__cypress/runner/cypress_runner.js:1807:23)\nat __webpack_modules__</module.exports/Promise.prototype._settlePromiseFromHandler (https://advisor.forastaging.net/__cypress/runner/cypress_runner.js:1519:31)\nat __webpack_modules__</module.exports/Promise.prototype._settlePromise (https://advisor.forastaging.net/__cypress/runner/cypress_runner.js:1576:18)\nat __webpack_modules__</module.exports/Promise.prototype._settlePromise0 (https://advisor.forastaging.net/__cypress/runner/cypress_runner.js:1621:10)\nat __webpack_modules__</module.exports/Promise.prototype._settlePromises (https://advisor.forastaging.net/__cypress/runner/cypress_runner.js:1701:18)\nat __webpack_modules__</module.exports/Promise.prototype._fulfill (https://advisor.forastaging.net/__cypress/runner/cypress_runner.js:1645:18)\nat __webpack_modules__</module.exports/Promise.delay/handle< (https://advisor.forastaging.net/__cypress/runner/cypress_runner.js:5450:46)\nFrom Your Spec Code:\n    at shouldFn (https://advisor.forastaging.net/__cypress/runner/cypress_runner.js:118728:18)\n    at should (https://advisor.forastaging.net/__cypress/runner/cypress_runner.js:118842:23)\n    at __webpack_modules__</create/injectAssertion (https://advisor.forastaging.net/__cypress/runner/cypress_runner.js:143372:39)\n    at assertions (https://advisor.forastaging.net/__cypress/runner/cypress_runner.js:143620:16)\n    at tryCatcher (https://advisor.forastaging.net/__cypress/runner/cypress_runner.js:1807:23)\n    at gotValue (https://advisor.forastaging.net/__cypress/runner/cypress_runner.js:6478:18)\n    at gotAccum (https://advisor.forastaging.net/__cypress/runner/cypress_runner.js:6465:25)\n    at tryCatcher (https://advisor.forastaging.net/__cypress/runner/cypress_runner.js:1807:23)\n    at __webpack_modules__</module.exports/Promise.prototype._settlePromiseFromHandler (https://advisor.forastaging.net/__cypress/runner/cypress_runner.js:1519:31)\n    at __webpack_modules__</module.exports/Promise.prototype._settlePromise (https://advisor.forastaging.net/__cypress/runner/cypress_runner.js:1576:18)\n    at __webpack_modules__</module.exports/Promise.prototype._settlePromiseCtx (https://advisor.forastaging.net/__cypress/runner/cypress_runner.js:1613:10)\n    at _drainQueueStep (https://advisor.forastaging.net/__cypress/runner/cypress_runner.js:2411:12)\n    at _drainQueue (https://advisor.forastaging.net/__cypress/runner/cypress_runner.js:2400:24)\n    at __webpack_modules__</Async.prototype._drainQueues (https://advisor.forastaging.net/__cypress/runner/cypress_runner.js:2416:16)\n    at __webpack_modules__</Async/this.drainQueues (https://advisor.forastaging.net/__cypress/runner/cypress_runner.js:2286:14)",
                "diff": null
              },
              "uuid": "30cc8c2f-b68a-45d4-8760-f4e12af0c771",
              "parentUUID": "81db4634-0262-4799-a34a-2c020c4d55cf",
              "isHook": false,
              "skipped": false
            }
          ],
          "suites": [],
          "passes": [
            "6aa1d8e5-4cc4-427c-b539-81018a015157"
          ],
          "failures": [
            "31303194-0939-4e0a-90d9-fec2535731e2",
            "c7e38fc1-07ef-4339-b913-1faf45ed899e",
            "30cc8c2f-b68a-45d4-8760-f4e12af0c771"
          ],
          "pending": [],
          "skipped": [],
          "duration": 119935,
          "root": false,
          "rootEmpty": false,
          "_timeout": 2000
        }
      ],
      "passes": [],
      "failures": [],
      "pending": [],
      "skipped": [],
      "duration": 0,
      "root": true,
      "rootEmpty": true,
      "_timeout": 2000
    }
  ],
  "meta": {
    "mocha": {
      "version": "7.0.1"
    },
    "mochawesome": {
      "options": {
        "quiet": false,
        "reportFilename": "mochawesome",
        "saveHtml": false,
        "saveJson": true,
        "consoleReporter": "spec",
        "useInlineDiffs": false,
        "code": true
      },
      "version": "7.1.3"
    },
    "marge": {
      "options": {
        "overwrite": false,
        "html": false,
        "json": true
      },
      "version": "6.2.0"
    }
  }
}