{
  "stats": {
    "suites": 1,
    "tests": 9,
    "passes": 9,
    "pending": 0,
    "failures": 0,
    "start": "2024-09-19T04:00:35.754Z",
    "end": "2024-09-19T04:02:04.629Z",
    "duration": 88875,
    "testsRegistered": 9,
    "passPercent": 100,
    "pendingPercent": 0,
    "other": 0,
    "hasOther": false,
    "skipped": 0,
    "hasSkipped": false
  },
  "results": [
    {
      "uuid": "7e2ea7ce-2100-4ef9-b24f-fb2453e4d729",
      "title": "",
      "fullFile": "cypress\\e2e\\Advisor\\Advisor_Newhelp_TS001.cy.js",
      "file": "cypress\\e2e\\Advisor\\Advisor_Newhelp_TS001.cy.js",
      "beforeHooks": [],
      "afterHooks": [],
      "tests": [],
      "suites": [
        {
          "uuid": "a0d68982-4424-40ec-bba6-692de4a2d243",
          "title": "Advisor_Help_TS001",
          "fullFile": "",
          "file": "",
          "beforeHooks": [],
          "afterHooks": [],
          "tests": [
            {
              "title": "Advisor_Help_TC001-Contents of Help page",
              "fullTitle": "Advisor_Help_TS001 Advisor_Help_TC001-Contents of Help page",
              "timedOut": null,
              "duration": 35931,
              "state": "passed",
              "speed": "slow",
              "pass": true,
              "fail": false,
              "pending": false,
              "context": "{\n  \"title\": \"cypress-mochawesome-reporter-videos-passed\",\n  \"value\": \"cypress\\\\e2e\\\\Advisor\\\\Advisor_Newhelp_TS001.cy.js\"\n}",
              "code": "// help screen validation\ncy.NotanadvisorHomeLogin();\n_Home.default.navbar.click();\n_Help.default.help.click();\ncy.wait(5000);\n_Help.default.help_centre.should('be.visible');\n_Help.default.searchBtn.should('be.visible');\n_Help.default.search_textbx.should('be.visible');\nconst textsToCheck = [\"Ask the community\", \"Policy\", \"Tech\", \"Membership\", \"Booking\", \"Finance\", \"Training\", \"Marketing\"];\ntextsToCheck.forEach(text => {\n  _Help.default.help_fileds.contains(text).scrollIntoView().should('be.visible');\n});\ncy.wait(2000);\n// search with invalid value\n_Help.default.search_textbx.type(\"sfxx\");\ncy.wait(2000);\n_Help.default.searchBtn.click();\n_Help.default.nosearch.should('be.visible');\ncy.wait(5000);\n// search with valid value\n_Help.default.search_textbx.clear().type(\"test\");\ncy.wait(2000);\n_Help.default.searchBtn.click();\ncy.wait(2000);\n_Help.default.result.should('not.contain.text', \"No search results found\");\n// back to help center\n_Help.default.back_helpcenter.click();",
              "err": {},
              "uuid": "827f8166-2f14-4fed-b494-acc07e53ad0d",
              "parentUUID": "a0d68982-4424-40ec-bba6-692de4a2d243",
              "isHook": false,
              "skipped": false
            },
            {
              "title": "Advisor_Help_TC002- Contents of 'Ask the community' section",
              "fullTitle": "Advisor_Help_TS001 Advisor_Help_TC002- Contents of 'Ask the community' section",
              "timedOut": null,
              "duration": 452,
              "state": "passed",
              "speed": "fast",
              "pass": true,
              "fail": false,
              "pending": false,
              "context": "{\n  \"title\": \"cypress-mochawesome-reporter-videos-passed\",\n  \"value\": \"cypress\\\\e2e\\\\Advisor\\\\Advisor_Newhelp_TS001.cy.js\"\n}",
              "code": "// Check 'Ask the community' section\n_Help.default.askCommunity.should('be.visible');\n_Help.default.gotoForum.should('be.visible');\n_Help.default.gotoForum.click();",
              "err": {},
              "uuid": "a63d3932-a495-4205-813a-07eb4e036ddd",
              "parentUUID": "a0d68982-4424-40ec-bba6-692de4a2d243",
              "isHook": false,
              "skipped": false
            },
            {
              "title": "Advisor_Help_TC003- to verify the content of Policy section",
              "fullTitle": "Advisor_Help_TS001 Advisor_Help_TC003- to verify the content of Policy section",
              "timedOut": null,
              "duration": 4370,
              "state": "passed",
              "speed": "fast",
              "pass": true,
              "fail": false,
              "pending": false,
              "context": "{\n  \"title\": \"cypress-mochawesome-reporter-videos-passed\",\n  \"value\": \"cypress\\\\e2e\\\\Advisor\\\\Advisor_Newhelp_TS001.cy.js\"\n}",
              "code": "// Check 'Policy' section\ncy.wait(2000);\n_Help.default.policy.should('be.visible');\n// Click on the 'Text only' link\n_Help.default.textOnly.should('be.visible').click();\n//cy.wait(1000)\n_Help.default.textOnlytitle.should('be.visible');\n_Help.default.isjusttext.should('be.visible');\n_Help.default.lastupdate.should('be.visible');\n_Help.default.back.should('be.visible');\n_Help.default.back.click();\n// verify\n_Help.default.PolicyseeAll.click();\n_Help.default.helppolicy.should('be.visible');\n_Help.default.back_helpcenter.should('be.visible');\n_Help.default.back_helpcenter.click();\n_Help.default.help_centre.should('be.visible');",
              "err": {},
              "uuid": "bd921a66-89cd-4f1c-906a-972ef13e6286",
              "parentUUID": "a0d68982-4424-40ec-bba6-692de4a2d243",
              "isHook": false,
              "skipped": false
            },
            {
              "title": "Advisor_Help_TC004 - To verify tech section",
              "fullTitle": "Advisor_Help_TS001 Advisor_Help_TC004 - To verify tech section",
              "timedOut": null,
              "duration": 5298,
              "state": "passed",
              "speed": "medium",
              "pass": true,
              "fail": false,
              "pending": false,
              "context": "{\n  \"title\": \"cypress-mochawesome-reporter-videos-passed\",\n  \"value\": \"cypress\\\\e2e\\\\Advisor\\\\Advisor_Newhelp_TS001.cy.js\"\n}",
              "code": "// check Tech section\ncy.wait(3000);\n/*  const textsToCheck = [\n    \n    \"12k Bytes Article\",\n    \"TEST Webhook\",\n    \"See all\",\n  ];\n  textsToCheck.forEach((text) => {\n    Help.tech.contains(text).should('be.visible');\n  });*/\n// clicking all the links and validating\n/*Help.testingArticle.click();\nHelp.testing_title.should('be.visible');\nHelp.Llamas.should('be.visible');\nHelp.Editing.should('be.visible');\nHelp.lastupdate.should('be.visible');\nHelp.back.click();*/\n_Help.default.byteArticle.click();\n_Help.default.byteTitle.should('be.visible');\n_Help.default.back.should('be.visible');\n_Help.default.back.click();\n_Help.default.testWebhook.should('be.visible').click();\n_Help.default.testWebhook_title.should('be.visible');\n_Help.default.trigger.should('be.visible');\n_Help.default.back2.click();",
              "err": {},
              "uuid": "0ad6477d-4801-4618-8a6c-3bee81599cc7",
              "parentUUID": "a0d68982-4424-40ec-bba6-692de4a2d243",
              "isHook": false,
              "skipped": false
            },
            {
              "title": "Advisor_Help_TC005 -To check membership section",
              "fullTitle": "Advisor_Help_TS001 Advisor_Help_TC005 -To check membership section",
              "timedOut": null,
              "duration": 2717,
              "state": "passed",
              "speed": "fast",
              "pass": true,
              "fail": false,
              "pending": false,
              "context": "{\n  \"title\": \"cypress-mochawesome-reporter-videos-passed\",\n  \"value\": \"cypress\\\\e2e\\\\Advisor\\\\Advisor_Newhelp_TS001.cy.js\"\n}",
              "code": "// membership\ncy.wait(2000);\n/* const texts = [\n   \"Membership\",\n   \"See all\",\n ];\n texts.forEach((text) => {\n   Help.membership.contains(text).scrollIntoView().should('be.visible');\n });*/\n// click see all\n_Help.default.MembershipseeAll.scrollIntoView().click();\n_Help.default.helpwithmember.should('be.visible');\n_Help.default.back_helpcenter.click();",
              "err": {},
              "uuid": "f52a88b2-3b03-4aad-89d5-176f03a9c921",
              "parentUUID": "a0d68982-4424-40ec-bba6-692de4a2d243",
              "isHook": false,
              "skipped": false
            },
            {
              "title": "Advisor_Help_TC006 - To check booking section",
              "fullTitle": "Advisor_Help_TS001 Advisor_Help_TC006 - To check booking section",
              "timedOut": null,
              "duration": 9459,
              "state": "passed",
              "speed": "medium",
              "pass": true,
              "fail": false,
              "pending": false,
              "context": "{\n  \"title\": \"cypress-mochawesome-reporter-videos-passed\",\n  \"value\": \"cypress\\\\e2e\\\\Advisor\\\\Advisor_Newhelp_TS001.cy.js\"\n}",
              "code": "// Booking\ncy.wait(2000);\n/*   const texts = [\n     \"Booking\",\n     \"How do I get an ACCOR star code?\",\n     \"Where do I add the IATA number to a booking?\",\n     \"My client modified their trip while on location, what do I do?\",\n     \"When and how do I send in my booking confirmations?\",\n     \"See all\",\n   ];\n   texts.forEach((text) => {\n     Help.booking.contains(text).scrollIntoView().should('be.visible');\n   });*/\n_Help.default.Whichproperties.scrollIntoView().click();\n_Help.default.Whichproperties_title.should('be.visible');\n_Help.default.back2.click();\n_Help.default.IATA.click();\n_Help.default.takeover.should('be.visible');\n_Help.default.back2.click();\n_Help.default.clientmodified.click();\n_Help.default.iflcients.should('be.visible');\n_Help.default.back2.click();\n_Help.default.BookingFAQs.click();\n_Help.default.pleaseFind.should('be.visible');\n_Help.default.back2.click();\n_Help.default.BookingseeAll.click();\n_Help.default.helpbooking.should('be.visible');\n_Help.default.Expedia.should('be.visible');\n_Help.default.forahelp.click();",
              "err": {},
              "uuid": "bdec52f5-2486-4cee-80db-748481c07e6d",
              "parentUUID": "a0d68982-4424-40ec-bba6-692de4a2d243",
              "isHook": false,
              "skipped": false
            },
            {
              "title": "Advisor_Help_TC007 - To check finance section",
              "fullTitle": "Advisor_Help_TS001 Advisor_Help_TC007 - To check finance section",
              "timedOut": null,
              "duration": 9510,
              "state": "passed",
              "speed": "medium",
              "pass": true,
              "fail": false,
              "pending": false,
              "context": "{\n  \"title\": \"cypress-mochawesome-reporter-videos-passed\",\n  \"value\": \"cypress\\\\e2e\\\\Advisor\\\\Advisor_Newhelp_TS001.cy.js\"\n}",
              "code": "// finance\ncy.wait(2000);\n/*  const texts = [\n    \"Finance\",\n    \"How do I collect payment information from my clients?\",\n    \"How do I complete a net rate booking?\",\n    \"The supplier is asking for an invoice, what do I do?\",\n    \"When will I get paid my commission?\",\n    \"See all\",\n  ];\n  texts.forEach((text) => {\n    Help.finance.contains(text).scrollIntoView().should('be.visible');\n  });*/\n_Help.default.payment.scrollIntoView().click();\n_Help.default.Keeping.should('be.visible');\n_Help.default.back2.click();\n_Help.default.supplier.click();\n_Help.default.supplierTells.should('be.visible');\n_Help.default.back2.click();\n_Help.default.commission.click();\n_Help.default.directBookings.should('be.visible');\n_Help.default.back2.click();\n_Help.default.byte8k.click();\n_Help.default.byte8k_title.should('be.visible');\n_Help.default.back2.click();\n_Help.default.FinanceseeAll.click();\ncy.contains('Help with Finance').should('be.visible');\n// cy.xp(\"a[normalize-space()='How do I update my bank details?']\").should('be.visible');\n_Help.default.forahelp.click();",
              "err": {},
              "uuid": "61fec001-9455-4a35-a3ae-ee9ca8b819db",
              "parentUUID": "a0d68982-4424-40ec-bba6-692de4a2d243",
              "isHook": false,
              "skipped": false
            },
            {
              "title": "Advisor_Help_TC008 - To check training section",
              "fullTitle": "Advisor_Help_TS001 Advisor_Help_TC008 - To check training section",
              "timedOut": null,
              "duration": 9684,
              "state": "passed",
              "speed": "medium",
              "pass": true,
              "fail": false,
              "pending": false,
              "context": "{\n  \"title\": \"cypress-mochawesome-reporter-videos-passed\",\n  \"value\": \"cypress\\\\e2e\\\\Advisor\\\\Advisor_Newhelp_TS001.cy.js\"\n}",
              "code": "// training\ncy.wait(2000);\n/*   const texts = [\n     \"Training\",\n     \"When will I receive the schedule for cohort training?\",\n     \"Which cohort am I in?\",\n     \"Can I do the Certified and Advanced trainings simultaneously?\",\n     \"What if I fail the certification quiz?\",\n     \"See all\",\n   ];\n   texts.forEach((text) => {\n     Help.training.contains(text).scrollIntoView().should('be.visible');\n   });*/\n_Help.default.simultaneously.scrollIntoView().click();\n_Help.default.weRecommend.should('be.visible');\n_Help.default.back2.click();\n_Help.default.schedule.click();\n_Help.default.AdvisorsWho.should('be.visible');\n_Help.default.back2.click();\n_Help.default.sessions.click();\n_Help.default.Absolutely.should('be.visible');\n_Help.default.back2.click();\n_Help.default.cohort.click();\n_Help.default.Registration.should('be.visible');\n_Help.default.back2.click();\n_Help.default.TrainingseeAll.click();\ncy.wait(2000);\ncy.contains('Help with Training').should('be.visible');\n_Help.default.fail.should('be.visible');\n_Help.default.back_helpcenter.click();",
              "err": {},
              "uuid": "ba808bd1-c017-409a-abcb-aafc54e89b2a",
              "parentUUID": "a0d68982-4424-40ec-bba6-692de4a2d243",
              "isHook": false,
              "skipped": false
            },
            {
              "title": "Advisor_Help_TC009 - To check marketing section",
              "fullTitle": "Advisor_Help_TS001 Advisor_Help_TC009 - To check marketing section",
              "timedOut": null,
              "duration": 2650,
              "state": "passed",
              "speed": "fast",
              "pass": true,
              "fail": false,
              "pending": false,
              "context": "{\n  \"title\": \"cypress-mochawesome-reporter-videos-passed\",\n  \"value\": \"cypress\\\\e2e\\\\Advisor\\\\Advisor_Newhelp_TS001.cy.js\"\n}",
              "code": "// marketing\ncy.wait(2000);\n/*  const texts = [\n    \"Marketing\",\n    \"See all\",\n  ];\n    texts.forEach((text) => {\n    Help.Marketing.contains(text).scrollIntoView().should('be.visible');\n  });*/\n// click see all\n_Help.default.MarketingseeAll.scrollIntoView().click();\n_Help.default.helpmarketing.should('be.visible');\n_Help.default.forahelp.click();\n//  Help.back_helpcenter.click();",
              "err": {},
              "uuid": "d90336a4-9d15-4570-b23c-ac4d3ec846fb",
              "parentUUID": "a0d68982-4424-40ec-bba6-692de4a2d243",
              "isHook": false,
              "skipped": false
            }
          ],
          "suites": [],
          "passes": [
            "827f8166-2f14-4fed-b494-acc07e53ad0d",
            "a63d3932-a495-4205-813a-07eb4e036ddd",
            "bd921a66-89cd-4f1c-906a-972ef13e6286",
            "0ad6477d-4801-4618-8a6c-3bee81599cc7",
            "f52a88b2-3b03-4aad-89d5-176f03a9c921",
            "bdec52f5-2486-4cee-80db-748481c07e6d",
            "61fec001-9455-4a35-a3ae-ee9ca8b819db",
            "ba808bd1-c017-409a-abcb-aafc54e89b2a",
            "d90336a4-9d15-4570-b23c-ac4d3ec846fb"
          ],
          "failures": [],
          "pending": [],
          "skipped": [],
          "duration": 80071,
          "root": false,
          "rootEmpty": false,
          "_timeout": 2000
        }
      ],
      "passes": [],
      "failures": [],
      "pending": [],
      "skipped": [],
      "duration": 0,
      "root": true,
      "rootEmpty": true,
      "_timeout": 2000
    }
  ],
  "meta": {
    "mocha": {
      "version": "7.0.1"
    },
    "mochawesome": {
      "options": {
        "quiet": false,
        "reportFilename": "mochawesome",
        "saveHtml": false,
        "saveJson": true,
        "consoleReporter": "spec",
        "useInlineDiffs": false,
        "code": true
      },
      "version": "7.1.3"
    },
    "marge": {
      "options": {
        "overwrite": false,
        "html": false,
        "json": true
      },
      "version": "6.2.0"
    }
  }
}