{
  "stats": {
    "suites": 1,
    "tests": 3,
    "passes": 3,
    "pending": 0,
    "failures": 0,
    "start": "2024-09-19T04:11:37.988Z",
    "end": "2024-09-19T04:12:14.814Z",
    "duration": 36826,
    "testsRegistered": 3,
    "passPercent": 100,
    "pendingPercent": 0,
    "other": 0,
    "hasOther": false,
    "skipped": 0,
    "hasSkipped": false
  },
  "results": [
    {
      "uuid": "d7be5e73-63d9-4891-9744-580b501c3c65",
      "title": "",
      "fullFile": "cypress\\e2e\\Advisor\\Advisor_Policy_TS001.cy.js",
      "file": "cypress\\e2e\\Advisor\\Advisor_Policy_TS001.cy.js",
      "beforeHooks": [],
      "afterHooks": [],
      "tests": [],
      "suites": [
        {
          "uuid": "07707bb4-5edb-460f-986a-3ecbfe91580b",
          "title": "Advisor_Policies_TS001 ",
          "fullFile": "",
          "file": "",
          "beforeHooks": [],
          "afterHooks": [],
          "tests": [
            {
              "title": "Advisor_Policies_TC001_To verify Community guideline Home page content",
              "fullTitle": "Advisor_Policies_TS001  Advisor_Policies_TC001_To verify Community guideline Home page content",
              "timedOut": null,
              "duration": 15750,
              "state": "passed",
              "speed": "slow",
              "pass": true,
              "fail": false,
              "pending": false,
              "context": "{\n  \"title\": \"cypress-mochawesome-reporter-videos-passed\",\n  \"value\": \"cypress\\\\e2e\\\\Advisor\\\\Advisor_Policy_TS001.cy.js\"\n}",
              "code": "cy.on('uncaught:exception', (err, runnable) => {\n  return false;\n});\n//  cy.Login1()\ncy.NotanadvisorLogin();\ncy.viewport(1500, 785);\ncy.wait(2000);\n_Policy.default.Policy.click();\ncy.wait(2000);\ncy.url().should('include', 'https://advisor.forastaging.net/community-guidelines');\n_Policy.default.Infobanner.should('be.visible');\n_Policy.default.Text1.first().within(() => {\n  // Verify the text of each list item\n  cy.get('li').eq(0).should('contain.text', 'Community support and interaction create a continuous learning environment');\n  cy.get('li').eq(1).should('contain.text', 'Size creates influence with our partner network');\n  cy.get('li').eq(2).should('contain.text', 'Scale allows us to invest in people to build a world-class technology platform');\n  cy.get('li').eq(3).should('contain.text', 'A large and diverse community creates crossover awareness among consumers');\n});\n_Policy.default.Policessubheader.should('be.visible');\n_Policy.default.PolicesText1.should('be.visible');\n_Policy.default.PolicesText.should('be.visible');\n_Policy.default.Policylink.click();\n_Policy.default.Textlist.eq(1).within(() => {\n  // Verify the text of each list item\n  cy.get('li').eq(0).should('contain.text', 'Access to Partners ');\n  cy.get('li').eq(1).should('contain.text', 'Advisor Content ');\n  cy.get('li').eq(2).should('contain.text', 'Advisor Referral ');\n  cy.get('li').eq(3).should('contain.text', 'Cruise FAMs & CLIA ');\n  cy.get('li').eq(4).should('contain.text', 'Destination Management Company (DMC) ');\n  cy.get('li').eq(5).should('contain.text', 'FAMs & Conference ');\n  cy.get('li').eq(6).should('contain.text', 'Instagram ');\n  cy.get('li').eq(7).should('contain.text', 'Site Visit policy');\n  cy.get('li').eq(8).should('contain.text', 'Travel Agent Rates policy');\n  cy.get('li').eq(9).should('contain.text', 'Virtuoso policy');\n});\n_Policy.default.Communityguideline.scrollIntoView().should('be.visible');\n_Policy.default.Communityguidelinesubheader.scrollIntoView().should('be.visible');\n_Policy.default.Communityguidelinesubheader1.scrollIntoView().should('be.visible');\n_Policy.default.Textlist.eq(2).within(() => {});\n_Policy.default.Communityguidelinesubheader1.scrollIntoView().should('be.visible');\n_Policy.default.Communityguidelinesubheader2.scrollIntoView().should('be.visible');\n_Policy.default.Communityguidelinesubheader3.scrollIntoView().should('be.visible');\n_Policy.default.Communityguidelinesubheader4.scrollIntoView().should('be.visible');",
              "err": {},
              "uuid": "6adc5979-9cc1-475a-81f4-b2f0b30de02e",
              "parentUUID": "07707bb4-5edb-460f-986a-3ecbfe91580b",
              "isHook": false,
              "skipped": false
            },
            {
              "title": "Advisor_Policies_TC002_To verify Community guideline Home page content",
              "fullTitle": "Advisor_Policies_TS001  Advisor_Policies_TC002_To verify Community guideline Home page content",
              "timedOut": null,
              "duration": 1091,
              "state": "passed",
              "speed": "fast",
              "pass": true,
              "fail": false,
              "pending": false,
              "context": "{\n  \"title\": \"cypress-mochawesome-reporter-videos-passed\",\n  \"value\": \"cypress\\\\e2e\\\\Advisor\\\\Advisor_Policy_TS001.cy.js\"\n}",
              "code": "cy.on('uncaught:exception', (err, runnable) => {\n  return false;\n});\ncy.viewport(1500, 785);\ncy.url().should('include', 'https://advisor.forastaging.net/access-to-partners-policy');\n_Policy.default.Accesstopartnerpolicy.should('be.visible');\n_Policy.default.Accesstopartnerpolicy.should('be.visible');\n_Policy.default.Accesstopartnerpolicytext.should('be.visible');\n_Policy.default.Certifiedandadvancestatus.should('be.visible');\n_Policy.default.Partnercontact.should('be.visible');\n_Policy.default.Partnercontacttext.should('be.visible');\n_Policy.default.Partnercontacttext1.should('be.visible');\n_Policy.default.Textlist.eq(0).should('be.visible');\n_Policy.default.Partnercontactlink.click();\n_Policy.default.Partnercontactlink1.click();\n_Policy.default.Partnercontactlink2.click();\n_Policy.default.Partnercontactlink3.click();\n_Policy.default.Partnerevent.should('be.visible');\n_Policy.default.Textlist.eq(1).should('be.visible');\n_Policy.default.Partnerproandstatus.should('be.visible');\n_Policy.default.Partnerlogin.should('be.visible');\n_Policy.default.Partnerproandstatuslink.click();\n_Policy.default.Partnercontactsheader.should('be.visible');\n_Policy.default.Partnercontactstext.should('be.visible');\n_Policy.default.Partnercontactstext1.should('be.visible');\n_Policy.default.Partnercontactstext2.should('be.visible');",
              "err": {},
              "uuid": "b6d47081-8fa4-4e53-bcf1-322652241e2c",
              "parentUUID": "07707bb4-5edb-460f-986a-3ecbfe91580b",
              "isHook": false,
              "skipped": false
            },
            {
              "title": "Advisor_Policies_TC003_To Check Report an issue popup",
              "fullTitle": "Advisor_Policies_TS001  Advisor_Policies_TC003_To Check Report an issue popup",
              "timedOut": null,
              "duration": 13249,
              "state": "passed",
              "speed": "slow",
              "pass": true,
              "fail": false,
              "pending": false,
              "context": "{\n  \"title\": \"cypress-mochawesome-reporter-videos-passed\",\n  \"value\": \"cypress\\\\e2e\\\\Advisor\\\\Advisor_Policy_TS001.cy.js\"\n}",
              "code": "cy.on('uncaught:exception', (err, runnable) => {\n  return false;\n});\ncy.wait(5000);\ncy.viewport(1500, 785);\n_Partner.default.Reportanissue.scrollIntoView().click();\n//  cy.wait(5000)\n_Partner.default.Reportanissueheader.should('be.visible');\n_Partner.default.Reportanissuetext.should('be.visible');\n_Partner.default.Issuetopicheader.should('be.visible');\n_Newhome.default.issuetypedropdown.should('be.visible').eq(0).click();\ncy.wait(2000);\n_Partner.default.dropdownvalue1.should('be.visible');\n_Partner.default.dropdownvalue2.should('be.visible');\n_Partner.default.dropdownvalue3.should('be.visible');\n_Partner.default.dropdownvalue4.should('be.visible');\n_Partner.default.dropdownvalue5.should('be.visible');\n_Partner.default.dropdownvalue6.should('be.visible');\n_Partner.default.dropdownvalue1.click();\n_Partner.default.Describetheissue.should('be.visible');\n_Partner.default.Describetheissuefield.should('be.visible');\n_Partner.default.Cancel.should('be.visible');\n_Partner.default.Report.should('be.visible').click();\n//Partner.Error1.should('be.visible')\n_Partner.default.Error2.should('be.visible');\n_Partner.default.Issueseverityheader.should('be.visible');\n_Partner.default.Issueseveritydropdown.click();\n_Partner.default.Issueseveritydropdownvalue1.should('be.visible');\n_Partner.default.Issueseveritydropdownvalue2.should('be.visible');\n_Partner.default.Issueseveritydropdownvalue3.should('be.visible');\n_Partner.default.Issueseveritydropdownvalue2.should('be.visible').click();\n_Partner.default.Describetheissuefield.should('be.visible').type(\"error\");\n_Partner.default.Report.click();\n_Partner.default.rightmarks.should('be.visible');\n_Partner.default.successtext.should('be.visible');\n_Partner.default.successsubtext.should('be.visible');\n_Partner.default.close.click();",
              "err": {},
              "uuid": "2a6ead91-ee40-4202-a853-3c20a43aab2b",
              "parentUUID": "07707bb4-5edb-460f-986a-3ecbfe91580b",
              "isHook": false,
              "skipped": false
            }
          ],
          "suites": [],
          "passes": [
            "6adc5979-9cc1-475a-81f4-b2f0b30de02e",
            "b6d47081-8fa4-4e53-bcf1-322652241e2c",
            "2a6ead91-ee40-4202-a853-3c20a43aab2b"
          ],
          "failures": [],
          "pending": [],
          "skipped": [],
          "duration": 30090,
          "root": false,
          "rootEmpty": false,
          "_timeout": 2000
        }
      ],
      "passes": [],
      "failures": [],
      "pending": [],
      "skipped": [],
      "duration": 0,
      "root": true,
      "rootEmpty": true,
      "_timeout": 2000
    }
  ],
  "meta": {
    "mocha": {
      "version": "7.0.1"
    },
    "mochawesome": {
      "options": {
        "quiet": false,
        "reportFilename": "mochawesome",
        "saveHtml": false,
        "saveJson": true,
        "consoleReporter": "spec",
        "useInlineDiffs": false,
        "code": true
      },
      "version": "7.1.3"
    },
    "marge": {
      "options": {
        "overwrite": false,
        "html": false,
        "json": true
      },
      "version": "6.2.0"
    }
  }
}