{
  "stats": {
    "suites": 1,
    "tests": 9,
    "passes": 7,
    "pending": 0,
    "failures": 2,
    "start": "2024-09-23T07:51:43.515Z",
    "end": "2024-09-23T07:56:08.160Z",
    "duration": 264645,
    "testsRegistered": 9,
    "passPercent": 77.77777777777779,
    "pendingPercent": 0,
    "other": 0,
    "hasOther": false,
    "skipped": 0,
    "hasSkipped": false
  },
  "results": [
    {
      "uuid": "d2204117-d343-479e-9b4b-fe6444daa95e",
      "title": "",
      "fullFile": "cypress\\e2e\\Advisor\\Advisor_Partners_TS002.cy.js",
      "file": "cypress\\e2e\\Advisor\\Advisor_Partners_TS002.cy.js",
      "beforeHooks": [],
      "afterHooks": [],
      "tests": [],
      "suites": [
        {
          "uuid": "afcb4113-2f31-422b-8394-bdf2b023f024",
          "title": "Advisor_Partners_TS002",
          "fullFile": "",
          "file": "",
          "beforeHooks": [],
          "afterHooks": [],
          "tests": [
            {
              "title": "Advisor_Partners_TC001_To verify the Preferred Partners page-verifying filter, searchbar and  clicking on the preferred partner supplier and validating the supplier details",
              "fullTitle": "Advisor_Partners_TS002 Advisor_Partners_TC001_To verify the Preferred Partners page-verifying filter, searchbar and  clicking on the preferred partner supplier and validating the supplier details",
              "timedOut": null,
              "duration": 38805,
              "state": "passed",
              "speed": "slow",
              "pass": true,
              "fail": false,
              "pending": false,
              "context": "{\n  \"title\": \"cypress-mochawesome-reporter-videos-passed\",\n  \"value\": \"cypress\\\\e2e\\\\Advisor\\\\Advisor_Partners_TS002.cy.js\"\n}",
              "code": "cy.on('uncaught:exception', (err, runnable) => {\n  return false;\n});\ncy.viewport(1500, 785);\ncy.NotanadvisorLogin();\n_Partner.default.Partner.click();\n//Partner.Backtoresult.click()\ncy.log('Validating Preferred partner section');\ncy.fixture('Advisor_Partners_TS001.json').then(function (dataJson) {\n  cy.wait(5000);\n  _Partner.default.Preferredpartnertab.click(); // clicking on the preferred partner tab\n  // Partner.Preferedpartner.should('be.visible')\n  cy.wait(5000);\n  cy.url().should('include', 'https://advisor.forastaging.net/partners/programs');\n  _Partner.default.PreferredpartnerSearchbar.should('be.visible');\n  _Partner.default.Searchbutton.should('be.visible');\n  _Partner.default.PreferredpartnerSearchbar.should('be.visible');\n  _Partner.default.Searchbutton.should('be.visible');\n  _Partner.default.Needtoknow.should('be.visible');\n  _Partner.default.Needtoknowtext.should('be.visible');\n  _Partner.default.Resource.scrollIntoView().should('be.visible');\n  const Link = 'a[href=\"https://drive.google.com/drive/u/1/folders/1esI0tPRrwn14NTogHGjIaHSftV-DWa9t\"]';\n  /// veryfing the sort option of Preferred partner\n  _Partner.default.Recommended.click({\n    force: true\n  });\n  cy.wait(3000);\n  _Partner.default.Alphabetical.scrollIntoView().should('be.visible');\n  cy.wait(3000);\n  _Partner.default.Alphabetical.scrollIntoView().should('be.visible').click();\n  cy.wait(2000);\n  _Partner.default.Alphabeticalresult.should('be.visible');\n  cy.wait(1000);\n  _Partner.default.Alphabetical.eq(0).scrollIntoView().should('be.visible').click();\n  cy.wait(1000);\n  _Partner.default.Recommended.click();\n  _Partner.default.close.click();\n  cy.wait(1000);\n  ///clicking on the link present in the need to know section\n  _Partner.default.Researchbestpractice.should('be.visible').click();\n  _Partner.default.Brandmatchmaking.should('be.visible').click();\n  cy.wait(2000);\n  //valiadting the search actions\n  _Partner.default.PreferredpartnerSearchbar.type('{enter}');\n  _Partner.default.PreferredpartnerSearchbar.type('Diamond Club By B Signature');\n  _Partner.default.Searchbutton.click();\n  cy.wait(1000);\n  _Partner.default.Searchresult.click();\n  cy.wait(2000);\n  _Partner.default.Diamondclubby.should('be.visible');\n  _Partner.default.image1.should('be.visible');\n  ///    //valiadting the Preferred partner supplier\n  _Partner.default.Partnerdetailtext.scrollIntoView().should('be.visible');\n  _Partner.default.Partnerdetailtext1.should('be.visible');\n  _Partner.default.Partnerdetailtext2.eq(0).scrollIntoView().should('be.visible');\n  _Partner.default.Partnerdetailtext3.eq(1).scrollIntoView().should('be.visible');\n  _Partner.default.Partnerdetailtext4.scrollIntoView().should('be.visible');\n  _Partner.default.Partnerdetailtext5.scrollIntoView().should('be.visible');\n  _Partner.default.Partnerdetailtext6.eq(1).scrollIntoView().should('be.visible');\n  _Partner.default.Copybutton.scrollIntoView().click();\n  _Partner.default.perksdetails.should('be.visible');\n  _Partner.default.Howtobook.should('be.visible');\n  _Partner.default.Howtobookdirectly.scrollIntoView().should('be.disabled');\n  _Partner.default.Backtoresult.click();\n  ///Partner.Cancelicon.click()\n  _Partner.default.Searchbutton.click();\n});",
              "err": {},
              "uuid": "e09dcd2c-3c91-4191-92ff-0e12d9eb4b71",
              "parentUUID": "afcb4113-2f31-422b-8394-bdf2b023f024",
              "isHook": false,
              "skipped": false
            },
            {
              "title": "Advisor_Partners_TC003_To Check the Packages page- Verifying the search, sort  and  clicking on the package supplier and validating the supplier details",
              "fullTitle": "Advisor_Partners_TS002 Advisor_Partners_TC003_To Check the Packages page- Verifying the search, sort  and  clicking on the package supplier and validating the supplier details",
              "timedOut": null,
              "duration": 26205,
              "state": "passed",
              "speed": "slow",
              "pass": true,
              "fail": false,
              "pending": false,
              "context": "{\n  \"title\": \"cypress-mochawesome-reporter-videos-passed\",\n  \"value\": \"cypress\\\\e2e\\\\Advisor\\\\Advisor_Partners_TS002.cy.js\"\n}",
              "code": "cy.on('uncaught:exception', (err, runnable) => {\n  return false;\n});\n// cy.Login1()\ncy.viewport(1500, 785);\n// Home.navbar.click()\ncy.wait(2000);\ncy.log(\"Validating the Package page\");\ncy.fixture('Advisor_Partners_TS001.json').then(function (dataJson) {\n  _Partner.default.Packages.click();\n  //Partner.Packages.click()\n  cy.url().should('include', 'https://advisor.forastaging.net/partners/packages');\n  _Partner.default.TotalPackage.should('be.visible');\n  //.TotalPackage1.should('be.visible')\n  _Partner.default.Needtoknow.should('be.visible');\n  _Partner.default.allexlusivetext.should('be.visible');\n  _Partner.default.Howtobookbeyond.scrollIntoView().should('be.visible').click();\n  const specificLinkSelector = 'a[href=\"https://www.bluediamondresorts.com/\"]';\n  _Partner.default.ClubMedSupplier.scrollIntoView().should('be.visible').click();\n  _Partner.default.Packages.click();\n  cy.wait(2000);\n  cy.fixture('Advisor_Partners_TS001.json').then(function (dataJson) {\n    /// veryfing the sort option of Package supplier\n    _Partner.default.Recommended.click();\n    _Partner.default.Alphabetical.click();\n    cy.wait(3000);\n    _Partner.default.Pckagealphabeticalresult.scrollIntoView().should('be.visible');\n    _Partner.default.Alphabetical.eq(0).click();\n    _Partner.default.Recommended.click();\n    _Partner.default.Packagerecommendedresult.scrollIntoView().should('be.visible');\n    cy.wait(2000);\n    //valiadting the search option\n    _Partner.default.PackageSearchbar.type(dataJson.Destination3 + '{enter}');\n    cy.wait(2000);\n    _Partner.default.Noexclusiveicon.scrollIntoView().should('be.visible');\n    _Partner.default.Noexclusivemsg.scrollIntoView().should('be.visible');\n    _Partner.default.Noexclusivemsg1.scrollIntoView().should('be.visible');\n    ///Partner.Cancelicon.click()\n    _Partner.default.PackageSearchbar.clear().type(dataJson.Destination4 + '{enter}');\n    cy.wait(5000);\n    _Partner.default.Allexclusivename.scrollIntoView().should('be.visible').click();\n    cy.wait(3000);\n    _Partner.default.PackagesPlace.scrollIntoView().should('be.visible');\n    _Partner.default.Allexlucivelink.click();\n    //Partner.notes.should('be.visible')\n    //Partner.notestext.should('be.visible')\n    _Partner.default.Returntopartner.scrollIntoView().should('be.visible').click();\n    //Partner.Destinationsymbol.should('be.visible')\n    //Partner.AllexluciveDestination.should('be.visible')\n    cy.wait(3000);\n  });\n});",
              "err": {},
              "uuid": "4904417a-59d8-464c-8571-08bc9e2790ca",
              "parentUUID": "afcb4113-2f31-422b-8394-bdf2b023f024",
              "isHook": false,
              "skipped": false
            },
            {
              "title": "Advisor_Partners_TC005_To verify the crusies page- Verifying the search, sort and clicking on the cruises supplier and validating the supplier details",
              "fullTitle": "Advisor_Partners_TS002 Advisor_Partners_TC005_To verify the crusies page- Verifying the search, sort and clicking on the cruises supplier and validating the supplier details",
              "timedOut": null,
              "duration": 35562,
              "state": "failed",
              "speed": null,
              "pass": false,
              "fail": true,
              "pending": false,
              "context": "[\n  {\n    \"title\": \"cypress-mochawesome-reporter-videos-failed\",\n    \"value\": \"cypress\\\\e2e\\\\Advisor\\\\Advisor_Partners_TS002.cy.js\"\n  },\n  {\n    \"title\": \"cypress-mochawesome-reporter-screenshots\",\n    \"value\": [\n      [\n        \"\\\\Advisor\\\\Advisor_Partners_TS002.cy.js\\\\Advisor_Partners_TS002 -- Advisor_Partners_TC005_To verify the crusies page- Verifying the search, sort and clicking on the cruises supplier and validating the supplier details (failed).png\"\n      ]\n    ]\n  }\n]",
              "code": "cy.on('uncaught:exception', (err, runnable) => {\n  return false;\n});\ncy.viewport(1500, 785);\ncy.fixture('Advisor_Partners_TS001.json').then(function (dataJson) {\n  //   Home.navbar.click()\n  cy.wait(3000);\n  cy.log('verifying cruises page');\n  //click on the cruises tab\n  _Partner.default.Crusise.click();\n  cy.url().should('include', 'https://advisor.forastaging.net/partners/cruises');\n  _Partner.default.Needtoknow.should('be.visible');\n  _Partner.default.Needtoknowtext1.should('be.visible');\n  _Partner.default.Resource.scrollIntoView().should('be.visible');\n  //validating the search action\n  cy.wait(2000);\n  _Partner.default.CrusiesSearchbar.type(dataJson.Cruises + '{enter}');\n  cy.wait(2000);\n  _Partner.default.Newcrusisefound.scrollIntoView().should('be.visible');\n  cy.wait(2000);\n  _Partner.default.Newcrusisefound1.scrollIntoView().should('be.visible');\n  cy.wait(2000);\n  _Partner.default.Searchbutton.click();\n  cy.wait(2000);\n  _Partner.default.CrusiesSearchbar.clear();\n  cy.wait(2000);\n  _Partner.default.Searchbutton.click();\n  cy.wait(2000);\n  // validating the sort function\n  _Partner.default.Recommended.click();\n  _Partner.default.Alphabetical.click();\n  cy.wait(2000);\n  _Partner.default.cruisesalphabeticalresult.scrollIntoView().should('be.visible');\n  _Partner.default.Alphabetical.eq(0).click();\n  _Partner.default.Recommended.click();\n  cy.wait(1000);\n  _Partner.default.cruisesrecommendedresult.scrollIntoView().should('be.visible');\n  cy.wait(2000);\n  _Partner.default.CrusiesSearchbar.type(dataJson.Cruises1);\n  _Partner.default.Searchbutton.click();\n  cy.wait(3000);\n  //////valiadting the Cruises supplier\n  _Partner.default.Crusisename.should('be.visible');\n  _Partner.default.Crusiseplace.scrollIntoView().should('be.visible');\n  cy.wait(2000);\n  _Partner.default.bookedbytag.should('be.visible');\n  //Partner.Afflication.should('be.visible')\n  //Partner.Afflicationimage.should('be.visible')\n  //Partner.Afflicationimage1.should('be.visible')\n  _Partner.default.Crusisename.eq(1).should('be.visible').click();\n  _Partner.default.Crusisebrandflag.should('be.visible');\n  //Partner.Crusisebrandname.should('be.visible')\n  _Partner.default.About.should('be.visible');\n  _Partner.default.notes.scrollIntoView().should('be.visible');\n  _Partner.default.notestext.eq(0).should('be.visible');\n  //Partner.notestext.eq(1).should('be.visible')\n  //Partner.regularratedetailspage.should('be.visible')\n  //Partner.Afflicationimage1.should('be.visible')\n  _Partner.default.cruiseslink.click();\n  cy.wait(2000);\n  /*const specificLinkSelector1 = 'a[href=\"https://www.princess.com/ships-and-experience/ships/\"]';\n  \n  cy.get(specificLinkSelector1).should('have.attr', 'href').then((href) => {\n  cy.request({ url: href, failOnStatusCode: false }).then((response) => {\n    if (response.status !== 200) {\n      cy.log(`Broken link found: ${href}`);\n    }\n  });\n  });*/\n  _Partner.default.cruisesreviewlink.click();\n  _Partner.default.reviewsbyfora.scrollIntoView().should(\"be.visible\");\n  _Partner.default.Returntopartner.scrollIntoView().should('be.visible').click();\n  cy.wait(2000);\n  _Partner.default.Searchbutton.click();\n  cy.wait(5000);\n  _Partner.default.CrusiesSearchbar.clear().type(dataJson.Cruises2 + '{enter}');\n  //Partner.Afflication.should('be.visible')\n  //Partner.Afflicationimage.should('be.visible')\n  //cy.get('img').eq(3).should('be.visible');\n  //cy.get('img[src=\"https://fora-production-images.s3.us-west-2.amazonaws.com/assets/suppliers_logos/Virtuoso.png\"]').should('be.visible');\n});",
              "err": {
                "message": "CypressError: Timed out retrying after 4050ms: `cy.click()` failed because this element:\n\n`<span class=\"inline-flex gap-1 items-center\">...</span>`\n\nis being covered by another element:\n\n`<li data-testid=\"bookings-platform-sorting-list-item-name\" class=\"flex flex-row py-2 text-smallLH20 md:text-medium md:px-4 text-main cursor-pointer hover:bg-successLight hover:font-bold justify-between\">Alphabe...</li>`\n\nFix this problem, or use {force: true} to disable error checking.\n\nhttps://on.cypress.io/element-cannot-be-interacted-with",
                "estack": "CypressError: Timed out retrying after 4050ms: `cy.click()` failed because this element:\n\n`<span class=\"inline-flex gap-1 items-center\">...</span>`\n\nis being covered by another element:\n\n`<li data-testid=\"bookings-platform-sorting-list-item-name\" class=\"flex flex-row py-2 text-smallLH20 md:text-medium md:px-4 text-main cursor-pointer hover:bg-successLight hover:font-bold justify-between\">Alphabe...</li>`\n\nFix this problem, or use {force: true} to disable error checking.\n\nhttps://on.cypress.io/element-cannot-be-interacted-with\n    at ensureIsDescendent (https://advisor.forastaging.net/__cypress/runner/cypress_runner.js:112861:68)\n    at ensureDescendents (https://advisor.forastaging.net/__cypress/runner/cypress_runner.js:112912:5)\n    at ensureDescendentsAndScroll (https://advisor.forastaging.net/__cypress/runner/cypress_runner.js:112918:14)\n    at ensureElIsNotCovered (https://advisor.forastaging.net/__cypress/runner/cypress_runner.js:113049:5)\n    at runAllChecks (https://advisor.forastaging.net/__cypress/runner/cypress_runner.js:113248:52)\n    at retryActionability (https://advisor.forastaging.net/__cypress/runner/cypress_runner.js:113285:16)\n    at tryCatcher (https://advisor.forastaging.net/__cypress/runner/cypress_runner.js:1807:23)\n    at Promise.attempt.Promise.try (https://advisor.forastaging.net/__cypress/runner/cypress_runner.js:4315:29)\n    at whenStable (https://advisor.forastaging.net/__cypress/runner/cypress_runner.js:144102:68)\n    at <unknown> (https://advisor.forastaging.net/__cypress/runner/cypress_runner.js:144043:14)\n    at tryCatcher (https://advisor.forastaging.net/__cypress/runner/cypress_runner.js:1807:23)\n    at Promise._settlePromiseFromHandler (https://advisor.forastaging.net/__cypress/runner/cypress_runner.js:1519:31)\n    at Promise._settlePromise (https://advisor.forastaging.net/__cypress/runner/cypress_runner.js:1576:18)\n    at Promise._settlePromise0 (https://advisor.forastaging.net/__cypress/runner/cypress_runner.js:1621:10)\n    at Promise._settlePromises (https://advisor.forastaging.net/__cypress/runner/cypress_runner.js:1701:18)\n    at Promise._fulfill (https://advisor.forastaging.net/__cypress/runner/cypress_runner.js:1645:18)\n    at <unknown> (https://advisor.forastaging.net/__cypress/runner/cypress_runner.js:5450:46)\nFrom Your Spec Code:\n    at Context.eval (webpack://advisor/./cypress/e2e/Advisor/Advisor_Partners_TS002.cy.js:244:47)",
                "diff": null
              },
              "uuid": "89a9a123-e016-4a12-ad91-0a33bb54387e",
              "parentUUID": "afcb4113-2f31-422b-8394-bdf2b023f024",
              "isHook": false,
              "skipped": false
            },
            {
              "title": "Advisor_Partners_TC006_To Check the Flight page- verifying the Search, sort and clicking on the flight supplier and validating the supplier details",
              "fullTitle": "Advisor_Partners_TS002 Advisor_Partners_TC006_To Check the Flight page- verifying the Search, sort and clicking on the flight supplier and validating the supplier details",
              "timedOut": null,
              "duration": 11030,
              "state": "passed",
              "speed": "slow",
              "pass": true,
              "fail": false,
              "pending": false,
              "context": "{\n  \"title\": \"cypress-mochawesome-reporter-videos-passed\",\n  \"value\": \"cypress\\\\e2e\\\\Advisor\\\\Advisor_Partners_TS002.cy.js\"\n}",
              "code": "cy.on('uncaught:exception', (err, runnable) => {\n  return false;\n});\ncy.fixture('Advisor_Partners_TS001.json').then(function (dataJson) {\n  cy.viewport(1500, 785);\n  cy.log('Verifying the Flight page');\n  cy.wait(2000);\n  _Partner.default.Flight.click();\n  cy.wait(3000);\n  cy.url().should('include', 'https://advisor.forastaging.net/partners/flights');\n  _Partner.default.flightname.scrollIntoView().should('be.visible');\n  //Partner.Viewonmap.should('be.visible')\n  _Partner.default.flightname.scrollIntoView().click();\n  cy.wait(3000);\n  _Partner.default.Flightcountry.should('be.visible');\n  _Partner.default.flightabout.should('be.visible');\n  _Partner.default.Flightlink.should('be.visible').click();\n  _Partner.default.flightnote.should('be.visible');\n  _Partner.default.notetext.should('be.visible');\n  _Partner.default.Backtoresult.click();\n  //valiadting the search actions\n  _Partner.default.FlightsSearchbar.type(dataJson.Flightname);\n  cy.wait(1000);\n  _Partner.default.Searchbutton.click();\n  _Partner.default.Recommended.click();\n  _Partner.default.Alphabetical.click();\n});",
              "err": {},
              "uuid": "d1f4df2b-80b9-46ac-8058-c01fb5d6cc43",
              "parentUUID": "afcb4113-2f31-422b-8394-bdf2b023f024",
              "isHook": false,
              "skipped": false
            },
            {
              "title": "Advisor_Partners_TC007_To verify the dmcs page- verifying the Search, sort and clicking on the dmcs supplier and validating the supplier details",
              "fullTitle": "Advisor_Partners_TS002 Advisor_Partners_TC007_To verify the dmcs page- verifying the Search, sort and clicking on the dmcs supplier and validating the supplier details",
              "timedOut": null,
              "duration": 37937,
              "state": "passed",
              "speed": "slow",
              "pass": true,
              "fail": false,
              "pending": false,
              "context": "{\n  \"title\": \"cypress-mochawesome-reporter-videos-passed\",\n  \"value\": \"cypress\\\\e2e\\\\Advisor\\\\Advisor_Partners_TS002.cy.js\"\n}",
              "code": "cy.on('uncaught:exception', (err, runnable) => {\n  return false;\n});\ncy.viewport(1500, 785);\n//Home.navbar.click()\ncy.wait(3000);\ncy.fixture('Advisor_Partners_TS001.json').then(function (dataJson) {\n  cy.log('validating the DMC');\n  _Partner.default.Dmcs.click();\n  cy.wait(5000);\n  cy.wait(5000);\n  _Partner.default.Dmcscount.should('be.visible');\n  cy.url().should('include', 'https://advisor.forastaging.net/partners/dmcs');\n  _Partner.default.Needtoknow.should('be.visible');\n  _Partner.default.Needtoknowtext1.scrollIntoView().should('be.visible');\n  _Partner.default.IntroductiontoDmcs.click();\n  _Partner.default.Experiencetomorocco.click();\n  _Partner.default.Recommended.click();\n  cy.wait(3000);\n  _Partner.default.Alphabetical.click();\n  cy.wait(3000);\n  _Partner.default.dmcsalphabeticalresult.scrollIntoView().should('be.visible');\n  cy.wait(2000);\n  _Partner.default.Alphabetical.click();\n  cy.wait(2000);\n  _Partner.default.Recommended.click();\n  cy.wait(2000);\n  _Partner.default.dmcsrecommendedresult.should('be.visible');\n  cy.wait(2000);\n  //valiadting the search actions\n  _Partner.default.DmcsSearchbar.type(dataJson.DMCS);\n  _Partner.default.Searchbutton.click();\n  ////valiadting the DMC's supplier\n  _Partner.default.Dmcsname.click();\n  cy.wait(5000);\n  //cy.get('a').eq(20).invoke('removeAttr', 'target').click()\n  _Partner.default.Dmcsnameheader.should('be.visible');\n  _Partner.default.About.scrollIntoView().should('be.visible');\n  _Partner.default.Dmcsnamecountry.scrollIntoView().should('be.visible');\n  _Partner.default.Dmcslocationicon.scrollIntoView().should('be.visible');\n  _Partner.default.Dmcsregularratesicon.scrollIntoView().should('be.visible');\n  _Partner.default.Dmcslink.should('be.visible').click();\n  _Partner.default.Dmcsimage.should('be.visible').click();\n  _Partner.default.Dmcsnextimage.should('be.visible').click();\n  _Partner.default.Dmcimageclose.should('be.visible').click();\n  _Partner.default.Backtoresult.click();\n  cy.wait(2000);\n  _Partner.default.Searchbutton.click();\n});",
              "err": {},
              "uuid": "98a11405-f75b-4542-900d-11ef0a60bb62",
              "parentUUID": "afcb4113-2f31-422b-8394-bdf2b023f024",
              "isHook": false,
              "skipped": false
            },
            {
              "title": "Advisor_Partners_TC008_To verify the Homes and Villas page - Validating search sort and  clicking on the homes and villas supplier and validating the supplier details",
              "fullTitle": "Advisor_Partners_TS002 Advisor_Partners_TC008_To verify the Homes and Villas page - Validating search sort and  clicking on the homes and villas supplier and validating the supplier details",
              "timedOut": null,
              "duration": 34587,
              "state": "failed",
              "speed": null,
              "pass": false,
              "fail": true,
              "pending": false,
              "context": "[\n  {\n    \"title\": \"cypress-mochawesome-reporter-videos-failed\",\n    \"value\": \"cypress\\\\e2e\\\\Advisor\\\\Advisor_Partners_TS002.cy.js\"\n  },\n  {\n    \"title\": \"cypress-mochawesome-reporter-screenshots\",\n    \"value\": [\n      [\n        \"\\\\Advisor\\\\Advisor_Partners_TS002.cy.js\\\\Advisor_Partners_TS002 -- Advisor_Partners_TC008_To verify the Homes and Villas page - Validating search sort and  clicking on the homes and villas supplier and validating the supplier details (failed).png\"\n      ]\n    ]\n  }\n]",
              "code": "cy.on('uncaught:exception', (err, runnable) => {\n  return false;\n});\ncy.viewport(1500, 785);\ncy.wait(2000);\ncy.fixture('Advisor_Partners_TS001.json').then(function (dataJson) {\n  cy.log('Verify the Homes and Villas page');\n  cy.wait(3000);\n  _Partner.default.Homesandvillasheader.scrollIntoView().should('be.visible');\n  _Partner.default.Homesandvillas.should('be.visible').click();\n  cy.wait(5000);\n  cy.url().should('include', 'https://advisor.forastaging.net/partners/home-and-villas');\n  _Partner.default.Needtoknow.should('be.visible');\n  _Partner.default.Needtoknowtext1.should('be.visible');\n  _Partner.default.Resource.scrollIntoView().should('be.visible');\n  _Partner.default.Howtobookbeyond.scrollIntoView().click();\n  _Partner.default.HVNsuppliertraining.scrollIntoView().click();\n  _Partner.default.Homesandvillaproperties.scrollIntoView().should('be.visible');\n  //valiadting the search actions\n  _Partner.default.HomesandvillasSearchbar.type(dataJson.Homesandvillas);\n  _Partner.default.Searchbutton.click();\n  cy.wait(5000);\n  _Partner.default.Homesandvillapropertiesresult.should('be.visible');\n  //Partner.Afflication.should('be.visible')\n  //Partner.Homesnvillaaffliation.scrollIntoView().should('be.visible')\n  _Partner.default.Homesnvillasearchresult.scrollIntoView().should('be.visible').click();\n  cy.wait(2000);\n  ////valiadting the Homes and Villas supplier\n  _Partner.default.ETRA.should('be.visible');\n  _Partner.default.ETRADestination.should('be.visible');\n  _Partner.default.About.scrollIntoView().should('be.visible');\n  _Partner.default.ETRAlink.scrollIntoView().should('be.visible').click();\n  const specificLinkSelector1 = 'a[href=\"https://www.dominiquedebayprivateretreats.com/etra\"]';\n  cy.get(specificLinkSelector1).should('have.attr', 'href').then(href => {\n    cy.request({\n      url: href,\n      failOnStatusCode: false\n    }).then(response => {\n      if (response.status !== 200) {\n        cy.log(`Broken link found: ${href}`);\n      }\n    });\n  });\n  _Partner.default.Backtoresult.click();\n  cy.wait(4000);\n  _Partner.default.HomesandvillasSearchbar.clear();\n  _Partner.default.Searchbutton.click();\n  cy.wait(4000);\n  /// veryfing the sort option of Homes and Villas\n  _Partner.default.Recommended.click();\n  _Partner.default.Alphabetical.click();\n  _Partner.default.Homesnvillaalphabeticalresult.scrollIntoView().should('be.visible');\n  _Partner.default.Alphabetical.eq(0).click();\n  cy.wait(2000);\n  _Partner.default.Recommended.click();\n  _Partner.default.Homesnvillarecommandedresult.scrollIntoView().should('be.visible');\n  cy.wait(2000);\n});",
              "err": {
                "message": "AssertionError: Timed out retrying after 5000ms: Expected to find element: `//span[normalize-space()='Abercrombie & Kent Villas']`, but never found it.",
                "estack": "AssertionError: Timed out retrying after 5000ms: Expected to find element: `//span[normalize-space()='Abercrombie & Kent Villas']`, but never found it.\n    at get Homesnvillaalphabeticalresult (webpack://advisor/./cypress/support/Page Object/Advisor/Partner.js:1236:18)\n    at Context.eval (webpack://advisor/./cypress/e2e/Advisor/Advisor_Partners_TS002.cy.js:446:8)",
                "diff": null
              },
              "uuid": "7d68f836-7a4f-48d4-9f73-77130dfce4c7",
              "parentUUID": "afcb4113-2f31-422b-8394-bdf2b023f024",
              "isHook": false,
              "skipped": false
            },
            {
              "title": "Advisor_Partners_TC009_To verify the Tours and Activities page - verifying the Search, sort and clicking on the Tours and Activities supplier and validating the supplier details",
              "fullTitle": "Advisor_Partners_TS002 Advisor_Partners_TC009_To verify the Tours and Activities page - verifying the Search, sort and clicking on the Tours and Activities supplier and validating the supplier details",
              "timedOut": null,
              "duration": 26095,
              "state": "passed",
              "speed": "slow",
              "pass": true,
              "fail": false,
              "pending": false,
              "context": "{\n  \"title\": \"cypress-mochawesome-reporter-videos-passed\",\n  \"value\": \"cypress\\\\e2e\\\\Advisor\\\\Advisor_Partners_TS002.cy.js\"\n}",
              "code": "cy.on('uncaught:exception', (err, runnable) => {\n  return false;\n});\ncy.viewport(1500, 785);\ncy.wait(1000);\n//Partner.Backtoresult.click()\ncy.fixture('Advisor_Partners_TS001.json').then(function (dataJson) {\n  cy.log('Tours and Activities page');\n  _Partner.default.Toursandactivities.click();\n  cy.url().should('include', 'https://advisor.forastaging.net/partners/tours-and-activities');\n  cy.wait(2000);\n  _Partner.default.Toursandactivitiesheader.should('be.visible');\n  _Partner.default.Needtoknow.should('be.visible');\n  _Partner.default.Needtoknowtext1.should('be.visible');\n  _Partner.default.Resource.scrollIntoView().should('be.visible');\n  cy.get('[id=\"main-container\"]').scrollTo(\"top\");\n  _Partner.default.Toursandactivitiescount.should('be.visible');\n  //valiadting the search actions\n  _Partner.default.ToursandactivitySearchbar.type(dataJson.Toursandactivity);\n  _Partner.default.Searchbutton.click();\n  cy.wait(2000);\n  _Partner.default.Toursandactivitiesresultcount.scrollIntoView().should('be.visible');\n  cy.wait(2000);\n  _Partner.default.Toursandactivitiessearchresult.scrollIntoView().should('be.visible');\n  cy.get('[id=\"main-container\"]').scrollTo(\"bottom\");\n  _Partner.default.Toursandactivitiessearchplace.scrollIntoView().should('be.visible');\n  //Partner.Afflication.should('be.visible')\n  cy.get('img').should('exist');\n  _Partner.default.Toursandactivitiessearchresult.should('be.visible').click();\n  cy.wait(2000);\n  _Partner.default.Toursandactivitiesdetailspage.should('be.visible');\n  _Partner.default.Toursandactivitiesbrand.scrollIntoView().should('be.visible');\n  cy.get('img').should('exist');\n  // Assert specific attributes of the image\n  /* cy.get('img')\n     .should('have.attr', 'src', '/img/logo_fora_min.svg')\n     .should('have.attr', 'alt', 'Fora Travel')\n     .should('have.attr', 'loading', 'lazy')\n     .should('have.attr', 'decoding', 'async')\n     .should('have.attr', 'class', 'w-full relative object-contain inset-0 absolute')\n     .should('have.attr', 'style', 'position: absolute; height: 100%; width: 100%; inset: 0px; color: transparent;');\n     cy.get('img').eq(0).click()*/\n  _Partner.default.Backtoresult.click();\n  cy.wait(2000);\n  _Partner.default.ToursandactivitySearchbar.clear();\n  cy.wait(4000);\n  /// veryfing the sort option of Tours and Activities page\n  _Partner.default.Searchbutton.click();\n  cy.wait(4000);\n  _Partner.default.Recommended.click();\n  cy.wait(2000);\n  _Partner.default.Alphabetical.click();\n  cy.wait(2000);\n  _Partner.default.Toursandactivityalphabeticalresult.should(\"be.visible\");\n});",
              "err": {},
              "uuid": "d0b40322-32e6-49dd-bc70-13ae1f81caea",
              "parentUUID": "afcb4113-2f31-422b-8394-bdf2b023f024",
              "isHook": false,
              "skipped": false
            },
            {
              "title": "Advisor_Partners_TC010_To verify the Transportaion page - verifying the Search, sort and clicking on the Transportation supplier and validating the supplier details",
              "fullTitle": "Advisor_Partners_TS002 Advisor_Partners_TC010_To verify the Transportaion page - verifying the Search, sort and clicking on the Transportation supplier and validating the supplier details",
              "timedOut": null,
              "duration": 25825,
              "state": "passed",
              "speed": "slow",
              "pass": true,
              "fail": false,
              "pending": false,
              "context": "{\n  \"title\": \"cypress-mochawesome-reporter-videos-passed\",\n  \"value\": \"cypress\\\\e2e\\\\Advisor\\\\Advisor_Partners_TS002.cy.js\"\n}",
              "code": "cy.on('uncaught:exception', (err, runnable) => {\n  return false;\n});\ncy.viewport(1500, 785);\ncy.fixture('Advisor_Partners_TS001.json').then(function (dataJson) {\n  cy.log('Verify the Transportation page');\n  cy.wait(3000);\n  _Partner.default.Transportation.click();\n  cy.wait(2000);\n  _Partner.default.Transportationcount.should('be.visible');\n  //Partner.Transportationhowtobook.scrollIntoView().click()\n  //Partner.Rolzosuppliertraining.scrollIntoView().should('be.visible').click()\n  cy.url().should('include', 'https://advisor.forastaging.net/partners/transportation');\n  //valiadting the search actions\n  _Partner.default.TransportationSearchbar.type(dataJson.Transportation);\n  _Partner.default.Searchbutton.click();\n  cy.wait(2000);\n  _Partner.default.Rolzo.scrollIntoView().should('be.visible');\n  cy.wait(3000);\n  _Partner.default.Rolzoname.click();\n  _Partner.default.Transportationcountryname.should('be.visible');\n  _Partner.default.Rolzolink.click();\n  cy.wait(1000);\n  _Partner.default.Backtoresult.click();\n  cy.wait(2000);\n  _Partner.default.TransportationSearchbar.clear();\n  cy.wait(4000);\n  _Partner.default.Searchbutton.click();\n  cy.wait(2000);\n  ////valiadting the Transportation supplier\n  _Partner.default.Recommended.click();\n  _Partner.default.Alphabetical.click();\n  cy.wait(2000);\n  _Partner.default.Transportationalphabeticalresult.should('be.visible');\n  cy.wait(2000);\n});",
              "err": {},
              "uuid": "fb53c5a2-a1de-453e-8f5c-390725ed578f",
              "parentUUID": "afcb4113-2f31-422b-8394-bdf2b023f024",
              "isHook": false,
              "skipped": false
            },
            {
              "title": "Advisor_Partners_TC011_To verify the Insurance page",
              "fullTitle": "Advisor_Partners_TS002 Advisor_Partners_TC011_To verify the Insurance page",
              "timedOut": null,
              "duration": 21001,
              "state": "passed",
              "speed": "slow",
              "pass": true,
              "fail": false,
              "pending": false,
              "context": "{\n  \"title\": \"cypress-mochawesome-reporter-videos-passed\",\n  \"value\": \"cypress\\\\e2e\\\\Advisor\\\\Advisor_Partners_TS002.cy.js\"\n}",
              "code": "cy.on('uncaught:exception', (err, runnable) => {\n  return false;\n});\ncy.viewport(1500, 785);\ncy.wait(2000);\ncy.fixture('Advisor_Partners_TS001.json').then(function (dataJson) {\n  cy.log('Verify the Insurance');\n  _Partner.default.Insurance.scrollIntoView().click({\n    force: true\n  });\n  cy.wait(2000);\n  cy.url().should('include', 'https://advisor.forastaging.net/partners/insurance');\n  _Partner.default.insuranceneedtoknow.should(\"be.visible\");\n  cy.wait(2000);\n  _Partner.default.insuranceneedtoknowlink1.scrollIntoView().should(\"be.visible\").click();\n  _Partner.default.insuranceneedtoknowlink2.scrollIntoView().should(\"be.visible\").click();\n  _Partner.default.insuranceneedtoknowlink3.scrollIntoView().should(\"be.visible\").click();\n  //valiadting the search actions\n  _Partner.default.InsuranceSearchbar.type(dataJson.insurance);\n  _Partner.default.Searchbutton.click();\n  cy.wait(2000);\n  _Partner.default.Insuranceresult.should(\"be.visible\");\n  _Partner.default.Insuranceresult.should(\"be.visible\").click();\n  cy.wait(2000);\n  _Partner.default.Insurancecountry.should(\"be.visible\");\n  _Partner.default.Insuraceimage.should(\"be.visible\");\n  _Partner.default.Insuraceabout.scrollIntoView().should(\"be.visible\");\n  _Partner.default.Insurancecountryy.scrollIntoView().should(\"be.visible\");\n  cy.wait(2000);\n  _Partner.default.notessection.eq(1).scrollIntoView().should(\"be.visible\");\n  _Partner.default.Backtoresult.click();\n  _Partner.default.InsuranceSearchbar.clear();\n  cy.wait(4000);\n  _Partner.default.Searchbutton.click();\n  cy.wait(2000);\n  /// veryfing the sort option of Insurance\n  _Partner.default.Recommended.click();\n  _Partner.default.Alphabetical.click();\n  _Partner.default.InsuranceAlphabeticalresult.should(\"be.visible\");\n});",
              "err": {},
              "uuid": "56e155e5-a9cc-4d57-baa7-c4756ee1efa5",
              "parentUUID": "afcb4113-2f31-422b-8394-bdf2b023f024",
              "isHook": false,
              "skipped": false
            }
          ],
          "suites": [],
          "passes": [
            "e09dcd2c-3c91-4191-92ff-0e12d9eb4b71",
            "4904417a-59d8-464c-8571-08bc9e2790ca",
            "d1f4df2b-80b9-46ac-8058-c01fb5d6cc43",
            "98a11405-f75b-4542-900d-11ef0a60bb62",
            "d0b40322-32e6-49dd-bc70-13ae1f81caea",
            "fb53c5a2-a1de-453e-8f5c-390725ed578f",
            "56e155e5-a9cc-4d57-baa7-c4756ee1efa5"
          ],
          "failures": [
            "89a9a123-e016-4a12-ad91-0a33bb54387e",
            "7d68f836-7a4f-48d4-9f73-77130dfce4c7"
          ],
          "pending": [],
          "skipped": [],
          "duration": 257047,
          "root": false,
          "rootEmpty": false,
          "_timeout": 2000
        }
      ],
      "passes": [],
      "failures": [],
      "pending": [],
      "skipped": [],
      "duration": 0,
      "root": true,
      "rootEmpty": true,
      "_timeout": 2000
    }
  ],
  "meta": {
    "mocha": {
      "version": "7.0.1"
    },
    "mochawesome": {
      "options": {
        "quiet": false,
        "reportFilename": "mochawesome",
        "saveHtml": false,
        "saveJson": true,
        "consoleReporter": "spec",
        "useInlineDiffs": false,
        "code": true
      },
      "version": "7.1.3"
    },
    "marge": {
      "options": {
        "overwrite": false,
        "html": false,
        "json": true
      },
      "version": "6.2.0"
    }
  }
}