{
  "stats": {
    "suites": 1,
    "tests": 11,
    "passes": 10,
    "pending": 0,
    "failures": 1,
    "start": "2024-09-19T03:56:49.187Z",
    "end": "2024-09-19T03:58:18.605Z",
    "duration": 89418,
    "testsRegistered": 11,
    "passPercent": 90.9090909090909,
    "pendingPercent": 0,
    "other": 0,
    "hasOther": false,
    "skipped": 0,
    "hasSkipped": false
  },
  "results": [
    {
      "uuid": "eba23131-d9c9-4abb-ba1f-df6d62475dd0",
      "title": "",
      "fullFile": "cypress\\e2e\\Advisor\\Advisor_Marketing_TS001.cy.js",
      "file": "cypress\\e2e\\Advisor\\Advisor_Marketing_TS001.cy.js",
      "beforeHooks": [],
      "afterHooks": [],
      "tests": [],
      "suites": [
        {
          "uuid": "5a4a4a1d-e908-4f71-8e4f-0c014dd5599e",
          "title": "Advisor_Marketing_TS001",
          "fullFile": "",
          "file": "",
          "beforeHooks": [],
          "afterHooks": [],
          "tests": [
            {
              "title": "Advisor_Marketing_TC001 & TC005_To verify Fora Profile and Guides section-  ",
              "fullTitle": "Advisor_Marketing_TS001 Advisor_Marketing_TC001 & TC005_To verify Fora Profile and Guides section-  ",
              "timedOut": null,
              "duration": 16417,
              "state": "failed",
              "speed": null,
              "pass": false,
              "fail": true,
              "pending": false,
              "context": "[\n  {\n    \"title\": \"cypress-mochawesome-reporter-videos-failed\",\n    \"value\": \"cypress\\\\e2e\\\\Advisor\\\\Advisor_Marketing_TS001.cy.js\"\n  },\n  {\n    \"title\": \"cypress-mochawesome-reporter-screenshots\",\n    \"value\": [\n      [\n        \"\\\\Advisor_Marketing_TS001.cy.js\\\\Advisor_Marketing_TS001 -- Advisor_Marketing_TC001 & TC005_To verify Fora Profile and Guides section- (failed).png\"\n      ]\n    ]\n  }\n]",
              "code": "cy.on('uncaught:exception', (err, runnable) => {\n  return false;\n});\n// cy.NotanadvisorLogin()\ncy.NotanadvisortravelLogin();\n_Home.default.navbar.click();\n_Marketing.default.Resource.click();\ncy.wait(2000);\n_Marketing.default.Marketing.click();\ncy.url().should('include', 'https://advisor.forastaging.net/marketing');\n_Marketing.default.ForawebcontentHeader.should('be.visible');\n_Marketing.default.Subheading.should('be.visible');\n_ForaGuideandProfile.default.foraprofileheader.should('be.visible');\n_ForaGuideandProfile.default.Foraprofileicon.should('be.visible');\n_ForaGuideandProfile.default.Mailchimp.should('be.visible');\n_ForaGuideandProfile.default.signupform.click();\nconst baseLink = 'https://docs.google.com/presentation/d/1mRTBtU9x6MBtoqwDbw1qucbjQJNMr4c2yP1hqSJHwS8/view';\nconst specificLinkSelector = `a[href^=\"${baseLink}\"]`;\ncy.get(specificLinkSelector).should('have.attr', 'href').then(href => {\n  const url = new URL(href);\n  url.searchParams.delete('authuser'); // Remove the authuser parameter\n  const validatedHref = url.toString();\n  cy.request({\n    url: validatedHref,\n    failOnStatusCode: false\n  }).then(response => {\n    if (response.status !== 200) {\n      cy.log(`Broken link found: ${validatedHref}`);\n    }\n  });\n});",
              "err": {
                "message": "AssertionError: Timed out retrying after 4000ms: expected 'https://advisor.forastaging.net/' to include 'https://advisor.forastaging.net/marketing'",
                "estack": "AssertionError: Timed out retrying after 4000ms: expected 'https://advisor.forastaging.net/' to include 'https://advisor.forastaging.net/marketing'\n    at  (webpack://advisor/./cypress/e2e/Advisor/Advisor_Marketing_TS001.cy.js:26:17)\n    at __webpack_modules__</setRunnable/runnable.fn (https://advisor.forastaging.net/__cypress/runner/cypress_runner.js:138717:43)\n    at callFn (https://advisor.forastaging.net/__cypress/runner/cypress_runner.js:157333:21)\n    at __webpack_modules__</Runnable.prototype.run (https://advisor.forastaging.net/__cypress/runner/cypress_runner.js:157320:13)\n    at __webpack_modules__</create/onRunnableRun (https://advisor.forastaging.net/__cypress/runner/cypress_runner.js:163244:30)\n    at finallyHandler (https://advisor.forastaging.net/__cypress/runner/cypress_runner.js:4072:23)\n    at tryCatcher (https://advisor.forastaging.net/__cypress/runner/cypress_runner.js:1807:23)\n    at __webpack_modules__</module.exports/Promise.prototype._settlePromiseFromHandler (https://advisor.forastaging.net/__cypress/runner/cypress_runner.js:1519:31)\n    at __webpack_modules__</module.exports/Promise.prototype._settlePromise (https://advisor.forastaging.net/__cypress/runner/cypress_runner.js:1576:18)\n    at __webpack_modules__</module.exports/Promise.prototype._settlePromise0 (https://advisor.forastaging.net/__cypress/runner/cypress_runner.js:1621:10)\n    at __webpack_modules__</module.exports/Promise.prototype._settlePromises (https://advisor.forastaging.net/__cypress/runner/cypress_runner.js:1701:18)\n    at _drainQueueStep (https://advisor.forastaging.net/__cypress/runner/cypress_runner.js:2407:12)\n    at _drainQueue (https://advisor.forastaging.net/__cypress/runner/cypress_runner.js:2400:24)\n    at __webpack_modules__</Async.prototype._drainQueues (https://advisor.forastaging.net/__cypress/runner/cypress_runner.js:2416:16)\n    at __webpack_modules__</Async/this.drainQueues (https://advisor.forastaging.net/__cypress/runner/cypress_runner.js:2286:14)",
                "diff": null
              },
              "uuid": "a50b504a-c9f8-4e10-857a-82f14b5668fe",
              "parentUUID": "5a4a4a1d-e908-4f71-8e4f-0c014dd5599e",
              "isHook": false,
              "skipped": false
            },
            {
              "title": "Advisor_MArketing_TC003_To verify  if user can submit a guide in guide and reports",
              "fullTitle": "Advisor_Marketing_TS001 Advisor_MArketing_TC003_To verify  if user can submit a guide in guide and reports",
              "timedOut": null,
              "duration": 5809,
              "state": "passed",
              "speed": "medium",
              "pass": true,
              "fail": false,
              "pending": false,
              "context": "{\n  \"title\": \"cypress-mochawesome-reporter-videos-passed\",\n  \"value\": \"cypress\\\\e2e\\\\Advisor\\\\Advisor_Marketing_TS001.cy.js\"\n}",
              "code": "cy.on('uncaught:exception', (err, runnable) => {\n  return false;\n});\n_ForaGuideandProfile.default.Guideandtripresult.should('be.visible');\n_ForaGuideandProfile.default.Guideandtripresulticon.should('be.visible');\n//const specificLinkSelector = 'a[href=\"&authuser=test.qa0618@forastaging.net\"]';\n//const specificLinkSelector1 = 'a[href=\"&authuser=test.qa0618@forastaging.net\"]';\nconst specificLinkSelector2 = 'a[href=\"mailto:support@fora.travel\"]';\nconst baseLink = 'https://docs.google.com/forms/d/e/1FAIpQLSfhBA1EZF8r2DGl8oGZxmiqbzAMCGHz2qwPtcXMRV-cbx_0rA/viewform?usp=sharing';\nconst specificLinkSelector = `a[href^=\"${baseLink}\"]`;\nconst baseLink1 = 'https://docs.google.com/forms/d/e/1FAIpQLSfhBA1EZF8r2DGl8oGZxmiqbzAMCGHz2qwPtcXMRV-cbx_0rA/viewform?usp=sharing';\nconst specificLinkSelector1 = `a[href^=\"${baseLink1}\"]`;\n_ForaGuideandProfile.default.Guidereport.click();\ncy.get(specificLinkSelector).should('have.attr', 'href').then(href => {\n  const url = new URL(href);\n  url.searchParams.delete('authuser'); // Remove the authuser parameter\n  const validatedHref = url.toString();\n  cy.request({\n    url: validatedHref,\n    failOnStatusCode: false\n  }).then(response => {\n    if (response.status !== 200) {\n      cy.log(`Broken link found: ${validatedHref}`);\n    }\n  });\n});\n_ForaGuideandProfile.default.guideortripresult.should('be.visible');\n_ForaGuideandProfile.default.Supportemail.click();\ncy.get(specificLinkSelector1).should('have.attr', 'href').then(href => {\n  const url = new URL(href);\n  url.searchParams.delete('authuser'); // Remove the authuser parameter\n  const validatedHref = url.toString();\n  cy.request({\n    url: validatedHref,\n    failOnStatusCode: false\n  }).then(response => {\n    if (response.status !== 200) {\n      cy.log(`Broken link found: ${validatedHref}`);\n    }\n  });\n});",
              "err": {},
              "uuid": "600115fc-62c9-4273-8087-d3fa209a9a08",
              "parentUUID": "5a4a4a1d-e908-4f71-8e4f-0c014dd5599e",
              "isHook": false,
              "skipped": false
            },
            {
              "title": "Advisor_Marketing_TC004_To verify   Review section",
              "fullTitle": "Advisor_Marketing_TS001 Advisor_Marketing_TC004_To verify   Review section",
              "timedOut": null,
              "duration": 2059,
              "state": "passed",
              "speed": "fast",
              "pass": true,
              "fail": false,
              "pending": false,
              "context": "{\n  \"title\": \"cypress-mochawesome-reporter-videos-passed\",\n  \"value\": \"cypress\\\\e2e\\\\Advisor\\\\Advisor_Marketing_TS001.cy.js\"\n}",
              "code": "cy.on('uncaught:exception', (err, runnable) => {\n  return false;\n});\nconst specificLinkSelector = 'a[href=\"https://advisor.fora.travel/help/articles/what-does-the-travel-reviews-feature-do\"]';\n_ForaGuideandProfile.default.Reviewtext.scrollIntoView().should('be.visible');\n_ForaGuideandProfile.default.Reviewicon.should('be.visible');\n_ForaGuideandProfile.default.Reviewtext1.should('be.visible');\n_ForaGuideandProfile.default.Reviewtext2.scrollIntoView().should('be.visible');\n_ForaGuideandProfile.default.Reviewtext3.scrollIntoView().should('be.visible');\n_ForaGuideandProfile.default.Reviewtext4.scrollIntoView().should('be.visible');\n_ForaGuideandProfile.default.Reviewtext5.scrollIntoView().should('be.visible');\n_ForaGuideandProfile.default.Reviewtext6.scrollIntoView().should('be.visible');\n_ForaGuideandProfile.default.Reviewtext7.scrollIntoView().should('be.visible').click();\ncy.get(specificLinkSelector).should('have.attr', 'href').then(href => {\n  cy.request({\n    url: href,\n    failOnStatusCode: false\n  }).then(response => {\n    if (response.status !== 200) {\n      cy.log(`Broken link found: ${href}`);\n    }\n  });\n});",
              "err": {},
              "uuid": "d88a66f2-b6fa-4dc3-9ae3-4633a4e5213c",
              "parentUUID": "5a4a4a1d-e908-4f71-8e4f-0c014dd5599e",
              "isHook": false,
              "skipped": false
            },
            {
              "title": "Advisor_Marketing_TC005_To verify Template page",
              "fullTitle": "Advisor_Marketing_TS001 Advisor_Marketing_TC005_To verify Template page",
              "timedOut": null,
              "duration": 4035,
              "state": "passed",
              "speed": "fast",
              "pass": true,
              "fail": false,
              "pending": false,
              "context": "{\n  \"title\": \"cypress-mochawesome-reporter-videos-passed\",\n  \"value\": \"cypress\\\\e2e\\\\Advisor\\\\Advisor_Marketing_TS001.cy.js\"\n}",
              "code": "cy.on('uncaught:exception', (err, runnable) => {\n  return false;\n});\n_Marketing.default.Switchtotemplates.click();\ncy.wait(3000);\n// Shareableasset.Template.should('be.visible')\n_Shareabelasset.default.Emailicon.should('be.visible');\n_Shareabelasset.default.Emailtext.should('be.visible');\n_Shareabelasset.default.setuptext.should('be.visible');\n_Shareabelasset.default.Magiccontent.scrollIntoView().should('be.visible');\n_Shareabelasset.default.Magiccontenticon.should('be.visible');\n_Shareabelasset.default.Magiccontenttext.scrollIntoView().should('be.visible');\n_Shareabelasset.default.Socialmedia.scrollIntoView().should('be.visible');\n_Shareabelasset.default.Socialmediaicon.should('be.visible');\n_Shareabelasset.default.Socialmediatext.scrollIntoView().should('be.visible');\n/* Shareableasset.Evergreencontent.scrollIntoView().should('be.visible')\n Shareableasset.Evergreencontenttext.should('be.visible')\n Shareableasset.Evergreencontenticon.should('be.visible')\n Shareableasset.Travelagentlink.should('be.visible')\n           Shareableasset.Travelagenttext.should('be.visible')*/",
              "err": {},
              "uuid": "13c2d669-f969-4279-80c5-239ab1611219",
              "parentUUID": "5a4a4a1d-e908-4f71-8e4f-0c014dd5599e",
              "isHook": false,
              "skipped": false
            },
            {
              "title": "Advisor_Marketing_TC006_To verify  email campaigns section",
              "fullTitle": "Advisor_Marketing_TS001 Advisor_Marketing_TC006_To verify  email campaigns section",
              "timedOut": null,
              "duration": 5336,
              "state": "passed",
              "speed": "medium",
              "pass": true,
              "fail": false,
              "pending": false,
              "context": "{\n  \"title\": \"cypress-mochawesome-reporter-videos-passed\",\n  \"value\": \"cypress\\\\e2e\\\\Advisor\\\\Advisor_Marketing_TS001.cy.js\"\n}",
              "code": "cy.on('uncaught:exception', (err, runnable) => {\n  return false;\n});\nconst baseLink = 'https://drive.google.com/drive/u/0/folders/1L-7_QyAMlq1uapq7Yz4__giWmZDUHiXQ';\nconst specificLinkSelector = `a[href^=\"${baseLink}\"]`;\nconst baseLink1 = 'https://docs.google.com/spreadsheets/d/1ub19wcmOEBmD82Gr05Qw_0Zmn5klXtxxy6ZOBxhyqmQ';\nconst specificLinkSelector1 = `a[href^=\"${baseLink1}\"]`;\n//   Marketing.Templates.scrollIntoView().should('be.visible')\n_Shareabelasset.default.Emailtext.scrollIntoView().should('be.visible');\n_Shareabelasset.default.Emailtext.should('be.visible');\n_Shareabelasset.default.Emailtext.should('be.visible');\n_Shareabelasset.default.setuptext.should('be.visible');\n_Shareabelasset.default.marketingyourselflink.click();\ncy.get(specificLinkSelector).should('have.attr', 'href').then(href => {\n  cy.request({\n    url: href,\n    failOnStatusCode: false\n  }).then(response => {\n    if (response.status !== 200) {\n      cy.log(`Broken link found: ${href}`);\n    }\n  });\n});\n_Shareabelasset.default.Emailtemplatelink.click();\ncy.get(specificLinkSelector1).should('have.attr', 'href').then(href => {\n  cy.request({\n    url: href,\n    failOnStatusCode: false\n  }).then(response => {\n    if (response.status !== 200) {\n      cy.log(`Broken link found: ${href}`);\n    }\n  });\n});",
              "err": {},
              "uuid": "42aa3f89-5ce1-41e4-831b-9492a90a52da",
              "parentUUID": "5a4a4a1d-e908-4f71-8e4f-0c014dd5599e",
              "isHook": false,
              "skipped": false
            },
            {
              "title": "Advisor_Marketing_TC007_To verify Magic Content Section",
              "fullTitle": "Advisor_Marketing_TS001 Advisor_Marketing_TC007_To verify Magic Content Section",
              "timedOut": null,
              "duration": 3886,
              "state": "passed",
              "speed": "fast",
              "pass": true,
              "fail": false,
              "pending": false,
              "context": "{\n  \"title\": \"cypress-mochawesome-reporter-videos-passed\",\n  \"value\": \"cypress\\\\e2e\\\\Advisor\\\\Advisor_Marketing_TS001.cy.js\"\n}",
              "code": "cy.on('uncaught:exception', (err, runnable) => {\n  return false;\n});\nconst baseLink = 'https://docs.google.com/spreadsheets/d/1ub19wcmOEBmD82Gr05Qw_0Zmn5klXtxxy6ZOBxhyqmQ';\nconst specificLinkSelector = `a[href^=\"${baseLink}\"]`;\n//   const specificLinkSelector = 'a[href=\"?authuser=test.qa0618@forastaging.net\"]';\nconst specificLinkSelector1 = 'a[href=\"https://www.loom.com/share/57fe970f86014c00a3ca55d97661b994?sid=9382b269-4fe5-43e7-8686-09393a28a7f1\"]';\n_Shareabelasset.default.Magiccontent.scrollIntoView().should('be.visible');\n_Shareabelasset.default.Magiccontenticon.should('be.visible');\n_Shareabelasset.default.Magiccontenttext.scrollIntoView().should('be.visible');\n_Shareabelasset.default.Viewallink.click();\ncy.get(specificLinkSelector).should('have.attr', 'href').then(href => {\n  cy.request({\n    url: href,\n    failOnStatusCode: false\n  }).then(response => {\n    if (response.status !== 200) {\n      cy.log(`Broken link found: ${href}`);\n    }\n  });\n});\n_Shareabelasset.default.Magicfeaturelink.click();\ncy.get(specificLinkSelector1).should('have.attr', 'href').then(href => {\n  cy.request({\n    url: href,\n    failOnStatusCode: false\n  }).then(response => {\n    if (response.status !== 200) {\n      cy.log(`Broken link found: ${href}`);\n    }\n  });\n});",
              "err": {},
              "uuid": "d3299494-13ce-4763-9914-4f160a155c08",
              "parentUUID": "5a4a4a1d-e908-4f71-8e4f-0c014dd5599e",
              "isHook": false,
              "skipped": false
            },
            {
              "title": "Advisor_Marketing_TC008_To verify Social Media section",
              "fullTitle": "Advisor_Marketing_TS001 Advisor_Marketing_TC008_To verify Social Media section",
              "timedOut": null,
              "duration": 7458,
              "state": "passed",
              "speed": "medium",
              "pass": true,
              "fail": false,
              "pending": false,
              "context": "{\n  \"title\": \"cypress-mochawesome-reporter-videos-passed\",\n  \"value\": \"cypress\\\\e2e\\\\Advisor\\\\Advisor_Marketing_TS001.cy.js\"\n}",
              "code": "cy.on('uncaught:exception', (err, runnable) => {\n  return false;\n});\nconst baseLink = 'https://docs.google.com/spreadsheets/d/1ub19wcmOEBmD82Gr05Qw_0Zmn5klXtxxy6ZOBxhyqmQ';\nconst specificLinkSelector = `a[href^=\"${baseLink}\"]`;\nconst baseLink1 = 'https://drive.google.com/drive/folders/1lzLoa4L1T5WckR4U159r7zc1S8vpMBpj';\nconst specificLinkSelector1 = `a[href^=\"${baseLink1}\"]`;\n_Shareabelasset.default.Socialmedia.scrollIntoView().should('be.visible');\n_Shareabelasset.default.Socialmediaicon.should('be.visible');\n_Shareabelasset.default.Socialmediatext.scrollIntoView().should('be.visible');\n_Shareabelasset.default.SocialmediaShareableAssets.click();\ncy.get(specificLinkSelector).should('have.attr', 'href').then(href => {\n  cy.request({\n    url: href,\n    failOnStatusCode: false\n  }).then(response => {\n    if (response.status !== 200) {\n      cy.log(`Broken link found: ${href}`);\n    }\n  });\n});\n_Shareabelasset.default.instafeed.click();\ncy.get(specificLinkSelector1).should('have.attr', 'href').then(href => {\n  cy.request({\n    url: href,\n    failOnStatusCode: false\n  }).then(response => {\n    if (response.status !== 200) {\n      cy.log(`Broken link found: ${href}`);\n    }\n  });\n});\n/*  Shareableasset.Acessforallsocialmedia.click()\n  cy.get(specificLinkSelector2).should('have.attr', 'href').then((href) => {\n    cy.request({ url: href, failOnStatusCode: false }).then((response) => {\n      if (response.status !== 200) {\n        cy.log(`Broken link found: ${href}`);\n      }\n    });\n  });\n  Shareableasset.Requestimageaccess.click()\n  cy.get(specificLinkSelector3).should('have.attr', 'href').then((href) => {\n    cy.request({ url: href, failOnStatusCode: false }).then((response) => {\n      if (response.status !== 200) {\n        cy.log(`Broken link found: ${href}`);\n      }\n    });\n  });\n  Shareableasset.Acessourhomeimage.click()\n  cy.get(specificLinkSelector4).should('have.attr', 'href').then((href) => {\n    cy.request({ url: href, failOnStatusCode: false }).then((response) => {\n      if (response.status !== 200) {\n        cy.log(`Broken link found: ${href}`);\n      }\n    });\n  });*/",
              "err": {},
              "uuid": "a99cdac0-89d7-486e-a9f3-e50149c823a8",
              "parentUUID": "5a4a4a1d-e908-4f71-8e4f-0c014dd5599e",
              "isHook": false,
              "skipped": false
            },
            {
              "title": "Advisor_Shareable Assets_TC009_To verify Sharable pdf section",
              "fullTitle": "Advisor_Marketing_TS001 Advisor_Shareable Assets_TC009_To verify Sharable pdf section",
              "timedOut": null,
              "duration": 198,
              "state": "passed",
              "speed": "fast",
              "pass": true,
              "fail": false,
              "pending": false,
              "context": "{\n  \"title\": \"cypress-mochawesome-reporter-videos-passed\",\n  \"value\": \"cypress\\\\e2e\\\\Advisor\\\\Advisor_Marketing_TS001.cy.js\"\n}",
              "code": "cy.on('uncaught:exception', (err, runnable) => {\n  return false;\n});\n_Shareabelasset.default.shareablepdficon.scrollIntoView().should('be.visible');\n_Shareabelasset.default.shareablepdf.should('be.visible');\n_Shareabelasset.default.shareablepdftext.should('be.visible');\n_Shareabelasset.default.shareablepdflink.should('be.visible');",
              "err": {},
              "uuid": "57ce862f-0fcf-4efb-a9e7-d39644c82fa1",
              "parentUUID": "5a4a4a1d-e908-4f71-8e4f-0c014dd5599e",
              "isHook": false,
              "skipped": false
            },
            {
              "title": "Advisor_Marketing_TC012_To verify photography assets section",
              "fullTitle": "Advisor_Marketing_TS001 Advisor_Marketing_TC012_To verify photography assets section",
              "timedOut": null,
              "duration": 11465,
              "state": "passed",
              "speed": "slow",
              "pass": true,
              "fail": false,
              "pending": false,
              "context": "{\n  \"title\": \"cypress-mochawesome-reporter-videos-passed\",\n  \"value\": \"cypress\\\\e2e\\\\Advisor\\\\Advisor_Marketing_TS001.cy.js\"\n}",
              "code": "cy.on('uncaught:exception', (err, runnable) => {\n  return false;\n});\n_Marketing.default.BrandAssets.should('be.visible');\nconst baseLink = 'https://drive.google.com/drive/folders/16468qCivE8e4pP3YeQGR4zRngKxrd8GY?usp=sharing';\nconst specificLinkSelector = `a[href^=\"${baseLink}\"]`;\nconst specificLinkSelector1 = 'a[href=\"https://unsplash.com/collections/_FLgge8o2Bo/fora\"]';\nconst specificLinkSelector2 = 'a[href=\"https://www.pexels.com/collections/fora-inex4sy/\"]';\nconst baseLink3 = 'https://docs.google.com/document/d/1NnL3K6NhZxzFRd6h338v7Kf9lNAfaiPFXK92icwwhdU/edit?usp=sharing';\nconst specificLinkSelector3 = `a[href^=\"${baseLink3}\"]`;\n_Shareabelasset.default.Photographyasset.scrollIntoView().should('be.visible');\n_Shareabelasset.default.Photographyasseticon.should('be.visible');\n_Shareabelasset.default.Photographyassettext.should('be.visible');\n_Shareabelasset.default.Acesshotel.click();\ncy.get(specificLinkSelector).should('have.attr', 'href').then(href => {\n  cy.request({\n    url: href,\n    failOnStatusCode: false\n  }).then(response => {\n    if (response.status !== 200) {\n      cy.log(`Broken link found: ${href}`);\n    }\n  });\n});\n_Shareabelasset.default.Unsplashlibrary.click();\ncy.get(specificLinkSelector1).should('have.attr', 'href').then(href => {\n  cy.request({\n    url: href,\n    failOnStatusCode: false\n  }).then(response => {\n    if (response.status !== 200) {\n      cy.log(`Broken link found: ${href}`);\n    }\n  });\n});\n_Shareabelasset.default.Pexellibrary.click();\ncy.get(specificLinkSelector2).should('have.attr', 'href').then(href => {\n  cy.request({\n    url: href,\n    failOnStatusCode: false\n  }).then(response => {\n    if (response.status !== 200) {\n      cy.log(`Broken link found: ${href}`);\n    }\n  });\n});\n_Shareabelasset.default.imageassetsfromhotels.click();\ncy.get(specificLinkSelector3).should('have.attr', 'href').then(href => {\n  cy.request({\n    url: href,\n    failOnStatusCode: false\n  }).then(response => {\n    if (response.status !== 200) {\n      cy.log(`Broken link found: ${href}`);\n    }\n  });\n});",
              "err": {},
              "uuid": "9a7c7a93-a5cb-4f03-9d30-39ff1a56b0d6",
              "parentUUID": "5a4a4a1d-e908-4f71-8e4f-0c014dd5599e",
              "isHook": false,
              "skipped": false
            },
            {
              "title": "Advisor_Marketing_TC0_To verify Fora brand guideline section",
              "fullTitle": "Advisor_Marketing_TS001 Advisor_Marketing_TC0_To verify Fora brand guideline section",
              "timedOut": null,
              "duration": 9115,
              "state": "passed",
              "speed": "medium",
              "pass": true,
              "fail": false,
              "pending": false,
              "context": "{\n  \"title\": \"cypress-mochawesome-reporter-videos-passed\",\n  \"value\": \"cypress\\\\e2e\\\\Advisor\\\\Advisor_Marketing_TS001.cy.js\"\n}",
              "code": "cy.on('uncaught:exception', (err, runnable) => {\n  return false;\n});\nconst baseLink = 'https://drive.google.com/drive/folders/1ouCAkejr9ot1PCog5klBZb7ddhg3MxxR?usp=sharing';\nconst specificLinkSelector = `a[href^=\"${baseLink}\"]`;\ncy.wait(2000);\n_Marketing.default.Brandguideline.should('be.visible');\n_Marketing.default.Brandguidelineicon.should('be.visible');\n_Marketing.default.Brandguidelinetext.should('be.visible');\ncy.wait(2000);\n_Marketing.default.Forabrandguideline.click();\ncy.get(specificLinkSelector).should('have.attr', 'href').then(href => {\n  cy.request({\n    url: href,\n    failOnStatusCode: false\n  }).then(response => {\n    if (response.status !== 200) {\n      cy.log(`Broken link found: ${href}`);\n    }\n  });\n});",
              "err": {},
              "uuid": "89d41c79-1625-4fe4-8960-ea0d0762f7e5",
              "parentUUID": "5a4a4a1d-e908-4f71-8e4f-0c014dd5599e",
              "isHook": false,
              "skipped": false
            },
            {
              "title": "Advisor_Marketing_TC013_To verify Report an issue module",
              "fullTitle": "Advisor_Marketing_TS001 Advisor_Marketing_TC013_To verify Report an issue module",
              "timedOut": null,
              "duration": 17994,
              "state": "passed",
              "speed": "slow",
              "pass": true,
              "fail": false,
              "pending": false,
              "context": "{\n  \"title\": \"cypress-mochawesome-reporter-videos-passed\",\n  \"value\": \"cypress\\\\e2e\\\\Advisor\\\\Advisor_Marketing_TS001.cy.js\"\n}",
              "code": "cy.on('uncaught:exception', (err, runnable) => {\n  return false;\n});\n_Home.default.navbar.click();\n_Partner.default.Reportanissue.scrollIntoView().click();\n_Partner.default.Issuetopicheader.should('be.visible');\n_ForaGuideandProfile.default.Issuetopicdropdown.should('be.visible').click();\n_Partner.default.dropdownvalue1.should('be.visible');\n_Partner.default.dropdownvalue2.should('be.visible');\n_Partner.default.dropdownvalue3.should('be.visible');\n_Partner.default.dropdownvalue4.should('be.visible');\n_Partner.default.dropdownvalue5.should('be.visible');\n_Partner.default.dropdownvalue6.should('be.visible');\n_Partner.default.dropdownvalue1.click();\n_Partner.default.Describetheissue.should('be.visible');\n_Partner.default.Describetheissuefield.should('be.visible');\n_Partner.default.Cancel.should('be.visible');\n_Partner.default.Report.should('be.visible').click();\n//Partner.Error1.should('be.visible')\n_Partner.default.Error2.should('be.visible');\n_Partner.default.Issueseverityheader.should('be.visible');\n_Partner.default.Issueseveritydropdown.click();\n_Partner.default.Issueseveritydropdownvalue1.should('be.visible');\n_Partner.default.Issueseveritydropdownvalue2.should('be.visible');\n_Partner.default.Issueseveritydropdownvalue3.should('be.visible');\n_Partner.default.Issueseveritydropdownvalue2.should('be.visible').click();\n_Partner.default.Describetheissuefield.should('be.visible').type(\"error\");\n_Partner.default.Report.click();\n_Partner.default.rightmarks.should('be.visible');\n_Partner.default.successtext.should('be.visible');\n_Partner.default.successsubtext.should('be.visible');\n_Partner.default.close.click();\n_Home.default.navbar.click();\n_Partner.default.Reportanissue.scrollIntoView().click();\n_Partner.default.Reportanissueheader.should('be.visible');\n_Partner.default.Reportanissuetext.should('be.visible');\n_Partner.default.Issuetopicheader.should('be.visible');\n_ForaGuideandProfile.default.Issuetopicdropdown.should('be.visible').click();\n_Partner.default.dropdownvalue1.should('be.visible');\n_Partner.default.dropdownvalue2.should('be.visible');\n_Partner.default.dropdownvalue3.should('be.visible');\n_Partner.default.dropdownvalue4.should('be.visible');\n_Partner.default.dropdownvalue5.should('be.visible');\n_Partner.default.dropdownvalue6.should('be.visible');\n_Partner.default.dropdownvalue2.click();\n_Partner.default.Issueseveritydropdown.click();\n_Partner.default.Issueseveritydropdownvalue2.click();\n_Partner.default.Issuetypeheader.should('be.visible');\n_Partner.default.Issuetypedropdown.click();\n_Partner.default.Issuetypedropdown1.should('be.visible');\n_Partner.default.Issuetypedropdown2.should('be.visible');\n_Partner.default.Issuetypedropdown3.should('be.visible');\n_Partner.default.Issuetypedropdown4.should('be.visible');\n_Partner.default.Issuetypedropdown5.eq(4).should('be.visible');\n_Partner.default.Issuetypedropdown2.click();\n_Partner.default.Describetheissuefield.should('be.visible').type(\"error\");\n_Partner.default.Report.click();\n_Partner.default.rightmarks.should('be.visible');\n_Partner.default.successtext.should('be.visible');\n_Partner.default.successsubtext.should('be.visible');\n_Partner.default.close.click();\n//Marketing\n/*         Home.navbar.click()\n         Partner.Reportanissue.scrollIntoView().click()\n         Partner.Reportanissueheader.should('be.visible')\n         Partner.Reportanissuetext.should('be.visible')\n         Partner.Issuetopicheader.should('be.visible')\n         Guideandprofile.Issuetopicdropdown.should('be.visible').click()\n         Partner.dropdownvalue3.click()\n         Partner.Issueseveritydropdown.click()\n         Partner.Issueseveritydropdownvalue3.should('be.visible').click()\n         Partner.Issuetypedropdown.click()\n         Partner.Marketingissuetypedropdown1.should('be.visible')\n         Partner.Marketingissuetypedropdown2.should('be.visible')\n         Partner.Marketingissuetypedropdown3.should('be.visible')\n         Partner.Marketingissuetypedropdown4.should('be.visible')\n         Partner.Marketingissuetypedropdown5.should('be.visible')\n         Partner.Marketingissuetypedropdown6.should('be.visible')\n         Partner.Marketingissuetypedropdown7.eq(6).scrollIntoView().should('be.visible')\n         Partner.Marketingissuetypedropdown3.click()\n         Partner.Describetheissuefield.should('be.visible').type(\"Testttttttttttttt\")\n         Partner.Report.click()\n         Partner.rightmarks.should('be.visible')\n         Partner.successtext.should('be.visible')\n         Partner.successsubtext.should('be.visible')\n         Partner.close.click()\n         ////Partners\n         Home.navbar.click()\n           Partner.Reportanissue.scrollIntoView().click()\n         Partner.Reportanissueheader.should('be.visible')\n         Partner.Reportanissuetext.should('be.visible')\n         Partner.Issuetopicheader.should('be.visible')\n         Guideandprofile.Issuetopicdropdown.should('be.visible').click()\n         Partner.dropdownvalue4.click()\n         Partner.Issueseveritydropdown.click()\n         Partner.Issueseveritydropdownvalue2.should('be.visible').click()\n         Partner.Issuetypedropdown.click()\n         Partner.Partnerissuetypedropdown1.should('be.visible')\n         Partner.Partnerissuetypedropdown2.should('be.visible')\n         Partner.Partnerissuetypedropdown3.should('be.visible')\n         Partner.Partnerissuetypedropdown4.should('be.visible')\n         Partner.Partnerissuetypedropdown5.should('be.visible')\n         Partner.Partnerissuetypedropdown6.eq(5).should('be.visible')\n         Partner.Partnerissuetypedropdown5.scrollIntoView().should('be.visible').click()\n         Partner.Describetheissuefield.should('be.visible').type(\"Testttttttttttttt\")\n         Partner.Report.click()\n         Partner.rightmarks.should('be.visible')\n         Partner.successtext.should('be.visible')\n         Partner.successsubtext.should('be.visible')\n         Partner.close.click()\n         //General feedback\n         Home.navbar.click()\n           Partner.Reportanissue.scrollIntoView().click()\n         Partner.Reportanissueheader.should('be.visible')\n         Partner.Reportanissuetext.should('be.visible')\n         Partner.Issuetopicheader.should('be.visible')\n         Guideandprofile.Issuetopicdropdown.should('be.visible').click()\n         Partner.dropdownvalue6.click()\n         Partner.Issueseveritydropdown.click()\n         Partner.Issueseveritydropdownvalue3.should('be.visible').click()\n         Partner.Describetheissuefield.should('be.visible').type(\"Testttttttttttttt\")\n         Partner.Report.click()\n         Partner.rightmarks.should('be.visible')\n         Partner.successtext.should('be.visible')\n         Partner.successsubtext.should('be.visible')\n         Partner.close.click()\n         /// Training\n         Home.navbar.click()\n           Partner.Reportanissue.scrollIntoView().click()\n         Partner.Reportanissueheader.should('be.visible')\n         Partner.Reportanissuetext.should('be.visible')\n         Partner.Issuetopicheader.should('be.visible')\n         Guideandprofile.Issuetopicdropdown.should('be.visible').click()\n         Partner.dropdownvalue5.click()\n         Partner.Issueseveritydropdown.click()\n         Partner.Issueseveritydropdownvalue3.should('be.visible').click()\n         Partner.Issuetypedropdown.click()\n         Partner.Trainerissuetypedropdown1.should('be.visible')\n         Partner.Trainerissuetypedropdown2.should('be.visible')\n         Partner.Trainerissuetypedropdown3.should('be.visible')\n         Partner.Trainerissuetypedropdown4.should('be.visible')\n         Partner.Trainerissuetypedropdown5.should('be.visible')\n         Partner.Trainerissuetypedropdown6.should('be.visible')\n         Partner.Trainerissuetypedropdown7.should('be.visible')\n         Partner.Trainerissuetypedropdown8.eq(7).should('be.visible')\n         Partner.Trainerissuetypedropdown3.should('be.visible').click()\n         Partner.Describetheissuefield.should('be.visible').type(\"Testttttttttttttt\")\n         Partner.Report.click()\n         Partner.rightmarks.should('be.visible')\n         Partner.successtext.should('be.visible')\n         Partner.successsubtext.should('be.visible')\n         Partner.close.click()*/",
              "err": {},
              "uuid": "54bff5a2-1271-406c-a2b7-81137d31a4e0",
              "parentUUID": "5a4a4a1d-e908-4f71-8e4f-0c014dd5599e",
              "isHook": false,
              "skipped": false
            }
          ],
          "suites": [],
          "passes": [
            "600115fc-62c9-4273-8087-d3fa209a9a08",
            "d88a66f2-b6fa-4dc3-9ae3-4633a4e5213c",
            "13c2d669-f969-4279-80c5-239ab1611219",
            "42aa3f89-5ce1-41e4-831b-9492a90a52da",
            "d3299494-13ce-4763-9914-4f160a155c08",
            "a99cdac0-89d7-486e-a9f3-e50149c823a8",
            "57ce862f-0fcf-4efb-a9e7-d39644c82fa1",
            "9a7c7a93-a5cb-4f03-9d30-39ff1a56b0d6",
            "89d41c79-1625-4fe4-8960-ea0d0762f7e5",
            "54bff5a2-1271-406c-a2b7-81137d31a4e0"
          ],
          "failures": [
            "a50b504a-c9f8-4e10-857a-82f14b5668fe"
          ],
          "pending": [],
          "skipped": [],
          "duration": 83772,
          "root": false,
          "rootEmpty": false,
          "_timeout": 2000
        }
      ],
      "passes": [],
      "failures": [],
      "pending": [],
      "skipped": [],
      "duration": 0,
      "root": true,
      "rootEmpty": true,
      "_timeout": 2000
    }
  ],
  "meta": {
    "mocha": {
      "version": "7.0.1"
    },
    "mochawesome": {
      "options": {
        "quiet": false,
        "reportFilename": "mochawesome",
        "saveHtml": false,
        "saveJson": true,
        "consoleReporter": "spec",
        "useInlineDiffs": false,
        "code": true
      },
      "version": "7.1.3"
    },
    "marge": {
      "options": {
        "overwrite": false,
        "html": false,
        "json": true
      },
      "version": "6.2.0"
    }
  }
}