{
  "stats": {
    "suites": 1,
    "tests": 2,
    "passes": 1,
    "pending": 0,
    "failures": 1,
    "start": "2024-09-18T09:44:20.519Z",
    "end": "2024-09-18T09:44:38.801Z",
    "duration": 18282,
    "testsRegistered": 2,
    "passPercent": 50,
    "pendingPercent": 0,
    "other": 0,
    "hasOther": false,
    "skipped": 0,
    "hasSkipped": false
  },
  "results": [
    {
      "uuid": "af82dc3b-0523-4633-96e7-6791df9897c9",
      "title": "",
      "fullFile": "cypress\\e2e\\Advisor\\Advisor_Bookings_Report an issue.cy.js",
      "file": "cypress\\e2e\\Advisor\\Advisor_Bookings_Report an issue.cy.js",
      "beforeHooks": [],
      "afterHooks": [],
      "tests": [],
      "suites": [
        {
          "uuid": "756aeac1-b970-44bf-9a8e-6bc8404b4ae2",
          "title": "Advisor_Booking_Report an isuue_TS001",
          "fullFile": "",
          "file": "",
          "beforeHooks": [],
          "afterHooks": [],
          "tests": [
            {
              "title": "Advisor_Booking_To verify the Report an issue in bookings page- Validating all the dropdowns in report an issue ",
              "fullTitle": "Advisor_Booking_Report an isuue_TS001 Advisor_Booking_To verify the Report an issue in bookings page- Validating all the dropdowns in report an issue ",
              "timedOut": null,
              "duration": 13151,
              "state": "failed",
              "speed": null,
              "pass": false,
              "fail": true,
              "pending": false,
              "context": "[\n  {\n    \"title\": \"cypress-mochawesome-reporter-videos-failed\",\n    \"value\": \"cypress\\\\e2e\\\\Advisor\\\\Advisor_Bookings_Report an issue.cy.js\"\n  },\n  {\n    \"title\": \"cypress-mochawesome-reporter-screenshots\",\n    \"value\": [\n      [\n        \"\\\\Advisor\\\\Advisor_Bookings_Report an issue.cy.js\\\\Advisor_Booking_Report an isuue_TS001 -- Advisor_Booking_To verify the Report an issue in bookings page- Validating all the dropdowns in report an issue (failed).png\"\n      ]\n    ]\n  }\n]",
              "code": "cy.on('uncaught:exception', (err, runnable) => {\n  return false;\n});\ncy.NotanadvisorLogin();\n_Home.default.navbar.click();\n_Booking.default.booking.click();\n_Home.default.navbar.click();\n_Partner.default.Reportanissue.click();\n_Partner.default.Issuetopicheader.should('be.visible');\n_Partner.default.Issuetopicdropdown.should('be.visible').click();\n_Partner.default.dropdownvalue1.should('be.visible');\n_Partner.default.dropdownvalue2.should('be.visible');\n_Partner.default.dropdownvalue3.should('be.visible');\n_Partner.default.dropdownvalue4.should('be.visible');\n_Partner.default.dropdownvalue5.should('be.visible');\n_Partner.default.dropdownvalue6.should('be.visible');\n_Partner.default.dropdownvalue7.should('be.visible');\n_Partner.default.Testpaymentdropdown.should('be.visible');\n_Partner.default.dropdownvalue1.click();\n_Partner.default.Describetheissue.should('be.visible');\n_Partner.default.Describetheissuefield.should('be.visible');\n_Partner.default.Cancel.should('be.visible');\n_Partner.default.Report.should('be.visible').click();\n//Partner.Error1.should('be.visible')\n_Partner.default.Error2.should('be.visible');\n_Partner.default.Issueseverityheader.should('be.visible');\n_Partner.default.Issueseveritydropdown.click();\n_Partner.default.Issueseveritydropdownvalue1.should('be.visible');\n_Partner.default.Issueseveritydropdownvalue2.should('be.visible');\n_Partner.default.Issueseveritydropdownvalue3.should('be.visible');\n_Partner.default.Issueseveritydropdownvalue2.should('be.visible').click();\n_Partner.default.Describetheissuefield.should('be.visible').type(\"error\");\n_Partner.default.Report.click();\n_Partner.default.rightmarks.should('be.visible');\n_Partner.default.successtext.should('be.visible');\n_Partner.default.successsubtext.should('be.visible');\n_Partner.default.close.click();\n_Home.default.navbar.click();\n_Partner.default.Reportanissue.click();\n_Partner.default.Reportanissueheader.should('be.visible');\n_Partner.default.Reportanissuetext.should('be.visible');\n_Partner.default.Issuetopicheader.should('be.visible');\n_Partner.default.Issuetopicdropdown.should('be.visible').eq(0).click();\n_Partner.default.dropdownvalue1.should('be.visible');\n_Partner.default.dropdownvalue2.should('be.visible');\n_Partner.default.dropdownvalue3.should('be.visible');\n_Partner.default.dropdownvalue4.should('be.visible');\n_Partner.default.dropdownvalue5.should('be.visible');\n_Partner.default.dropdownvalue6.should('be.visible');\n_Partner.default.dropdownvalue2.click();\n_Partner.default.Issueseveritydropdown.click();\n_Partner.default.Issueseveritydropdownvalue2.click();\n_Partner.default.Issuetypeheader.should('be.visible');\n_Partner.default.Issuetypedropdown.click();\n_Partner.default.Issuetypedropdown1.should('be.visible');\n_Partner.default.Issuetypedropdown2.should('be.visible');\n_Partner.default.Issuetypedropdown3.should('be.visible');\n_Partner.default.Issuetypedropdown4.should('be.visible');\n_Partner.default.Issuetypedropdown5.should('be.visible');\n_Partner.default.Issuetypedropdown2.click();\n_Partner.default.Describetheissuefield.should('be.visible').type(\"error\");\n_Partner.default.Report.click();\n_Partner.default.rightmarks.should('be.visible');\n_Partner.default.successtext.should('be.visible');\n_Partner.default.successsubtext.should('be.visible');\n_Partner.default.close.click();\n///////////////////////////Marketing\n_Home.default.navbar.click();\n_Partner.default.Reportanissue.click();\n_Partner.default.Reportanissueheader.should('be.visible');\n_Partner.default.Reportanissuetext.should('be.visible');\n_Partner.default.Issuetopicheader.should('be.visible');\n_Partner.default.Issuetopicdropdown.should('be.visible').eq(0).click();\n_Partner.default.dropdownvalue3.click();\n_Partner.default.Issueseveritydropdown.click();\n_Partner.default.Issueseveritydropdownvalue3.should('be.visible').click();\n_Partner.default.Issuetypedropdown.click();\n_Partner.default.Marketingissuetypedropdown1.should('be.visible');\n_Partner.default.Marketingissuetypedropdown2.should('be.visible');\n_Partner.default.Marketingissuetypedropdown3.should('be.visible');\n_Partner.default.Marketingissuetypedropdown4.should('be.visible');\n_Partner.default.Marketingissuetypedropdown5.should('be.visible');\n_Partner.default.Marketingissuetypedropdown6.should('be.visible');\n_Partner.default.Marketingissuetypedropdown7.should('be.visible');\n_Partner.default.Marketingissuetypedropdown3.click();\n_Partner.default.Describetheissuefield.should('be.visible').type(\"Testttttttttttttt\");\n_Partner.default.Report.click();\ncy.wait(2000);\n_Partner.default.rightmarks.should('be.visible');\n_Partner.default.successtext.should('be.visible');\n_Partner.default.successsubtext.should('be.visible');\n_Partner.default.close.click();\n//////////////////Partners\n_Home.default.navbar.click();\n_Partner.default.Reportanissue.click();\n_Partner.default.Reportanissueheader.should('be.visible');\n_Partner.default.Reportanissuetext.should('be.visible');\n_Partner.default.Issuetopicheader.should('be.visible');\n_Partner.default.Issuetopicdropdown.should('be.visible').eq(0).click();\n_Partner.default.dropdownvalue4.click();\n_Partner.default.Issueseveritydropdown.click();\n_Partner.default.Issueseveritydropdownvalue2.should('be.visible').click();\n_Partner.default.Issuetypedropdown.click();\n_Partner.default.Partnerissuetypedropdown1.should('be.visible');\n_Partner.default.Partnerissuetypedropdown2.should('be.visible');\n_Partner.default.Partnerissuetypedropdown3.should('be.visible');\n_Partner.default.Partnerissuetypedropdown4.should('be.visible');\n_Partner.default.Partnerissuetypedropdown5.should('be.visible');\n_Partner.default.Partnerissuetypedropdown6.should('be.visible');\n_Partner.default.Partnerissuetypedropdown5.should('be.visible').click();\n_Partner.default.Describetheissuefield.should('be.visible').type(\"Testttttttttttttt\");\n_Partner.default.Report.click();\n_Partner.default.rightmarks.should('be.visible');\n_Partner.default.successtext.should('be.visible');\n_Partner.default.successsubtext.should('be.visible');\n_Partner.default.close.click();\n///////////////////////General feedback\n_Home.default.navbar.click();\n_Partner.default.Reportanissue.click();\n_Partner.default.Reportanissueheader.should('be.visible');\n_Partner.default.Reportanissuetext.should('be.visible');\n_Partner.default.Issuetopicheader.should('be.visible');\n_Partner.default.Issuetopicdropdown.should('be.visible').eq(0).click();\n_Partner.default.dropdownvalue7.click();\n_Partner.default.Issueseveritydropdown.click();\n_Partner.default.Issueseveritydropdownvalue3.should('be.visible').click();\n_Partner.default.Describetheissuefield.should('be.visible').type(\"Testttttttttttttt\");\n_Partner.default.Report.click();\n_Partner.default.rightmarks.should('be.visible');\n_Partner.default.successtext.should('be.visible');\n_Partner.default.successsubtext.should('be.visible');\n_Partner.default.close.click();\n/////////////////////// Training\n_Home.default.navbar.click();\n_Partner.default.Reportanissue.click();\n_Partner.default.Reportanissueheader.should('be.visible');\n_Partner.default.Reportanissuetext.should('be.visible');\n_Partner.default.Issuetopicheader.should('be.visible');\n_Partner.default.Issuetopicdropdown.should('be.visible').eq(0).click();\n_Partner.default.dropdownvalue6.click();\ncy.wait(2000);\n_Partner.default.Issueseveritydropdown.click();\n_Partner.default.Issueseveritydropdownvalue3.should('be.visible').click();\n_Partner.default.Issuetypedropdown.click();\n_Partner.default.Trainerissuetypedropdown1.should('be.visible');\n_Partner.default.Trainerissuetypedropdown2.should('be.visible');\n_Partner.default.Trainerissuetypedropdown3.should('be.visible');\n_Partner.default.Trainerissuetypedropdown4.should('be.visible');\n_Partner.default.Trainerissuetypedropdown5.should('be.visible');\n_Partner.default.Trainerissuetypedropdown6.should('be.visible');\n_Partner.default.Trainerissuetypedropdown7.should('be.visible');\n_Partner.default.Trainerissuetypedropdown8.should('be.visible');\n_Partner.default.Trainerissuetypedropdown3.should('be.visible').click();\n_Partner.default.Describetheissuefield.should('be.visible').type(\"Testttttttttttttt\");\n_Partner.default.Report.click();\n_Partner.default.rightmarks.should('be.visible');\n_Partner.default.successtext.should('be.visible');\n_Partner.default.successsubtext.should('be.visible');\n_Partner.default.close.click();\n/////////////////////// Payement\n_Home.default.navbar.click();\n_Partner.default.Reportanissue.click();\n_Partner.default.Reportanissueheader.should('be.visible');\n_Partner.default.Reportanissuetext.should('be.visible');\n_Partner.default.Issuetopicheader.should('be.visible');\n_Partner.default.Issuetopicdropdown.should('be.visible').eq(0).click();\n_Partner.default.dropdownvalue5.click();\n_Partner.default.Issueseveritydropdown.click();\n_Partner.default.Issueseveritydropdownvalue3.should('be.visible').click();\n_Partner.default.Issuetypedropdown.click();\n_Partner.default.paymentdropdown1.should('be.visible');\n_Partner.default.paymentdropdown2.should('be.visible');\n_Partner.default.paymentdropdown3.should('be.visible').click();\n_Partner.default.Describetheissuefield.should('be.visible').type(\"Testttttttttttttt\");\n_Partner.default.Report.click();\n_Partner.default.rightmarks.should('be.visible');\n_Partner.default.successtext.should('be.visible');\n_Partner.default.successsubtext.should('be.visible');\n_Partner.default.close.click();\n/////////////////////// Test Payement\n_Home.default.navbar.click();\n_Partner.default.Reportanissue.click();\n_Partner.default.Reportanissueheader.should('be.visible');\n_Partner.default.Reportanissuetext.should('be.visible');\n_Partner.default.Issuetopicheader.should('be.visible');\n_Partner.default.Issuetopicdropdown.should('be.visible').eq(0).click();\n_Partner.default.Testpaymentdropdown.click();\n_Partner.default.Issueseveritydropdown.click();\n_Partner.default.Issueseveritydropdownvalue3.should('be.visible').click();\n_Partner.default.Issuetypedropdown.click();\n_Partner.default.Testpaymentdropdown1.should('be.visible');\n_Partner.default.Testpaymentdropdown2.should('be.visible');\n_Partner.default.Testpaymentdropdown3.should('be.visible');\n_Partner.default.Testpaymentdropdown1.should('be.visible').click();\n_Partner.default.Describetheissuefield.should('be.visible').type(\"Testttttttttttttt\");\n_Partner.default.Report.click();\n_Partner.default.rightmarks.should('be.visible');\n_Partner.default.successtext.should('be.visible');\n_Partner.default.successsubtext.should('be.visible');\n_Partner.default.close.click();",
              "err": {
                "message": "CypressError: Timed out retrying after 4050ms: `cy.click()` failed because this element:\n\n`<svg xmlns=\"http://www.w3.org/2000/svg\" width=\"1em\" height=\"1em\" fill=\"currentColor\" viewBox=\"0 0 256 256\" class=\"text-3xl flex items-center\" aria-hidden=\"true\">...</svg>`\n\nis being covered by another element:\n\n`<div class=\"flex justify-between items-center pl-8 pr-4 py-4 lg:px-[27px] lg:py-6\">...</div>`\n\nFix this problem, or use {force: true} to disable error checking.\n\nhttps://on.cypress.io/element-cannot-be-interacted-with",
                "estack": "CypressError: Timed out retrying after 4050ms: `cy.click()` failed because this element:\n\n`<svg xmlns=\"http://www.w3.org/2000/svg\" width=\"1em\" height=\"1em\" fill=\"currentColor\" viewBox=\"0 0 256 256\" class=\"text-3xl flex items-center\" aria-hidden=\"true\">...</svg>`\n\nis being covered by another element:\n\n`<div class=\"flex justify-between items-center pl-8 pr-4 py-4 lg:px-[27px] lg:py-6\">...</div>`\n\nFix this problem, or use {force: true} to disable error checking.\n\nhttps://on.cypress.io/element-cannot-be-interacted-with\nat ensureIsDescendent (https://advisor.forastaging.net/__cypress/runner/cypress_runner.js:112861:68)\nat ensureDescendents (https://advisor.forastaging.net/__cypress/runner/cypress_runner.js:112912:23)\nat ensureDescendentsAndScroll (https://advisor.forastaging.net/__cypress/runner/cypress_runner.js:112918:14)\nat ensureElIsNotCovered (https://advisor.forastaging.net/__cypress/runner/cypress_runner.js:113049:5)\nat runAllChecks (https://advisor.forastaging.net/__cypress/runner/cypress_runner.js:113248:52)\nat retryActionability (https://advisor.forastaging.net/__cypress/runner/cypress_runner.js:113285:16)\nat tryCatcher (https://advisor.forastaging.net/__cypress/runner/cypress_runner.js:1807:23)\nat __webpack_modules__</module.exports/Promise.try (https://advisor.forastaging.net/__cypress/runner/cypress_runner.js:4315:29)\nat whenStable (https://advisor.forastaging.net/__cypress/runner/cypress_runner.js:144102:62)\nat __webpack_modules__</create/retry (https://advisor.forastaging.net/__cypress/runner/cypress_runner.js:144043:14)\nat tryCatcher (https://advisor.forastaging.net/__cypress/runner/cypress_runner.js:1807:23)\nat __webpack_modules__</module.exports/Promise.prototype._settlePromiseFromHandler (https://advisor.forastaging.net/__cypress/runner/cypress_runner.js:1519:31)\nat __webpack_modules__</module.exports/Promise.prototype._settlePromise (https://advisor.forastaging.net/__cypress/runner/cypress_runner.js:1576:18)\nat __webpack_modules__</module.exports/Promise.prototype._settlePromise0 (https://advisor.forastaging.net/__cypress/runner/cypress_runner.js:1621:10)\nat __webpack_modules__</module.exports/Promise.prototype._settlePromises (https://advisor.forastaging.net/__cypress/runner/cypress_runner.js:1701:18)\nat __webpack_modules__</module.exports/Promise.prototype._fulfill (https://advisor.forastaging.net/__cypress/runner/cypress_runner.js:1645:18)\nat __webpack_modules__</module.exports/Promise.delay/handle< (https://advisor.forastaging.net/__cypress/runner/cypress_runner.js:5450:46)\nFrom Your Spec Code:\n    at exists (https://advisor.forastaging.net/__cypress/runner/cypress_runner.js:143301:8)\n    at elExists (https://advisor.forastaging.net/__cypress/runner/cypress_runner.js:143316:10)\n    at ensureExistence (https://advisor.forastaging.net/__cypress/runner/cypress_runner.js:143497:22)\n    at onFailFn (https://advisor.forastaging.net/__cypress/runner/cypress_runner.js:143526:53)\n    at tryCatcher (https://advisor.forastaging.net/__cypress/runner/cypress_runner.js:1807:23)\n    at __webpack_modules__</module.exports/Promise.prototype._settlePromiseFromHandler (https://advisor.forastaging.net/__cypress/runner/cypress_runner.js:1519:31)\n    at __webpack_modules__</module.exports/Promise.prototype._settlePromise (https://advisor.forastaging.net/__cypress/runner/cypress_runner.js:1576:18)\n    at __webpack_modules__</module.exports/Promise.prototype._settlePromise0 (https://advisor.forastaging.net/__cypress/runner/cypress_runner.js:1621:10)\n    at __webpack_modules__</module.exports/Promise.prototype._settlePromises (https://advisor.forastaging.net/__cypress/runner/cypress_runner.js:1697:18)\n    at _drainQueueStep (https://advisor.forastaging.net/__cypress/runner/cypress_runner.js:2407:12)\n    at _drainQueue (https://advisor.forastaging.net/__cypress/runner/cypress_runner.js:2400:24)\n    at __webpack_modules__</Async.prototype._drainQueues (https://advisor.forastaging.net/__cypress/runner/cypress_runner.js:2416:16)\n    at __webpack_modules__</Async/this.drainQueues (https://advisor.forastaging.net/__cypress/runner/cypress_runner.js:2286:14)",
                "diff": null
              },
              "uuid": "b0012480-5515-4d81-b937-e0f2128a61bb",
              "parentUUID": "756aeac1-b970-44bf-9a8e-6bc8404b4ae2",
              "isHook": false,
              "skipped": false
            },
            {
              "title": "Advisor_CopyIATA_TC001 _To verify the IATA copy buton",
              "fullTitle": "Advisor_Booking_Report an isuue_TS001 Advisor_CopyIATA_TC001 _To verify the IATA copy buton",
              "timedOut": null,
              "duration": 2463,
              "state": "passed",
              "speed": "fast",
              "pass": true,
              "fail": false,
              "pending": false,
              "context": "{\n  \"title\": \"cypress-mochawesome-reporter-videos-passed\",\n  \"value\": \"cypress\\\\e2e\\\\Advisor\\\\Advisor_Bookings_Report an issue.cy.js\"\n}",
              "code": "cy.on('uncaught:exception', (err, runnable) => {\n  return false;\n});\n_Home.default.navbar.click();\ncy.wait(2000);\n_Home.default.CopyIATAbutton.click();\n//cy.get('[id=\"custom-tooltip-1\"]').invoke('show').should('have.text', 'copied!');",
              "err": {},
              "uuid": "ec973812-bec2-479a-ba76-5e08631bba67",
              "parentUUID": "756aeac1-b970-44bf-9a8e-6bc8404b4ae2",
              "isHook": false,
              "skipped": false
            }
          ],
          "suites": [],
          "passes": [
            "ec973812-bec2-479a-ba76-5e08631bba67"
          ],
          "failures": [
            "b0012480-5515-4d81-b937-e0f2128a61bb"
          ],
          "pending": [],
          "skipped": [],
          "duration": 15614,
          "root": false,
          "rootEmpty": false,
          "_timeout": 2000
        }
      ],
      "passes": [],
      "failures": [],
      "pending": [],
      "skipped": [],
      "duration": 0,
      "root": true,
      "rootEmpty": true,
      "_timeout": 2000
    }
  ],
  "meta": {
    "mocha": {
      "version": "7.0.1"
    },
    "mochawesome": {
      "options": {
        "quiet": false,
        "reportFilename": "mochawesome",
        "saveHtml": false,
        "saveJson": true,
        "consoleReporter": "spec",
        "useInlineDiffs": false,
        "code": true
      },
      "version": "7.1.3"
    },
    "marge": {
      "options": {
        "overwrite": false,
        "html": false,
        "json": true
      },
      "version": "6.2.0"
    }
  }
}