{
  "stats": {
    "suites": 1,
    "tests": 3,
    "passes": 2,
    "pending": 0,
    "failures": 1,
    "start": "2024-09-19T03:48:22.961Z",
    "end": "2024-09-19T03:49:24.534Z",
    "duration": 61573,
    "testsRegistered": 3,
    "passPercent": 66.66666666666666,
    "pendingPercent": 0,
    "other": 0,
    "hasOther": false,
    "skipped": 0,
    "hasSkipped": false
  },
  "results": [
    {
      "uuid": "808a7c3a-3430-4e46-a0c0-c2aaa939ca8d",
      "title": "",
      "fullFile": "cypress\\e2e\\Advisor\\Advisor_Client_TS002.cy.js",
      "file": "cypress\\e2e\\Advisor\\Advisor_Client_TS002.cy.js",
      "beforeHooks": [],
      "afterHooks": [],
      "tests": [],
      "suites": [
        {
          "uuid": "e4457389-c3e6-4553-9a7d-2479f49412b5",
          "title": "Advisor_Client_TS001",
          "fullFile": "",
          "file": "",
          "beforeHooks": [],
          "afterHooks": [],
          "tests": [
            {
              "title": "Advisor_client_TC004_To verify the Loyalty Program",
              "fullTitle": "Advisor_Client_TS001 Advisor_client_TC004_To verify the Loyalty Program",
              "timedOut": null,
              "duration": 25390,
              "state": "passed",
              "speed": "slow",
              "pass": true,
              "fail": false,
              "pending": false,
              "context": "{\n  \"title\": \"cypress-mochawesome-reporter-videos-passed\",\n  \"value\": \"cypress\\\\e2e\\\\Advisor\\\\Advisor_Client_TS002.cy.js\"\n}",
              "code": "cy.on('uncaught:exception', (err, runnable) => {\n  return false;\n});\ncy.NotanadvisorclientLogin();\n_Home.default.navbar.click();\n_Client.default.Client.click();\n_Client.default.clientheader.should('be.visible');\n_Client.default.searchbar.should('be.visible');\n_Client.default.Addclient.should('be.visible').click();\n_Client.default.Cancelbutton.click();\nconst generateShortUniqueName = (length = 10) => {\n  const characters = 'abcdefghijklmnopqrstuvwxyzABCDEFGHIJKLMNOPQRSTUVWXYZ0123456789';\n  let result = '';\n  for (let i = 0; i < length; i++) {\n    result += characters.charAt(Math.floor(Math.random() * characters.length));\n  }\n  return result;\n};\n//cy.get('[class=\"flex md:justify-between w-full md:items-center flex-col md:flex-row p-6\"]').eq(1).click()\n_Client.default.Addclient.should('be.visible').click();\ncy.url().should('include', 'https://advisor.forastaging.net/clients?modal=add-client');\n_Client.default.AddFirstnameheader.should('be.visible');\nconst Firstname = generateShortUniqueName();\n_Client.default.Addfirstnamefield.should('be.visible').click().type(Firstname);\n_Client.default.AddLastnameheader.should('be.visible');\nconst Lastname = generateShortUniqueName();\n_Client.default.AddLastnamefield.should('be.visible').type(Lastname);\n_Client.default.Addbutton.should('be.visible').click();\ncy.wait(3000);\ncy.fixture('Advisor_Client_TS001.json').then(function (dataJson) {\n  _Client.default.Loyaltyprograms.should('be.visible').click();\n  _Client.default.Loyaltyprogramsheader.should('be.visible');\n  _Client.default.Loyaltyprogramssubheader.should('be.visible');\n  _Client.default.Addloyalityprogram.click();\n  _Client.default.Loyalityprogrlabel.should('be.visible');\n  _Client.default.Loyalityprogrameditingdropdown.should('be.visible').click();\n  _Client.default.Loyalityprogrameditingdropdown1.should('be.visible').click();\n  cy.get('[role=\"listbox\"]').should('be.visible');\n  _Client.default.AirAsia.click();\n  _Client.default.Save.click();\n  _Client.default.Errorloyalty.should('be.visible');\n  _Client.default.Enternumber.type('abndg123');\n  _Client.default.Save.click();\n  _Client.default.Loyalityprogramupdateddata.should('be.visible');\n  _Client.default.Loyalityprogramedit.click();\n  _Client.default.Loyalityprogramaddanotherprogram.click();\n  _Client.default.Option1.should('be.visible').click();\n  cy.get('[role=\"listbox\"]').should('be.visible');\n  _Client.default.Jetairways.click();\n  _Client.default.Enternumber.eq(1).type(dataJson.Loyalityprogram);\n  _Client.default.Save.click();\n  cy.get('div.flex.flex-col.gap-y-4').children(':visible').should('have.length', 2);\n  _Client.default.Loyalityprogramedit.click();\n  _Client.default.LoyalityDeletebutton.eq(0).click();\n  _Client.default.Save.click();\n  cy.get('div.flex.flex-col.gap-y-4').children(':visible').should('have.length', 1);\n  _Client.default.Loyalityprogramedit.click();\n  _Client.default.CancelButton.click();\n});",
              "err": {},
              "uuid": "add4ce91-9313-4d2f-8164-b7a4d9c7f2c7",
              "parentUUID": "e4457389-c3e6-4553-9a7d-2479f49412b5",
              "isHook": false,
              "skipped": false
            },
            {
              "title": "Advisor_client_TC005_To verify the Notes Section",
              "fullTitle": "Advisor_Client_TS001 Advisor_client_TC005_To verify the Notes Section",
              "timedOut": null,
              "duration": 26396,
              "state": "passed",
              "speed": "slow",
              "pass": true,
              "fail": false,
              "pending": false,
              "context": "{\n  \"title\": \"cypress-mochawesome-reporter-videos-passed\",\n  \"value\": \"cypress\\\\e2e\\\\Advisor\\\\Advisor_Client_TS002.cy.js\"\n}",
              "code": "cy.on('uncaught:exception', (err, runnable) => {\n  return false;\n});\ncy.fixture('Advisor_Client_TS001.json').then(function (dataJson) {\n  _Client.default.Notes.should('be.visible').click();\n  _Client.default.Noteicon.should('be.visible');\n  _Client.default.Notetext.should('be.visible');\n  _Client.default.Notetext1.scrollIntoView().should('be.visible');\n  cy.wait(2000);\n  _Client.default.AddNotebutton.click();\n  _Client.default.NoteTextbox.type(dataJson.Note);\n  _Client.default.NoteTextbox.type('{selectall}');\n  cy.get('div.ql-toolbar button').each($button => {\n    cy.wrap($button).click();\n  });\n  _Client.default.NoteTextbox.type(\"Testlink\");\n  _Client.default.NoteTextbox.type('{selectall}');\n  _Client.default.NoteLink.click();\n  _Client.default.Linktextbox.clear().type(dataJson.Link);\n  _Client.default.Linksave.click();\n  cy.get('input[type=\"file\"]').attachFile('Profilepict.jpg');\n  _Client.default.Save.click();\n  cy.wait(20000);\n  cy.get('[data-testid=\"edit-button\"]').click();\n  _Client.default.CancelButton.click();\n});",
              "err": {},
              "uuid": "12fa2a9e-98fd-4332-be16-8deafb5af65e",
              "parentUUID": "e4457389-c3e6-4553-9a7d-2479f49412b5",
              "isHook": false,
              "skipped": false
            },
            {
              "title": "Advisor_client_TC006_To verify the Action button ",
              "fullTitle": "Advisor_Client_TS001 Advisor_client_TC006_To verify the Action button ",
              "timedOut": null,
              "duration": 4307,
              "state": "failed",
              "speed": null,
              "pass": false,
              "fail": true,
              "pending": false,
              "context": "[\n  {\n    \"title\": \"cypress-mochawesome-reporter-videos-failed\",\n    \"value\": \"cypress\\\\e2e\\\\Advisor\\\\Advisor_Client_TS002.cy.js\"\n  },\n  {\n    \"title\": \"cypress-mochawesome-reporter-screenshots\",\n    \"value\": [\n      [\n        \"\\\\Advisor_Client_TS002.cy.js\\\\Advisor_Client_TS001 -- Advisor_client_TC006_To verify the Action button (failed).png\"\n      ]\n    ]\n  }\n]",
              "code": "cy.on('uncaught:exception', (err, runnable) => {\n  return false;\n});\ncy.fixture('Advisor_Client_TS001.json').then(function (dataJson) {\n  _Client.default.Actionbutton.scrollIntoView().click();\n  _Client.default.Deleteclient.should('be.visible');\n  _Client.default.Deleteclient.should('be.visible').click();\n  _Client.default.Deleteclientheader.should('be.visible');\n  _Client.default.Deleteclientsubheader.should('be.visible');\n  _Client.default.Yesdeleteclient.should('be.visible');\n  _Client.default.Nokeepclient.should('be.visible').click();\n  _Client.default.Actionbutton.click();\n  _Client.default.Deleteclient.should('be.visible').click();\n  _Client.default.Yesdeleteclient.should('be.visible').click();\n  _Client.default.searchbar.should('be.visible').type(dataJson.Search);\n  _Client.default.Noclientfound.should('be.visible');\n  _Client.default.Noclientfound1.scrollIntoView().should('be.visible');\n  _Client.default.Noclientfound2.scrollIntoView().should('be.visible');\n  _Client.default.Noclientfound3.scrollIntoView().should('be.visible');\n  _Client.default.Searchcancelicon.click();\n  cy.wait(1000);\n  _Client.default.searchbar.should('be.visible').type(dataJson.Search1);\n  _Client.default.searchresult.should('be.visible');\n});",
              "err": {
                "message": "CypressError: Timed out retrying after 4050ms: `cy.click()` failed because the page updated while this command was executing. Cypress tried to locate elements based on this query:\n\n> <button.inline-flex.cursor-pointer.items-center.rounded-xl.whitespace-nowrap.font-semibold.gap-2.focus-visible:!outline.focus-visible:!outline-2.focus-visible:!outline-offset-2.focus-visible:!outline-link.h-12.leading-[48px].px-[15px].disabled:text-disabled.text-error.enabled:hover:bg-lightRedBg.justify-start>\n\nWe initially found matching element(s), but while waiting for them to become actionable, they disappeared from the page. Common situations why this happens:\n  - Your JS framework re-rendered asynchronously\n  - Your app code reacted to an event firing and removed the element\n\nYou can typically solve this by breaking up a chain. For example, rewrite:\n\n> `cy.get('button').click().click()`\n\nto\n\n> `cy.get('button').as('btn').click()`\n> `cy.get('@btn').click()`\n\nhttps://on.cypress.io/element-has-detached-from-dom",
                "estack": "CypressError: Timed out retrying after 4050ms: `cy.click()` failed because the page updated while this command was executing. Cypress tried to locate elements based on this query:\n\n> <button.inline-flex.cursor-pointer.items-center.rounded-xl.whitespace-nowrap.font-semibold.gap-2.focus-visible:!outline.focus-visible:!outline-2.focus-visible:!outline-offset-2.focus-visible:!outline-link.h-12.leading-[48px].px-[15px].disabled:text-disabled.text-error.enabled:hover:bg-lightRedBg.justify-start>\n\nWe initially found matching element(s), but while waiting for them to become actionable, they disappeared from the page. Common situations why this happens:\n  - Your JS framework re-rendered asynchronously\n  - Your app code reacted to an event firing and removed the element\n\nYou can typically solve this by breaking up a chain. For example, rewrite:\n\n> `cy.get('button').click().click()`\n\nto\n\n> `cy.get('button').as('btn').click()`\n> `cy.get('@btn').click()`\n\nhttps://on.cypress.io/element-has-detached-from-dom\nat retryActionability (https://advisor.forastaging.net/__cypress/runner/cypress_runner.js:113277:74)\nat tryCatcher (https://advisor.forastaging.net/__cypress/runner/cypress_runner.js:1807:23)\nat __webpack_modules__</module.exports/Promise.try (https://advisor.forastaging.net/__cypress/runner/cypress_runner.js:4315:29)\nat whenStable (https://advisor.forastaging.net/__cypress/runner/cypress_runner.js:144102:62)\nat __webpack_modules__</create/retry (https://advisor.forastaging.net/__cypress/runner/cypress_runner.js:144043:14)\nat tryCatcher (https://advisor.forastaging.net/__cypress/runner/cypress_runner.js:1807:23)\nat __webpack_modules__</module.exports/Promise.prototype._settlePromiseFromHandler (https://advisor.forastaging.net/__cypress/runner/cypress_runner.js:1519:31)\nat __webpack_modules__</module.exports/Promise.prototype._settlePromise (https://advisor.forastaging.net/__cypress/runner/cypress_runner.js:1576:18)\nat __webpack_modules__</module.exports/Promise.prototype._settlePromise0 (https://advisor.forastaging.net/__cypress/runner/cypress_runner.js:1621:10)\nat __webpack_modules__</module.exports/Promise.prototype._settlePromises (https://advisor.forastaging.net/__cypress/runner/cypress_runner.js:1701:18)\nat __webpack_modules__</module.exports/Promise.prototype._fulfill (https://advisor.forastaging.net/__cypress/runner/cypress_runner.js:1645:18)\nat __webpack_modules__</module.exports/Promise.delay/handle< (https://advisor.forastaging.net/__cypress/runner/cypress_runner.js:5450:46)\nFrom Your Spec Code:\n    at shouldFn (https://advisor.forastaging.net/__cypress/runner/cypress_runner.js:118728:18)\n    at should (https://advisor.forastaging.net/__cypress/runner/cypress_runner.js:118842:23)\n    at __webpack_modules__</create/injectAssertion (https://advisor.forastaging.net/__cypress/runner/cypress_runner.js:143372:39)\n    at assertions (https://advisor.forastaging.net/__cypress/runner/cypress_runner.js:143620:16)\n    at tryCatcher (https://advisor.forastaging.net/__cypress/runner/cypress_runner.js:1807:23)\n    at gotValue (https://advisor.forastaging.net/__cypress/runner/cypress_runner.js:6478:18)\n    at gotAccum (https://advisor.forastaging.net/__cypress/runner/cypress_runner.js:6465:25)\n    at tryCatcher (https://advisor.forastaging.net/__cypress/runner/cypress_runner.js:1807:23)\n    at __webpack_modules__</module.exports/Promise.prototype._settlePromiseFromHandler (https://advisor.forastaging.net/__cypress/runner/cypress_runner.js:1519:31)\n    at __webpack_modules__</module.exports/Promise.prototype._settlePromise (https://advisor.forastaging.net/__cypress/runner/cypress_runner.js:1576:18)\n    at __webpack_modules__</module.exports/Promise.prototype._settlePromiseCtx (https://advisor.forastaging.net/__cypress/runner/cypress_runner.js:1613:10)\n    at _drainQueueStep (https://advisor.forastaging.net/__cypress/runner/cypress_runner.js:2411:12)\n    at _drainQueue (https://advisor.forastaging.net/__cypress/runner/cypress_runner.js:2400:24)\n    at __webpack_modules__</Async.prototype._drainQueues (https://advisor.forastaging.net/__cypress/runner/cypress_runner.js:2416:16)\n    at __webpack_modules__</Async/this.drainQueues (https://advisor.forastaging.net/__cypress/runner/cypress_runner.js:2286:14)",
                "diff": null
              },
              "uuid": "d7055721-189e-4bb0-824c-7c140cbd92d8",
              "parentUUID": "e4457389-c3e6-4553-9a7d-2479f49412b5",
              "isHook": false,
              "skipped": false
            }
          ],
          "suites": [],
          "passes": [
            "add4ce91-9313-4d2f-8164-b7a4d9c7f2c7",
            "12fa2a9e-98fd-4332-be16-8deafb5af65e"
          ],
          "failures": [
            "d7055721-189e-4bb0-824c-7c140cbd92d8"
          ],
          "pending": [],
          "skipped": [],
          "duration": 56093,
          "root": false,
          "rootEmpty": false,
          "_timeout": 2000
        }
      ],
      "passes": [],
      "failures": [],
      "pending": [],
      "skipped": [],
      "duration": 0,
      "root": true,
      "rootEmpty": true,
      "_timeout": 2000
    }
  ],
  "meta": {
    "mocha": {
      "version": "7.0.1"
    },
    "mochawesome": {
      "options": {
        "quiet": false,
        "reportFilename": "mochawesome",
        "saveHtml": false,
        "saveJson": true,
        "consoleReporter": "spec",
        "useInlineDiffs": false,
        "code": true
      },
      "version": "7.1.3"
    },
    "marge": {
      "options": {
        "overwrite": false,
        "html": false,
        "json": true
      },
      "version": "6.2.0"
    }
  }
}