{
  "stats": {
    "suites": 1,
    "tests": 2,
    "passes": 2,
    "pending": 0,
    "failures": 0,
    "start": "2024-09-19T04:17:53.400Z",
    "end": "2024-09-19T04:18:33.625Z",
    "duration": 40225,
    "testsRegistered": 2,
    "passPercent": 100,
    "pendingPercent": 0,
    "other": 0,
    "hasOther": false,
    "skipped": 0,
    "hasSkipped": false
  },
  "results": [
    {
      "uuid": "d79f4855-df9e-419e-a298-6f1aa149d62d",
      "title": "",
      "fullFile": "cypress\\e2e\\Advisor\\Advisor_Whatsnew_TS001.cy.js",
      "file": "cypress\\e2e\\Advisor\\Advisor_Whatsnew_TS001.cy.js",
      "beforeHooks": [],
      "afterHooks": [],
      "tests": [],
      "suites": [
        {
          "uuid": "2843565a-5aba-4930-a357-c96852bf9a7d",
          "title": "Advisor_Whatsnew_TS001",
          "fullFile": "",
          "file": "",
          "beforeHooks": [],
          "afterHooks": [],
          "tests": [
            {
              "title": "Advisor_Whatsnew_TC001_To verify the Whatsnew section",
              "fullTitle": "Advisor_Whatsnew_TS001 Advisor_Whatsnew_TC001_To verify the Whatsnew section",
              "timedOut": null,
              "duration": 20400,
              "state": "passed",
              "speed": "slow",
              "pass": true,
              "fail": false,
              "pending": false,
              "context": "{\n  \"title\": \"cypress-mochawesome-reporter-videos-passed\",\n  \"value\": \"cypress\\\\e2e\\\\Advisor\\\\Advisor_Whatsnew_TS001.cy.js\"\n}",
              "code": "cy.on('uncaught:exception', (err, runnable) => {\n  return false;\n});\n//cy.Login1()\ncy.NotanadvisorLogin();\n_Home.default.navbar.click();\n_Marketing.default.Resource.click();\ncy.wait(5000);\n// Whatsnew.Whatsnewicon.should('be.visible')\n_Whatsnew.default.Whatsnew.scrollIntoView().should('be.visible').click();\ncy.url().should('include', 'https://advisor.forastaging.net/whats-new');\n_Whatsnew.default.Whatsnewheader.should('be.visible');\n//  Whatsnew.Whatsnewsection.eq(0).should('be.visible')\n_Whatsnew.default.Whatsnewsection.eq(1).scrollIntoView().should('be.visible');\n_Whatsnew.default.Whatsnewleftsection.eq(0).scrollIntoView().should('be.visible');\n_Whatsnew.default.Whatsnewleftsection.eq(1).scrollIntoView().should('be.visible');\n_Whatsnew.default.Whatsnewsubheader.eq(0).scrollIntoView().should('be.visible');\n_Whatsnew.default.Whatsnewsubheader.eq(1).scrollIntoView().should('be.visible');\n_Whatsnew.default.Whatsnewdate.eq(0).scrollIntoView().should('be.visible');\n_Whatsnew.default.Whatsnewdate.eq(1).scrollIntoView().should('be.visible');\n_Whatsnew.default.Whatsnewtag.should('be.visible');",
              "err": {},
              "uuid": "0e171fb3-af9c-478a-bc93-c70449882e1e",
              "parentUUID": "2843565a-5aba-4930-a357-c96852bf9a7d",
              "isHook": false,
              "skipped": false
            },
            {
              "title": "Advisor_Whatsnew_TC002_To verify the Report an issue module",
              "fullTitle": "Advisor_Whatsnew_TS001 Advisor_Whatsnew_TC002_To verify the Report an issue module",
              "timedOut": null,
              "duration": 12117,
              "state": "passed",
              "speed": "slow",
              "pass": true,
              "fail": false,
              "pending": false,
              "context": "{\n  \"title\": \"cypress-mochawesome-reporter-videos-passed\",\n  \"value\": \"cypress\\\\e2e\\\\Advisor\\\\Advisor_Whatsnew_TS001.cy.js\"\n}",
              "code": "cy.on('uncaught:exception', (err, runnable) => {\n  return false;\n});\n_Home.default.navbar.click();\n_Partner.default.Reportanissue.scrollIntoView().click();\ncy.wait(5000);\n_Partner.default.Reportanissueheader.should('be.visible');\n_Partner.default.Reportanissuetext.should('be.visible');\n_Partner.default.Issuetopicheader.should('be.visible');\n/* Newhome.issuetypedropdown.should('be.visible').eq(0).click()\n cy.wait(2000)\n Partner.dropdownvalue1.should('be.visible')\n Partner.dropdownvalue2.should('be.visible')\n Partner.dropdownvalue3.should('be.visible')\n Partner.dropdownvalue4.should('be.visible')\n Partner.dropdownvalue5.should('be.visible')\n Partner.dropdownvalue6.should('be.visible')\n \n Partner.dropdownvalue1.click()\n Partner.Describetheissue.should('be.visible')\n Partner.Describetheissuefield.should('be.visible')\n Partner.Cancel.should('be.visible')\n Partner.Report.should('be.visible').click()\n //Partner.Error1.should('be.visible')\n Partner.Error2.should('be.visible')\n Partner.Issueseverityheader.should('be.visible')\n Partner.Issueseveritydropdown.click()\n Partner.Issueseveritydropdownvalue1.should('be.visible')\n Partner.Issueseveritydropdownvalue2.should('be.visible')\n Partner.Issueseveritydropdownvalue3.should('be.visible')\n Partner.Issueseveritydropdownvalue2.should('be.visible').click()\n Partner.Describetheissuefield.should('be.visible').type(\"error\")\n Partner.Report.click()\n Partner.rightmarks.should('be.visible')\n Partner.successtext.should('be.visible')\n Partner.successsubtext.should('be.visible')\n Partner.close.click()*/\n// Partner.Reportanissue.scrollIntoView().click()\n_Partner.default.Reportanissueheader.should('be.visible');\n_Partner.default.Reportanissuetext.should('be.visible');\n_Partner.default.Issuetopicheader.should('be.visible');\n_Newhome.default.issuetypedropdown.should('be.visible').eq(0).click();\n_Partner.default.dropdownvalue1.should('be.visible');\n_Partner.default.dropdownvalue2.should('be.visible');\n_Partner.default.dropdownvalue3.should('be.visible');\n_Partner.default.dropdownvalue4.should('be.visible');\n_Partner.default.dropdownvalue5.should('be.visible');\n_Partner.default.dropdownvalue6.should('be.visible');\ncy.wait(2000);\n_Partner.default.dropdownvalue2.click();\ncy.wait(2000);\n_Partner.default.Issueseveritydropdown.click();\n_Partner.default.Issueseveritydropdownvalue2.click();\n_Partner.default.Issuetypeheader.should('be.visible');\n_Partner.default.Issuetypedropdown.click();\n_Partner.default.Issuetypedropdown1.should('be.visible');\n_Partner.default.Issuetypedropdown2.should('be.visible');\n_Partner.default.Issuetypedropdown3.should('be.visible');\n_Partner.default.Issuetypedropdown4.should('be.visible');\n_Partner.default.Issuetypedropdown5.eq(4).should('be.visible');\n_Partner.default.Issuetypedropdown2.click();\n_Partner.default.Describetheissuefield.should('be.visible').type(\"error\");\n_Partner.default.Report.click();\n_Partner.default.rightmarks.should('be.visible');\n_Partner.default.successtext.should('be.visible');\n_Partner.default.successsubtext.should('be.visible');\n_Partner.default.close.click();\n//Marketing\n/*  Home.navbar.click()\n  Partner.Reportanissue.scrollIntoView().click()\n  cy.wait(2000)\n  Partner.Reportanissueheader.should('be.visible')\n  Partner.Reportanissuetext.should('be.visible')\n  Partner.Issuetopicheader.should('be.visible')\n  Newhome.issuetypedropdown.should('be.visible').eq(0).click()\n  Partner.dropdownvalue3.click()\n  cy.wait(2000)\n  Partner.Issueseveritydropdown.click()\n  Partner.Issueseveritydropdownvalue3.should('be.visible').click()\n  cy.wait(2000)\n  Partner.Issuetypedropdown.click()\n  Partner.Marketingissuetypedropdown1.should('be.visible')\n  Partner.Marketingissuetypedropdown2.should('be.visible')\n  Partner.Marketingissuetypedropdown3.should('be.visible')\n  Partner.Marketingissuetypedropdown4.should('be.visible')\n  Partner.Marketingissuetypedropdown5.should('be.visible')\n  Partner.Marketingissuetypedropdown6.should('be.visible')\n  Partner.Marketingissuetypedropdown7.eq(6).should('be.visible')\n  Partner.Marketingissuetypedropdown3.click()\n  Partner.Describetheissuefield.should('be.visible').type(\"Testttttttttttttt\")\n  Partner.Report.click()\n  Partner.rightmarks.should('be.visible')\n  Partner.successtext.should('be.visible')\n  Partner.successsubtext.should('be.visible')\n  Partner.close.click()\n  ////Partners\n  Home.navbar.click()\n  Partner.Reportanissue.scrollIntoView().click()\n  cy.wait(2000)\n  Partner.Reportanissueheader.should('be.visible')\n  Partner.Reportanissuetext.should('be.visible')\n  Partner.Issuetopicheader.should('be.visible')\n  Newhome.issuetypedropdown.should('be.visible').eq(0).click()\n  Partner.dropdownvalue4.click()\n  cy.wait(2000)\n  Partner.Issueseveritydropdown.click()\n  Partner.Issueseveritydropdownvalue2.should('be.visible').click()\n  cy.wait(2000)\n  Partner.Issuetypedropdown.click()\n  Partner.Partnerissuetypedropdown1.should('be.visible')\n  Partner.Partnerissuetypedropdown2.should('be.visible')\n  Partner.Partnerissuetypedropdown3.should('be.visible')\n  Partner.Partnerissuetypedropdown4.should('be.visible')\n  Partner.Partnerissuetypedropdown5.should('be.visible')\n  Partner.Partnerissuetypedropdown6.eq(5).should('be.visible')\n  Partner.Partnerissuetypedropdown5.should('be.visible').click()\n  Partner.Describetheissuefield.should('be.visible').type(\"Testttttttttttttt\")\n  Partner.Report.click()\n  Partner.rightmarks.should('be.visible')\n  Partner.successtext.should('be.visible')\n  Partner.successsubtext.should('be.visible')\n  Partner.close.click()\n  //General feedback\n  Home.navbar.click()\n  Partner.Reportanissue.scrollIntoView().click()\n  cy.wait(2000)\n  Partner.Reportanissueheader.should('be.visible')\n  Partner.Reportanissuetext.should('be.visible')\n  Partner.Issuetopicheader.should('be.visible')\n  Newhome.issuetypedropdown.should('be.visible').eq(0).click()\n  Partner.dropdownvalue6.click()\n  cy.wait(2000)\n  Partner.Issueseveritydropdown.click()\n  Partner.Issueseveritydropdownvalue3.should('be.visible').click()\n  cy.wait(2000)\n  Partner.Describetheissuefield.should('be.visible').type(\"Testttttttttttttt\")\n  Partner.Report.click()\n  Partner.rightmarks.should('be.visible')\n  Partner.successtext.should('be.visible')\n  Partner.successsubtext.should('be.visible')\n  Partner.close.click()\n  cy.wait(2000)\n  /// Training\n  Home.navbar.click()\n  Partner.Reportanissue.scrollIntoView().click()\n  cy.wait(2000)\n  Partner.Reportanissueheader.should('be.visible')\n  Partner.Reportanissuetext.should('be.visible')\n  Partner.Issuetopicheader.should('be.visible')\n  Newhome.issuetypedropdown.should('be.visible').eq(0).click()\n  Partner.dropdownvalue5.click()\n  Partner.Issueseveritydropdown.click()\n  Partner.Issueseveritydropdownvalue3.should('be.visible').click()\n  cy.wait(2000)\n  Partner.Issuetypedropdown.click()\n  Partner.Trainerissuetypedropdown1.should('be.visible')\n  Partner.Trainerissuetypedropdown2.should('be.visible')\n  Partner.Trainerissuetypedropdown3.should('be.visible')\n  Partner.Trainerissuetypedropdown4.should('be.visible')\n  Partner.Trainerissuetypedropdown5.should('be.visible')\n  Partner.Trainerissuetypedropdown6.should('be.visible')\n  Partner.Trainerissuetypedropdown7.should('be.visible')\n  Partner.Trainerissuetypedropdown8.eq(7).should('be.visible')\n  Partner.Trainerissuetypedropdown3.should('be.visible').click()\n  cy.wait(2000)\n  Partner.Describetheissuefield.should('be.visible').type(\"Testttttttttttttt\")\n  Partner.Report.click()\n  Partner.rightmarks.should('be.visible')\n  Partner.successtext.should('be.visible')\n  Partner.successsubtext.should('be.visible')\n  Partner.close.click()\n  cy.wait(2000)\n */",
              "err": {},
              "uuid": "a1f7b8ca-f9cf-4bcd-9524-cd08675bc49c",
              "parentUUID": "2843565a-5aba-4930-a357-c96852bf9a7d",
              "isHook": false,
              "skipped": false
            }
          ],
          "suites": [],
          "passes": [
            "0e171fb3-af9c-478a-bc93-c70449882e1e",
            "a1f7b8ca-f9cf-4bcd-9524-cd08675bc49c"
          ],
          "failures": [],
          "pending": [],
          "skipped": [],
          "duration": 32517,
          "root": false,
          "rootEmpty": false,
          "_timeout": 2000
        }
      ],
      "passes": [],
      "failures": [],
      "pending": [],
      "skipped": [],
      "duration": 0,
      "root": true,
      "rootEmpty": true,
      "_timeout": 2000
    }
  ],
  "meta": {
    "mocha": {
      "version": "7.0.1"
    },
    "mochawesome": {
      "options": {
        "quiet": false,
        "reportFilename": "mochawesome",
        "saveHtml": false,
        "saveJson": true,
        "consoleReporter": "spec",
        "useInlineDiffs": false,
        "code": true
      },
      "version": "7.1.3"
    },
    "marge": {
      "options": {
        "overwrite": false,
        "html": false,
        "json": true
      },
      "version": "6.2.0"
    }
  }
}