{
  "stats": {
    "suites": 1,
    "tests": 1,
    "passes": 0,
    "pending": 0,
    "failures": 1,
    "start": "2024-09-19T03:52:37.906Z",
    "end": "2024-09-19T03:54:07.945Z",
    "duration": 90039,
    "testsRegistered": 1,
    "passPercent": 0,
    "pendingPercent": 0,
    "other": 0,
    "hasOther": false,
    "skipped": 0,
    "hasSkipped": false
  },
  "results": [
    {
      "uuid": "a2fe0efd-8bf3-41b4-bcbd-1609ab0e3fba",
      "title": "",
      "fullFile": "cypress\\e2e\\Advisor\\Advisor_Getting Started_TS001.cy.js",
      "file": "cypress\\e2e\\Advisor\\Advisor_Getting Started_TS001.cy.js",
      "beforeHooks": [],
      "afterHooks": [],
      "tests": [],
      "suites": [
        {
          "uuid": "cd151e66-a77a-47bc-b09e-b8be07001a1b",
          "title": "Advisor_Getting started_TS001",
          "fullFile": "",
          "file": "",
          "beforeHooks": [],
          "afterHooks": [],
          "tests": [
            {
              "title": "Advisor_Getting started_TC001 to TC003 and TC005 to TC006_To verify the To check Get started page URL and menu bar",
              "fullTitle": "Advisor_Getting started_TS001 Advisor_Getting started_TC001 to TC003 and TC005 to TC006_To verify the To check Get started page URL and menu bar",
              "timedOut": null,
              "duration": 62817,
              "state": "failed",
              "speed": null,
              "pass": false,
              "fail": true,
              "pending": false,
              "context": "[\n  {\n    \"title\": \"cypress-mochawesome-reporter-videos-failed\",\n    \"value\": \"cypress\\\\e2e\\\\Advisor\\\\Advisor_Getting Started_TS001.cy.js\"\n  },\n  {\n    \"title\": \"cypress-mochawesome-reporter-screenshots\",\n    \"value\": [\n      [\n        \"\\\\Advisor_Getting Started_TS001.cy.js\\\\Advisor_Getting started_TS001 -- Advisor_Getting started_TC001 to TC003 and TC005 to TC006_To verify the To check Get started page URL and menu bar (failed).png\"\n      ]\n    ]\n  }\n]",
              "code": "cy.on('uncaught:exception', (err, runnable) => {\n  return false;\n});\nconst timestamp = Date.now();\nconst uniqueString = `user${timestamp}`;\nconst userData = {\n  personal_email: `reenaz+${uniqueString}@team845771.testinator.com`,\n  first_name: `reenaz${timestamp}`,\n  last_name: `fathima${timestamp}`\n};\n// Define the API endpoint for Fora\nconst apiEndpoint = 'https://api.forastaging.net/v1/invites/restricted/';\n// Authentication token for Fora API (replace with your actual token)\nconst authToken = '50eedfb8-3464-4017-8655-272de84ce154';\n// Variables to store email and link details\nlet emailId;\nlet firstLink;\n// Make the POST request to create the user\ncy.request({\n  method: 'POST',\n  url: apiEndpoint,\n  body: userData,\n  headers: {\n    'XAPIKEY': authToken,\n    'Content-Type': 'application/json'\n  }\n}).then(response => {\n  // Assert the status code\n  expect(response.status).to.eq(200);\n  // Assert the response body\n  expect(response.body).to.have.property('personal_email', userData.personal_email);\n  expect(response.body).to.have.property('first_name', userData.first_name);\n  expect(response.body).to.have.property('last_name', userData.last_name);\n  // Wait briefly before fetching the email from Mailinator\n  cy.wait(6000); // Adjust timing as needed\n  // After successful creation, fetch the email from Mailinator\n  const mailinatorApiKey = 'c3cf21ca3af74c6e9bb2b4ddad592e5b';\n  const mailinatorInboxUrl = `https://mailinator.com/api/v2/domains/private/inboxes/reenaz+${uniqueString}`;\n  cy.request({\n    method: 'GET',\n    url: mailinatorInboxUrl,\n    headers: {\n      'Authorization': mailinatorApiKey,\n      'Content-Type': 'application/json'\n    }\n  }).then(inboxResponse => {\n    expect(inboxResponse.status).to.eq(200);\n    expect(inboxResponse.body).to.have.property('msgs').that.is.an('array');\n    cy.wait(5000);\n    // Find the latest email by sorting by received time (assuming 'createdAt' field exists)\n    const messages = inboxResponse.body.msgs;\n    messages.sort((a, b) => new Date(b.createdAt) - new Date(a.createdAt)); // Sort by descending 'createdAt'\n    cy.wait(5000);\n    // Ensure there is at least one email\n    expect(messages.length).to.be.greaterThan(0);\n    // Fetch the latest email's ID and subject\n    const latestEmail = messages[0];\n    expect(latestEmail).to.exist;\n    expect(latestEmail.subject).to.include('Welcome to Fora!');\n    // Fetch links for the specific email\n    const emailId = latestEmail.id;\n    const linksUrl = `https://mailinator.com/api/v2/domains/private/inboxes/reenaz+${uniqueString}/messages/${emailId}/links`;\n    cy.request({\n      method: 'GET',\n      url: linksUrl,\n      headers: {\n        'Authorization': mailinatorApiKey,\n        'Content-Type': 'application/json'\n      }\n    }).then(linksResponse => {\n      expect(linksResponse.status).to.eq(200);\n      expect(linksResponse.body).to.have.property('links').that.is.an('array');\n      cy.wait(5000); // Adjust timing as needed\n      // Assert and log the links found in the email\n      const links = linksResponse.body.links;\n      expect(links.length).to.be.greaterThan(0);\n      cy.log('Links in Email:', links.join(', '));\n      // Visit the URL using Cypress with followRedirect: false\n      const foraRegistrationLink = links.find(link => link.includes('advisor.forastaging.net/register'));\n      expect(foraRegistrationLink).to.exist; // Ensure we found a link containing the registration URL\n      cy.visit(foraRegistrationLink, {\n        followRedirect: false\n      }); // Visit the last link in the array\n    });\n  });\n});\ncy.viewport(1500, 785);\ncy.wait(2000);\ncy.fixture('Advisor_Onboarding_TS004 to TS008.json').then(function (dataJson) {\n  _Onboarding.default.Plantext1.should('be.visible');\n  cy.wait(5000);\n  _Onboarding.default.subscribe.click();\n  cy.wait(5000);\n  _Onboarding.default.createaccount.should('be.visible');\n  _Onboarding.default.continue.click();\n  //Personal info section\n  _Onboarding.default.country.click();\n  _Onboarding.default.countrytext.type(dataJson.Countryname);\n  _Onboarding.default.typecountryname.click();\n  _Onboarding.default.address.type(dataJson.Address);\n  _Onboarding.default.city.type(dataJson.City);\n  _Onboarding.default.state.type(dataJson.State);\n  _Onboarding.default.zipcode.type(dataJson.Zipcodenumber);\n  _Onboarding.default.countryflag.should('be.exist');\n  _Onboarding.default.phonenumber.clear().type(dataJson.Correctnumber1);\n  _Onboarding.default.newpassword.type(dataJson.Correctpassword);\n  cy.wait(2000);\n  _Onboarding.default.confirmpassword.type(dataJson.Correctpassword);\n  cy.wait(8000);\n  _Onboarding.default.submit.click({\n    force: true\n  });\n  cy.wait(5000);\n  //Terms and policy section\n  _Onboarding.default.terms.should('be.visible');\n  _Onboarding.default.independedntagreement.should('be.visible');\n  _Onboarding.default.termscheckbox.check();\n  _Onboarding.default.policy.should('be.visible');\n  _Onboarding.default.policycheckbox.check();\n  _Onboarding.default.agreementcontinue.should('be.enabled').click();\n  cy.wait(2000);\n  //Payment section\n  cy.frameLoaded('[title=\"Secure payment input frame\"]');\n  cy.get('iframe').then($iframe => {\n    const $body = $iframe.contents().find('body');\n    cy.wrap($body).find('[placeholder=\"1234 1234 1234 1234\"]').type(dataJson.Correctcardnumber);\n    cy.wrap($body).find('[placeholder=\"MM / YY\"]').type(dataJson.Correctexpirynumber);\n    cy.wrap($body).find('[placeholder=\"CVC\"]').type(dataJson.Correctcvc);\n    cy.wrap($body).find(\"#Field-countryInput\").select('US').should('have.value', 'US');\n    cy.wrap($body).find('[placeholder=\"12345\"]').type('78645');\n    _Onboarding.default.createaccountbutton.click();\n    cy.wait(20000);\n    _Onboarding.default.startyouronboarding.click();\n    cy.wait(20000);\n    cy.url().should('include', 'https://advisor.forastaging.net/');\n    cy.viewport(1500, 785);\n    cy.wait(5000);\n    _Gettingstarted.default.Welcometo.should('be.visible');\n    _Gettingstarted.default.Fora.should('be.visible');\n    _Gettingstarted.default.Gettingstartedtab.click();\n    cy.wait(5000);\n    cy.url().should('include', 'https://advisor.forastaging.net/get-started');\n    _Gettingstarted.default.Gesttingstarted.should('be.visible');\n    _Gettingstarted.default.Progressbar.should('be.visible');\n    _Gettingstarted.default.Taskcount.should('be.visible');\n    _Gettingstarted.default.Attendinstructorledkickoffcallsection.should('be.visible');\n    _Gettingstarted.default.Gettingstartedtaskicon.eq(0).should('be.visible');\n    _Gettingstarted.default.Attendinstructorledkickoffcallsubheader.should('be.visible');\n    _Gettingstarted.default.Attendinstructorledkickoffcallheader.should('be.visible');\n    _Gettingstarted.default.Attendinstructorledkickoffcallctivitycount.should('be.visible');\n    _Gettingstarted.default.Activityexpand.eq(0).should('be.visible');\n    _Gettingstarted.default.Completecertifiedtraining.should('be.visible');\n    _Gettingstarted.default.Completecertifiedtrainingsubheader.should('be.visible');\n    _Gettingstarted.default.Gettingstartedtaskicon.eq(1).should('be.visible');\n    _Gettingstarted.default.Completecertifiedtrainingcount.should('be.visible');\n    _Gettingstarted.default.Activityexpand.eq(1).should('be.visible');\n    _Gettingstarted.default.Joinourcommunity.should('be.visible');\n    _Gettingstarted.default.Joinourcommunitycount.should('be.visible');\n    _Gettingstarted.default.Joinourcommunitysubheader.should('be.visible');\n    _Gettingstarted.default.Activityexpand.eq(2).should('be.visible');\n    _Gettingstarted.default.Gettingstartedtaskicon.eq(2).should('be.visible');\n    _Gettingstarted.default.Getthewordout.scrollIntoView().should('be.visible');\n    _Gettingstarted.default.Getthewordoutcount.should('be.visible');\n    _Gettingstarted.default.Getthewordoutsubheader.should('be.visible');\n    _Gettingstarted.default.Activityexpand.eq(3).should('be.visible');\n    _Gettingstarted.default.Gettingstartedtaskicon.eq(3).should('be.visible');\n    _Gettingstarted.default.Makeyourfirstbooking.scrollIntoView().should('be.visible');\n    //Gesttingstarted.Makeyourfirstbookingcount.scrollIntoView().should('be.visible')\n    _Gettingstarted.default.Makeyourfirstbookingsubheader.scrollIntoView().should('be.visible');\n    _Gettingstarted.default.Activityexpand.eq(4).should('be.visible').scrollIntoView().should('be.visible');\n    _Gettingstarted.default.Gettingstartedtaskicon.eq(4).should('be.visible').scrollIntoView().should('be.visible');\n    _Gettingstarted.default.Skipfornow.should('be.visible');\n    _Gettingstarted.default.Dismissguide.should('be.visible');\n    _Gettingstarted.default.Makeyourfirstbooking.scrollIntoView().should('be.visible');\n    _Gettingstarted.default.Makeyourfirstbookingcount.scrollIntoView().should('be.visible');\n    _Gettingstarted.default.Makeyourfirstbookingsubheader.scrollIntoView().should('be.visible');\n    cy.xpath(\"//span[normalize-space()='Make your first booking & start earning commission']\").should('be.visible').scrollIntoView().should('be.visible').click();\n    _Gettingstarted.default.Createaexpediataapaccount.should('be.visible').click();\n    _Gettingstarted.default.Createaexpediataapaccount1.should('be.visible');\n    _Gettingstarted.default.Register.click();\n    _Gettingstarted.default.Gettingstartedtab.click();\n    cy.wait(1000);\n    cy.xpath(\"//span[normalize-space()='Make your first booking & start earning commission']\").should('be.visible').scrollIntoView().should('be.visible').click();\n    cy.wait(1000);\n    _Gettingstarted.default.Createaexpediataapaccount.should('be.visible').click();\n    _Gettingstarted.default.Markasdone.click();\n    //Gesttingstarted.Sucessiconoutside.should('be.visible');\n    _Gettingstarted.default.Learnallthings.should('be.visible').click();\n    _Gettingstarted.default.Learnallthings1.should('be.visible');\n    _Gettingstarted.default.Gototraining.click();\n    _Gettingstarted.default.Markeascomplete.scrollIntoView().click();\n    _Gettingstarted.default.Gettingstartedtab.click();\n    cy.xpath(\"//span[normalize-space()='Make your first booking & start earning commission']\").scrollIntoView().should('be.visible').click();\n    _Gettingstarted.default.Sucessiconoutside.eq(1).should('be.visible');\n    _Gettingstarted.default.bookMarriotthotels.click();\n    _Gettingstarted.default.bookMarriotthotels1.should('be.visible');\n    _Gettingstarted.default.Gototraining.click();\n    _Gettingstarted.default.Markeascomplete.scrollIntoView().click();\n    _Gettingstarted.default.Gettingstartedtab.click();\n    cy.xpath(\"//span[normalize-space()='Make your first booking & start earning commission']\").scrollIntoView().should('be.visible').click();\n    _Gettingstarted.default.Makeyourfirstbooking.should('be.visible');\n    _Gettingstarted.default.Makeyourfirstbookingsubheader.should('be.visible');\n    _Gettingstarted.default.Makeyourfirstbooking.should('be.visible');\n    const advisorEmail = `${userData.first_name}.${userData.last_name}@forastaging.net`;\n    const bookingData = {\n      \"id\": uuidv4(),\n      \"email_captured\": \"2023-12-01\",\n      \"advisor\": advisorEmail,\n      \"arrival\": \"2023-12-11\",\n      \"departure\": \"2023-12-12\",\n      \"booking_category\": \"Hotel\",\n      \"primary_guest_name\": \"Fora travel\",\n      \"avg_gross_nightly_rate\": 12,\n      \"fx_rate\": 1.1234999,\n      \"rooms\": 3,\n      \"booking_status\": \"Original\",\n      \"total_commissionable_booking\": 1900.24,\n      \"est_commission\": 0.1,\n      \"resource_link\": \"https://fora.kustomerapp.com/app/customers/636ecafb3ee7ff7209b2014f/event/637afc19d3637b39d65b156d\",\n      \"booking_channel\": \"Direct\",\n      \"confirmation_num\": \"34277715\",\n      \"hotel_brand\": \"brand\",\n      \"hotel_group\": \"group\",\n      \"supplier_id\": \"1aece09a-e51d-4548-bfc3-23d6d16abce2\",\n      \"supplier\": \"Le Meridien Chicago - Oakbrook Center\",\n      \"booking_currency\": \"USD\",\n      \"hotel_contact\": \"no-reply@t1.hpe-esp.hyatt.com\",\n      \"invoice_on_departure\": \"YES\",\n      \"full_address\": \"full address\",\n      \"country\": \"country\",\n      \"state\": \"state\",\n      \"city\": \"city\",\n      \"zip_code\": \"zip_code\",\n      \"primary_guest_email\": \"primaryguest@some.email\",\n      \"client\": null\n    };\n    cy.createBooking(bookingData).then(response => {\n      expect(response.status).to.be.oneOf([200, 201]);\n      expect(response.body.id).to.equal(bookingData.id);\n    }).should(response => {\n      if (response.status !== 200 && response.status !== 201) {\n        console.error('Failed to create booking:', response);\n        throw new Error(`Failed to create booking: Received status ${response.status}`);\n      }\n    });\n  });\n  cy.wait(2000);\n  _Foraprofile.default.Usersetting.click();\n  cy.wait(2000);\n  cy.get('.grid > .flex > :nth-child(2) > .font-bold') // Replace with actual selector\n  .invoke('text').then(email => {\n    // You can store the email in a variable or a file\n    cy.writeFile('cypress/fixtures/recoveryEmail.json', {\n      email\n    });\n  });\n});",
              "err": {
                "message": "SecurityError: Permission denied to access property \"toString\" on cross-origin object",
                "estack": "SecurityError: Permission denied to access property \"toString\" on cross-origin object\nat frameLoaded/</</</hasNavigated< (webpack://advisor/./node_modules/cypress-iframe/dist/index.js:97:40)\nat frameLoaded/</ (webpack://advisor/./node_modules/cypress-iframe/dist/index.js:100:0)\nat step (webpack://advisor/./node_modules/cypress-iframe/dist/index.js:43:0)\nat verb (webpack://advisor/./node_modules/cypress-iframe/dist/index.js:24:45)\nat ./node_modules/cypress-iframe/dist/index.js/__awaiter (webpack://advisor/./node_modules/cypress-iframe/dist/index.js:18:0)\nat ./node_modules/cypress-iframe/dist/index.js/__awaiter< (webpack://advisor/./node_modules/cypress-iframe/dist/index.js:14:0)\nat frameLoaded (webpack://advisor/./node_modules/cypress-iframe/dist/index.js:79:100)\nat getRet (https://advisor.forastaging.net/__cypress/runner/cypress_runner.js:119259:20)\nat tryCatcher (https://advisor.forastaging.net/__cypress/runner/cypress_runner.js:1807:23)\nat __webpack_modules__</module.exports/Promise.try (https://advisor.forastaging.net/__cypress/runner/cypress_runner.js:4315:29)\nat thenFn (https://advisor.forastaging.net/__cypress/runner/cypress_runner.js:119270:60)\nat then (https://advisor.forastaging.net/__cypress/runner/cypress_runner.js:119521:21)\nat wrapped (https://advisor.forastaging.net/__cypress/runner/cypress_runner.js:138450:19)\nat __webpack_modules__</runCommand (https://advisor.forastaging.net/__cypress/runner/cypress_runner.js:144371:15)\nat tryCatcher (https://advisor.forastaging.net/__cypress/runner/cypress_runner.js:1807:23)\nat __webpack_modules__</module.exports/Promise.prototype._settlePromiseFromHandler (https://advisor.forastaging.net/__cypress/runner/cypress_runner.js:1519:31)\nat __webpack_modules__</module.exports/Promise.prototype._settlePromise (https://advisor.forastaging.net/__cypress/runner/cypress_runner.js:1576:18)\nat __webpack_modules__</module.exports/Promise.prototype._settlePromiseCtx (https://advisor.forastaging.net/__cypress/runner/cypress_runner.js:1613:10)\nat _drainQueueStep (https://advisor.forastaging.net/__cypress/runner/cypress_runner.js:2411:12)\nat _drainQueue (https://advisor.forastaging.net/__cypress/runner/cypress_runner.js:2400:24)\nat __webpack_modules__</Async.prototype._drainQueues (https://advisor.forastaging.net/__cypress/runner/cypress_runner.js:2416:16)\nat __webpack_modules__</Async/this.drainQueues (https://advisor.forastaging.net/__cypress/runner/cypress_runner.js:2286:14)",
                "diff": null
              },
              "uuid": "8b39a8dc-c963-4f50-867b-f02b99d22018",
              "parentUUID": "cd151e66-a77a-47bc-b09e-b8be07001a1b",
              "isHook": false,
              "skipped": false
            }
          ],
          "suites": [],
          "passes": [],
          "failures": [
            "8b39a8dc-c963-4f50-867b-f02b99d22018"
          ],
          "pending": [],
          "skipped": [],
          "duration": 62817,
          "root": false,
          "rootEmpty": false,
          "_timeout": 2000
        }
      ],
      "passes": [],
      "failures": [],
      "pending": [],
      "skipped": [],
      "duration": 0,
      "root": true,
      "rootEmpty": true,
      "_timeout": 2000
    }
  ],
  "meta": {
    "mocha": {
      "version": "7.0.1"
    },
    "mochawesome": {
      "options": {
        "quiet": false,
        "reportFilename": "mochawesome",
        "saveHtml": false,
        "saveJson": true,
        "consoleReporter": "spec",
        "useInlineDiffs": false,
        "code": true
      },
      "version": "7.1.3"
    },
    "marge": {
      "options": {
        "overwrite": false,
        "html": false,
        "json": true
      },
      "version": "6.2.0"
    }
  }
}