{
  "stats": {
    "suites": 1,
    "tests": 3,
    "passes": 0,
    "pending": 0,
    "failures": 3,
    "start": "2024-09-23T04:40:44.316Z",
    "end": "2024-09-23T04:41:31.708Z",
    "duration": 47392,
    "testsRegistered": 3,
    "passPercent": 0,
    "pendingPercent": 0,
    "other": 0,
    "hasOther": false,
    "skipped": 0,
    "hasSkipped": false
  },
  "results": [
    {
      "uuid": "388c9410-deaa-4390-9054-465c6390fadc",
      "title": "",
      "fullFile": "cypress\\e2e\\Advisor\\Advisor_Booking_TS011.cy.js",
      "file": "cypress\\e2e\\Advisor\\Advisor_Booking_TS011.cy.js",
      "beforeHooks": [],
      "afterHooks": [],
      "tests": [],
      "suites": [
        {
          "uuid": "02b45aa5-dce5-4007-8f89-f552b4453b64",
          "title": "Advisor_Booking_TS011",
          "fullFile": "",
          "file": "",
          "beforeHooks": [],
          "afterHooks": [],
          "tests": [
            {
              "title": "Advisor_Booking_TC037_To verify if the user can apply Next 30 days trip date filter ",
              "fullTitle": "Advisor_Booking_TS011 Advisor_Booking_TC037_To verify if the user can apply Next 30 days trip date filter ",
              "timedOut": null,
              "duration": 22495,
              "state": "failed",
              "speed": null,
              "pass": false,
              "fail": true,
              "pending": false,
              "context": "[\n  {\n    \"title\": \"cypress-mochawesome-reporter-videos-failed\",\n    \"value\": \"cypress\\\\e2e\\\\Advisor\\\\Advisor_Booking_TS011.cy.js\"\n  },\n  {\n    \"title\": \"cypress-mochawesome-reporter-screenshots\",\n    \"value\": [\n      [\n        \"\\\\Advisor_Booking_TS011.cy.js\\\\Advisor_Booking_TS011 -- Advisor_Booking_TC037_To verify if the user can apply Next 30 days trip date filter (failed).png\"\n      ]\n    ]\n  }\n]",
              "code": "cy.on('uncaught:exception', (err, runnable) => {\n  return false;\n});\n//cy.Login1()\ncy.NotanadvisorLogin();\n_Home.default.navbar.click();\n_Booking.default.booking.click();\ncy.wait(5000);\n_Booking.default.Dates.eq(0).click({\n  force: true\n});\ncy.wait(2000);\n_Booking.default.Tripdate.click();\n_Booking.default.BookDropdown.click({\n  force: true\n});\n_Booking.default.next30days.click();\n_Booking.default.Apply.click();\ncy.get('body').then(body => {\n  const commissionsElement = body.find('[data-testid=\"commissions\"]');\n  if (commissionsElement.length > 0) {\n    const text = commissionsElement.text();\n    const numberRegex = /\\d+/;\n    const foundNumber = text.match(numberRegex);\n    if (foundNumber && parseInt(foundNumber[0], 10) !== 0) {\n      const numberValue = parseInt(foundNumber[0], 10);\n      cy.log('Bookings available:', numberValue);\n      _Booking.default.tripdateresult.invoke('text').then(next30Days => {\n        cy.log('Next 30 days:', next30Days);\n      });\n    } else {\n      cy.log('No bookings available or the number is 0.');\n    }\n  } else {\n    cy.log('No bookings available.');\n  }\n});",
              "err": {
                "message": "AssertionError: Timed out retrying after 8000ms: Expected to find element: `[data-testid=\"dropdownButton\"]`, but never found it.",
                "estack": "AssertionError: Timed out retrying after 8000ms: Expected to find element: `[data-testid=\"dropdownButton\"]`, but never found it.\n    at get Dates (webpack://advisor/./cypress/support/Page Object/Advisor/Booking.js:16:18)\n    at  (webpack://advisor/./cypress/e2e/Advisor/Advisor_Booking_TS011.cy.js:32:4)\n    at __webpack_modules__</setRunnable/runnable.fn (https://advisor.forastaging.net/__cypress/runner/cypress_runner.js:138717:43)\n    at callFn (https://advisor.forastaging.net/__cypress/runner/cypress_runner.js:157333:21)\n    at __webpack_modules__</Runnable.prototype.run (https://advisor.forastaging.net/__cypress/runner/cypress_runner.js:157320:13)\n    at __webpack_modules__</create/onRunnableRun (https://advisor.forastaging.net/__cypress/runner/cypress_runner.js:163244:30)\n    at finallyHandler (https://advisor.forastaging.net/__cypress/runner/cypress_runner.js:4072:23)\n    at tryCatcher (https://advisor.forastaging.net/__cypress/runner/cypress_runner.js:1807:23)\n    at __webpack_modules__</module.exports/Promise.prototype._settlePromiseFromHandler (https://advisor.forastaging.net/__cypress/runner/cypress_runner.js:1519:31)\n    at __webpack_modules__</module.exports/Promise.prototype._settlePromise (https://advisor.forastaging.net/__cypress/runner/cypress_runner.js:1576:18)\n    at __webpack_modules__</module.exports/Promise.prototype._settlePromise0 (https://advisor.forastaging.net/__cypress/runner/cypress_runner.js:1621:10)\n    at __webpack_modules__</module.exports/Promise.prototype._settlePromises (https://advisor.forastaging.net/__cypress/runner/cypress_runner.js:1701:18)\n    at _drainQueueStep (https://advisor.forastaging.net/__cypress/runner/cypress_runner.js:2407:12)\n    at _drainQueue (https://advisor.forastaging.net/__cypress/runner/cypress_runner.js:2400:24)\n    at __webpack_modules__</Async.prototype._drainQueues (https://advisor.forastaging.net/__cypress/runner/cypress_runner.js:2416:16)\n    at __webpack_modules__</Async/this.drainQueues (https://advisor.forastaging.net/__cypress/runner/cypress_runner.js:2286:14)",
                "diff": null
              },
              "uuid": "b5a7c7ed-73dd-4552-8c0e-f9cbcb464462",
              "parentUUID": "02b45aa5-dce5-4007-8f89-f552b4453b64",
              "isHook": false,
              "skipped": false
            },
            {
              "title": "Advisor_Booking_TC038_To verify if the user can apply Past 10 days trip date filter ",
              "fullTitle": "Advisor_Booking_TS011 Advisor_Booking_TC038_To verify if the user can apply Past 10 days trip date filter ",
              "timedOut": null,
              "duration": 10152,
              "state": "failed",
              "speed": null,
              "pass": false,
              "fail": true,
              "pending": false,
              "context": "[\n  {\n    \"title\": \"cypress-mochawesome-reporter-videos-failed\",\n    \"value\": \"cypress\\\\e2e\\\\Advisor\\\\Advisor_Booking_TS011.cy.js\"\n  },\n  {\n    \"title\": \"cypress-mochawesome-reporter-screenshots\",\n    \"value\": [\n      [\n        \"\\\\Advisor_Booking_TS011.cy.js\\\\Advisor_Booking_TS011 -- Advisor_Booking_TC038_To verify if the user can apply Past 10 days trip date filter (failed).png\"\n      ]\n    ]\n  }\n]",
              "code": "cy.on('uncaught:exception', (err, runnable) => {\n  return false;\n});\ncy.wait(2000);\n_Booking.default.Dates.eq(0).click({\n  force: true\n});\ncy.wait(2000);\n_Booking.default.BookDropdown.click({\n  force: true\n});\n_Booking.default.Past10days.click();\n_Booking.default.Apply.click();\ncy.get('body').then(body => {\n  const commissionsElement = body.find('[data-testid=\"commissions\"]');\n  if (commissionsElement.length > 0) {\n    const text = commissionsElement.text();\n    const numberRegex = /\\d+/;\n    const foundNumber = text.match(numberRegex);\n    if (foundNumber && parseInt(foundNumber[0], 10) !== 0) {\n      const numberValue = parseInt(foundNumber[0], 10);\n      cy.log('Bookings available:', numberValue);\n      _Booking.default.tripdateresult.invoke('text').then(Past10days => {\n        cy.log('Past 10 days:', Past10days);\n      });\n    } else {\n      cy.log('No bookings available or the number is 0.');\n    }\n  } else {\n    cy.log('No bookings available.');\n  }\n});",
              "err": {
                "message": "AssertionError: Timed out retrying after 8000ms: Expected to find element: `[data-testid=\"dropdownButton\"]`, but never found it.",
                "estack": "AssertionError: Timed out retrying after 8000ms: Expected to find element: `[data-testid=\"dropdownButton\"]`, but never found it.\n    at get Dates (webpack://advisor/./cypress/support/Page Object/Advisor/Booking.js:16:18)\n    at  (webpack://advisor/./cypress/e2e/Advisor/Advisor_Booking_TS011.cy.js:71:4)\n    at __webpack_modules__</setRunnable/runnable.fn (https://advisor.forastaging.net/__cypress/runner/cypress_runner.js:138717:43)\n    at callFn (https://advisor.forastaging.net/__cypress/runner/cypress_runner.js:157333:21)\n    at __webpack_modules__</Runnable.prototype.run (https://advisor.forastaging.net/__cypress/runner/cypress_runner.js:157320:13)\n    at __webpack_modules__</create/onRunnableRun (https://advisor.forastaging.net/__cypress/runner/cypress_runner.js:163244:30)\n    at finallyHandler (https://advisor.forastaging.net/__cypress/runner/cypress_runner.js:4072:23)\n    at tryCatcher (https://advisor.forastaging.net/__cypress/runner/cypress_runner.js:1807:23)\n    at __webpack_modules__</module.exports/Promise.prototype._settlePromiseFromHandler (https://advisor.forastaging.net/__cypress/runner/cypress_runner.js:1519:31)\n    at __webpack_modules__</module.exports/Promise.prototype._settlePromise (https://advisor.forastaging.net/__cypress/runner/cypress_runner.js:1576:18)\n    at __webpack_modules__</module.exports/Promise.prototype._settlePromise0 (https://advisor.forastaging.net/__cypress/runner/cypress_runner.js:1621:10)\n    at __webpack_modules__</module.exports/Promise.prototype._settlePromises (https://advisor.forastaging.net/__cypress/runner/cypress_runner.js:1701:18)\n    at __webpack_modules__</module.exports/Promise.prototype._fulfill (https://advisor.forastaging.net/__cypress/runner/cypress_runner.js:1645:18)\n    at __webpack_modules__</module.exports/Promise.prototype._settlePromise (https://advisor.forastaging.net/__cypress/runner/cypress_runner.js:1589:21)\n    at __webpack_modules__</module.exports/Promise.prototype._settlePromise0 (https://advisor.forastaging.net/__cypress/runner/cypress_runner.js:1621:10)\n    at __webpack_modules__</module.exports/Promise.prototype._settlePromises (https://advisor.forastaging.net/__cypress/runner/cypress_runner.js:1701:18)\n    at __webpack_modules__</module.exports/Promise.prototype._fulfill (https://advisor.forastaging.net/__cypress/runner/cypress_runner.js:1645:18)\n    at __webpack_modules__</module.exports/Promise.prototype._resolveCallback (https://advisor.forastaging.net/__cypress/runner/cypress_runner.js:1439:57)\n    at __webpack_modules__</module.exports/Promise.prototype._settlePromiseFromHandler (https://advisor.forastaging.net/__cypress/runner/cypress_runner.js:1531:17)\n    at __webpack_modules__</module.exports/Promise.prototype._settlePromise (https://advisor.forastaging.net/__cypress/runner/cypress_runner.js:1576:18)\n    at __webpack_modules__</module.exports/Promise.prototype._settlePromise0 (https://advisor.forastaging.net/__cypress/runner/cypress_runner.js:1621:10)\n    at __webpack_modules__</module.exports/Promise.prototype._settlePromises (https://advisor.forastaging.net/__cypress/runner/cypress_runner.js:1701:18)\n    at __webpack_modules__</module.exports/Promise.prototype._fulfill (https://advisor.forastaging.net/__cypress/runner/cypress_runner.js:1645:18)\n    at __webpack_modules__</module.exports/PromiseArray.prototype._resolve (https://advisor.forastaging.net/__cypress/runner/cypress_runner.js:2932:19)\n    at __webpack_modules__</module.exports/PromiseArray.prototype._promiseFulfilled (https://advisor.forastaging.net/__cypress/runner/cypress_runner.js:2950:14)\n    at __webpack_modules__</module.exports/PromiseArray.prototype._iterate (https://advisor.forastaging.net/__cypress/runner/cypress_runner.js:2920:31)\n    at init (https://advisor.forastaging.net/__cypress/runner/cypress_runner.js:2884:10)\n    at __webpack_modules__</module.exports/Promise.prototype._settlePromise (https://advisor.forastaging.net/__cypress/runner/cypress_runner.js:1573:21)\n    at __webpack_modules__</module.exports/Promise.prototype._settlePromise0 (https://advisor.forastaging.net/__cypress/runner/cypress_runner.js:1621:10)\n    at __webpack_modules__</module.exports/Promise.prototype._settlePromises (https://advisor.forastaging.net/__cypress/runner/cypress_runner.js:1701:18)\n    at __webpack_modules__</module.exports/Promise.prototype._fulfill (https://advisor.forastaging.net/__cypress/runner/cypress_runner.js:1645:18)\n    at __webpack_modules__</module.exports/PromiseArray.prototype._resolve (https://advisor.forastaging.net/__cypress/runner/cypress_runner.js:2932:19)\n    at __webpack_modules__</module.exports/PromiseArray.prototype._promiseFulfilled (https://advisor.forastaging.net/__cypress/runner/cypress_runner.js:2950:14)\n    at __webpack_modules__</module.exports/Promise.prototype._settlePromise (https://advisor.forastaging.net/__cypress/runner/cypress_runner.js:1581:26)\n    at __webpack_modules__</module.exports/Promise.prototype._settlePromise0 (https://advisor.forastaging.net/__cypress/runner/cypress_runner.js:1621:10)\n    at __webpack_modules__</module.exports/Promise.prototype._settlePromises (https://advisor.forastaging.net/__cypress/runner/cypress_runner.js:1701:18)\n    at __webpack_modules__</module.exports/Promise.prototype._fulfill (https://advisor.forastaging.net/__cypress/runner/cypress_runner.js:1645:18)\n    at __webpack_modules__</module.exports/PromiseArray.prototype._resolve (https://advisor.forastaging.net/__cypress/runner/cypress_runner.js:2932:19)\n    at __webpack_modules__</module.exports/MappingPromiseArray.prototype._promiseFulfilled (https://advisor.forastaging.net/__cypress/runner/cypress_runner.js:4987:18)\n    at __webpack_modules__</module.exports/Promise.prototype._settlePromise (https://advisor.forastaging.net/__cypress/runner/cypress_runner.js:1581:26)\n    at __webpack_modules__</module.exports/Promise.prototype._settlePromise0 (https://advisor.forastaging.net/__cypress/runner/cypress_runner.js:1621:10)\n    at __webpack_modules__</module.exports/Promise.prototype._settlePromises (https://advisor.forastaging.net/__cypress/runner/cypress_runner.js:1701:18)\n    at _drainQueueStep (https://advisor.forastaging.net/__cypress/runner/cypress_runner.js:2407:12)\n    at _drainQueue (https://advisor.forastaging.net/__cypress/runner/cypress_runner.js:2400:24)\n    at __webpack_modules__</Async.prototype._drainQueues (https://advisor.forastaging.net/__cypress/runner/cypress_runner.js:2416:16)\n    at __webpack_modules__</Async/this.drainQueues (https://advisor.forastaging.net/__cypress/runner/cypress_runner.js:2286:14)",
                "diff": null
              },
              "uuid": "27572a25-3491-4e12-b713-35b850e68174",
              "parentUUID": "02b45aa5-dce5-4007-8f89-f552b4453b64",
              "isHook": false,
              "skipped": false
            },
            {
              "title": "Advisor_Booking_TC039_To verify if the user can apply Past 30 days trip date filter ",
              "fullTitle": "Advisor_Booking_TS011 Advisor_Booking_TC039_To verify if the user can apply Past 30 days trip date filter ",
              "timedOut": null,
              "duration": 10147,
              "state": "failed",
              "speed": null,
              "pass": false,
              "fail": true,
              "pending": false,
              "context": "[\n  {\n    \"title\": \"cypress-mochawesome-reporter-videos-failed\",\n    \"value\": \"cypress\\\\e2e\\\\Advisor\\\\Advisor_Booking_TS011.cy.js\"\n  },\n  {\n    \"title\": \"cypress-mochawesome-reporter-screenshots\",\n    \"value\": [\n      [\n        \"\\\\Advisor_Booking_TS011.cy.js\\\\Advisor_Booking_TS011 -- Advisor_Booking_TC039_To verify if the user can apply Past 30 days trip date filter (failed).png\"\n      ]\n    ]\n  }\n]",
              "code": "cy.on('uncaught:exception', (err, runnable) => {\n  return false;\n});\ncy.wait(2000);\n_Booking.default.Dates.eq(0).click({\n  force: true\n});\ncy.wait(2000);\n_Booking.default.BookDropdown.click({\n  force: true\n});\n_Booking.default.Past30days.click();\n_Booking.default.Apply.click();\ncy.get('body').then(body => {\n  const commissionsElement = body.find('[data-testid=\"commissions\"]');\n  if (commissionsElement.length > 0) {\n    const text = commissionsElement.text();\n    const numberRegex = /\\d+/;\n    const foundNumber = text.match(numberRegex);\n    if (foundNumber && parseInt(foundNumber[0], 10) !== 0) {\n      const numberValue = parseInt(foundNumber[0], 10);\n      cy.log('Bookings available:', numberValue);\n      _Booking.default.tripdateresult.invoke('text').then(Past30days => {\n        cy.log('Past 30 days:', Past30days);\n      });\n    } else {\n      cy.log('No bookings available or the number is 0.');\n    }\n  } else {\n    cy.log('No bookings available.');\n  }\n});",
              "err": {
                "message": "AssertionError: Timed out retrying after 8000ms: Expected to find element: `[data-testid=\"dropdownButton\"]`, but never found it.",
                "estack": "AssertionError: Timed out retrying after 8000ms: Expected to find element: `[data-testid=\"dropdownButton\"]`, but never found it.\n    at get Dates (webpack://advisor/./cypress/support/Page Object/Advisor/Booking.js:16:18)\n    at  (webpack://advisor/./cypress/e2e/Advisor/Advisor_Booking_TS011.cy.js:117:4)\n    at __webpack_modules__</setRunnable/runnable.fn (https://advisor.forastaging.net/__cypress/runner/cypress_runner.js:138717:43)\n    at callFn (https://advisor.forastaging.net/__cypress/runner/cypress_runner.js:157333:21)\n    at __webpack_modules__</Runnable.prototype.run (https://advisor.forastaging.net/__cypress/runner/cypress_runner.js:157320:13)\n    at __webpack_modules__</create/onRunnableRun (https://advisor.forastaging.net/__cypress/runner/cypress_runner.js:163244:30)\n    at finallyHandler (https://advisor.forastaging.net/__cypress/runner/cypress_runner.js:4072:23)\n    at tryCatcher (https://advisor.forastaging.net/__cypress/runner/cypress_runner.js:1807:23)\n    at __webpack_modules__</module.exports/Promise.prototype._settlePromiseFromHandler (https://advisor.forastaging.net/__cypress/runner/cypress_runner.js:1519:31)\n    at __webpack_modules__</module.exports/Promise.prototype._settlePromise (https://advisor.forastaging.net/__cypress/runner/cypress_runner.js:1576:18)\n    at __webpack_modules__</module.exports/Promise.prototype._settlePromise0 (https://advisor.forastaging.net/__cypress/runner/cypress_runner.js:1621:10)\n    at __webpack_modules__</module.exports/Promise.prototype._settlePromises (https://advisor.forastaging.net/__cypress/runner/cypress_runner.js:1701:18)\n    at __webpack_modules__</module.exports/Promise.prototype._fulfill (https://advisor.forastaging.net/__cypress/runner/cypress_runner.js:1645:18)\n    at __webpack_modules__</module.exports/Promise.prototype._settlePromise (https://advisor.forastaging.net/__cypress/runner/cypress_runner.js:1589:21)\n    at __webpack_modules__</module.exports/Promise.prototype._settlePromise0 (https://advisor.forastaging.net/__cypress/runner/cypress_runner.js:1621:10)\n    at __webpack_modules__</module.exports/Promise.prototype._settlePromises (https://advisor.forastaging.net/__cypress/runner/cypress_runner.js:1701:18)\n    at __webpack_modules__</module.exports/Promise.prototype._fulfill (https://advisor.forastaging.net/__cypress/runner/cypress_runner.js:1645:18)\n    at __webpack_modules__</module.exports/Promise.prototype._resolveCallback (https://advisor.forastaging.net/__cypress/runner/cypress_runner.js:1439:57)\n    at __webpack_modules__</module.exports/Promise.prototype._settlePromiseFromHandler (https://advisor.forastaging.net/__cypress/runner/cypress_runner.js:1531:17)\n    at __webpack_modules__</module.exports/Promise.prototype._settlePromise (https://advisor.forastaging.net/__cypress/runner/cypress_runner.js:1576:18)\n    at __webpack_modules__</module.exports/Promise.prototype._settlePromise0 (https://advisor.forastaging.net/__cypress/runner/cypress_runner.js:1621:10)\n    at __webpack_modules__</module.exports/Promise.prototype._settlePromises (https://advisor.forastaging.net/__cypress/runner/cypress_runner.js:1701:18)\n    at __webpack_modules__</module.exports/Promise.prototype._fulfill (https://advisor.forastaging.net/__cypress/runner/cypress_runner.js:1645:18)\n    at __webpack_modules__</module.exports/PromiseArray.prototype._resolve (https://advisor.forastaging.net/__cypress/runner/cypress_runner.js:2932:19)\n    at __webpack_modules__</module.exports/PromiseArray.prototype._promiseFulfilled (https://advisor.forastaging.net/__cypress/runner/cypress_runner.js:2950:14)\n    at __webpack_modules__</module.exports/PromiseArray.prototype._iterate (https://advisor.forastaging.net/__cypress/runner/cypress_runner.js:2920:31)\n    at init (https://advisor.forastaging.net/__cypress/runner/cypress_runner.js:2884:10)\n    at __webpack_modules__</module.exports/Promise.prototype._settlePromise (https://advisor.forastaging.net/__cypress/runner/cypress_runner.js:1573:21)\n    at __webpack_modules__</module.exports/Promise.prototype._settlePromise0 (https://advisor.forastaging.net/__cypress/runner/cypress_runner.js:1621:10)\n    at __webpack_modules__</module.exports/Promise.prototype._settlePromises (https://advisor.forastaging.net/__cypress/runner/cypress_runner.js:1701:18)\n    at __webpack_modules__</module.exports/Promise.prototype._fulfill (https://advisor.forastaging.net/__cypress/runner/cypress_runner.js:1645:18)\n    at __webpack_modules__</module.exports/PromiseArray.prototype._resolve (https://advisor.forastaging.net/__cypress/runner/cypress_runner.js:2932:19)\n    at __webpack_modules__</module.exports/PromiseArray.prototype._promiseFulfilled (https://advisor.forastaging.net/__cypress/runner/cypress_runner.js:2950:14)\n    at __webpack_modules__</module.exports/Promise.prototype._settlePromise (https://advisor.forastaging.net/__cypress/runner/cypress_runner.js:1581:26)\n    at __webpack_modules__</module.exports/Promise.prototype._settlePromise0 (https://advisor.forastaging.net/__cypress/runner/cypress_runner.js:1621:10)\n    at __webpack_modules__</module.exports/Promise.prototype._settlePromises (https://advisor.forastaging.net/__cypress/runner/cypress_runner.js:1701:18)\n    at __webpack_modules__</module.exports/Promise.prototype._fulfill (https://advisor.forastaging.net/__cypress/runner/cypress_runner.js:1645:18)\n    at __webpack_modules__</module.exports/PromiseArray.prototype._resolve (https://advisor.forastaging.net/__cypress/runner/cypress_runner.js:2932:19)\n    at __webpack_modules__</module.exports/MappingPromiseArray.prototype._promiseFulfilled (https://advisor.forastaging.net/__cypress/runner/cypress_runner.js:4987:18)\n    at __webpack_modules__</module.exports/Promise.prototype._settlePromise (https://advisor.forastaging.net/__cypress/runner/cypress_runner.js:1581:26)\n    at __webpack_modules__</module.exports/Promise.prototype._settlePromise0 (https://advisor.forastaging.net/__cypress/runner/cypress_runner.js:1621:10)\n    at __webpack_modules__</module.exports/Promise.prototype._settlePromises (https://advisor.forastaging.net/__cypress/runner/cypress_runner.js:1701:18)\n    at _drainQueueStep (https://advisor.forastaging.net/__cypress/runner/cypress_runner.js:2407:12)\n    at _drainQueue (https://advisor.forastaging.net/__cypress/runner/cypress_runner.js:2400:24)\n    at __webpack_modules__</Async.prototype._drainQueues (https://advisor.forastaging.net/__cypress/runner/cypress_runner.js:2416:16)\n    at __webpack_modules__</Async/this.drainQueues (https://advisor.forastaging.net/__cypress/runner/cypress_runner.js:2286:14)",
                "diff": null
              },
              "uuid": "61cf4600-ad0c-4256-b6e6-2754693b95f9",
              "parentUUID": "02b45aa5-dce5-4007-8f89-f552b4453b64",
              "isHook": false,
              "skipped": false
            }
          ],
          "suites": [],
          "passes": [],
          "failures": [
            "b5a7c7ed-73dd-4552-8c0e-f9cbcb464462",
            "27572a25-3491-4e12-b713-35b850e68174",
            "61cf4600-ad0c-4256-b6e6-2754693b95f9"
          ],
          "pending": [],
          "skipped": [],
          "duration": 42794,
          "root": false,
          "rootEmpty": false,
          "_timeout": 2000
        }
      ],
      "passes": [],
      "failures": [],
      "pending": [],
      "skipped": [],
      "duration": 0,
      "root": true,
      "rootEmpty": true,
      "_timeout": 2000
    }
  ],
  "meta": {
    "mocha": {
      "version": "7.0.1"
    },
    "mochawesome": {
      "options": {
        "quiet": false,
        "reportFilename": "mochawesome",
        "saveHtml": false,
        "saveJson": true,
        "consoleReporter": "spec",
        "useInlineDiffs": false,
        "code": true
      },
      "version": "7.1.3"
    },
    "marge": {
      "options": {
        "overwrite": false,
        "html": false,
        "json": true
      },
      "version": "6.2.0"
    }
  }
}