{
  "stats": {
    "suites": 1,
    "tests": 1,
    "passes": 0,
    "pending": 0,
    "failures": 1,
    "start": "2024-09-18T09:53:15.537Z",
    "end": "2024-09-18T09:53:24.668Z",
    "duration": 9131,
    "testsRegistered": 1,
    "passPercent": 0,
    "pendingPercent": 0,
    "other": 0,
    "hasOther": false,
    "skipped": 0,
    "hasSkipped": false
  },
  "results": [
    {
      "uuid": "8250093f-5dd7-4a8a-980c-87e7869f2dd8",
      "title": "",
      "fullFile": "cypress\\e2e\\Advisor\\Advisor_GS_TS002.cy.js",
      "file": "cypress\\e2e\\Advisor\\Advisor_GS_TS002.cy.js",
      "beforeHooks": [],
      "afterHooks": [],
      "tests": [],
      "suites": [
        {
          "uuid": "8a28f131-acd5-4170-93d6-63c669da65e9",
          "title": "Advisor_Getting started_TS001",
          "fullFile": "",
          "file": "",
          "beforeHooks": [],
          "afterHooks": [],
          "tests": [
            {
              "title": "Advisor_Getting started_TC007_To verify the complete certified training ",
              "fullTitle": "Advisor_Getting started_TS001 Advisor_Getting started_TC007_To verify the complete certified training ",
              "timedOut": null,
              "duration": 4872,
              "state": "failed",
              "speed": null,
              "pass": false,
              "fail": true,
              "pending": false,
              "context": "[\n  {\n    \"title\": \"cypress-mochawesome-reporter-videos-failed\",\n    \"value\": \"cypress\\\\e2e\\\\Advisor\\\\Advisor_GS_TS002.cy.js\"\n  },\n  {\n    \"title\": \"cypress-mochawesome-reporter-screenshots\",\n    \"value\": [\n      [\n        \"\\\\Advisor\\\\Advisor_GS_TS002.cy.js\\\\Advisor_Getting started_TS001 -- Advisor_Getting started_TC007_To verify the complete certified training (failed).png\"\n      ]\n    ]\n  }\n]",
              "code": "cy.on('uncaught:exception', (err, runnable) => {\n  return false;\n});\n// In a separate Cypress test\ncy.getRecoveryEmail().then(email => {\n  // Use the email to perform actions, e.g., launch a link and log in\n  cy.visit('https://advisor.forastaging.net/login');\n  cy.contains(\"Not an advisor?\").should('be.visible');\n  cy.xpath(\"//a[normalize-space()='Sign in here.']\").click();\n  cy.xpath(\"//label[normalize-space()='Username']\").should('be.visible');\n  cy.xpath(\"//input[@id='username']\").type(email);\n  cy.xpath(\"//input[@id='password']\").type(\"Qaoncloud@01\");\n  cy.get('.show_hide_password > .relative > .absolute').click().click();\n  cy.xpath(\"//button[normalize-space()='Sign in']\", {\n    timeout: 10000\n  }).click();\n  cy.viewport(1500, 785);\n  cy.wait(5000);\n  _Gettingstarted.default.Gettingstartedtab.should('be.visible').click();\n  _Gettingstarted.default.Completecertifiedtraining.should('be.visible');\n  _Gettingstarted.default.Completecertifiedtrainingsubheader.should('be.visible');\n  /// Gesttingstarted.Gettingstartedtaskicon.eq(1).should('be.visible');\n  cy.xpath(\"//span[normalize-space()='Complete certified training']\").scrollIntoView().should('be.visible').click();\n  _Gettingstarted.default.Completecertifiedtrainingsubheader.should('be.visible');\n  _Gettingstarted.default.Watchtrainingsession.should('be.visible');\n  _Gettingstarted.default.Watchtrainingsessionradiobutton.should('be.visible');\n  _Gettingstarted.default.Passcertifiedquiz.should('be.visible');\n  _Gettingstarted.default.Passcertifiedquizradioibutton.should('be.visible');\n  _Gettingstarted.default.Subscribetotrainingcalendar.should('be.visible');\n  _Gettingstarted.default.Subscribetotrainingcalendarradiobutton.should('be.visible');\n  _Gettingstarted.default.Passcertifiedquiz.should('be.visible');\n  _Gettingstarted.default.Passcertifiedquizradioibutton.should('be.visible').click();\n  _Gettingstarted.default.Passcertifiedquizcontent.should('be.visible');\n  _Gettingstarted.default.Takequiz.click();\n  cy.wait(5000);\n  ///Gesttingstarted.Markeascomplete.scrollIntoView().click();\n  _Gettingstarted.default.Backtotraining.scrollIntoView().click();\n  cy.wait(5000);\n  _Gettingstarted.default.Trainingdropdown.eq(7).click();\n  _Gettingstarted.default.Gettingstartedtab.should('be.visible').click();\n  cy.wait(5000);\n  _Gettingstarted.default.Completecertifiedtraining.scrollIntoView().should('be.visible');\n  _Gettingstarted.default.Completecertifiedtrainingsubheader.scrollIntoView().should('be.visible');\n  //  Gesttingstarted.Gettingstartedtaskicon.eq(1).should('be.visible');\n  cy.xpath(\"//span[normalize-space()='Complete certified training']\").scrollIntoView().should('be.visible').click();\n  cy.get('[data-testid=\"bar-progress\"]').invoke('css', 'width').then(width => {\n    const newWidth = parseInt(width);\n    expect(newWidth).to.be.greaterThan(0);\n  });\n  _Gettingstarted.default.Watchtrainingsessionradiobutton.should('be.visible').click();\n  _Gettingstarted.default.Watchcertifiedtrainigsubheader.should('be.visible');\n  _Gettingstarted.default.Timespent.should('be.visible');\n  _Gettingstarted.default.Gototraining.click();\n  cy.wait(5000);\n  _Gettingstarted.default.Trainingdropdown.eq(2).click();\n  _Gettingstarted.default.Lessondropdown.eq(0).click();\n  const completeLessons = () => {\n    cy.wait(2000);\n    _Gettingstarted.default.Markeascomplete.scrollIntoView().click();\n    cy.get('body').then($body => {\n      const hasNextButton = $body.find('a:contains(\"Next\")').length > 0;\n      if (hasNextButton) {\n        cy.get('a').contains('Next').scrollIntoView().click();\n        cy.wait(1000);\n        completeLessons();\n      } else {\n        cy.wait(5000);\n        cy.get('a').contains('Back to Training').click();\n        cy.wait(5000);\n      }\n    });\n  };\n  completeLessons();\n  _Gettingstarted.default.Trainingdropdown.eq(2).click();\n  _Gettingstarted.default.Trainingdropdown.eq(3).click();\n  _Gettingstarted.default.Lessondropdown.eq(0).click();\n  completeLessons();\n  _Gettingstarted.default.Trainingdropdown.eq(3).click();\n  _Gettingstarted.default.Trainingdropdown.eq(4).click();\n  _Gettingstarted.default.Lessondropdown.eq(0).click();\n  completeLessons();\n  _Gettingstarted.default.Trainingdropdown.eq(4).click();\n  _Gettingstarted.default.Trainingdropdown.eq(5).click();\n  _Gettingstarted.default.Lessondropdown.eq(0).click();\n  completeLessons();\n  _Gettingstarted.default.Trainingdropdown.eq(5).click();\n  _Gettingstarted.default.Trainingdropdown.eq(6).scrollIntoView().click();\n  _Gettingstarted.default.Lessondropdown.eq(0).click();\n  completeLessons();\n  _Gettingstarted.default.Trainingdropdown.eq(6).click();\n  cy.wait(2000);\n  _Gettingstarted.default.Gettingstartedtab.should('be.visible').click();\n  cy.wait(2000);\n  _Gettingstarted.default.Completecertifiedtraining.should('be.visible');\n  _Gettingstarted.default.Completecertifiedtrainingsubheader.should('be.visible');\n  _Gettingstarted.default.Gettingstartedtaskicon.eq(1).should('be.visible');\n  cy.xpath(\"//span[normalize-space()='Complete certified training']\").scrollIntoView().should('be.visible').click();\n  cy.wait(2000);\n  cy.get('[data-testid=\"bar-progress\"]').invoke('css', 'width').then(width => {\n    const newWidth = parseInt(width);\n    expect(newWidth).to.be.greaterThan(0);\n  });\n  _Gettingstarted.default.Subscribetotrainingcalendar.should('be.visible');\n  _Gettingstarted.default.Subscribetotrainingcalendarradiobutton.should('be.visible').click();\n  _Gettingstarted.default.Subscribertotraining.should('be.visible');\n  _Gettingstarted.default.Subscribertotrainingtext.should('be.visible');\n  _Gettingstarted.default.Subscribe.click();\n  _Gettingstarted.default.Markasdone.click();\n  cy.get('[data-testid=\"bar-progress\"]').invoke('css', 'width').then(width => {\n    const newWidth = parseInt(width);\n    expect(newWidth).to.be.greaterThan(0);\n  });\n  _Gettingstarted.default.Backbutton.click();\n});",
              "err": {
                "message": "CypressError: `cy.type()` cannot accept an empty string. You need to actually type something.\n\nhttps://on.cypress.io/type",
                "estack": "CypressError: `cy.type()` cannot accept an empty string. You need to actually type something.\n\nhttps://on.cypress.io/type\nat type (https://advisor.forastaging.net/__cypress/runner/cypress_runner.js:115334:68)\nat wrapped (https://advisor.forastaging.net/__cypress/runner/cypress_runner.js:138450:19)\nFrom Your Spec Code:\n    at shouldFn (https://advisor.forastaging.net/__cypress/runner/cypress_runner.js:118728:18)\n    at should (https://advisor.forastaging.net/__cypress/runner/cypress_runner.js:118842:23)\n    at __webpack_modules__</create/injectAssertion (https://advisor.forastaging.net/__cypress/runner/cypress_runner.js:143372:39)\n    at assertions (https://advisor.forastaging.net/__cypress/runner/cypress_runner.js:143620:16)\n    at tryCatcher (https://advisor.forastaging.net/__cypress/runner/cypress_runner.js:1807:23)\n    at gotValue (https://advisor.forastaging.net/__cypress/runner/cypress_runner.js:6478:18)\n    at gotAccum (https://advisor.forastaging.net/__cypress/runner/cypress_runner.js:6465:25)\n    at tryCatcher (https://advisor.forastaging.net/__cypress/runner/cypress_runner.js:1807:23)\n    at __webpack_modules__</module.exports/Promise.prototype._settlePromiseFromHandler (https://advisor.forastaging.net/__cypress/runner/cypress_runner.js:1519:31)\n    at __webpack_modules__</module.exports/Promise.prototype._settlePromise (https://advisor.forastaging.net/__cypress/runner/cypress_runner.js:1576:18)\n    at __webpack_modules__</module.exports/Promise.prototype._settlePromiseCtx (https://advisor.forastaging.net/__cypress/runner/cypress_runner.js:1613:10)\n    at _drainQueueStep (https://advisor.forastaging.net/__cypress/runner/cypress_runner.js:2411:12)\n    at _drainQueue (https://advisor.forastaging.net/__cypress/runner/cypress_runner.js:2400:24)\n    at __webpack_modules__</Async.prototype._drainQueues (https://advisor.forastaging.net/__cypress/runner/cypress_runner.js:2416:16)\n    at __webpack_modules__</Async/this.drainQueues (https://advisor.forastaging.net/__cypress/runner/cypress_runner.js:2286:14)",
                "diff": null
              },
              "uuid": "2b4ac525-5d2b-4c73-93a4-b05138430b67",
              "parentUUID": "8a28f131-acd5-4170-93d6-63c669da65e9",
              "isHook": false,
              "skipped": false
            }
          ],
          "suites": [],
          "passes": [],
          "failures": [
            "2b4ac525-5d2b-4c73-93a4-b05138430b67"
          ],
          "pending": [],
          "skipped": [],
          "duration": 4872,
          "root": false,
          "rootEmpty": false,
          "_timeout": 2000
        }
      ],
      "passes": [],
      "failures": [],
      "pending": [],
      "skipped": [],
      "duration": 0,
      "root": true,
      "rootEmpty": true,
      "_timeout": 2000
    }
  ],
  "meta": {
    "mocha": {
      "version": "7.0.1"
    },
    "mochawesome": {
      "options": {
        "quiet": false,
        "reportFilename": "mochawesome",
        "saveHtml": false,
        "saveJson": true,
        "consoleReporter": "spec",
        "useInlineDiffs": false,
        "code": true
      },
      "version": "7.1.3"
    },
    "marge": {
      "options": {
        "overwrite": false,
        "html": false,
        "json": true
      },
      "version": "6.2.0"
    }
  }
}