{
  "stats": {
    "suites": 1,
    "tests": 1,
    "passes": 0,
    "pending": 0,
    "failures": 1,
    "start": "2024-09-19T03:41:57.326Z",
    "end": "2024-09-19T03:42:20.270Z",
    "duration": 22944,
    "testsRegistered": 1,
    "passPercent": 0,
    "pendingPercent": 0,
    "other": 0,
    "hasOther": false,
    "skipped": 0,
    "hasSkipped": false
  },
  "results": [
    {
      "uuid": "3d439670-2634-449e-b835-2f51f3b68717",
      "title": "",
      "fullFile": "cypress\\e2e\\Advisor\\Advisor_Booking_change client_TS001.cy.js",
      "file": "cypress\\e2e\\Advisor\\Advisor_Booking_change client_TS001.cy.js",
      "beforeHooks": [],
      "afterHooks": [],
      "tests": [],
      "suites": [
        {
          "uuid": "d1d11c0a-69a6-4897-8d1b-22c1fe8df09b",
          "title": "Advisor_Bookings_change client_TS001",
          "fullFile": "",
          "file": "",
          "beforeHooks": [],
          "afterHooks": [],
          "tests": [
            {
              "title": "Advisor_Bookings_change client_TC001- To verify the edit client option in Bookings module.- to validate if user is able to change client using edit option in client name ",
              "fullTitle": "Advisor_Bookings_change client_TS001 Advisor_Bookings_change client_TC001- To verify the edit client option in Bookings module.- to validate if user is able to change client using edit option in client name ",
              "timedOut": null,
              "duration": 19750,
              "state": "failed",
              "speed": null,
              "pass": false,
              "fail": true,
              "pending": false,
              "context": "[\n  {\n    \"title\": \"cypress-mochawesome-reporter-videos-failed\",\n    \"value\": \"cypress\\\\e2e\\\\Advisor\\\\Advisor_Booking_change client_TS001.cy.js\"\n  },\n  {\n    \"title\": \"cypress-mochawesome-reporter-screenshots\",\n    \"value\": [\n      [\n        \"\\\\Advisor_Booking_change client_TS001.cy.js\\\\Advisor_Bookings_change client_TS001 -- Advisor_Bookings_change client_TC001- To verify the edit client option in Bookings module.- to validate if user is able to change client using edit option in client name (failed).png\"\n      ]\n    ]\n  }\n]",
              "code": "cy.on('uncaught:exception', (err, runnable) => {\n  return false;\n});\n//cy.Login1();\ncy.NotanadvisorLogin();\n_Home.default.navbar.click();\n_Booking.default.booking.click();\ncy.wait(5000);\ncy.fixture('Advisor_Bookings_change_client_TS001.json').then(function (dataJson) {\n  _Bookingclient.default.edit.then($elements => {\n    const numElements = $elements.length;\n    const randomIndex = Math.floor(Math.random() * numElements);\n    cy.wrap($elements[randomIndex]).click({\n      force: true\n    });\n  });\n  cy.get('button').should('be.visible').then($buttons => {\n    const proceedButton = $buttons.filter(':contains(\"Proceed\")');\n    const changeClientButton = $buttons.filter(':contains(\"Change Client\"):disabled');\n    if (proceedButton.length > 0) {\n      cy.wrap(proceedButton).click();\n      _Bookingclient.default.newclient.click();\n      _Bookingclient.default.Addclientbutton.invoke('show').click();\n      _Bookingclient.default.Newclientheader.should('be.visible');\n      _Bookingclient.default.Createclient.should('be.disabled');\n      _Bookingclient.default.firstname.click();\n      _Bookingclient.default.lastname.click();\n      _Bookingclient.default.errormsg.should('be.visible');\n      _Bookingclient.default.firstname.type(dataJson.Firstname);\n      _Bookingclient.default.lastname.click();\n      _Bookingclient.default.errormsg.should('be.visible');\n      _Bookingclient.default.lastname.type(dataJson.Lastname);\n      _Bookingclient.default.personalmail.type(dataJson.Personalemail);\n      _Bookingclient.default.Createclient.should('be.enabled').click();\n    } else if (changeClientButton.length > 0) {\n      _Bookingclient.default.newclient.click();\n      _Bookingclient.default.Addclientbutton.invoke('show').click();\n      _Bookingclient.default.Newclientheader.should('be.visible');\n      _Bookingclient.default.Createclient.should('be.disabled');\n      _Bookingclient.default.firstname.click();\n      _Bookingclient.default.lastname.click();\n      _Bookingclient.default.errormsg.should('be.visible');\n      _Bookingclient.default.firstname.type(dataJson.Firstname);\n      _Bookingclient.default.lastname.click();\n      _Bookingclient.default.errormsg.should('be.visible');\n      _Bookingclient.default.lastname.type(dataJson.Lastname);\n      _Bookingclient.default.personalmail.type(dataJson.Personalemail);\n      _Bookingclient.default.Createclient.should('be.enabled').click();\n    } else {\n      cy.log('No matching buttons found.');\n    }\n  });\n});",
              "err": {
                "message": "AssertionError: Timed out retrying after 5000ms: Expected to find element: `[class=\"inline-block ml-2 align-baseline cursor-pointer text-secondaryDark shrink-0\"]`, but never found it.",
                "estack": "AssertionError: Timed out retrying after 5000ms: Expected to find element: `[class=\"inline-block ml-2 align-baseline cursor-pointer text-secondaryDark shrink-0\"]`, but never found it.\n    at get edit (webpack://advisor/./cypress/support/Page Object/Advisor/Bookingclient.js:148:18)\n    at  (webpack://advisor/./cypress/e2e/Advisor/Advisor_Booking_change client_TS001.cy.js:41:6)\n    at getRet (https://advisor.forastaging.net/__cypress/runner/cypress_runner.js:119259:20)\n    at tryCatcher (https://advisor.forastaging.net/__cypress/runner/cypress_runner.js:1807:23)\n    at __webpack_modules__</module.exports/Promise.try (https://advisor.forastaging.net/__cypress/runner/cypress_runner.js:4315:29)\n    at thenFn (https://advisor.forastaging.net/__cypress/runner/cypress_runner.js:119270:60)\n    at then (https://advisor.forastaging.net/__cypress/runner/cypress_runner.js:119521:21)\n    at wrapped (https://advisor.forastaging.net/__cypress/runner/cypress_runner.js:138450:19)\n    at __webpack_modules__</runCommand (https://advisor.forastaging.net/__cypress/runner/cypress_runner.js:144371:15)\n    at tryCatcher (https://advisor.forastaging.net/__cypress/runner/cypress_runner.js:1807:23)\n    at __webpack_modules__</module.exports/Promise.prototype._settlePromiseFromHandler (https://advisor.forastaging.net/__cypress/runner/cypress_runner.js:1519:31)\n    at __webpack_modules__</module.exports/Promise.prototype._settlePromise (https://advisor.forastaging.net/__cypress/runner/cypress_runner.js:1576:18)\n    at __webpack_modules__</module.exports/Promise.prototype._settlePromiseCtx (https://advisor.forastaging.net/__cypress/runner/cypress_runner.js:1613:10)\n    at _drainQueueStep (https://advisor.forastaging.net/__cypress/runner/cypress_runner.js:2411:12)\n    at _drainQueue (https://advisor.forastaging.net/__cypress/runner/cypress_runner.js:2400:24)\n    at __webpack_modules__</Async.prototype._drainQueues (https://advisor.forastaging.net/__cypress/runner/cypress_runner.js:2416:16)\n    at __webpack_modules__</Async/this.drainQueues (https://advisor.forastaging.net/__cypress/runner/cypress_runner.js:2286:14)",
                "diff": null
              },
              "uuid": "7efd2b1b-0ba8-4636-9680-c2fb40ad0a71",
              "parentUUID": "d1d11c0a-69a6-4897-8d1b-22c1fe8df09b",
              "isHook": false,
              "skipped": false
            }
          ],
          "suites": [],
          "passes": [],
          "failures": [
            "7efd2b1b-0ba8-4636-9680-c2fb40ad0a71"
          ],
          "pending": [],
          "skipped": [],
          "duration": 19750,
          "root": false,
          "rootEmpty": false,
          "_timeout": 2000
        }
      ],
      "passes": [],
      "failures": [],
      "pending": [],
      "skipped": [],
      "duration": 0,
      "root": true,
      "rootEmpty": true,
      "_timeout": 2000
    }
  ],
  "meta": {
    "mocha": {
      "version": "7.0.1"
    },
    "mochawesome": {
      "options": {
        "quiet": false,
        "reportFilename": "mochawesome",
        "saveHtml": false,
        "saveJson": true,
        "consoleReporter": "spec",
        "useInlineDiffs": false,
        "code": true
      },
      "version": "7.1.3"
    },
    "marge": {
      "options": {
        "overwrite": false,
        "html": false,
        "json": true
      },
      "version": "6.2.0"
    }
  }
}