{
  "stats": {
    "suites": 1,
    "tests": 1,
    "passes": 1,
    "pending": 0,
    "failures": 0,
    "start": "2024-09-23T07:23:14.399Z",
    "end": "2024-09-23T07:23:42.511Z",
    "duration": 28112,
    "testsRegistered": 1,
    "passPercent": 100,
    "pendingPercent": 0,
    "other": 0,
    "hasOther": false,
    "skipped": 0,
    "hasSkipped": false
  },
  "results": [
    {
      "uuid": "776a621a-5da7-4efe-863e-474b722ee6ea",
      "title": "",
      "fullFile": "cypress\\e2e\\Advisor\\Advisor_Booking_change client_TS001.cy.js",
      "file": "cypress\\e2e\\Advisor\\Advisor_Booking_change client_TS001.cy.js",
      "beforeHooks": [],
      "afterHooks": [],
      "tests": [],
      "suites": [
        {
          "uuid": "1bf082af-c0bf-4bc5-97c2-9304facfeadf",
          "title": "Advisor_Bookings_change client_TS001",
          "fullFile": "",
          "file": "",
          "beforeHooks": [],
          "afterHooks": [],
          "tests": [
            {
              "title": "Advisor_Bookings_change client_TC001- To verify the edit client option in Bookings module.- to validate if user is able to change client using edit option in client name ",
              "fullTitle": "Advisor_Bookings_change client_TS001 Advisor_Bookings_change client_TC001- To verify the edit client option in Bookings module.- to validate if user is able to change client using edit option in client name ",
              "timedOut": null,
              "duration": 20141,
              "state": "passed",
              "speed": "slow",
              "pass": true,
              "fail": false,
              "pending": false,
              "context": "{\n  \"title\": \"cypress-mochawesome-reporter-videos-passed\",\n  \"value\": \"cypress\\\\e2e\\\\Advisor\\\\Advisor_Booking_change client_TS001.cy.js\"\n}",
              "code": "cy.on('uncaught:exception', (err, runnable) => {\n  return false;\n});\n//cy.Login1();\ncy.NotanadvisorLogin();\n_Home.default.navbar.click();\n_Booking.default.booking.click();\ncy.wait(5000);\ncy.fixture('Advisor_Bookings_change_client_TS001.json').then(function (dataJson) {\n  _Bookingclient.default.edit.then($elements => {\n    const numElements = $elements.length;\n    const randomIndex = Math.floor(Math.random() * numElements);\n    cy.wrap($elements[randomIndex]).click({\n      force: true\n    });\n  });\n  cy.get('button').should('be.visible').then($buttons => {\n    const proceedButton = $buttons.filter(':contains(\"Proceed\")');\n    const changeClientButton = $buttons.filter(':contains(\"Change Client\"):disabled');\n    if (proceedButton.length > 0) {\n      cy.wrap(proceedButton).click();\n      _Bookingclient.default.newclient.click();\n      _Bookingclient.default.Addclientbutton.invoke('show').click();\n      _Bookingclient.default.Newclientheader.should('be.visible');\n      _Bookingclient.default.Createclient.should('be.disabled');\n      _Bookingclient.default.firstname.click();\n      _Bookingclient.default.lastname.click();\n      _Bookingclient.default.errormsg.should('be.visible');\n      _Bookingclient.default.firstname.type(dataJson.Firstname);\n      _Bookingclient.default.lastname.click();\n      _Bookingclient.default.errormsg.should('be.visible');\n      _Bookingclient.default.lastname.type(dataJson.Lastname);\n      _Bookingclient.default.personalmail.type(dataJson.Personalemail);\n      _Bookingclient.default.Createclient.should('be.enabled').click();\n    } else if (changeClientButton.length > 0) {\n      _Bookingclient.default.newclient.click();\n      _Bookingclient.default.Addclientbutton.invoke('show').click();\n      _Bookingclient.default.Newclientheader.should('be.visible');\n      _Bookingclient.default.Createclient.should('be.disabled');\n      _Bookingclient.default.firstname.click();\n      _Bookingclient.default.lastname.click();\n      _Bookingclient.default.errormsg.should('be.visible');\n      _Bookingclient.default.firstname.type(dataJson.Firstname);\n      _Bookingclient.default.lastname.click();\n      _Bookingclient.default.errormsg.should('be.visible');\n      _Bookingclient.default.lastname.type(dataJson.Lastname);\n      _Bookingclient.default.personalmail.type(dataJson.Personalemail);\n      _Bookingclient.default.Createclient.should('be.enabled').click();\n    } else {\n      cy.log('No matching buttons found.');\n    }\n  });\n});",
              "err": {},
              "uuid": "c85a091e-55fa-4707-8f13-c18e32ef9d74",
              "parentUUID": "1bf082af-c0bf-4bc5-97c2-9304facfeadf",
              "isHook": false,
              "skipped": false
            }
          ],
          "suites": [],
          "passes": [
            "c85a091e-55fa-4707-8f13-c18e32ef9d74"
          ],
          "failures": [],
          "pending": [],
          "skipped": [],
          "duration": 20141,
          "root": false,
          "rootEmpty": false,
          "_timeout": 2000
        }
      ],
      "passes": [],
      "failures": [],
      "pending": [],
      "skipped": [],
      "duration": 0,
      "root": true,
      "rootEmpty": true,
      "_timeout": 2000
    }
  ],
  "meta": {
    "mocha": {
      "version": "7.0.1"
    },
    "mochawesome": {
      "options": {
        "quiet": false,
        "reportFilename": "mochawesome",
        "saveHtml": false,
        "saveJson": true,
        "consoleReporter": "spec",
        "useInlineDiffs": false,
        "code": true
      },
      "version": "7.1.3"
    },
    "marge": {
      "options": {
        "overwrite": false,
        "html": false,
        "json": true
      },
      "version": "6.2.0"
    }
  }
}