{
  "stats": {
    "suites": 1,
    "tests": 1,
    "passes": 0,
    "pending": 0,
    "failures": 1,
    "start": "2024-09-23T05:16:35.175Z",
    "end": "2024-09-23T05:17:22.079Z",
    "duration": 46904,
    "testsRegistered": 1,
    "passPercent": 0,
    "pendingPercent": 0,
    "other": 0,
    "hasOther": false,
    "skipped": 0,
    "hasSkipped": false
  },
  "results": [
    {
      "uuid": "f2ac1569-96c9-4101-9822-fd60db427577",
      "title": "",
      "fullFile": "cypress\\e2e\\Advisor\\Advisor_Sidekick_TS001.cy.js",
      "file": "cypress\\e2e\\Advisor\\Advisor_Sidekick_TS001.cy.js",
      "beforeHooks": [],
      "afterHooks": [],
      "tests": [],
      "suites": [
        {
          "uuid": "6145ca8e-93a5-4ce7-aa8f-bd99a872fdd8",
          "title": "Advisor_Sidekick_TS001",
          "fullFile": "",
          "file": "",
          "beforeHooks": [],
          "afterHooks": [],
          "tests": [
            {
              "title": "Advisor_Sidekick_TC001 _To verify the Sidekick page",
              "fullTitle": "Advisor_Sidekick_TS001 Advisor_Sidekick_TC001 _To verify the Sidekick page",
              "timedOut": null,
              "duration": 37746,
              "state": "failed",
              "speed": null,
              "pass": false,
              "fail": true,
              "pending": false,
              "context": "[\n  {\n    \"title\": \"cypress-mochawesome-reporter-videos-failed\",\n    \"value\": \"cypress\\\\e2e\\\\Advisor\\\\Advisor_Sidekick_TS001.cy.js\"\n  },\n  {\n    \"title\": \"cypress-mochawesome-reporter-screenshots\",\n    \"value\": [\n      [\n        \"\\\\Advisor_Sidekick_TS001.cy.js\\\\Advisor_Sidekick_TS001 -- Advisor_Sidekick_TC001 _To verify the Sidekick page (failed).png\"\n      ]\n    ]\n  }\n]",
              "code": "cy.on('uncaught:exception', (err, runnable) => {\n  return false;\n});\ncy.NotanadvisorHomeLogin();\n_Home.default.navbar.click();\n_Sidekick.default.Sidekick.click();\n_Sidekick.default.Sidekickheader.should('be.visible');\n///cy.url().should('include', 'https://advisor.forastaging.net/sidekick/new')\n_Sidekick.default.Questionmark.should('be.visible');\n_Sidekick.default.Reversebutton.should('be.visible');\n_Sidekick.default.Newbutton.should('be.visible').click();\n_Sidekick.default.textbox.should('be.visible');\n_Sidekick.default.Predefinedquestion.eq(0).click();\n_Sidekick.default.Predefinedquestiontext.should('be.visible');\n//Sidekick.Buttondisableed.should('be.visible')\n//Sidekick.textbox.type('Can you earn commission on trips booked for yourself?')\n_Sidekick.default.textbox.type('gg');\ncy.wait(2000);\n_Sidekick.default.Buttonenabled.should('be.visible').click();\n_Sidekick.default.Sidekicktext.should('be.visible');\n_Sidekick.default.Reversebutton.click();\n_Sidekick.default.sidekickreversenewchat.click();\n_Sidekick.default.Reversebutton.click();\n_Sidekick.default.closebutton.click();\ncy.wait(2000);\n_Sidekick.default.Questionmark.should('be.visible').click();",
              "err": {
                "message": "CypressError: Timed out retrying after 4050ms: `cy.click()` failed because this element:\n\n`<a class=\"flex items-center justify-center  btn-primary-outline h-12 w-12 p-0\" href=\"https://advisor.fora.travel/help/articles/how-to-use-sidekick\">?</a>`\n\nis being covered by another element:\n\n`<div class=\"fixed inset-0 bg-charcoal/70 transition-opacity top-16 ease-in-out duration-500 opacity-0\" data-enter=\"\" data-transition=\"\" style=\"\" data-closed=\"\"></div>`\n\nFix this problem, or use {force: true} to disable error checking.\n\nhttps://on.cypress.io/element-cannot-be-interacted-with",
                "estack": "CypressError: Timed out retrying after 4050ms: `cy.click()` failed because this element:\n\n`<a class=\"flex items-center justify-center  btn-primary-outline h-12 w-12 p-0\" href=\"https://advisor.fora.travel/help/articles/how-to-use-sidekick\">?</a>`\n\nis being covered by another element:\n\n`<div class=\"fixed inset-0 bg-charcoal/70 transition-opacity top-16 ease-in-out duration-500 opacity-0\" data-enter=\"\" data-transition=\"\" style=\"\" data-closed=\"\"></div>`\n\nFix this problem, or use {force: true} to disable error checking.\n\nhttps://on.cypress.io/element-cannot-be-interacted-with\nat ensureIsDescendent (https://advisor.forastaging.net/__cypress/runner/cypress_runner.js:112861:68)\nat ensureDescendents (https://advisor.forastaging.net/__cypress/runner/cypress_runner.js:112912:23)\nat ensureDescendentsAndScroll (https://advisor.forastaging.net/__cypress/runner/cypress_runner.js:112918:14)\nat ensureElIsNotCovered (https://advisor.forastaging.net/__cypress/runner/cypress_runner.js:113049:5)\nat runAllChecks (https://advisor.forastaging.net/__cypress/runner/cypress_runner.js:113248:52)\nat retryActionability (https://advisor.forastaging.net/__cypress/runner/cypress_runner.js:113285:16)\nat tryCatcher (https://advisor.forastaging.net/__cypress/runner/cypress_runner.js:1807:23)\nat __webpack_modules__</module.exports/Promise.try (https://advisor.forastaging.net/__cypress/runner/cypress_runner.js:4315:29)\nat whenStable (https://advisor.forastaging.net/__cypress/runner/cypress_runner.js:144102:62)\nat __webpack_modules__</create/retry (https://advisor.forastaging.net/__cypress/runner/cypress_runner.js:144043:14)\nat tryCatcher (https://advisor.forastaging.net/__cypress/runner/cypress_runner.js:1807:23)\nat __webpack_modules__</module.exports/Promise.prototype._settlePromiseFromHandler (https://advisor.forastaging.net/__cypress/runner/cypress_runner.js:1519:31)\nat __webpack_modules__</module.exports/Promise.prototype._settlePromise (https://advisor.forastaging.net/__cypress/runner/cypress_runner.js:1576:18)\nat __webpack_modules__</module.exports/Promise.prototype._settlePromise0 (https://advisor.forastaging.net/__cypress/runner/cypress_runner.js:1621:10)\nat __webpack_modules__</module.exports/Promise.prototype._settlePromises (https://advisor.forastaging.net/__cypress/runner/cypress_runner.js:1701:18)\nat __webpack_modules__</module.exports/Promise.prototype._fulfill (https://advisor.forastaging.net/__cypress/runner/cypress_runner.js:1645:18)\nat __webpack_modules__</module.exports/Promise.delay/handle< (https://advisor.forastaging.net/__cypress/runner/cypress_runner.js:5450:46)\nFrom Your Spec Code:\n    at shouldFn (https://advisor.forastaging.net/__cypress/runner/cypress_runner.js:118728:18)\n    at should (https://advisor.forastaging.net/__cypress/runner/cypress_runner.js:118842:23)\n    at __webpack_modules__</create/injectAssertion (https://advisor.forastaging.net/__cypress/runner/cypress_runner.js:143372:39)\n    at assertions (https://advisor.forastaging.net/__cypress/runner/cypress_runner.js:143620:16)\n    at tryCatcher (https://advisor.forastaging.net/__cypress/runner/cypress_runner.js:1807:23)\n    at gotValue (https://advisor.forastaging.net/__cypress/runner/cypress_runner.js:6478:18)\n    at gotAccum (https://advisor.forastaging.net/__cypress/runner/cypress_runner.js:6465:25)\n    at tryCatcher (https://advisor.forastaging.net/__cypress/runner/cypress_runner.js:1807:23)\n    at __webpack_modules__</module.exports/Promise.prototype._settlePromiseFromHandler (https://advisor.forastaging.net/__cypress/runner/cypress_runner.js:1519:31)\n    at __webpack_modules__</module.exports/Promise.prototype._settlePromise (https://advisor.forastaging.net/__cypress/runner/cypress_runner.js:1576:18)\n    at __webpack_modules__</module.exports/Promise.prototype._settlePromiseCtx (https://advisor.forastaging.net/__cypress/runner/cypress_runner.js:1613:10)\n    at _drainQueueStep (https://advisor.forastaging.net/__cypress/runner/cypress_runner.js:2411:12)\n    at _drainQueue (https://advisor.forastaging.net/__cypress/runner/cypress_runner.js:2400:24)\n    at __webpack_modules__</Async.prototype._drainQueues (https://advisor.forastaging.net/__cypress/runner/cypress_runner.js:2416:16)\n    at __webpack_modules__</Async/this.drainQueues (https://advisor.forastaging.net/__cypress/runner/cypress_runner.js:2286:14)",
                "diff": null
              },
              "uuid": "14970a82-19a2-4aba-b8f7-3d764ce4611c",
              "parentUUID": "6145ca8e-93a5-4ce7-aa8f-bd99a872fdd8",
              "isHook": false,
              "skipped": false
            }
          ],
          "suites": [],
          "passes": [],
          "failures": [
            "14970a82-19a2-4aba-b8f7-3d764ce4611c"
          ],
          "pending": [],
          "skipped": [],
          "duration": 37746,
          "root": false,
          "rootEmpty": false,
          "_timeout": 2000
        }
      ],
      "passes": [],
      "failures": [],
      "pending": [],
      "skipped": [],
      "duration": 0,
      "root": true,
      "rootEmpty": true,
      "_timeout": 2000
    }
  ],
  "meta": {
    "mocha": {
      "version": "7.0.1"
    },
    "mochawesome": {
      "options": {
        "quiet": false,
        "reportFilename": "mochawesome",
        "saveHtml": false,
        "saveJson": true,
        "consoleReporter": "spec",
        "useInlineDiffs": false,
        "code": true
      },
      "version": "7.1.3"
    },
    "marge": {
      "options": {
        "overwrite": false,
        "html": false,
        "json": true
      },
      "version": "6.2.0"
    }
  }
}