{
  "stats": {
    "suites": 1,
    "tests": 2,
    "passes": 2,
    "pending": 0,
    "failures": 0,
    "start": "2024-09-23T05:18:49.163Z",
    "end": "2024-09-23T05:20:06.430Z",
    "duration": 77267,
    "testsRegistered": 2,
    "passPercent": 100,
    "pendingPercent": 0,
    "other": 0,
    "hasOther": false,
    "skipped": 0,
    "hasSkipped": false
  },
  "results": [
    {
      "uuid": "759a3a3c-ec79-45f9-8e3f-2a4a556eb4eb",
      "title": "",
      "fullFile": "cypress\\e2e\\Advisor\\Advisor_Training_TS001.cy.js",
      "file": "cypress\\e2e\\Advisor\\Advisor_Training_TS001.cy.js",
      "beforeHooks": [],
      "afterHooks": [],
      "tests": [],
      "suites": [
        {
          "uuid": "2287081e-df98-4093-a6b3-6d471e9b6dbf",
          "title": "Advisor_Training_TS001",
          "fullFile": "",
          "file": "",
          "beforeHooks": [],
          "afterHooks": [],
          "tests": [
            {
              "title": "Advisor_Training_TC0001",
              "fullTitle": "Advisor_Training_TS001 Advisor_Training_TC0001",
              "timedOut": null,
              "duration": 63119,
              "state": "passed",
              "speed": "slow",
              "pass": true,
              "fail": false,
              "pending": false,
              "context": "{\n  \"title\": \"cypress-mochawesome-reporter-videos-passed\",\n  \"value\": \"cypress\\\\e2e\\\\Advisor\\\\Advisor_Training_TS001.cy.js\"\n}",
              "code": "cy.NotanadvisorLogin();\ncy.viewport(1500, 785);\n//Trainingpage.hamburgerMenuButton.click();\n_Training.default.trainingMenuOption.click();\ncy.url().should('include', '/training');\n_Training.default.trainingMenuOption.should('be.visible');\n_Training.default.searchInput.should('be.visible');\n_Training.default.expandAllButton.should('be.visible');\n_Training.default.searchInput.click().type(\"Welcome to Fora\");\n_Training.default.result1.should('be.visible');\n_Training.default.close.click();\n_Training.default.searchInput.clear().type(\"Video\");\n_Training.default.noresult.should('be.visible');\n_Training.default.close.click();\n_Training.default.expandAllButton.click();\ncy.wait(3000);\n_Training.default.lessons1.should('be.visible');\n_Training.default.mins.should('be.visible');\n// Trainingpage.lessonNumber.should('be.visible');\n_Training.default.name.should('be.visible');\n_Training.default.count.should('be.visible');\n_Training.default.Clickbooking.eq(0).click();\n_Training.default.back.should('be.visible');\n_Training.default.welcome.scrollIntoView().should('be.visible');\n_Training.default.playButton.click();\n_Training.default.stop.click();\ncy.wait(2000);\n_Training.default.materials.scrollIntoView().click();\nconst completeLessons = () => {\n  cy.wait(2000);\n  cy.get('button') // Or replace with the actual button selector\n  .then($btn => {\n    if ($btn.hasClass('bg-white') && $btn.hasClass('rounded-3xl')) {\n      // If the button has the class for \"Mark as complete\", click it\n      _Gettingstarted.default.Markeascomplete.click();\n    } else if ($btn.hasClass('bg-success')) {\n      // If the button is already marked as \"Complete\", log it and move on\n      cy.log('Lesson already marked as complete, skipping the click');\n    } else {\n      cy.log('No matching button found');\n    }\n  });\n  cy.get('body').then($body => {\n    const hasNextButton = $body.find('a:contains(\"Next\")').length > 0;\n    if (hasNextButton) {\n      cy.get('a').contains('Next').scrollIntoView().click();\n      cy.wait(1000);\n      completeLessons(); // Recursively go to the next lesson\n    } else {\n      cy.wait(5000);\n      cy.get('a').contains('Back to Training').click();\n      cy.wait(5000);\n    }\n  });\n};\ncompleteLessons();\n_Training.default.collapseAllButton.scrollIntoView().should('have.text', 'Collapse All');\n_Training.default.collapseAllButton.click();\ncy.wait(1000);",
              "err": {},
              "uuid": "b08c08bb-eca7-41a1-bd1d-1568269ca422",
              "parentUUID": "2287081e-df98-4093-a6b3-6d471e9b6dbf",
              "isHook": false,
              "skipped": false
            },
            {
              "title": "Advisor_Training_TC0002- Report an issue",
              "fullTitle": "Advisor_Training_TS001 Advisor_Training_TC0002- Report an issue",
              "timedOut": null,
              "duration": 4687,
              "state": "passed",
              "speed": "fast",
              "pass": true,
              "fail": false,
              "pending": false,
              "context": "{\n  \"title\": \"cypress-mochawesome-reporter-videos-passed\",\n  \"value\": \"cypress\\\\e2e\\\\Advisor\\\\Advisor_Training_TS001.cy.js\"\n}",
              "code": "_Home.default.navbar.click({\n  force: true\n});\n_Partner.default.Reportanissue.click({\n  force: true\n});\n//Partner.Reportanissue.scrollIntoView().click()\n_Partner.default.Issuetopicheader.should('be.visible');\n_Partner.default.trainingdropdown.should('be.visible').click();\n_Partner.default.dropdownvalue1.should('be.visible');\n_Partner.default.dropdownvalue2.should('be.visible');\n_Partner.default.dropdownvalue3.should('be.visible');\n_Partner.default.dropdownvalue4.should('be.visible');\n_Partner.default.dropdownvalue5.should('be.visible');\n_Partner.default.dropdownvalue6.should('be.visible');\n_Partner.default.dropdownvalue1.click();\n_Partner.default.Describetheissue.should('be.visible');\n_Partner.default.Describetheissuefield.should('be.visible');\n_Partner.default.Cancel.should('be.visible');\n_Partner.default.Report.should('be.visible').click();\n//Partner.Error1.should('be.visible')\n_Partner.default.Error2.should('be.visible');\n_Partner.default.Issueseverityheader.should('be.visible');\n_Partner.default.Issueseveritydropdown.click();\n_Partner.default.Issueseveritydropdownvalue1.should('be.visible');\n_Partner.default.Issueseveritydropdownvalue2.should('be.visible');\n_Partner.default.Issueseveritydropdownvalue3.should('be.visible');\n_Partner.default.Issueseveritydropdownvalue2.should('be.visible').click();\n_Partner.default.Describetheissuefield.should('be.visible').type(\"error\");\n_Partner.default.Report.click();\n_Partner.default.rightmarks.should('be.visible');\n_Partner.default.successtext.should('be.visible');\n_Partner.default.successsubtext.should('be.visible');\n_Partner.default.close.click();",
              "err": {},
              "uuid": "6c570c5d-6c8e-435b-bf96-27062dee2665",
              "parentUUID": "2287081e-df98-4093-a6b3-6d471e9b6dbf",
              "isHook": false,
              "skipped": false
            }
          ],
          "suites": [],
          "passes": [
            "b08c08bb-eca7-41a1-bd1d-1568269ca422",
            "6c570c5d-6c8e-435b-bf96-27062dee2665"
          ],
          "failures": [],
          "pending": [],
          "skipped": [],
          "duration": 67806,
          "root": false,
          "rootEmpty": false,
          "_timeout": 2000
        }
      ],
      "passes": [],
      "failures": [],
      "pending": [],
      "skipped": [],
      "duration": 0,
      "root": true,
      "rootEmpty": true,
      "_timeout": 2000
    }
  ],
  "meta": {
    "mocha": {
      "version": "7.0.1"
    },
    "mochawesome": {
      "options": {
        "quiet": false,
        "reportFilename": "mochawesome",
        "saveHtml": false,
        "saveJson": true,
        "consoleReporter": "spec",
        "useInlineDiffs": false,
        "code": true
      },
      "version": "7.1.3"
    },
    "marge": {
      "options": {
        "overwrite": false,
        "html": false,
        "json": true
      },
      "version": "6.2.0"
    }
  }
}